
Matrice A di dimensione 36 x 36:
6.761871	-2.061568	6.373520	-6.722803	8.701889	9.746314	-5.988443	4.466858	5.775584	-2.679142	8.220077	3.859975	2.915676	4.617185	6.149104	1.736519	-1.823587	9.326959	7.567415	-2.037114	-8.549151	7.776290	9.584671	6.970311	7.855181	1.397148	0.969729	3.979846	-8.848844	-8.997059	9.008484	6.386751	7.550593	9.440406	8.308565	5.347644	
-0.591418	-0.909222	-8.540541	-0.309612	6.653055	-0.939047	1.581931	9.442182	3.927044	-8.512287	9.418288	-6.612085	0.701521	-2.691114	1.335056	7.408641	7.110610	3.436403	-4.442997	8.566931	-3.964065	8.680377	-3.472626	-9.599049	-7.827330	-3.874056	-7.801524	9.025210	0.696913	-1.252958	1.579094	-5.821852	-1.465735	1.611928	-5.921798	-3.633950	
-2.974048	2.949353	6.684518	4.119292	7.738005	4.305427	9.993045	-4.926115	-9.853516	0.205346	5.758908	3.834706	-4.871574	-4.056817	0.913708	9.605095	8.497673	0.754880	-1.319090	-6.827909	5.478922	-2.929934	-9.201143	5.047446	4.635703	-8.899584	4.512011	6.791124	7.128433	4.033281	5.176842	-2.113589	9.681294	-9.907189	-9.567594	5.738266	
3.783721	-5.980446	-9.468618	2.970345	2.165803	-4.101809	-4.808425	0.571475	5.642612	8.919165	-3.383580	6.757184	-3.877072	5.490864	9.645708	-8.486552	3.534644	-9.438666	8.073526	2.277759	-3.778819	8.887670	2.919796	0.050195	5.696487	-7.387855	-6.994418	-7.623125	4.870858	8.868407	4.195374	4.070502	2.318731	7.369120	1.391996	-0.401028	
8.766863	-3.116602	5.772236	-5.362128	-9.071896	7.376542	6.771692	2.246873	3.207529	3.076796	3.934043	4.879422	-3.465840	4.576328	2.215374	-7.369757	6.171906	-2.205565	8.777261	-2.074290	2.325025	9.846562	5.432003	-1.630988	7.307794	-6.339310	7.985054	-7.546865	9.308794	0.880708	9.904917	1.514326	0.742607	3.958841	-4.524813	4.281193	
4.943567	4.751152	-9.466012	6.246678	2.568551	1.872927	3.527755	6.983874	0.477096	2.640288	-3.160463	9.604912	-5.660371	2.655334	4.705538	6.899179	-0.647909	7.256054	5.076821	1.089187	1.606802	9.456336	9.062809	-8.195473	8.605028	5.089130	-4.569887	9.574116	-6.660463	-9.079696	4.286604	8.036417	7.648231	-5.217113	1.132971	-1.372910	
7.775714	-5.151647	-5.945613	-5.561609	1.913505	4.620273	8.120314	8.776746	1.170960	7.655689	-2.045450	-1.801035	2.113416	-7.607883	0.933144	8.010429	0.660036	2.355748	3.522809	4.170822	-1.084300	6.550249	7.681102	2.940219	4.597375	6.755718	-8.635360	3.169143	-3.139594	-6.825555	4.535759	0.509788	5.565810	3.429365	3.838886	-3.677291	
8.565276	4.668851	6.220164	-9.700778	-1.350969	9.739372	-9.016830	-4.893056	-3.643404	9.815707	6.594071	4.959031	5.678617	-6.425789	1.954904	7.587041	1.158809	-3.913510	-5.322038	1.845598	5.331223	-3.607044	7.754563	3.524948	1.596833	-6.094385	0.151691	-6.434884	-4.925372	2.292524	3.427592	4.147353	9.660415	-5.452525	2.449900	5.320759	
3.261632	5.206647	6.097361	6.858367	0.199598	-5.931298	7.781120	4.058693	-1.291570	6.231032	-4.950823	3.544766	0.786015	-6.796730	5.838885	6.055797	9.126276	3.799594	2.928986	6.540263	1.202836	1.538832	5.264525	7.403772	2.209504	5.336059	2.197641	4.439354	7.344634	4.390025	9.313626	6.846751	4.849116	-0.001678	4.195556	-3.814307	
2.870613	6.307381	9.129506	0.975942	8.561423	8.977537	-7.948827	9.887493	-8.237723	3.657823	5.338297	1.146036	-5.937497	-8.954341	6.568071	-7.084314	-5.219458	0.670629	3.807566	-2.195441	-5.358425	4.175257	-2.466668	0.871714	-5.358660	7.750870	9.244792	-3.646163	-5.922008	-7.679349	1.110381	5.974267	-0.676814	-9.718773	6.326639	-7.358987	
3.998253	-2.709323	6.220963	-3.511852	0.669757	7.730321	0.071023	7.002662	-8.483291	-5.818225	-6.970863	-2.228947	-9.383746	3.665467	9.282500	7.680506	7.171703	-9.262737	8.727206	2.230429	4.063310	9.776553	9.015268	0.145684	6.337882	3.898642	9.070940	-7.231285	4.513196	9.570366	4.867584	6.628190	-8.548186	-5.622568	1.036458	-3.675064	
4.816032	0.410648	-6.398979	3.806767	-4.664588	3.425997	6.330811	9.828353	4.939744	8.833467	0.907408	-0.331915	2.388762	-1.543312	1.045951	1.415738	2.025867	3.795324	-2.386212	0.950950	4.630396	5.372853	6.830473	-3.293945	-1.435056	8.656377	7.870744	3.899472	-7.395629	-1.682753	0.082221	7.850700	-0.571759	8.817033	2.026389	-8.376524	
1.267539	2.107372	3.698725	-4.984028	3.197159	-9.127516	-1.549268	-6.481342	-7.703300	6.736563	8.640934	3.957119	-9.754053	0.340783	4.209763	-5.166656	7.203966	5.334369	-8.115138	0.206830	5.941212	7.044205	5.749540	1.892560	1.224553	8.527106	-9.950765	8.009998	0.112791	2.838860	2.402864	0.812602	9.728865	-9.211331	-5.941323	6.466929	
4.511740	-8.408125	4.842479	2.289701	2.090874	1.584604	5.329355	4.583244	4.502357	-3.995252	2.213479	3.330079	5.751815	-1.223512	7.427827	1.023564	-9.800931	7.426061	5.613258	2.217615	-0.295907	-0.873688	8.165240	6.435765	-1.630695	1.319739	9.996427	5.818246	-0.808006	-0.760703	-3.835752	8.251960	0.377520	6.392694	-6.833689	9.030167	
-5.993891	9.549658	7.503476	-0.850422	-6.565190	-3.124036	-5.413362	5.181782	0.281854	3.255655	5.907557	0.579254	5.778890	9.233332	5.278058	4.007743	8.368790	-1.921236	-7.116211	9.542579	0.962138	-4.740577	0.169079	1.919452	2.408797	-7.404557	6.047980	-1.423842	2.304314	2.091889	5.372633	-4.438791	9.247372	-4.894193	1.183273	6.928144	
6.664876	-4.531753	2.926497	3.895452	1.594986	4.091148	-7.969070	-4.843368	5.518009	-0.230513	8.915471	-7.125716	8.768335	8.440640	9.448577	-6.439757	-4.434932	-5.689857	7.098910	5.936729	3.521695	1.923693	9.503893	3.927233	7.731227	-0.194661	-2.113791	2.595308	-6.881509	4.625314	4.444210	1.623152	7.269721	-7.368126	-6.848151	-1.427392	
-9.399717	-9.720393	-7.125291	7.493207	-7.472385	3.980448	1.152741	0.844670	9.666555	5.706435	8.059899	5.418680	4.182676	7.050590	2.808014	4.439774	7.455485	0.493210	2.333000	-7.742671	-6.682814	-0.213724	-4.597674	-7.833955	0.156217	1.492198	-2.919076	8.512201	5.408775	3.175316	7.796486	-9.658394	2.412184	6.291205	9.049981	9.590322	
2.634859	-7.037843	5.212350	4.252345	2.731301	6.189927	-7.085300	9.160865	-4.408619	7.690653	-3.004965	-4.189684	3.602556	-5.537139	1.449654	9.592511	-9.220592	0.827164	-8.040688	4.101244	-9.020738	4.417941	0.912662	9.310957	6.757417	-7.461470	-8.535816	-8.083336	-7.516812	-3.760987	5.743366	8.494537	-1.369363	-1.661340	-4.580257	-6.187306	
8.280812	-1.782885	9.604206	-5.683369	-4.204644	2.099592	7.684027	-1.431044	-9.244960	-2.141445	9.685231	5.512000	-9.916378	3.424220	8.541984	-3.455048	0.496691	0.796709	-0.383765	-9.817683	2.886495	1.254161	8.440361	6.600263	5.491520	8.189851	5.945887	5.745448	3.826579	5.792609	3.858294	8.061053	-8.557639	2.730051	0.122367	0.254924	
-7.510944	-2.699018	-5.112761	9.916488	-7.993433	-7.985376	1.896846	5.449492	2.797973	5.602080	-1.694237	-8.798399	1.589028	5.406853	4.328486	-9.683456	-2.940644	-1.258636	8.853030	6.473786	6.832129	3.057103	2.587800	1.439910	-7.615933	-8.329686	-5.535496	6.297661	4.785835	6.626620	-8.477920	3.058094	-0.492828	-3.311600	5.699692	0.393837	
-2.545709	2.776727	3.489200	2.059825	9.603779	7.465050	-4.708853	-2.990795	-4.548579	2.121449	-6.212073	9.844867	-9.615856	-1.966569	4.642292	5.107727	-1.733731	-8.278225	-9.140339	-5.160887	9.497481	-6.723277	4.379304	7.946427	9.740416	1.724282	2.604716	-9.524669	3.414642	-9.719157	7.923937	-4.975067	-8.690683	-0.880949	5.796094	1.793584	
2.758863	1.899094	0.740877	7.889252	3.923081	6.287225	-6.106461	2.234316	9.858860	5.460819	-5.823299	8.733605	-3.443182	7.380640	7.250665	1.211603	1.514361	7.531632	5.969668	-8.874665	1.175058	-8.012783	-5.268976	8.996538	7.692473	9.007729	-0.338966	1.079973	0.582892	-1.868510	3.421962	6.619421	5.616156	1.845731	-8.615830	-9.763587	
3.508334	6.065365	5.821317	7.881579	1.153996	-1.064013	2.343906	7.787344	-9.985936	9.719631	5.124053	9.125549	-5.184003	-2.954085	0.021887	2.875646	5.681824	7.204505	4.365314	1.501515	2.648618	-7.637779	-5.049922	-9.897373	2.985938	7.954258	4.823809	-9.615918	-4.252056	7.526887	1.637546	-5.138578	-0.527860	-3.417309	8.888050	1.326449	
6.904072	0.556743	3.564953	9.263918	5.237833	4.920155	7.504462	7.633325	-4.350387	2.695236	-7.632455	-7.626309	6.856597	7.291332	0.221194	-6.670740	9.954026	4.124671	6.937818	-7.735908	-0.286752	-9.213904	0.903798	-7.456129	-3.117661	3.053306	0.159750	-2.506294	-4.103794	-3.314590	8.619658	6.202871	-7.863534	5.781790	-4.596910	-2.860809	
-2.036487	-5.768497	0.323612	6.983145	-9.671689	0.023459	1.141708	2.277073	1.771343	1.589703	-8.660242	-9.539546	-7.475136	1.287464	8.926271	4.718548	4.672908	1.607142	2.445930	0.924187	-9.348391	3.603603	0.243122	-3.352282	-2.831281	-9.777416	-6.912959	9.995670	-2.840474	-4.685225	3.252030	2.081334	-9.788425	-9.126725	5.159062	-0.588106	
-4.892112	8.940551	-9.558531	-5.800094	5.227726	9.709424	0.613170	2.124663	-3.342864	7.663646	-7.824615	0.551174	-5.567254	4.984920	-9.883843	9.427448	6.991940	0.384838	5.820760	3.353389	-2.509639	9.633545	1.199851	0.176273	4.592064	4.797901	4.897171	-2.221366	-4.083854	4.705283	0.742227	1.793842	7.751003	6.798442	0.827849	-3.122353	
-1.508703	-9.754492	4.841221	3.322459	-2.687582	-5.620099	1.418588	-6.569175	9.378090	3.158664	-1.732575	-2.390968	7.835157	-0.117943	-3.647048	-5.987783	3.946649	1.936293	7.609844	-3.879087	1.359457	7.509195	-8.523292	-5.096355	7.803521	-6.592261	3.728570	8.459655	3.559444	5.166581	1.794496	9.453860	7.020003	-0.645075	-0.974052	6.575781	
-1.660828	-5.437472	5.522807	9.155377	2.794787	-4.183161	-2.935552	-6.316273	2.536958	1.754855	2.335816	9.990135	-4.994023	-9.510259	2.059995	5.015914	4.881767	-3.644919	5.645648	-7.831889	-2.985176	-6.026052	-6.678498	6.057906	-2.252581	-1.149961	2.787064	7.963454	4.129963	-1.260437	1.089280	4.969248	9.683641	6.517688	-2.135304	-2.525003	
-7.087666	7.930715	6.680150	8.593028	4.622673	3.106137	-0.301935	5.720316	3.118605	5.897665	3.856691	5.278509	3.341022	-8.775141	4.312925	4.215341	4.571038	-3.899659	3.252907	-4.978060	-8.286843	-6.067152	-6.505782	-3.122559	5.099260	-1.527488	-2.880336	8.815001	9.098488	-9.765402	-3.028620	8.107949	-5.974399	-0.881595	-1.080405	-7.108193	
-7.543344	4.717412	7.223778	9.667566	-9.027305	6.570696	4.829259	8.908850	7.089427	-7.798481	2.111831	-7.685586	-9.822886	4.050807	-2.519193	-3.281984	2.023704	1.032824	-3.145148	8.826064	-7.609622	7.656645	7.067145	1.110642	-8.567016	4.542704	9.155805	4.826955	7.997950	-0.504182	6.945551	7.714058	9.786725	5.274248	-7.041260	5.655127	
5.548229	3.473118	8.812036	-3.796842	3.749223	7.643351	5.070998	-5.367720	-0.808560	5.414115	9.077884	0.194610	-0.456763	2.602883	1.842226	-9.759519	-6.671701	1.607504	4.779845	0.897188	-8.950410	4.353610	1.870643	1.357480	5.632891	7.619187	6.860729	-3.254422	8.085452	4.458405	3.422583	4.688696	8.091596	1.463683	8.583277	7.424418	
-2.863551	3.717494	-8.900364	1.696206	-9.579916	2.143212	5.885952	-4.546891	2.428153	5.187137	-2.422210	6.913003	-3.998755	3.577496	5.261448	-1.191240	-6.679862	-2.864048	-1.313551	3.552594	1.879078	-4.898864	8.302509	1.984573	-8.125653	9.322569	2.457967	4.014073	2.763040	9.488887	1.806556	4.767182	3.517227	2.895655	8.311861	-1.444678	
4.271091	6.499312	0.912910	7.160405	6.164087	0.776057	0.162914	-6.492546	7.375642	8.013506	6.147591	1.394380	1.949481	-1.224376	-3.320725	4.029403	7.102282	4.061120	8.624215	7.605323	-9.351207	8.155287	-0.470236	9.555531	5.969728	3.013118	8.954357	-9.319759	5.693327	6.508456	0.431898	2.562517	3.458507	0.375498	9.601668	1.139121	
-6.956140	4.669246	3.529837	2.318110	8.840449	1.556905	9.924140	-8.005085	2.143450	8.282774	9.799284	6.039049	8.879881	2.420746	8.155165	8.402948	6.603020	9.017642	5.299017	-5.904000	7.366331	4.367790	5.035418	7.821241	7.926869	-0.692126	-6.942570	5.669835	-6.977165	-3.894499	6.377661	-7.602685	-1.620364	4.611714	5.215115	8.637164	
-9.497965	6.730519	9.855662	6.041890	0.052589	6.017926	0.617061	-3.251702	3.195505	6.619359	-5.536702	2.774878	3.756036	-9.835595	-0.258614	-9.269353	2.265825	-6.429475	1.842800	-3.129261	5.403821	7.913466	-1.585598	4.966359	-2.178297	9.812786	3.629762	7.419347	0.104097	5.864512	0.329795	0.796406	7.154390	-5.612992	0.770008	-3.462295	
3.309722	-1.229211	7.952279	6.346549	3.373712	9.838413	9.270436	1.876976	5.149182	-1.043665	2.537410	4.612779	-6.320579	-0.700442	-2.082936	6.622407	2.367464	9.555828	4.852410	9.551531	3.298987	9.727804	-3.296504	4.346778	-1.796941	-8.645299	5.561479	7.595626	3.570872	0.649063	-9.199084	-4.851019	9.335461	9.969152	2.258290	6.860892	

Matrice B di dimensione 36 x 36:
1	0	0	0	0	0	0	0	0	0	0	0	0	0	0	0	0	0	0	0	0	0	0	0	0	0	0	0	0	0	0	0	0	0	0	0	
0	1	0	0	0	0	0	0	0	0	0	0	0	0	0	0	0	0	0	0	0	0	0	0	0	0	0	0	0	0	0	0	0	0	0	0	
0	0	1	0	0	0	0	0	0	0	0	0	0	0	0	0	0	0	0	0	0	0	0	0	0	0	0	0	0	0	0	0	0	0	0	0	
0	0	0	1	0	0	0	0	0	0	0	0	0	0	0	0	0	0	0	0	0	0	0	0	0	0	0	0	0	0	0	0	0	0	0	0	
0	0	0	0	1	0	0	0	0	0	0	0	0	0	0	0	0	0	0	0	0	0	0	0	0	0	0	0	0	0	0	0	0	0	0	0	
0	0	0	0	0	1	0	0	0	0	0	0	0	0	0	0	0	0	0	0	0	0	0	0	0	0	0	0	0	0	0	0	0	0	0	0	
0	0	0	0	0	0	1	0	0	0	0	0	0	0	0	0	0	0	0	0	0	0	0	0	0	0	0	0	0	0	0	0	0	0	0	0	
0	0	0	0	0	0	0	1	0	0	0	0	0	0	0	0	0	0	0	0	0	0	0	0	0	0	0	0	0	0	0	0	0	0	0	0	
0	0	0	0	0	0	0	0	1	0	0	0	0	0	0	0	0	0	0	0	0	0	0	0	0	0	0	0	0	0	0	0	0	0	0	0	
0	0	0	0	0	0	0	0	0	1	0	0	0	0	0	0	0	0	0	0	0	0	0	0	0	0	0	0	0	0	0	0	0	0	0	0	
0	0	0	0	0	0	0	0	0	0	1	0	0	0	0	0	0	0	0	0	0	0	0	0	0	0	0	0	0	0	0	0	0	0	0	0	
0	0	0	0	0	0	0	0	0	0	0	1	0	0	0	0	0	0	0	0	0	0	0	0	0	0	0	0	0	0	0	0	0	0	0	0	
0	0	0	0	0	0	0	0	0	0	0	0	1	0	0	0	0	0	0	0	0	0	0	0	0	0	0	0	0	0	0	0	0	0	0	0	
0	0	0	0	0	0	0	0	0	0	0	0	0	1	0	0	0	0	0	0	0	0	0	0	0	0	0	0	0	0	0	0	0	0	0	0	
0	0	0	0	0	0	0	0	0	0	0	0	0	0	1	0	0	0	0	0	0	0	0	0	0	0	0	0	0	0	0	0	0	0	0	0	
0	0	0	0	0	0	0	0	0	0	0	0	0	0	0	1	0	0	0	0	0	0	0	0	0	0	0	0	0	0	0	0	0	0	0	0	
0	0	0	0	0	0	0	0	0	0	0	0	0	0	0	0	1	0	0	0	0	0	0	0	0	0	0	0	0	0	0	0	0	0	0	0	
0	0	0	0	0	0	0	0	0	0	0	0	0	0	0	0	0	1	0	0	0	0	0	0	0	0	0	0	0	0	0	0	0	0	0	0	
0	0	0	0	0	0	0	0	0	0	0	0	0	0	0	0	0	0	1	0	0	0	0	0	0	0	0	0	0	0	0	0	0	0	0	0	
0	0	0	0	0	0	0	0	0	0	0	0	0	0	0	0	0	0	0	1	0	0	0	0	0	0	0	0	0	0	0	0	0	0	0	0	
0	0	0	0	0	0	0	0	0	0	0	0	0	0	0	0	0	0	0	0	1	0	0	0	0	0	0	0	0	0	0	0	0	0	0	0	
0	0	0	0	0	0	0	0	0	0	0	0	0	0	0	0	0	0	0	0	0	1	0	0	0	0	0	0	0	0	0	0	0	0	0	0	
0	0	0	0	0	0	0	0	0	0	0	0	0	0	0	0	0	0	0	0	0	0	1	0	0	0	0	0	0	0	0	0	0	0	0	0	
0	0	0	0	0	0	0	0	0	0	0	0	0	0	0	0	0	0	0	0	0	0	0	1	0	0	0	0	0	0	0	0	0	0	0	0	
0	0	0	0	0	0	0	0	0	0	0	0	0	0	0	0	0	0	0	0	0	0	0	0	1	0	0	0	0	0	0	0	0	0	0	0	
0	0	0	0	0	0	0	0	0	0	0	0	0	0	0	0	0	0	0	0	0	0	0	0	0	1	0	0	0	0	0	0	0	0	0	0	
0	0	0	0	0	0	0	0	0	0	0	0	0	0	0	0	0	0	0	0	0	0	0	0	0	0	1	0	0	0	0	0	0	0	0	0	
0	0	0	0	0	0	0	0	0	0	0	0	0	0	0	0	0	0	0	0	0	0	0	0	0	0	0	1	0	0	0	0	0	0	0	0	
0	0	0	0	0	0	0	0	0	0	0	0	0	0	0	0	0	0	0	0	0	0	0	0	0	0	0	0	1	0	0	0	0	0	0	0	
0	0	0	0	0	0	0	0	0	0	0	0	0	0	0	0	0	0	0	0	0	0	0	0	0	0	0	0	0	1	0	0	0	0	0	0	
0	0	0	0	0	0	0	0	0	0	0	0	0	0	0	0	0	0	0	0	0	0	0	0	0	0	0	0	0	0	1	0	0	0	0	0	
0	0	0	0	0	0	0	0	0	0	0	0	0	0	0	0	0	0	0	0	0	0	0	0	0	0	0	0	0	0	0	1	0	0	0	0	
0	0	0	0	0	0	0	0	0	0	0	0	0	0	0	0	0	0	0	0	0	0	0	0	0	0	0	0	0	0	0	0	1	0	0	0	
0	0	0	0	0	0	0	0	0	0	0	0	0	0	0	0	0	0	0	0	0	0	0	0	0	0	0	0	0	0	0	0	0	1	0	0	
0	0	0	0	0	0	0	0	0	0	0	0	0	0	0	0	0	0	0	0	0	0	0	0	0	0	0	0	0	0	0	0	0	0	1	0	
0	0	0	0	0	0	0	0	0	0	0	0	0	0	0	0	0	0	0	0	0	0	0	0	0	0	0	0	0	0	0	0	0	0	0	1	

Risultato:
Matrice C di dimensione 36 x 36:
6.761871	-2.061568	6.373520	-6.722803	8.701889	9.746314	-5.988443	4.466858	5.775584	-2.679142	8.220077	3.859975	2.915676	4.617185	6.149104	1.736519	-1.823587	9.326959	7.567415	-2.037114	-8.549151	7.776290	9.584671	6.970311	7.855181	1.397148	0.969729	3.979846	-8.848844	-8.997059	9.008484	6.386751	7.550593	9.440406	8.308565	5.347644	
-0.591418	-0.909222	-8.540541	-0.309612	6.653055	-0.939047	1.581931	9.442182	3.927044	-8.512287	9.418288	-6.612085	0.701521	-2.691114	1.335056	7.408641	7.110610	3.436403	-4.442997	8.566931	-3.964065	8.680377	-3.472626	-9.599049	-7.827330	-3.874056	-7.801524	9.025210	0.696913	-1.252958	1.579094	-5.821852	-1.465735	1.611928	-5.921798	-3.633950	
-2.974048	2.949353	6.684518	4.119292	7.738005	4.305427	9.993045	-4.926115	-9.853516	0.205346	5.758908	3.834706	-4.871574	-4.056817	0.913708	9.605095	8.497673	0.754880	-1.319090	-6.827909	5.478922	-2.929934	-9.201143	5.047446	4.635703	-8.899584	4.512011	6.791124	7.128433	4.033281	5.176842	-2.113589	9.681294	-9.907189	-9.567594	5.738266	
3.783721	-5.980446	-9.468618	2.970345	2.165803	-4.101809	-4.808425	0.571475	5.642612	8.919165	-3.383580	6.757184	-3.877072	5.490864	9.645708	-8.486552	3.534644	-9.438666	8.073526	2.277759	-3.778819	8.887670	2.919796	0.050195	5.696487	-7.387855	-6.994418	-7.623125	4.870858	8.868407	4.195374	4.070502	2.318731	7.369120	1.391996	-0.401028	
8.766863	-3.116602	5.772236	-5.362128	-9.071896	7.376542	6.771692	2.246873	3.207529	3.076796	3.934043	4.879422	-3.465840	4.576328	2.215374	-7.369757	6.171906	-2.205565	8.777261	-2.074290	2.325025	9.846562	5.432003	-1.630988	7.307794	-6.339310	7.985054	-7.546865	9.308794	0.880708	9.904917	1.514326	0.742607	3.958841	-4.524813	4.281193	
4.943567	4.751152	-9.466012	6.246678	2.568551	1.872927	3.527755	6.983874	0.477096	2.640288	-3.160463	9.604912	-5.660371	2.655334	4.705538	6.899179	-0.647909	7.256054	5.076821	1.089187	1.606802	9.456336	9.062809	-8.195473	8.605028	5.089130	-4.569887	9.574116	-6.660463	-9.079696	4.286604	8.036417	7.648231	-5.217113	1.132971	-1.372910	
7.775714	-5.151647	-5.945613	-5.561609	1.913505	4.620273	8.120314	8.776746	1.170960	7.655689	-2.045450	-1.801035	2.113416	-7.607883	0.933144	8.010429	0.660036	2.355748	3.522809	4.170822	-1.084300	6.550249	7.681102	2.940219	4.597375	6.755718	-8.635360	3.169143	-3.139594	-6.825555	4.535759	0.509788	5.565810	3.429365	3.838886	-3.677291	
8.565276	4.668851	6.220164	-9.700778	-1.350969	9.739372	-9.016830	-4.893056	-3.643404	9.815707	6.594071	4.959031	5.678617	-6.425789	1.954904	7.587041	1.158809	-3.913510	-5.322038	1.845598	5.331223	-3.607044	7.754563	3.524948	1.596833	-6.094385	0.151691	-6.434884	-4.925372	2.292524	3.427592	4.147353	9.660415	-5.452525	2.449900	5.320759	
3.261632	5.206647	6.097361	6.858367	0.199598	-5.931298	7.781120	4.058693	-1.291570	6.231032	-4.950823	3.544766	0.786015	-6.796730	5.838885	6.055797	9.126276	3.799594	2.928986	6.540263	1.202836	1.538832	5.264525	7.403772	2.209504	5.336059	2.197641	4.439354	7.344634	4.390025	9.313626	6.846751	4.849116	-0.001678	4.195556	-3.814307	
2.870613	6.307381	9.129506	0.975942	8.561423	8.977537	-7.948827	9.887493	-8.237723	3.657823	5.338297	1.146036	-5.937497	-8.954341	6.568071	-7.084314	-5.219458	0.670629	3.807566	-2.195441	-5.358425	4.175257	-2.466668	0.871714	-5.358660	7.750870	9.244792	-3.646163	-5.922008	-7.679349	1.110381	5.974267	-0.676814	-9.718773	6.326639	-7.358987	
3.998253	-2.709323	6.220963	-3.511852	0.669757	7.730321	0.071023	7.002662	-8.483291	-5.818225	-6.970863	-2.228947	-9.383746	3.665467	9.282500	7.680506	7.171703	-9.262737	8.727206	2.230429	4.063310	9.776553	9.015268	0.145684	6.337882	3.898642	9.070940	-7.231285	4.513196	9.570366	4.867584	6.628190	-8.548186	-5.622568	1.036458	-3.675064	
4.816032	0.410648	-6.398979	3.806767	-4.664588	3.425997	6.330811	9.828353	4.939744	8.833467	0.907408	-0.331915	2.388762	-1.543312	1.045951	1.415738	2.025867	3.795324	-2.386212	0.950950	4.630396	5.372853	6.830473	-3.293945	-1.435056	8.656377	7.870744	3.899472	-7.395629	-1.682753	0.082221	7.850700	-0.571759	8.817033	2.026389	-8.376524	
1.267539	2.107372	3.698725	-4.984028	3.197159	-9.127516	-1.549268	-6.481342	-7.703300	6.736563	8.640934	3.957119	-9.754053	0.340783	4.209763	-5.166656	7.203966	5.334369	-8.115138	0.206830	5.941212	7.044205	5.749540	1.892560	1.224553	8.527106	-9.950765	8.009998	0.112791	2.838860	2.402864	0.812602	9.728865	-9.211331	-5.941323	6.466929	
4.511740	-8.408125	4.842479	2.289701	2.090874	1.584604	5.329355	4.583244	4.502357	-3.995252	2.213479	3.330079	5.751815	-1.223512	7.427827	1.023564	-9.800931	7.426061	5.613258	2.217615	-0.295907	-0.873688	8.165240	6.435765	-1.630695	1.319739	9.996427	5.818246	-0.808006	-0.760703	-3.835752	8.251960	0.377520	6.392694	-6.833689	9.030167	
-5.993891	9.549658	7.503476	-0.850422	-6.565190	-3.124036	-5.413362	5.181782	0.281854	3.255655	5.907557	0.579254	5.778890	9.233332	5.278058	4.007743	8.368790	-1.921236	-7.116211	9.542579	0.962138	-4.740577	0.169079	1.919452	2.408797	-7.404557	6.047980	-1.423842	2.304314	2.091889	5.372633	-4.438791	9.247372	-4.894193	1.183273	6.928144	
6.664876	-4.531753	2.926497	3.895452	1.594986	4.091148	-7.969070	-4.843368	5.518009	-0.230513	8.915471	-7.125716	8.768335	8.440640	9.448577	-6.439757	-4.434932	-5.689857	7.098910	5.936729	3.521695	1.923693	9.503893	3.927233	7.731227	-0.194661	-2.113791	2.595308	-6.881509	4.625314	4.444210	1.623152	7.269721	-7.368126	-6.848151	-1.427392	
-9.399717	-9.720393	-7.125291	7.493207	-7.472385	3.980448	1.152741	0.844670	9.666555	5.706435	8.059899	5.418680	4.182676	7.050590	2.808014	4.439774	7.455485	0.493210	2.333000	-7.742671	-6.682814	-0.213724	-4.597674	-7.833955	0.156217	1.492198	-2.919076	8.512201	5.408775	3.175316	7.796486	-9.658394	2.412184	6.291205	9.049981	9.590322	
2.634859	-7.037843	5.212350	4.252345	2.731301	6.189927	-7.085300	9.160865	-4.408619	7.690653	-3.004965	-4.189684	3.602556	-5.537139	1.449654	9.592511	-9.220592	0.827164	-8.040688	4.101244	-9.020738	4.417941	0.912662	9.310957	6.757417	-7.461470	-8.535816	-8.083336	-7.516812	-3.760987	5.743366	8.494537	-1.369363	-1.661340	-4.580257	-6.187306	
8.280812	-1.782885	9.604206	-5.683369	-4.204644	2.099592	7.684027	-1.431044	-9.244960	-2.141445	9.685231	5.512000	-9.916378	3.424220	8.541984	-3.455048	0.496691	0.796709	-0.383765	-9.817683	2.886495	1.254161	8.440361	6.600263	5.491520	8.189851	5.945887	5.745448	3.826579	5.792609	3.858294	8.061053	-8.557639	2.730051	0.122367	0.254924	
-7.510944	-2.699018	-5.112761	9.916488	-7.993433	-7.985376	1.896846	5.449492	2.797973	5.602080	-1.694237	-8.798399	1.589028	5.406853	4.328486	-9.683456	-2.940644	-1.258636	8.853030	6.473786	6.832129	3.057103	2.587800	1.439910	-7.615933	-8.329686	-5.535496	6.297661	4.785835	6.626620	-8.477920	3.058094	-0.492828	-3.311600	5.699692	0.393837	
-2.545709	2.776727	3.489200	2.059825	9.603779	7.465050	-4.708853	-2.990795	-4.548579	2.121449	-6.212073	9.844867	-9.615856	-1.966569	4.642292	5.107727	-1.733731	-8.278225	-9.140339	-5.160887	9.497481	-6.723277	4.379304	7.946427	9.740416	1.724282	2.604716	-9.524669	3.414642	-9.719157	7.923937	-4.975067	-8.690683	-0.880949	5.796094	1.793584	
2.758863	1.899094	0.740877	7.889252	3.923081	6.287225	-6.106461	2.234316	9.858860	5.460819	-5.823299	8.733605	-3.443182	7.380640	7.250665	1.211603	1.514361	7.531632	5.969668	-8.874665	1.175058	-8.012783	-5.268976	8.996538	7.692473	9.007729	-0.338966	1.079973	0.582892	-1.868510	3.421962	6.619421	5.616156	1.845731	-8.615830	-9.763587	
3.508334	6.065365	5.821317	7.881579	1.153996	-1.064013	2.343906	7.787344	-9.985936	9.719631	5.124053	9.125549	-5.184003	-2.954085	0.021887	2.875646	5.681824	7.204505	4.365314	1.501515	2.648618	-7.637779	-5.049922	-9.897373	2.985938	7.954258	4.823809	-9.615918	-4.252056	7.526887	1.637546	-5.138578	-0.527860	-3.417309	8.888050	1.326449	
6.904072	0.556743	3.564953	9.263918	5.237833	4.920155	7.504462	7.633325	-4.350387	2.695236	-7.632455	-7.626309	6.856597	7.291332	0.221194	-6.670740	9.954026	4.124671	6.937818	-7.735908	-0.286752	-9.213904	0.903798	-7.456129	-3.117661	3.053306	0.159750	-2.506294	-4.103794	-3.314590	8.619658	6.202871	-7.863534	5.781790	-4.596910	-2.860809	
-2.036487	-5.768497	0.323612	6.983145	-9.671689	0.023459	1.141708	2.277073	1.771343	1.589703	-8.660242	-9.539546	-7.475136	1.287464	8.926271	4.718548	4.672908	1.607142	2.445930	0.924187	-9.348391	3.603603	0.243122	-3.352282	-2.831281	-9.777416	-6.912959	9.995670	-2.840474	-4.685225	3.252030	2.081334	-9.788425	-9.126725	5.159062	-0.588106	
-4.892112	8.940551	-9.558531	-5.800094	5.227726	9.709424	0.613170	2.124663	-3.342864	7.663646	-7.824615	0.551174	-5.567254	4.984920	-9.883843	9.427448	6.991940	0.384838	5.820760	3.353389	-2.509639	9.633545	1.199851	0.176273	4.592064	4.797901	4.897171	-2.221366	-4.083854	4.705283	0.742227	1.793842	7.751003	6.798442	0.827849	-3.122353	
-1.508703	-9.754492	4.841221	3.322459	-2.687582	-5.620099	1.418588	-6.569175	9.378090	3.158664	-1.732575	-2.390968	7.835157	-0.117943	-3.647048	-5.987783	3.946649	1.936293	7.609844	-3.879087	1.359457	7.509195	-8.523292	-5.096355	7.803521	-6.592261	3.728570	8.459655	3.559444	5.166581	1.794496	9.453860	7.020003	-0.645075	-0.974052	6.575781	
-1.660828	-5.437472	5.522807	9.155377	2.794787	-4.183161	-2.935552	-6.316273	2.536958	1.754855	2.335816	9.990135	-4.994023	-9.510259	2.059995	5.015914	4.881767	-3.644919	5.645648	-7.831889	-2.985176	-6.026052	-6.678498	6.057906	-2.252581	-1.149961	2.787064	7.963454	4.129963	-1.260437	1.089280	4.969248	9.683641	6.517688	-2.135304	-2.525003	
-7.087666	7.930715	6.680150	8.593028	4.622673	3.106137	-0.301935	5.720316	3.118605	5.897665	3.856691	5.278509	3.341022	-8.775141	4.312925	4.215341	4.571038	-3.899659	3.252907	-4.978060	-8.286843	-6.067152	-6.505782	-3.122559	5.099260	-1.527488	-2.880336	8.815001	9.098488	-9.765402	-3.028620	8.107949	-5.974399	-0.881595	-1.080405	-7.108193	
-7.543344	4.717412	7.223778	9.667566	-9.027305	6.570696	4.829259	8.908850	7.089427	-7.798481	2.111831	-7.685586	-9.822886	4.050807	-2.519193	-3.281984	2.023704	1.032824	-3.145148	8.826064	-7.609622	7.656645	7.067145	1.110642	-8.567016	4.542704	9.155805	4.826955	7.997950	-0.504182	6.945551	7.714058	9.786725	5.274248	-7.041260	5.655127	
5.548229	3.473118	8.812036	-3.796842	3.749223	7.643351	5.070998	-5.367720	-0.808560	5.414115	9.077884	0.194610	-0.456763	2.602883	1.842226	-9.759519	-6.671701	1.607504	4.779845	0.897188	-8.950410	4.353610	1.870643	1.357480	5.632891	7.619187	6.860729	-3.254422	8.085452	4.458405	3.422583	4.688696	8.091596	1.463683	8.583277	7.424418	
-2.863551	3.717494	-8.900364	1.696206	-9.579916	2.143212	5.885952	-4.546891	2.428153	5.187137	-2.422210	6.913003	-3.998755	3.577496	5.261448	-1.191240	-6.679862	-2.864048	-1.313551	3.552594	1.879078	-4.898864	8.302509	1.984573	-8.125653	9.322569	2.457967	4.014073	2.763040	9.488887	1.806556	4.767182	3.517227	2.895655	8.311861	-1.444678	
4.271091	6.499312	0.912910	7.160405	6.164087	0.776057	0.162914	-6.492546	7.375642	8.013506	6.147591	1.394380	1.949481	-1.224376	-3.320725	4.029403	7.102282	4.061120	8.624215	7.605323	-9.351207	8.155287	-0.470236	9.555531	5.969728	3.013118	8.954357	-9.319759	5.693327	6.508456	0.431898	2.562517	3.458507	0.375498	9.601668	1.139121	
-6.956140	4.669246	3.529837	2.318110	8.840449	1.556905	9.924140	-8.005085	2.143450	8.282774	9.799284	6.039049	8.879881	2.420746	8.155165	8.402948	6.603020	9.017642	5.299017	-5.904000	7.366331	4.367790	5.035418	7.821241	7.926869	-0.692126	-6.942570	5.669835	-6.977165	-3.894499	6.377661	-7.602685	-1.620364	4.611714	5.215115	8.637164	
-9.497965	6.730519	9.855662	6.041890	0.052589	6.017926	0.617061	-3.251702	3.195505	6.619359	-5.536702	2.774878	3.756036	-9.835595	-0.258614	-9.269353	2.265825	-6.429475	1.842800	-3.129261	5.403821	7.913466	-1.585598	4.966359	-2.178297	9.812786	3.629762	7.419347	0.104097	5.864512	0.329795	0.796406	7.154390	-5.612992	0.770008	-3.462295	
3.309722	-1.229211	7.952279	6.346549	3.373712	9.838413	9.270436	1.876976	5.149182	-1.043665	2.537410	4.612779	-6.320579	-0.700442	-2.082936	6.622407	2.367464	9.555828	4.852410	9.551531	3.298987	9.727804	-3.296504	4.346778	-1.796941	-8.645299	5.561479	7.595626	3.570872	0.649063	-9.199084	-4.851019	9.335461	9.969152	2.258290	6.860892	
