
Matrice A di dimensione 36 x 36:
9.246471	-1.213113	9.013195	8.147063	5.065616	6.030720	-2.511748	9.821541	-0.122040	-8.909899	3.467576	8.548132	-7.596475	9.454901	1.073676	6.838537	2.853941	7.977071	4.812370	-8.265121	6.581661	1.047415	8.371826	-1.248483	6.364095	7.670248	2.785915	-5.662258	5.554793	9.041682	-2.370774	9.448001	0.004410	-4.189345	9.660399	-0.310261	
1.254728	3.780237	4.296176	9.899493	3.987751	1.678683	7.733257	2.502896	-4.536188	-8.719157	6.663401	3.914878	-0.259079	-3.166681	3.686952	-3.518069	-1.535122	4.586039	-0.812047	3.010206	6.395762	0.212287	5.913657	-3.378110	1.765312	-5.623793	6.578171	0.007460	8.642134	4.845966	7.153356	-6.122675	5.681277	-6.892738	-0.837059	1.167884	
-0.774813	5.482260	2.465235	4.623366	-5.007537	-0.147670	4.775321	8.540747	7.269936	-2.963938	5.954743	-5.687894	6.361005	-7.413666	9.607185	5.917393	-5.396804	-3.627070	5.351772	-0.865922	2.074852	5.658298	4.718548	2.587227	8.384677	-2.988841	-1.775999	-4.115117	-0.767150	-0.402529	7.333134	8.503454	8.072751	5.421242	9.227173	-3.765867	
-3.389611	-2.618888	2.530351	5.573369	-2.596148	-4.312481	3.077462	7.762196	6.782850	6.895943	-3.501585	8.253469	2.850078	2.586949	1.645494	8.925617	-4.105491	3.156705	7.048078	7.985201	4.724373	-8.153910	-0.799982	4.339775	1.366007	1.657392	7.098800	4.484082	9.441203	-2.637544	0.019337	7.341261	8.042446	5.809959	3.714990	1.807032	
3.723912	1.608491	-2.406448	4.850902	2.378989	9.258819	-6.895164	6.570564	-3.592187	2.313134	7.042847	6.900015	9.122615	9.870829	-3.590382	6.314943	1.943783	3.263832	-8.732495	0.623000	6.956864	1.022835	-4.253132	-7.288043	0.486781	3.028008	2.881839	-0.054139	0.985465	5.728286	1.802010	1.429792	2.371658	8.410717	7.176474	-2.821581	
9.016518	-1.350381	-4.100673	3.367019	-9.054414	7.501293	9.439850	4.309604	4.717798	6.984804	1.412796	9.917028	2.993713	-0.609515	8.445807	-2.468630	2.757349	-1.971490	0.413720	-4.701012	7.168448	1.394475	4.518942	-2.171945	9.617689	8.725804	-0.057307	7.222050	1.516042	7.531673	-5.875278	-7.267099	4.624345	1.073458	1.237745	-7.786142	
-0.327019	-6.549244	-3.308107	-7.684567	-3.417426	1.506409	4.812774	5.397110	-0.862260	9.321777	4.671063	4.092454	5.705535	1.665408	-8.467552	9.226226	-4.148596	-6.957257	-4.285552	6.897797	6.215603	7.065724	2.413435	3.969068	-4.079253	5.953339	1.125746	-2.306348	6.446276	9.510016	1.421802	9.737366	4.925902	3.719252	-8.508083	6.290580	
0.150464	6.401126	0.494411	-8.741428	6.745701	-1.204905	9.159622	6.067773	0.939098	0.590071	-9.734515	-9.268149	-6.186679	-2.223658	5.226942	-0.230373	-4.173371	-0.979364	4.524421	-0.549322	-6.914695	1.730419	4.333979	8.683519	-0.424568	-7.028060	-2.170570	6.341799	-5.693776	3.172087	8.742254	-2.331237	5.115310	-1.326890	7.962995	7.281371	
-6.013680	3.569127	0.062141	1.887630	-6.011923	4.627495	8.528618	-3.835939	6.425961	8.575291	3.153773	1.289838	8.172250	-7.651466	-2.653351	-9.814751	6.944094	6.596289	7.906970	1.827084	-6.963848	7.667039	5.047393	-0.363398	7.444137	6.270574	-1.575034	8.711472	8.695261	3.593582	1.724185	-8.762948	-2.071052	3.992556	6.859692	-6.601235	
-4.892141	9.282783	5.823244	-6.963682	1.215790	-7.910095	-8.313186	3.195642	4.794327	3.674187	9.716811	9.988534	-6.925609	2.601658	6.571444	0.611917	-3.191145	1.687617	8.484435	6.715406	1.680361	4.802579	5.881941	8.083555	9.942273	0.920954	3.968983	-1.610261	1.765579	8.236548	0.692979	0.952035	4.468174	6.124669	-4.834078	1.569389	
5.155190	7.868502	8.364473	9.437478	-1.820961	-4.066150	-6.741649	3.420417	3.261866	-6.201863	4.406323	7.446872	-5.516256	3.464910	1.322741	7.483337	-0.338161	2.672646	-7.959737	1.363769	1.686613	-7.701626	9.354489	-0.395850	-8.348451	0.268501	3.983803	4.116602	6.475264	-7.642431	3.418149	-1.638156	-6.866029	5.811276	-1.090632	7.328923	
-9.106355	9.567594	1.825981	4.929474	3.979581	7.215479	-9.338165	1.213046	8.696532	-0.670130	6.918579	0.136422	5.466652	3.966082	-6.479673	8.496562	2.732096	9.372184	6.133571	5.092332	6.221081	4.123916	2.115108	2.233630	9.459892	-1.529886	6.687742	6.500320	9.591437	-9.379251	8.799186	9.050444	6.919292	0.320724	8.739931	-6.396720	
2.886376	8.917369	4.866353	-9.181948	-5.195043	4.184294	8.893648	7.260406	-4.319804	-8.425663	5.732992	1.137563	0.081709	-4.115125	3.147573	-9.994134	-0.652408	5.270972	8.469685	-3.316527	9.703735	-7.327862	8.633809	-5.456456	-9.425209	-1.770864	6.026240	7.886911	6.817261	1.761099	5.777455	-7.426587	9.930587	-9.478969	9.417837	3.170509	
3.586092	8.308616	7.547286	6.892352	8.918208	5.004171	8.819062	9.084850	1.054218	7.914095	9.817349	6.794395	2.568966	9.282865	5.235906	1.364807	0.731952	2.495825	-0.392028	3.025229	2.117403	-4.534581	8.256731	6.495273	7.457081	-1.599768	-9.694168	1.375648	-3.441033	9.307413	5.796784	3.317274	3.637790	-7.725157	-9.277761	-5.543645	
6.314295	7.862183	-7.282275	-8.359109	2.458887	-9.922715	7.385416	3.773145	-6.797266	-7.572531	-8.346498	9.150000	-5.667949	3.740290	0.019825	1.010190	-3.609780	4.959173	1.263883	7.218661	-1.434022	-2.424624	6.728345	-9.100367	0.029316	5.389777	0.404139	5.753427	3.930290	6.717360	6.097734	-7.709739	8.422304	-5.870728	-8.831817	3.269239	
-9.744171	-5.953403	9.675258	4.877339	4.466855	8.778576	1.595367	2.705574	4.374288	0.567540	-6.572610	7.271807	3.547815	3.851301	3.006031	-4.758228	-3.405070	1.477861	8.708200	3.304604	0.875795	-2.959393	-3.974920	-7.499383	-1.354517	-1.964504	4.285104	5.848895	7.057439	8.384421	4.380912	9.365359	1.278093	1.308673	1.802040	-5.340182	
2.223705	7.181895	9.640422	9.807726	7.035889	1.238304	4.041477	4.945709	9.374895	-6.881428	2.589956	1.084346	1.126213	6.897788	0.024741	0.126279	6.819242	9.697586	-9.024725	1.146636	5.036714	7.134796	-3.910736	0.605747	5.415472	-5.159289	-1.677552	1.799801	3.834677	2.255963	-1.402051	4.278992	6.227430	-3.381970	0.047109	0.938439	
2.842842	2.091984	0.769343	5.467976	2.366956	-0.228825	-9.015323	-9.744043	-4.830490	-6.141898	9.388495	-3.069049	-3.161145	1.245510	3.535716	-0.325061	2.892375	1.523958	6.096372	7.870859	3.421386	-8.581188	4.094253	-6.783695	8.396049	3.167746	-9.865255	-2.673462	5.033706	-4.214032	9.461782	-1.772112	-7.050280	0.946916	-2.433820	1.941758	
-9.143961	-7.350260	9.853601	0.883697	5.484093	0.218114	-5.157328	9.997714	-3.655251	7.535623	-1.034628	2.649319	3.670047	-6.550072	-4.504270	4.559981	9.115786	-3.395032	1.364450	-4.084788	-5.466668	4.445649	-3.571423	-7.287320	-9.901077	6.354618	-5.447072	-3.213228	-2.408638	-7.120807	-9.946857	4.888513	4.380309	1.330014	-3.387982	3.471523	
1.180129	7.303719	1.087585	8.050067	-2.973243	6.563039	2.503091	-6.387147	9.669646	1.471066	-2.062823	-6.192905	8.601008	6.561040	1.935437	3.232067	-7.312599	6.733122	2.774689	2.530820	5.556712	-0.053856	8.773658	7.236996	-4.179691	5.021886	0.141889	-5.292967	7.557732	1.150487	3.031844	5.920262	3.329235	-3.665503	0.148748	-9.330086	
4.821132	5.832792	8.743989	7.877958	7.227018	-0.164281	6.637151	-6.192499	5.602738	-6.535198	-2.198897	3.198626	3.568890	-5.670347	8.951189	9.103907	4.360908	4.552431	8.932447	0.813572	-2.380192	2.839844	6.414952	4.912161	-0.636061	-1.688928	8.477965	-4.808968	9.090327	4.813908	2.588611	0.960729	-4.715768	3.089867	1.744799	-6.582291	
2.968732	9.141389	3.397643	-2.191391	-3.434618	7.762445	-6.602460	-7.881198	-1.722687	7.714951	9.054699	-7.652242	4.626747	1.753920	-7.213378	8.715021	2.927577	4.370324	1.947527	3.339825	0.382027	-8.379994	-6.151708	4.373763	-7.060836	-0.465358	8.012405	3.106874	-5.876623	-4.816687	-5.484039	9.195458	1.763674	-4.790217	-1.329288	1.989411	
1.211337	-1.527652	4.542505	8.822687	7.072855	-6.374853	-2.789039	-5.813883	-9.135484	-6.605840	8.544332	9.862295	-6.844654	-7.350359	-2.665756	2.415313	3.161164	3.769221	9.219767	1.303086	6.137764	0.504252	-3.912718	6.714976	8.172261	4.144067	6.469004	4.001960	-8.364244	-6.037312	-5.683698	7.430653	-7.266618	7.008982	-6.028293	0.811945	
-0.337841	4.133540	-6.997786	-0.352964	3.976940	-1.956266	1.275314	4.627248	6.465865	8.940560	1.720765	1.779925	8.129228	-9.246268	5.917669	1.682749	-2.013411	-8.245772	7.789157	9.888622	0.487145	4.788642	7.965122	-3.358882	7.453484	-7.189038	-6.247584	9.334196	0.426881	9.715669	8.248582	-3.217587	3.788700	0.544414	-1.225322	-8.738290	
3.545286	6.968879	7.672049	9.693711	4.990788	9.032972	7.257936	8.702219	7.641035	-3.496703	5.622317	3.127345	-5.512697	1.662997	-1.558423	9.958841	2.989224	0.963151	5.090866	9.940306	-0.836531	-2.606161	3.469464	1.081139	-4.676304	-1.653254	-9.401037	1.561622	6.831547	1.407095	-5.879403	7.286704	-8.412954	-9.962235	-9.366656	-3.686512	
2.428910	-4.816322	5.151222	3.282949	-4.474256	9.758842	4.436473	5.661933	7.008416	3.234272	7.229639	4.138893	4.623355	5.131410	0.944589	0.305731	-6.569009	7.794554	-2.146079	3.271679	0.400973	7.587386	4.551879	-7.127885	3.422663	0.369576	4.853666	2.788583	7.939983	5.108086	8.450461	-1.086816	1.859276	2.685872	2.586201	9.991249	
3.278627	-5.466376	-0.281807	-5.886641	-2.522007	8.779280	0.312360	9.946893	-5.545539	-5.981167	-7.738156	8.626519	6.270087	-5.534284	-0.162902	-3.640516	0.861676	-1.188792	6.120205	3.326129	0.338395	-0.956340	-2.105141	2.675972	5.830537	7.930936	5.720975	0.865783	-5.586815	-5.615329	0.880295	8.532397	7.740090	-1.496873	1.602668	-3.229175	
7.412091	-4.442665	-7.218213	5.957755	3.971491	-4.893534	5.467080	3.366622	6.534908	-0.368572	6.033766	-1.896565	-1.798361	6.460945	2.227851	-6.128698	-7.660714	-3.921934	8.852420	-3.721250	8.791662	4.748833	-2.925517	2.622425	-8.362234	1.689659	3.099482	3.636187	3.432955	-9.719188	-9.900496	5.834374	-4.075698	2.956786	-2.275208	6.501780	
2.306554	5.078934	-6.496262	4.181179	0.114316	4.398777	1.228411	-9.081147	6.629511	3.857354	2.237672	8.921638	8.804233	3.731236	0.802297	2.095211	-8.509508	6.153115	6.509923	-0.565873	8.107325	8.194713	-1.402049	8.366831	-3.685247	3.156797	-8.994617	-0.185623	-6.268028	-5.965317	7.011255	-5.974158	2.436390	0.096414	8.423772	7.345061	
6.889351	1.378316	-0.924288	8.524910	-5.284924	6.963172	1.735146	-8.913668	-6.572549	5.997613	2.626566	0.410825	0.780665	2.455239	-6.614690	1.166051	3.465069	3.188713	4.815057	-1.488462	-5.716382	4.142983	3.220785	2.802351	3.455807	2.861216	2.589451	1.011085	3.299118	3.751458	9.088093	0.100596	4.634546	8.652252	9.923072	0.116852	
-3.153149	-0.122796	5.646023	-1.930962	5.051741	8.822252	5.802179	7.138052	4.021003	-3.469030	-2.472778	-8.938247	4.542643	3.992830	7.896040	0.434246	3.339426	-1.136474	-4.682933	8.662847	-4.801034	-9.675767	1.988194	4.429347	0.430908	-2.185838	-7.065312	0.504199	4.980711	3.336087	-2.114267	-1.154365	-4.329772	-1.381142	-2.665829	1.320179	
6.042085	9.499802	-9.398233	6.087811	0.725657	7.034112	-5.932904	8.998091	3.454340	8.407082	-9.609252	5.081682	-9.651255	-1.266026	-5.726027	-8.388163	-6.400060	-7.676573	-5.141364	1.257528	8.293887	5.062949	-7.731532	-3.423322	-7.493169	5.316145	5.418096	3.930742	-2.194102	1.332540	-2.912460	4.237527	4.178388	-9.713034	-6.589323	2.972311	
2.414649	8.027764	4.827033	1.644045	5.972971	-3.542661	5.038351	-7.922300	4.177774	-2.950684	1.636106	-1.139348	6.158323	6.539708	1.575557	0.743452	4.895739	-8.253012	1.552350	9.527975	9.446157	-4.716062	-8.890393	-1.969364	-2.720247	0.693399	7.153760	7.215334	1.790000	1.363001	8.979687	7.614157	1.791000	5.279778	1.939971	3.930075	
9.493991	-9.377511	9.819160	0.072102	8.834464	1.998901	-5.285082	-2.534859	4.977091	-9.213842	4.804570	-0.003826	1.477245	6.353990	5.959085	7.704366	-1.597205	8.113924	3.521536	1.910654	3.984003	-7.230672	-5.958268	7.301343	-9.929236	0.809137	-6.325567	3.004457	4.535208	2.140977	9.639847	2.269245	-8.103559	-1.636440	-3.947701	7.596842	
-8.010215	8.984320	-1.958706	-2.170404	-7.703607	1.797207	9.777214	-6.549987	9.162686	4.762092	8.939246	3.236975	7.954187	-6.912931	5.060854	-1.463536	1.462133	1.044695	9.931847	5.957763	1.131200	4.013986	7.663423	9.946412	-8.255316	5.391629	-3.695837	9.486191	-5.094730	-9.170985	8.092874	2.206456	2.191734	9.570772	9.710303	3.156224	
-6.662903	6.876552	3.696576	9.045969	1.252695	-3.689980	7.358768	2.944791	4.977618	-3.318421	3.252974	-1.325710	-6.134272	3.844143	-6.990359	6.713447	5.831248	1.777184	-6.807929	6.538118	9.674683	-1.030406	-1.524099	6.641563	0.295899	9.607162	7.855256	5.679979	-6.666998	1.743406	8.976067	4.158666	7.686275	-6.393575	-3.663242	-3.288402	

Matrice B di dimensione 36 x 36:
0	0	0	0	0	0	0	0	0	0	0	0	0	0	0	0	0	0	0	0	0	0	0	0	0	0	0	0	0	0	0	0	0	0	0	0	
0	0	0	0	0	0	0	0	0	0	0	0	0	0	0	0	0	0	0	0	0	0	0	0	0	0	0	0	0	0	0	0	0	0	0	0	
0	0	0	0	0	0	0	0	0	0	0	0	0	0	0	0	0	0	0	0	0	0	0	0	0	0	0	0	0	0	0	0	0	0	0	0	
0	0	0	0	0	0	0	0	0	0	0	0	0	0	0	0	0	0	0	0	0	0	0	0	0	0	0	0	0	0	0	0	0	0	0	0	
0	0	0	0	0	0	0	0	0	0	0	0	0	0	0	0	0	0	0	0	0	0	0	0	0	0	0	0	0	0	0	0	0	0	0	0	
0	0	0	0	0	0	0	0	0	0	0	0	0	0	0	0	0	0	0	0	0	0	0	0	0	0	0	0	0	0	0	0	0	0	0	0	
0	0	0	0	0	0	0	0	0	0	0	0	0	0	0	0	0	0	0	0	0	0	0	0	0	0	0	0	0	0	0	0	0	0	0	0	
0	0	0	0	0	0	0	0	0	0	0	0	0	0	0	0	0	0	0	0	0	0	0	0	0	0	0	0	0	0	0	0	0	0	0	0	
0	0	0	0	0	0	0	0	0	0	0	0	0	0	0	0	0	0	0	0	0	0	0	0	0	0	0	0	0	0	0	0	0	0	0	0	
0	0	0	0	0	0	0	0	0	0	0	0	0	0	0	0	0	0	0	0	0	0	0	0	0	0	0	0	0	0	0	0	0	0	0	0	
0	0	0	0	0	0	0	0	0	0	0	0	0	0	0	0	0	0	0	0	0	0	0	0	0	0	0	0	0	0	0	0	0	0	0	0	
0	0	0	0	0	0	0	0	0	0	0	0	0	0	0	0	0	0	0	0	0	0	0	0	0	0	0	0	0	0	0	0	0	0	0	0	
0	0	0	0	0	0	0	0	0	0	0	0	0	0	0	0	0	0	0	0	0	0	0	0	0	0	0	0	0	0	0	0	0	0	0	0	
0	0	0	0	0	0	0	0	0	0	0	0	0	0	0	0	0	0	0	0	0	0	0	0	0	0	0	0	0	0	0	0	0	0	0	0	
0	0	0	0	0	0	0	0	0	0	0	0	0	0	0	0	0	0	0	0	0	0	0	0	0	0	0	0	0	0	0	0	0	0	0	0	
0	0	0	0	0	0	0	0	0	0	0	0	0	0	0	0	0	0	0	0	0	0	0	0	0	0	0	0	0	0	0	0	0	0	0	0	
0	0	0	0	0	0	0	0	0	0	0	0	0	0	0	0	0	0	0	0	0	0	0	0	0	0	0	0	0	0	0	0	0	0	0	0	
0	0	0	0	0	0	0	0	0	0	0	0	0	0	0	0	0	0	0	0	0	0	0	0	0	0	0	0	0	0	0	0	0	0	0	0	
0	0	0	0	0	0	0	0	0	0	0	0	0	0	0	0	0	0	0	0	0	0	0	0	0	0	0	0	0	0	0	0	0	0	0	0	
0	0	0	0	0	0	0	0	0	0	0	0	0	0	0	0	0	0	0	0	0	0	0	0	0	0	0	0	0	0	0	0	0	0	0	0	
0	0	0	0	0	0	0	0	0	0	0	0	0	0	0	0	0	0	0	0	0	0	0	0	0	0	0	0	0	0	0	0	0	0	0	0	
0	0	0	0	0	0	0	0	0	0	0	0	0	0	0	0	0	0	0	0	0	0	0	0	0	0	0	0	0	0	0	0	0	0	0	0	
0	0	0	0	0	0	0	0	0	0	0	0	0	0	0	0	0	0	0	0	0	0	0	0	0	0	0	0	0	0	0	0	0	0	0	0	
0	0	0	0	0	0	0	0	0	0	0	0	0	0	0	0	0	0	0	0	0	0	0	0	0	0	0	0	0	0	0	0	0	0	0	0	
0	0	0	0	0	0	0	0	0	0	0	0	0	0	0	0	0	0	0	0	0	0	0	0	0	0	0	0	0	0	0	0	0	0	0	0	
0	0	0	0	0	0	0	0	0	0	0	0	0	0	0	0	0	0	0	0	0	0	0	0	0	0	0	0	0	0	0	0	0	0	0	0	
0	0	0	0	0	0	0	0	0	0	0	0	0	0	0	0	0	0	0	0	0	0	0	0	0	0	0	0	0	0	0	0	0	0	0	0	
0	0	0	0	0	0	0	0	0	0	0	0	0	0	0	0	0	0	0	0	0	0	0	0	0	0	0	0	0	0	0	0	0	0	0	0	
0	0	0	0	0	0	0	0	0	0	0	0	0	0	0	0	0	0	0	0	0	0	0	0	0	0	0	0	0	0	0	0	0	0	0	0	
0	0	0	0	0	0	0	0	0	0	0	0	0	0	0	0	0	0	0	0	0	0	0	0	0	0	0	0	0	0	0	0	0	0	0	0	
0	0	0	0	0	0	0	0	0	0	0	0	0	0	0	0	0	0	0	0	0	0	0	0	0	0	0	0	0	0	0	0	0	0	0	0	
0	0	0	0	0	0	0	0	0	0	0	0	0	0	0	0	0	0	0	0	0	0	0	0	0	0	0	0	0	0	0	0	0	0	0	0	
0	0	0	0	0	0	0	0	0	0	0	0	0	0	0	0	0	0	0	0	0	0	0	0	0	0	0	0	0	0	0	0	0	0	0	0	
0	0	0	0	0	0	0	0	0	0	0	0	0	0	0	0	0	0	0	0	0	0	0	0	0	0	0	0	0	0	0	0	0	0	0	0	
0	0	0	0	0	0	0	0	0	0	0	0	0	0	0	0	0	0	0	0	0	0	0	0	0	0	0	0	0	0	0	0	0	0	0	0	
0	0	0	0	0	0	0	0	0	0	0	0	0	0	0	0	0	0	0	0	0	0	0	0	0	0	0	0	0	0	0	0	0	0	0	0	

Risultato:
Matrice C di dimensione 36 x 36:
17.255922	6.912741	1.465992	12.388588	14.921473	15.527820	-7.216763	10.360664	5.224025	0.822810	6.696317	11.102335	-5.067992	14.039514	8.423060	-0.538108	-0.913778	17.652667	2.971830	-13.133592	-2.983840	2.618556	14.840907	-3.358503	6.751601	13.273622	3.586056	-2.774241	10.361801	1.087783	4.161978	17.788017	-6.641351	-2.840838	11.336051	7.996712	
9.317709	4.647342	8.821365	19.826261	3.078069	-4.537701	17.611259	1.164279	2.848901	-8.133949	9.459058	8.298212	5.371957	-1.132419	8.456194	-2.520955	-3.568662	5.862074	9.106397	11.411955	5.879823	-1.469138	-2.957002	-0.679033	-6.645756	2.758192	14.653017	-2.906552	17.550514	8.784983	2.930070	-1.804180	10.466110	-15.158607	-6.049072	5.901322	
-9.276294	14.008521	-0.395746	4.514562	-5.049094	1.269767	5.784368	7.584911	13.605398	0.713721	-0.632548	-1.725725	7.643255	-14.567196	9.136993	12.586374	-12.810037	-11.766354	14.695711	-9.670246	-0.941598	-4.244564	6.465854	4.919325	16.738532	-8.164152	5.054468	-1.326062	-5.045761	-0.822100	17.177046	3.240911	1.753934	12.430585	-0.234413	1.700136	
0.759316	0.615482	11.901825	9.643447	-5.253752	2.057857	8.058097	11.132645	11.632269	13.691745	-0.817464	14.519594	5.039135	6.972728	8.813504	18.061756	-6.072202	5.256963	4.092639	17.373139	-0.711711	-9.283199	-6.704926	-2.427184	5.827896	4.339549	12.790204	8.314701	3.930484	-11.610129	-5.620426	14.831484	16.710022	15.567751	11.426992	8.226598	
8.292872	6.842177	-0.574114	-1.906659	4.865283	14.828443	1.342906	5.669962	-0.944664	-0.622136	-0.864018	0.731031	9.517095	14.408321	2.106127	7.947564	2.169432	12.138586	-11.404823	4.152324	16.559846	7.178085	4.764711	-4.812734	7.586907	9.796299	9.317242	3.718475	-8.116447	15.671067	7.043286	9.009521	7.177401	6.365297	9.321279	-1.663981	
17.466405	8.148150	0.367069	8.510820	-2.607176	7.558555	0.064550	5.064329	-0.459666	10.372042	2.661585	17.026886	9.410249	-6.142522	10.088555	-4.894460	-0.878619	2.457727	0.239227	3.350799	15.216588	1.703789	4.827619	6.369507	6.295457	18.600997	2.917181	9.448015	3.508608	10.376733	-5.201083	-7.045988	-4.571399	8.022322	9.867587	-2.552637	
5.497769	-13.941854	5.918703	-2.412363	-3.893577	-4.976799	12.387613	14.655411	5.267904	9.455124	14.174267	5.596519	1.085946	8.596061	-4.445166	17.411256	-5.271991	-3.857713	-4.911732	0.328113	11.030586	5.797381	5.437266	12.682822	3.069608	12.428830	2.749666	2.737525	12.946839	14.739452	7.161257	6.146023	-0.015400	-0.490825	-4.835339	-0.347251	
5.015068	7.205053	-4.269273	-0.487889	8.338088	1.501458	11.193275	11.009920	5.724545	7.676106	-7.763454	-5.400674	-5.834754	6.430639	5.373381	6.676889	5.330874	5.057005	6.590629	0.872649	-12.706823	3.824716	10.898231	11.539821	5.114720	-4.450930	-10.287403	13.972020	-0.511603	1.622371	6.789277	2.618618	9.237535	-5.196641	-1.726866	11.215740	
-3.256101	5.823684	-7.966775	8.621848	-12.500668	10.895478	13.829537	2.544320	6.721468	8.122194	6.500613	6.162356	12.445851	1.149254	-9.903496	-12.411779	11.069000	9.849493	15.795618	-3.881395	-3.863792	13.469898	6.149262	-4.433340	1.934067	5.763157	-11.146488	7.136217	4.635131	11.338731	2.146401	-4.308092	-2.517907	5.116552	6.527887	-13.576386	
-7.559655	13.608684	5.626983	-15.319992	-7.693158	-11.571983	-3.780294	11.414445	13.043620	8.960991	18.951380	14.152468	-6.307837	-3.558792	6.742558	-8.178484	-6.354831	3.655957	-0.817450	8.757470	1.700812	6.572978	13.503708	5.438342	8.795840	7.426590	5.976017	4.295330	0.086238	9.037786	5.982065	2.883059	-1.718125	8.726983	-7.283015	-1.459854	
15.086000	16.978913	12.663925	10.373575	-1.116406	-9.035556	-0.926523	0.982262	9.736350	-15.256007	3.145236	6.565998	-4.759153	8.345414	8.431377	4.826182	3.579064	5.782408	-4.270392	-4.291483	1.974225	1.482982	13.493069	2.695566	-5.486596	-1.765510	7.691243	12.955721	15.025972	-9.720677	12.364835	5.027505	-10.114923	-2.142578	-8.892583	14.525278	
-1.678693	11.609729	5.659040	14.476330	-2.488955	6.693880	0.398911	-5.008593	15.249380	6.939526	12.070949	8.138019	12.134906	-1.402207	-15.836687	12.922100	2.862108	11.844582	7.458749	13.454449	15.189169	1.371095	10.683500	7.419834	15.015437	-6.168308	3.940785	2.097195	4.868903	-9.270556	-0.580652	10.439436	16.732652	4.954119	10.458357	0.994190	
-3.632307	15.006416	11.048728	-8.682935	-8.270838	-4.392247	-1.021952	16.770153	-11.261749	-17.251182	7.294385	-4.117339	-3.525608	-7.260799	3.193464	-8.350025	7.144691	12.626269	13.046485	-5.486694	4.428007	-2.114269	6.624700	-4.134170	-10.178883	-3.291810	10.390259	11.146116	15.539662	3.871800	12.405218	-1.509987	3.763324	-7.045527	13.306354	10.734120	
2.066573	-1.261690	-1.869043	8.875955	17.816397	2.321010	11.039406	17.551293	2.643023	10.563844	12.978189	8.962806	9.843330	11.413515	-4.061097	9.317762	7.393554	-6.911161	9.266235	-3.774818	-4.178735	-2.496160	16.970174	6.038114	8.622397	7.374549	-6.293141	-6.816452	-6.092734	17.978356	9.676802	10.190748	9.555909	-16.867015	-2.516291	-1.008650	
14.742574	2.499476	-6.706426	-7.869728	6.685513	-3.031466	15.709520	11.412340	2.272379	-4.011649	-0.670567	10.539671	-14.429634	3.841390	2.308944	6.930636	-2.769352	10.209294	9.720816	10.573956	5.456599	-11.615126	4.353184	-1.816544	-1.604277	4.319291	0.413358	9.752926	5.116318	13.420030	6.689444	-14.898510	5.399210	-12.275008	-15.557118	8.716522	
-6.375166	3.480806	7.423578	9.961391	5.282231	6.787467	3.667588	-6.179718	10.671048	7.564518	-16.413973	10.805763	5.280403	6.180614	11.218391	-1.132544	-8.483992	7.604736	12.810554	9.630116	3.645255	-9.925947	-10.555888	-1.089068	4.904292	-11.370624	9.019040	9.748137	9.994333	10.772102	8.974888	13.523765	9.922756	1.052869	1.915104	-3.636854	
-5.618772	12.970343	7.554926	2.550753	-2.901757	9.750857	7.903851	-3.380182	7.632271	-4.131310	9.315955	3.118471	-5.020951	15.980697	1.665677	2.317179	14.965355	14.360235	-6.476912	4.137736	-3.395044	12.840802	4.849049	-6.790516	10.937243	-13.646582	-1.323697	-1.547093	1.349865	10.821894	5.007789	5.879088	13.714347	1.392140	5.047822	-8.899445	
12.346791	6.232006	-3.892425	7.108591	-6.417395	8.263046	0.915778	-7.604552	-1.285334	2.414400	18.884355	3.483392	-2.425589	0.825757	-0.244165	5.341371	8.689811	4.212828	11.681151	3.737035	9.377619	-14.859231	5.116458	-2.378207	6.661235	9.107042	-19.357008	-12.134481	-1.129383	3.588868	11.547990	-0.279402	-3.749512	-8.934289	2.179710	2.126974	
-18.546298	-4.480689	0.534122	-6.928195	4.534843	1.647429	0.255694	16.150031	4.502963	10.330898	-5.262930	0.751276	-5.879881	2.467942	-2.449698	-2.840638	4.513481	-1.287182	6.909307	1.156751	-1.132837	10.783055	6.388315	-0.937410	-8.209613	16.188752	-6.891512	-9.730953	6.268671	-5.487097	-5.891503	8.115374	-4.301898	3.833676	5.091675	11.182896	
2.868036	15.992470	10.162111	0.944222	3.490272	15.535504	-3.820564	0.010643	6.893485	11.004137	-7.109065	-5.534224	9.289724	9.769453	-2.490724	11.429054	1.808186	15.349022	5.137039	-5.051550	1.093053	9.692588	6.554509	10.178311	-9.371107	10.931304	8.513132	1.110432	10.545311	6.493537	-2.778729	-1.681531	12.405782	-2.547905	-0.038260	-8.535218	
7.721045	14.192809	2.409989	3.539440	2.455778	4.201764	5.856659	1.089710	8.787702	-16.350564	-10.176756	2.101381	0.130741	2.716201	6.680154	18.704746	8.666526	-1.113533	15.986512	6.308588	-1.301626	5.261138	0.342365	8.498348	6.608529	2.651305	11.681293	4.137816	2.434022	9.561813	12.526250	6.495789	-3.568393	5.243422	-5.002269	-5.638333	
6.347023	17.980745	9.603805	-10.380623	-13.287259	-1.636060	-0.988076	-6.814111	0.280828	13.096668	10.874290	-6.090564	14.591338	11.717156	-4.371616	11.700443	7.167217	12.976036	6.549881	-6.434824	5.000513	-2.355444	-4.435252	5.282916	-5.735692	0.717291	16.184844	5.945863	-15.263078	0.181735	-2.611810	14.466715	5.611325	3.969578	-0.325246	2.819650	
6.952865	-1.450594	-0.519873	17.952738	16.651675	-1.065139	-1.009522	3.250039	-4.975636	-1.085232	5.795032	6.320517	-7.319297	-1.126623	6.011050	-6.185712	7.156899	8.784912	1.016975	1.572626	14.581471	-8.434764	0.760903	14.212264	10.622586	11.038778	1.748139	2.282504	1.127334	-8.135704	-11.810896	11.362318	-2.557689	9.881975	-1.375390	10.796176	
-6.270946	13.921450	-7.697853	1.462320	13.189253	-5.754201	8.334514	4.979667	10.917622	12.709372	-3.968386	5.209352	6.505092	-10.271442	8.192060	6.894759	7.300541	-9.939514	3.792316	9.172325	4.619471	2.767560	11.726001	1.225693	-0.540570	-6.402711	1.461006	2.404439	-6.523172	16.557719	9.981072	-5.555528	5.708281	-6.610954	-10.135386	-1.853680	
3.509022	6.217042	6.841707	14.730070	7.567383	17.811654	8.546174	4.022986	14.456091	-7.627596	6.306337	3.467983	-5.847968	-6.432327	1.461688	2.383044	6.106992	0.454119	-4.155638	11.647919	7.015388	-2.023890	5.415187	-8.334094	-4.055454	3.564810	-4.489761	7.063543	8.606591	-1.374468	0.780482	12.276320	-6.814288	-10.670753	-2.004500	4.064266	
-3.434856	4.344191	15.113946	-2.849979	-11.258765	3.981649	10.015328	7.885674	11.428333	1.842154	5.394919	0.802145	-5.348752	5.652583	-6.360494	9.183309	-12.020050	8.491553	-10.137763	-6.280544	5.029529	10.903841	0.438001	0.057222	12.509350	1.599155	9.678235	11.612158	6.897656	5.812367	17.964244	-1.273629	11.300184	3.650829	-5.762142	16.277614	
7.711939	1.785959	0.260964	-13.055842	4.368990	10.376063	6.891763	2.543349	2.873631	3.223393	-10.818279	0.862722	0.658361	-14.837545	5.513307	-11.361579	3.723141	4.272393	0.195328	2.387797	-2.109406	8.521870	3.707356	8.832148	9.427699	13.305488	14.604036	2.695575	-4.853243	-3.300000	2.850106	9.365605	-1.487249	-5.470467	10.778037	2.721697	
6.948693	3.107349	-5.452826	12.316083	4.333143	-13.818452	-0.423701	-5.730820	12.847163	-5.912401	9.067297	-0.062550	1.620342	15.257240	11.491157	-0.541795	-16.958650	-9.417594	9.250439	-0.978449	17.210456	-3.312351	-2.822498	10.401364	0.647726	10.845257	9.417684	2.882992	9.207704	-17.861354	-9.872010	9.958630	2.792505	3.331485	-11.700600	15.924834	
-2.937385	7.556746	-11.288334	-0.640102	2.691067	-3.026551	5.182914	-16.389462	2.969224	-4.893091	2.977550	12.908550	4.311631	13.076081	-1.943550	6.370326	-5.290812	13.000169	15.759972	0.643758	17.162601	13.260197	7.917775	-1.165732	-11.763655	7.943315	-2.479967	-9.836250	-11.494539	1.208946	11.026191	-11.685452	5.311163	0.463029	7.069442	15.274517	
7.688737	9.856181	-0.499779	2.029267	2.215463	10.037001	10.265409	-5.894107	-11.244426	5.169505	-2.236436	-0.396554	9.742655	3.458321	-1.449929	6.119500	7.777290	3.258968	14.383763	-6.357350	-5.645251	4.837686	13.180549	-6.544056	13.082085	10.997717	12.227135	-5.794812	9.729504	13.530873	7.877692	2.088073	0.861709	16.908506	2.695169	2.598827	
-2.745503	5.743656	9.600039	-1.978743	14.214634	11.123891	1.280961	12.997412	4.780575	5.868607	-7.497098	-8.473578	1.489651	3.915245	16.271198	0.890358	-2.877842	2.468400	1.619813	16.574231	-10.620221	-19.119322	2.610581	3.866509	8.950287	-1.629006	-4.829712	6.803711	13.111115	-5.274001	-6.611166	6.498793	4.311088	7.393952	5.366817	-7.655805	
14.856551	2.648543	-1.394893	6.219680	-8.498989	-1.938422	2.089780	15.082020	1.505558	17.065803	-2.150769	13.740941	-19.304639	2.862640	-4.697913	-4.879254	-6.369811	0.747070	4.794015	11.046380	13.872257	4.168258	-4.307309	2.169573	1.809210	2.718770	14.328965	6.480213	0.482705	7.696312	5.327301	13.012626	13.086824	-7.834348	-11.560747	4.902120	
-6.551884	-0.969847	12.099328	4.493769	15.760638	-9.696542	-2.804418	-15.486414	5.429126	6.361294	4.921566	2.914742	8.967562	2.187263	1.843863	-2.092368	5.394545	-5.287239	-3.884643	9.666884	11.028808	0.670115	-17.818753	-0.154653	1.890973	7.609853	0.292142	-0.122494	10.291212	4.781081	13.685219	15.628890	-7.000793	7.755617	10.820498	12.388614	
19.095157	0.553357	13.779714	6.333509	9.713322	-6.585755	-0.278641	5.415921	10.077803	-16.504680	-2.686612	9.956310	2.607817	-3.469268	14.571812	11.184894	-3.880772	15.911019	4.002447	8.735289	10.765128	-8.867044	-8.108180	2.894096	-4.080898	-5.447676	-0.207871	-3.949930	-0.561187	8.853984	14.930470	9.933293	0.172734	3.630078	-7.959043	2.519884	
-11.375814	13.409786	-7.915424	1.936122	-6.855905	9.724034	2.659704	2.765813	11.431865	2.867057	5.577274	-3.421115	10.134708	-8.201605	9.455842	2.626126	4.242099	8.919460	10.951852	14.962692	5.495608	-4.320808	6.057343	10.078588	-7.336349	2.182133	2.790902	10.108537	3.668740	-3.053024	2.185133	4.606322	6.791934	15.524542	15.206466	-6.782633	
-7.931451	13.621364	1.718584	15.228157	-5.592670	-9.891566	15.778678	-5.423704	7.409657	-0.917695	-4.529482	7.502240	-3.966845	12.780361	-5.002911	1.873775	0.038637	9.934745	-9.444735	12.785036	8.078133	1.295959	-2.106649	11.014002	1.289341	18.923066	16.869163	7.281498	2.041021	6.060445	16.438226	0.927212	14.089553	-15.782104	-0.518586	-1.241222	
