
Matrice A di dimensione 36 x 36:
2.035661	9.754112	3.519074	-6.342480	4.668867	8.445949	-0.168808	3.097287	5.694922	8.940061	1.447317	8.714402	-6.438401	1.859542	8.387825	7.208438	-9.800262	3.121328	1.903759	0.632570	-7.600027	6.026163	7.621846	9.679932	-8.206066	-3.491914	-0.047050	-9.431088	3.534944	-7.359832	7.486759	-9.334644	8.907251	-8.946972	1.017979	9.976695	
-4.190108	6.497845	6.651212	0.551354	-8.631707	1.514986	9.485898	-2.973292	-8.278733	-9.300885	2.181545	-0.832826	5.557620	-3.253106	3.465332	5.971766	-1.261369	-2.287045	4.345955	-4.943517	2.746460	8.476185	6.341107	3.429311	4.949632	-2.526764	8.624198	9.014615	6.083045	-3.876517	2.354561	7.223768	2.837319	-0.764859	-2.476764	-7.707362	
3.074335	-7.258139	5.085920	1.042817	2.667461	-4.088930	9.745939	4.339173	4.967475	3.967953	6.141079	-0.592923	-8.426776	4.725740	-3.675510	1.007065	3.690543	-6.720287	2.868773	3.488178	4.782304	2.460147	4.792380	-8.000966	8.359603	2.012649	-0.357648	2.842007	5.024822	7.454204	8.773868	7.044685	4.174046	0.247495	-7.808165	2.895492	
4.889068	-9.614093	3.313759	7.467901	-6.568613	-7.609901	3.110161	5.763647	4.870054	5.782442	-9.843421	3.635970	5.708385	-0.909101	4.676829	2.896941	-3.618554	-7.276453	4.284477	7.532006	-0.668412	-8.364355	-6.828381	0.043281	1.620042	3.914468	6.572533	7.702032	-2.589691	8.098390	3.322642	-1.308920	3.721975	-4.053257	5.840788	4.021209	
-4.103325	4.165969	-8.881293	8.801927	1.079627	-4.662378	7.971482	-8.829289	4.521486	9.030831	9.626704	8.350218	2.877639	-5.229125	5.348187	2.574196	-5.156942	-3.696291	0.527406	2.346219	0.030302	-4.189046	5.209659	-4.459408	-5.540499	-7.900698	-2.526053	2.589786	0.222087	1.667370	-2.856679	6.347058	6.204330	5.465990	-1.704132	8.154345	
1.434595	-8.265716	0.285796	-7.289136	-6.587187	9.631712	-1.572610	1.005242	0.797932	8.593488	2.215228	-6.750464	7.998230	-3.252018	-0.793107	8.816473	9.285358	1.415231	3.463172	-5.084973	2.336579	0.854511	7.317034	0.919954	2.726810	5.917553	2.245111	-1.535113	7.203489	-8.077202	4.437510	-8.692597	-4.701999	0.200607	4.500272	5.247194	
-7.153611	-2.076322	-0.389213	2.886767	-2.383609	7.243005	5.322599	1.845290	-3.698429	-9.760385	-7.058770	-3.524498	-9.255464	-9.334069	-5.502721	0.324336	5.637059	7.292217	-5.399885	2.682071	1.581020	-7.585702	4.870433	-4.335589	0.029845	-8.683167	2.081300	0.234596	9.086891	-4.023385	5.039766	8.922339	6.544602	1.660268	9.637844	0.070709	
-8.458706	-7.949777	-3.742697	7.291355	4.589492	9.074107	8.539898	4.697351	1.376027	-1.743790	-6.990842	2.507086	6.352400	-1.340514	1.946663	1.428595	6.458804	-1.170634	-6.281056	-0.521464	0.590027	4.011741	-0.220249	-4.768230	8.004537	4.660975	-1.866781	-9.084974	9.660996	3.886797	4.947268	-4.136375	6.514450	8.863922	2.727084	-8.198229	
3.519289	4.253063	3.050123	5.236776	-7.255560	8.025588	3.981888	4.454100	-1.577167	-5.025015	-7.038026	-3.406542	-3.755084	0.515221	4.146440	6.123430	5.885645	-1.692180	3.869413	1.589182	-0.041549	6.759078	2.117509	8.051145	-7.647574	-5.218901	-0.011656	-6.669527	-0.214585	2.412548	2.785515	9.456909	9.332914	9.592525	3.596129	-7.685649	
-9.272320	-4.427082	-7.188915	0.521275	-8.826860	1.268370	-7.244498	8.061158	-8.508010	-0.198960	-5.162751	-4.039452	-0.252581	-7.383579	8.045509	-0.158967	2.317540	7.791693	-5.491040	4.327622	-5.484730	-2.579495	-0.648156	8.722916	2.393351	6.832500	6.745388	3.694403	-0.322491	-9.478462	1.912014	2.684122	8.820032	9.816780	2.986622	8.253781	
-0.101873	3.187026	1.860460	1.229819	7.452695	5.890242	-2.626609	6.655802	9.942084	3.720427	9.085144	-9.017165	-4.641492	8.648772	1.996358	5.225132	-0.160302	-6.317777	1.363543	5.063042	1.088877	-9.384125	-7.958054	0.255475	6.550953	8.448451	-8.624092	9.446566	4.828176	2.781659	5.444968	8.564693	3.713996	2.738310	-1.737011	-5.420463	
-8.944262	-4.759258	8.496995	9.970199	9.998945	-5.688141	7.030693	4.388769	-3.151577	9.959098	9.493689	2.997505	7.158908	5.850971	9.003939	5.431781	6.642076	-9.829189	6.394344	3.886184	8.176874	-3.373329	-8.829079	8.021857	-9.186683	7.472540	-2.317096	2.144244	-1.724957	-8.830001	5.523792	2.364746	2.891265	1.061710	8.255757	1.000209	
3.034520	-9.705100	1.987390	4.226689	5.748730	7.483849	5.291056	-7.633523	-5.424815	9.508207	1.663408	2.792912	-9.737871	1.184044	3.075807	0.160359	0.698195	-7.424515	-6.488343	9.570660	5.334641	0.623124	1.748029	8.074996	-3.051491	9.114582	2.446458	-7.096899	-8.993785	-7.747940	-5.068275	7.786741	2.965160	-6.340029	1.609322	4.270612	
-2.649104	-3.391796	-9.344002	-9.702450	-8.811726	1.942633	-3.781215	3.724438	3.586957	-8.230534	6.573465	5.108541	7.189035	9.988047	-5.442772	3.428344	2.826324	1.092315	6.118649	0.433914	8.648555	-2.286464	0.538325	-1.154101	2.922616	1.660525	5.478854	3.802284	-2.298736	-3.834790	-6.299742	-7.224210	4.845136	1.953796	4.398915	-8.688069	
8.537190	4.069754	4.341223	8.746492	7.035215	6.868241	-9.186821	-1.233988	6.972396	2.690420	-9.666737	8.006456	4.962480	0.308148	-9.290591	1.813784	3.297902	-9.113436	-4.566730	-2.952416	1.330049	5.646640	-9.361427	9.917168	0.541382	6.083718	-7.375951	7.265200	4.552841	4.481663	-5.645422	3.174453	6.473078	2.645348	1.304982	9.788112	
8.748900	5.654714	2.338315	2.513701	-4.457953	6.778124	3.731064	6.547143	5.668266	6.168259	1.547905	-2.599004	2.370940	9.318202	-3.912756	-8.991865	8.490917	1.042046	-8.031324	5.928391	9.092694	-2.623446	-3.883840	-9.161126	4.736558	-7.443025	6.050342	-3.541026	-4.368078	8.055970	-9.198278	-8.832104	2.276547	6.254918	6.718603	-7.440840	
4.709033	-1.831648	6.798300	3.622284	8.930094	7.366758	9.271959	8.837294	-1.799467	-2.238955	8.531492	6.386179	8.651642	3.641056	-5.674175	-8.380100	9.293572	-4.183632	0.484796	6.550777	4.350496	-2.301151	7.790219	2.574468	1.780708	4.658080	7.659140	5.203644	5.975373	2.924545	-1.993668	4.678311	-2.767409	-4.647732	-7.402909	6.176787	
-0.279623	7.386830	-4.912492	8.820099	0.638251	1.040478	4.215342	9.949806	-6.894443	-5.840352	9.334421	2.134580	8.252874	0.422815	0.289340	0.166784	4.238581	4.603066	3.730185	1.737624	6.771513	-7.227281	7.665622	7.574916	9.112879	6.107505	4.981280	6.799368	-1.302802	2.231345	5.567338	-3.650692	2.477681	5.542300	2.671300	7.163392	
-0.237663	-2.351894	0.074599	5.919464	3.683722	4.482296	5.776651	-7.822579	-2.411282	7.819744	0.335828	-4.429676	0.370103	1.641810	8.415292	0.022565	0.012233	-6.708957	8.571996	-9.556578	7.297297	3.484468	5.270842	8.053440	-1.193502	-5.330911	-9.446312	-3.802206	2.989319	3.764362	-3.102899	4.262947	8.026143	0.282716	-0.775259	6.459026	
-7.721288	9.417850	6.632167	8.149704	2.101374	4.206360	2.182945	6.260178	5.703578	-1.089457	6.064065	-5.782061	8.232416	5.173459	-4.232435	-5.470307	-8.236533	2.364213	4.049449	-7.555968	-3.178453	-4.949084	9.450331	-8.714444	8.914239	3.826844	-6.703690	-4.765950	6.359615	-4.665590	-2.156275	4.989321	6.384630	-3.218170	0.030660	-4.282894	
-2.265188	0.117679	-4.083578	4.487263	6.311419	-5.882964	2.788512	8.617254	4.606484	5.682855	-8.387920	4.247213	5.470301	1.587677	6.090492	0.575082	2.408013	7.045616	4.401582	9.627010	1.254331	2.997909	-7.474539	-9.279285	5.923274	0.021759	4.565082	7.586219	-7.900029	5.289722	-6.042658	3.069999	-0.288282	6.348039	5.689292	-8.586765	
-0.610122	8.583224	-5.905500	-9.542571	9.716693	-1.986388	4.806253	6.340359	-1.338939	8.059066	7.581782	7.262767	6.125684	1.873005	9.469838	1.101772	6.739268	9.350686	-4.086456	-9.016436	-5.835794	9.646062	3.453070	-2.454715	5.698381	5.002364	3.791463	8.497659	-3.816020	6.607001	0.177706	3.413084	9.445052	-2.728026	4.456324	4.528275	
-1.366585	2.454088	6.939733	0.475129	7.179182	6.674409	9.344006	-3.550098	7.052631	7.748568	3.842722	3.142274	8.287213	-4.925368	-5.687290	4.255810	4.438122	0.385128	2.865173	-2.578986	-2.408965	8.264690	-6.000576	2.315940	-7.675364	1.154097	-1.773719	-2.708827	-2.450849	8.521262	-3.493638	3.771254	0.510762	0.627347	7.120395	8.282007	
-6.170453	2.018911	1.141204	7.083539	1.269683	3.858628	-9.197465	-9.654967	8.425725	4.532555	-6.063660	3.172882	-5.706204	9.659807	2.116411	1.620597	6.845944	0.208349	3.364157	-2.831576	0.518180	1.302504	2.263406	6.848598	5.121889	1.535812	-6.800086	9.574084	6.925940	3.594747	9.561133	0.150366	9.217986	9.712065	-0.456953	5.635804	
2.236100	-6.204776	-7.560665	2.699483	1.194153	4.719772	7.232243	3.131635	-2.542001	4.325593	3.794965	-9.255938	8.014354	1.205945	6.989471	1.813631	1.353205	-6.178224	-1.618878	0.115827	9.658114	7.555807	-3.342058	8.713999	-7.293353	3.222353	-8.052316	-4.623669	2.358553	0.075461	8.560712	-5.214762	3.057142	6.024419	8.762403	3.022040	
0.172014	-7.905374	-8.164457	8.411136	-3.960643	6.424086	-3.073581	2.330767	4.503203	-7.119544	-9.141115	-5.609411	2.669424	-9.261211	5.251644	-5.884826	8.188607	9.960135	8.864062	-5.671287	0.574497	8.267942	5.361220	-7.840094	-3.147560	2.982271	8.786392	8.346512	2.482954	2.798387	7.065431	5.968247	0.168016	-5.906511	3.089174	4.876341	
-9.710476	-4.633501	-7.043856	0.111072	0.772614	0.847695	-9.862518	6.677376	4.849143	1.869413	8.042480	0.188737	-2.467788	-6.921354	9.673493	3.527596	4.888161	1.988256	1.986449	-9.823045	-3.740512	-7.466616	-6.622571	1.772902	6.048426	0.958404	2.438462	6.560642	-8.755219	1.283558	2.722878	9.284725	5.674261	6.176592	-2.849083	-9.650455	
-9.123777	2.821252	8.127823	4.085843	8.456949	-9.406194	8.162970	-4.561910	8.646225	-0.935821	6.325784	5.480605	0.192161	7.967916	5.514700	-1.958282	5.339462	1.695638	3.763012	-4.095054	-1.795884	1.215669	4.208596	1.477091	8.285430	-9.295175	0.520453	5.686927	3.833124	7.772855	4.780811	4.876304	9.269453	1.897529	2.378732	0.353327	
6.652775	8.406013	-6.618725	3.507671	-6.344402	1.624583	-2.046024	-1.089712	-8.693573	2.244979	4.267439	9.286597	-6.577520	-0.579403	5.002609	-2.742388	-1.827198	5.806436	-3.606397	7.789112	4.633877	-7.558062	-8.696814	1.598288	-7.232826	7.067605	-2.482246	-6.863592	5.149680	9.379401	-4.546546	1.290721	-7.968574	2.231052	-5.554299	-2.315755	
4.167116	2.645801	-6.217311	0.879852	8.768469	8.162272	-6.185891	1.563556	5.451909	6.978613	2.974275	-1.415165	9.425161	7.757921	9.507046	-1.983875	2.976077	4.856079	6.253590	4.416908	-1.414795	-7.462018	1.445464	-4.230885	8.675758	-9.890019	6.767991	7.097350	8.503539	0.038126	-0.721599	9.597008	-2.160914	5.529076	-6.354944	4.838153	
8.446050	5.266348	-3.968447	5.779930	6.772410	7.178271	9.363998	0.840999	9.129809	3.317472	-1.712547	1.955179	-5.018079	5.504312	-6.271941	9.868683	2.047701	9.794470	7.493651	-2.888226	-9.699494	-2.534913	7.638647	2.569044	4.310077	9.980078	1.551978	3.402124	6.655638	1.305308	6.101139	1.892010	3.304927	9.454551	1.386576	9.533543	
6.097624	9.734248	9.120763	-9.087356	2.653257	3.955434	6.337754	9.561328	1.530221	7.117102	-0.487545	4.334169	6.350128	-7.046803	7.287265	2.402461	1.721486	9.396862	-8.790932	-0.112554	-3.787722	-2.971006	3.327856	-8.977481	0.934302	9.244036	4.210736	5.821294	-8.673683	5.681885	8.657780	5.723289	9.155283	2.095935	9.723439	-3.210116	
3.871005	6.141775	8.048366	-6.088532	-3.188136	2.564941	5.907899	-0.472599	-6.211282	6.576338	4.503177	3.668198	2.371223	8.350287	-7.122196	9.724810	4.390093	-0.031553	7.720752	-4.723049	-1.115526	7.298030	2.174195	9.920116	3.054280	2.373196	-6.935677	0.359043	-5.588680	2.082833	-8.838800	7.267002	7.385925	4.324797	9.605455	0.854861	
8.295239	-3.100306	-6.465578	9.567902	-9.184822	5.169134	6.326335	1.743462	1.690112	4.717596	-0.874300	-9.132273	-1.918864	2.798476	0.169164	8.089473	4.550473	-1.267464	-6.456877	-6.998521	-8.581235	-2.918856	2.997145	7.610724	0.794616	-9.433478	5.552619	0.926050	-7.983245	-8.994734	3.024430	5.589837	-3.883383	-0.633262	-1.533732	6.070333	
9.434616	5.115373	-8.167275	-0.167172	-3.837634	-7.588558	8.550794	4.961017	6.473304	0.119945	0.553932	-3.978861	0.072291	-3.384776	2.470580	-1.463988	7.024054	5.351147	7.577746	-6.184836	7.982791	5.897536	-9.224639	6.315386	0.277233	8.584572	6.922926	8.439081	-4.579550	6.974477	9.001794	-1.675223	2.998481	1.938865	8.230738	-6.620717	
0.445005	-9.794094	6.214050	7.144280	8.992154	3.352209	9.131106	0.415537	-9.724472	9.622312	2.190183	9.248911	8.740201	4.916253	-3.361784	2.704240	2.192557	-2.562410	1.834632	9.641400	5.316048	4.327315	0.425298	7.858376	4.167754	-3.107220	0.100541	-3.915539	2.110854	8.199298	-9.652776	-2.832907	5.200427	6.862837	-4.696281	-9.521592	

Matrice B di dimensione 36 x 36:
0	0	0	0	0	0	0	0	0	0	0	0	0	0	0	0	0	0	0	0	0	0	0	0	0	0	0	0	0	0	0	0	0	0	0	0	
0	0	0	0	0	0	0	0	0	0	0	0	0	0	0	0	0	0	0	0	0	0	0	0	0	0	0	0	0	0	0	0	0	0	0	0	
0	0	0	0	0	0	0	0	0	0	0	0	0	0	0	0	0	0	0	0	0	0	0	0	0	0	0	0	0	0	0	0	0	0	0	0	
0	0	0	0	0	0	0	0	0	0	0	0	0	0	0	0	0	0	0	0	0	0	0	0	0	0	0	0	0	0	0	0	0	0	0	0	
0	0	0	0	0	0	0	0	0	0	0	0	0	0	0	0	0	0	0	0	0	0	0	0	0	0	0	0	0	0	0	0	0	0	0	0	
0	0	0	0	0	0	0	0	0	0	0	0	0	0	0	0	0	0	0	0	0	0	0	0	0	0	0	0	0	0	0	0	0	0	0	0	
0	0	0	0	0	0	0	0	0	0	0	0	0	0	0	0	0	0	0	0	0	0	0	0	0	0	0	0	0	0	0	0	0	0	0	0	
0	0	0	0	0	0	0	0	0	0	0	0	0	0	0	0	0	0	0	0	0	0	0	0	0	0	0	0	0	0	0	0	0	0	0	0	
0	0	0	0	0	0	0	0	0	0	0	0	0	0	0	0	0	0	0	0	0	0	0	0	0	0	0	0	0	0	0	0	0	0	0	0	
0	0	0	0	0	0	0	0	0	0	0	0	0	0	0	0	0	0	0	0	0	0	0	0	0	0	0	0	0	0	0	0	0	0	0	0	
0	0	0	0	0	0	0	0	0	0	0	0	0	0	0	0	0	0	0	0	0	0	0	0	0	0	0	0	0	0	0	0	0	0	0	0	
0	0	0	0	0	0	0	0	0	0	0	0	0	0	0	0	0	0	0	0	0	0	0	0	0	0	0	0	0	0	0	0	0	0	0	0	
0	0	0	0	0	0	0	0	0	0	0	0	0	0	0	0	0	0	0	0	0	0	0	0	0	0	0	0	0	0	0	0	0	0	0	0	
0	0	0	0	0	0	0	0	0	0	0	0	0	0	0	0	0	0	0	0	0	0	0	0	0	0	0	0	0	0	0	0	0	0	0	0	
0	0	0	0	0	0	0	0	0	0	0	0	0	0	0	0	0	0	0	0	0	0	0	0	0	0	0	0	0	0	0	0	0	0	0	0	
0	0	0	0	0	0	0	0	0	0	0	0	0	0	0	0	0	0	0	0	0	0	0	0	0	0	0	0	0	0	0	0	0	0	0	0	
0	0	0	0	0	0	0	0	0	0	0	0	0	0	0	0	0	0	0	0	0	0	0	0	0	0	0	0	0	0	0	0	0	0	0	0	
0	0	0	0	0	0	0	0	0	0	0	0	0	0	0	0	0	0	0	0	0	0	0	0	0	0	0	0	0	0	0	0	0	0	0	0	
0	0	0	0	0	0	0	0	0	0	0	0	0	0	0	0	0	0	0	0	0	0	0	0	0	0	0	0	0	0	0	0	0	0	0	0	
0	0	0	0	0	0	0	0	0	0	0	0	0	0	0	0	0	0	0	0	0	0	0	0	0	0	0	0	0	0	0	0	0	0	0	0	
0	0	0	0	0	0	0	0	0	0	0	0	0	0	0	0	0	0	0	0	0	0	0	0	0	0	0	0	0	0	0	0	0	0	0	0	
0	0	0	0	0	0	0	0	0	0	0	0	0	0	0	0	0	0	0	0	0	0	0	0	0	0	0	0	0	0	0	0	0	0	0	0	
0	0	0	0	0	0	0	0	0	0	0	0	0	0	0	0	0	0	0	0	0	0	0	0	0	0	0	0	0	0	0	0	0	0	0	0	
0	0	0	0	0	0	0	0	0	0	0	0	0	0	0	0	0	0	0	0	0	0	0	0	0	0	0	0	0	0	0	0	0	0	0	0	
0	0	0	0	0	0	0	0	0	0	0	0	0	0	0	0	0	0	0	0	0	0	0	0	0	0	0	0	0	0	0	0	0	0	0	0	
0	0	0	0	0	0	0	0	0	0	0	0	0	0	0	0	0	0	0	0	0	0	0	0	0	0	0	0	0	0	0	0	0	0	0	0	
0	0	0	0	0	0	0	0	0	0	0	0	0	0	0	0	0	0	0	0	0	0	0	0	0	0	0	0	0	0	0	0	0	0	0	0	
0	0	0	0	0	0	0	0	0	0	0	0	0	0	0	0	0	0	0	0	0	0	0	0	0	0	0	0	0	0	0	0	0	0	0	0	
0	0	0	0	0	0	0	0	0	0	0	0	0	0	0	0	0	0	0	0	0	0	0	0	0	0	0	0	0	0	0	0	0	0	0	0	
0	0	0	0	0	0	0	0	0	0	0	0	0	0	0	0	0	0	0	0	0	0	0	0	0	0	0	0	0	0	0	0	0	0	0	0	
0	0	0	0	0	0	0	0	0	0	0	0	0	0	0	0	0	0	0	0	0	0	0	0	0	0	0	0	0	0	0	0	0	0	0	0	
0	0	0	0	0	0	0	0	0	0	0	0	0	0	0	0	0	0	0	0	0	0	0	0	0	0	0	0	0	0	0	0	0	0	0	0	
0	0	0	0	0	0	0	0	0	0	0	0	0	0	0	0	0	0	0	0	0	0	0	0	0	0	0	0	0	0	0	0	0	0	0	0	
0	0	0	0	0	0	0	0	0	0	0	0	0	0	0	0	0	0	0	0	0	0	0	0	0	0	0	0	0	0	0	0	0	0	0	0	
0	0	0	0	0	0	0	0	0	0	0	0	0	0	0	0	0	0	0	0	0	0	0	0	0	0	0	0	0	0	0	0	0	0	0	0	
0	0	0	0	0	0	0	0	0	0	0	0	0	0	0	0	0	0	0	0	0	0	0	0	0	0	0	0	0	0	0	0	0	0	0	0	

Risultato:
Matrice C di dimensione 36 x 36:
0.000000	0.000000	0.000000	0.000000	0.000000	0.000000	0.000000	0.000000	0.000000	0.000000	0.000000	0.000000	0.000000	0.000000	0.000000	0.000000	0.000000	0.000000	0.000000	0.000000	0.000000	0.000000	0.000000	0.000000	0.000000	0.000000	0.000000	0.000000	0.000000	0.000000	0.000000	0.000000	0.000000	0.000000	0.000000	0.000000	
0.000000	0.000000	0.000000	0.000000	0.000000	0.000000	0.000000	0.000000	0.000000	0.000000	0.000000	0.000000	0.000000	0.000000	0.000000	0.000000	0.000000	0.000000	0.000000	0.000000	0.000000	0.000000	0.000000	0.000000	0.000000	0.000000	0.000000	0.000000	0.000000	0.000000	0.000000	0.000000	0.000000	0.000000	0.000000	0.000000	
0.000000	0.000000	0.000000	0.000000	0.000000	0.000000	0.000000	0.000000	0.000000	0.000000	0.000000	0.000000	0.000000	0.000000	0.000000	0.000000	0.000000	0.000000	0.000000	0.000000	0.000000	0.000000	0.000000	0.000000	0.000000	0.000000	0.000000	0.000000	0.000000	0.000000	0.000000	0.000000	0.000000	0.000000	0.000000	0.000000	
0.000000	0.000000	0.000000	0.000000	0.000000	0.000000	0.000000	0.000000	0.000000	0.000000	0.000000	0.000000	0.000000	0.000000	0.000000	0.000000	0.000000	0.000000	0.000000	0.000000	0.000000	0.000000	0.000000	0.000000	0.000000	0.000000	0.000000	0.000000	0.000000	0.000000	0.000000	0.000000	0.000000	0.000000	0.000000	0.000000	
0.000000	0.000000	0.000000	0.000000	0.000000	0.000000	0.000000	0.000000	0.000000	0.000000	0.000000	0.000000	0.000000	0.000000	0.000000	0.000000	0.000000	0.000000	0.000000	0.000000	0.000000	0.000000	0.000000	0.000000	0.000000	0.000000	0.000000	0.000000	0.000000	0.000000	0.000000	0.000000	0.000000	0.000000	0.000000	0.000000	
0.000000	0.000000	0.000000	0.000000	0.000000	0.000000	0.000000	0.000000	0.000000	0.000000	0.000000	0.000000	0.000000	0.000000	0.000000	0.000000	0.000000	0.000000	0.000000	0.000000	0.000000	0.000000	0.000000	0.000000	0.000000	0.000000	0.000000	0.000000	0.000000	0.000000	0.000000	0.000000	0.000000	0.000000	0.000000	0.000000	
0.000000	0.000000	0.000000	0.000000	0.000000	0.000000	0.000000	0.000000	0.000000	0.000000	0.000000	0.000000	0.000000	0.000000	0.000000	0.000000	0.000000	0.000000	0.000000	0.000000	0.000000	0.000000	0.000000	0.000000	0.000000	0.000000	0.000000	0.000000	0.000000	0.000000	0.000000	0.000000	0.000000	0.000000	0.000000	0.000000	
0.000000	0.000000	0.000000	0.000000	0.000000	0.000000	0.000000	0.000000	0.000000	0.000000	0.000000	0.000000	0.000000	0.000000	0.000000	0.000000	0.000000	0.000000	0.000000	0.000000	0.000000	0.000000	0.000000	0.000000	0.000000	0.000000	0.000000	0.000000	0.000000	0.000000	0.000000	0.000000	0.000000	0.000000	0.000000	0.000000	
0.000000	0.000000	0.000000	0.000000	0.000000	0.000000	0.000000	0.000000	0.000000	0.000000	0.000000	0.000000	0.000000	0.000000	0.000000	0.000000	0.000000	0.000000	0.000000	0.000000	0.000000	0.000000	0.000000	0.000000	0.000000	0.000000	0.000000	0.000000	0.000000	0.000000	0.000000	0.000000	0.000000	0.000000	0.000000	0.000000	
0.000000	0.000000	0.000000	0.000000	0.000000	0.000000	0.000000	0.000000	0.000000	0.000000	0.000000	0.000000	0.000000	0.000000	0.000000	0.000000	0.000000	0.000000	0.000000	0.000000	0.000000	0.000000	0.000000	0.000000	0.000000	0.000000	0.000000	0.000000	0.000000	0.000000	0.000000	0.000000	0.000000	0.000000	0.000000	0.000000	
0.000000	0.000000	0.000000	0.000000	0.000000	0.000000	0.000000	0.000000	0.000000	0.000000	0.000000	0.000000	0.000000	0.000000	0.000000	0.000000	0.000000	0.000000	0.000000	0.000000	0.000000	0.000000	0.000000	0.000000	0.000000	0.000000	0.000000	0.000000	0.000000	0.000000	0.000000	0.000000	0.000000	0.000000	0.000000	0.000000	
0.000000	0.000000	0.000000	0.000000	0.000000	0.000000	0.000000	0.000000	0.000000	0.000000	0.000000	0.000000	0.000000	0.000000	0.000000	0.000000	0.000000	0.000000	0.000000	0.000000	0.000000	0.000000	0.000000	0.000000	0.000000	0.000000	0.000000	0.000000	0.000000	0.000000	0.000000	0.000000	0.000000	0.000000	0.000000	0.000000	
0.000000	0.000000	0.000000	0.000000	0.000000	0.000000	0.000000	0.000000	0.000000	0.000000	0.000000	0.000000	0.000000	0.000000	0.000000	0.000000	0.000000	0.000000	0.000000	0.000000	0.000000	0.000000	0.000000	0.000000	0.000000	0.000000	0.000000	0.000000	0.000000	0.000000	0.000000	0.000000	0.000000	0.000000	0.000000	0.000000	
0.000000	0.000000	0.000000	0.000000	0.000000	0.000000	0.000000	0.000000	0.000000	0.000000	0.000000	0.000000	0.000000	0.000000	0.000000	0.000000	0.000000	0.000000	0.000000	0.000000	0.000000	0.000000	0.000000	0.000000	0.000000	0.000000	0.000000	0.000000	0.000000	0.000000	0.000000	0.000000	0.000000	0.000000	0.000000	0.000000	
0.000000	0.000000	0.000000	0.000000	0.000000	0.000000	0.000000	0.000000	0.000000	0.000000	0.000000	0.000000	0.000000	0.000000	0.000000	0.000000	0.000000	0.000000	0.000000	0.000000	0.000000	0.000000	0.000000	0.000000	0.000000	0.000000	0.000000	0.000000	0.000000	0.000000	0.000000	0.000000	0.000000	0.000000	0.000000	0.000000	
0.000000	0.000000	0.000000	0.000000	0.000000	0.000000	0.000000	0.000000	0.000000	0.000000	0.000000	0.000000	0.000000	0.000000	0.000000	0.000000	0.000000	0.000000	0.000000	0.000000	0.000000	0.000000	0.000000	0.000000	0.000000	0.000000	0.000000	0.000000	0.000000	0.000000	0.000000	0.000000	0.000000	0.000000	0.000000	0.000000	
0.000000	0.000000	0.000000	0.000000	0.000000	0.000000	0.000000	0.000000	0.000000	0.000000	0.000000	0.000000	0.000000	0.000000	0.000000	0.000000	0.000000	0.000000	0.000000	0.000000	0.000000	0.000000	0.000000	0.000000	0.000000	0.000000	0.000000	0.000000	0.000000	0.000000	0.000000	0.000000	0.000000	0.000000	0.000000	0.000000	
0.000000	0.000000	0.000000	0.000000	0.000000	0.000000	0.000000	0.000000	0.000000	0.000000	0.000000	0.000000	0.000000	0.000000	0.000000	0.000000	0.000000	0.000000	0.000000	0.000000	0.000000	0.000000	0.000000	0.000000	0.000000	0.000000	0.000000	0.000000	0.000000	0.000000	0.000000	0.000000	0.000000	0.000000	0.000000	0.000000	
0.000000	0.000000	0.000000	0.000000	0.000000	0.000000	0.000000	0.000000	0.000000	0.000000	0.000000	0.000000	0.000000	0.000000	0.000000	0.000000	0.000000	0.000000	0.000000	0.000000	0.000000	0.000000	0.000000	0.000000	0.000000	0.000000	0.000000	0.000000	0.000000	0.000000	0.000000	0.000000	0.000000	0.000000	0.000000	0.000000	
0.000000	0.000000	0.000000	0.000000	0.000000	0.000000	0.000000	0.000000	0.000000	0.000000	0.000000	0.000000	0.000000	0.000000	0.000000	0.000000	0.000000	0.000000	0.000000	0.000000	0.000000	0.000000	0.000000	0.000000	0.000000	0.000000	0.000000	0.000000	0.000000	0.000000	0.000000	0.000000	0.000000	0.000000	0.000000	0.000000	
0.000000	0.000000	0.000000	0.000000	0.000000	0.000000	0.000000	0.000000	0.000000	0.000000	0.000000	0.000000	0.000000	0.000000	0.000000	0.000000	0.000000	0.000000	0.000000	0.000000	0.000000	0.000000	0.000000	0.000000	0.000000	0.000000	0.000000	0.000000	0.000000	0.000000	0.000000	0.000000	0.000000	0.000000	0.000000	0.000000	
0.000000	0.000000	0.000000	0.000000	0.000000	0.000000	0.000000	0.000000	0.000000	0.000000	0.000000	0.000000	0.000000	0.000000	0.000000	0.000000	0.000000	0.000000	0.000000	0.000000	0.000000	0.000000	0.000000	0.000000	0.000000	0.000000	0.000000	0.000000	0.000000	0.000000	0.000000	0.000000	0.000000	0.000000	0.000000	0.000000	
0.000000	0.000000	0.000000	0.000000	0.000000	0.000000	0.000000	0.000000	0.000000	0.000000	0.000000	0.000000	0.000000	0.000000	0.000000	0.000000	0.000000	0.000000	0.000000	0.000000	0.000000	0.000000	0.000000	0.000000	0.000000	0.000000	0.000000	0.000000	0.000000	0.000000	0.000000	0.000000	0.000000	0.000000	0.000000	0.000000	
0.000000	0.000000	0.000000	0.000000	0.000000	0.000000	0.000000	0.000000	0.000000	0.000000	0.000000	0.000000	0.000000	0.000000	0.000000	0.000000	0.000000	0.000000	0.000000	0.000000	0.000000	0.000000	0.000000	0.000000	0.000000	0.000000	0.000000	0.000000	0.000000	0.000000	0.000000	0.000000	0.000000	0.000000	0.000000	0.000000	
0.000000	0.000000	0.000000	0.000000	0.000000	0.000000	0.000000	0.000000	0.000000	0.000000	0.000000	0.000000	0.000000	0.000000	0.000000	0.000000	0.000000	0.000000	0.000000	0.000000	0.000000	0.000000	0.000000	0.000000	0.000000	0.000000	0.000000	0.000000	0.000000	0.000000	0.000000	0.000000	0.000000	0.000000	0.000000	0.000000	
0.000000	0.000000	0.000000	0.000000	0.000000	0.000000	0.000000	0.000000	0.000000	0.000000	0.000000	0.000000	0.000000	0.000000	0.000000	0.000000	0.000000	0.000000	0.000000	0.000000	0.000000	0.000000	0.000000	0.000000	0.000000	0.000000	0.000000	0.000000	0.000000	0.000000	0.000000	0.000000	0.000000	0.000000	0.000000	0.000000	
0.000000	0.000000	0.000000	0.000000	0.000000	0.000000	0.000000	0.000000	0.000000	0.000000	0.000000	0.000000	0.000000	0.000000	0.000000	0.000000	0.000000	0.000000	0.000000	0.000000	0.000000	0.000000	0.000000	0.000000	0.000000	0.000000	0.000000	0.000000	0.000000	0.000000	0.000000	0.000000	0.000000	0.000000	0.000000	0.000000	
0.000000	0.000000	0.000000	0.000000	0.000000	0.000000	0.000000	0.000000	0.000000	0.000000	0.000000	0.000000	0.000000	0.000000	0.000000	0.000000	0.000000	0.000000	0.000000	0.000000	0.000000	0.000000	0.000000	0.000000	0.000000	0.000000	0.000000	0.000000	0.000000	0.000000	0.000000	0.000000	0.000000	0.000000	0.000000	0.000000	
0.000000	0.000000	0.000000	0.000000	0.000000	0.000000	0.000000	0.000000	0.000000	0.000000	0.000000	0.000000	0.000000	0.000000	0.000000	0.000000	0.000000	0.000000	0.000000	0.000000	0.000000	0.000000	0.000000	0.000000	0.000000	0.000000	0.000000	0.000000	0.000000	0.000000	0.000000	0.000000	0.000000	0.000000	0.000000	0.000000	
0.000000	0.000000	0.000000	0.000000	0.000000	0.000000	0.000000	0.000000	0.000000	0.000000	0.000000	0.000000	0.000000	0.000000	0.000000	0.000000	0.000000	0.000000	0.000000	0.000000	0.000000	0.000000	0.000000	0.000000	0.000000	0.000000	0.000000	0.000000	0.000000	0.000000	0.000000	0.000000	0.000000	0.000000	0.000000	0.000000	
0.000000	0.000000	0.000000	0.000000	0.000000	0.000000	0.000000	0.000000	0.000000	0.000000	0.000000	0.000000	0.000000	0.000000	0.000000	0.000000	0.000000	0.000000	0.000000	0.000000	0.000000	0.000000	0.000000	0.000000	0.000000	0.000000	0.000000	0.000000	0.000000	0.000000	0.000000	0.000000	0.000000	0.000000	0.000000	0.000000	
0.000000	0.000000	0.000000	0.000000	0.000000	0.000000	0.000000	0.000000	0.000000	0.000000	0.000000	0.000000	0.000000	0.000000	0.000000	0.000000	0.000000	0.000000	0.000000	0.000000	0.000000	0.000000	0.000000	0.000000	0.000000	0.000000	0.000000	0.000000	0.000000	0.000000	0.000000	0.000000	0.000000	0.000000	0.000000	0.000000	
0.000000	0.000000	0.000000	0.000000	0.000000	0.000000	0.000000	0.000000	0.000000	0.000000	0.000000	0.000000	0.000000	0.000000	0.000000	0.000000	0.000000	0.000000	0.000000	0.000000	0.000000	0.000000	0.000000	0.000000	0.000000	0.000000	0.000000	0.000000	0.000000	0.000000	0.000000	0.000000	0.000000	0.000000	0.000000	0.000000	
0.000000	0.000000	0.000000	0.000000	0.000000	0.000000	0.000000	0.000000	0.000000	0.000000	0.000000	0.000000	0.000000	0.000000	0.000000	0.000000	0.000000	0.000000	0.000000	0.000000	0.000000	0.000000	0.000000	0.000000	0.000000	0.000000	0.000000	0.000000	0.000000	0.000000	0.000000	0.000000	0.000000	0.000000	0.000000	0.000000	
0.000000	0.000000	0.000000	0.000000	0.000000	0.000000	0.000000	0.000000	0.000000	0.000000	0.000000	0.000000	0.000000	0.000000	0.000000	0.000000	0.000000	0.000000	0.000000	0.000000	0.000000	0.000000	0.000000	0.000000	0.000000	0.000000	0.000000	0.000000	0.000000	0.000000	0.000000	0.000000	0.000000	0.000000	0.000000	0.000000	
0.000000	0.000000	0.000000	0.000000	0.000000	0.000000	0.000000	0.000000	0.000000	0.000000	0.000000	0.000000	0.000000	0.000000	0.000000	0.000000	0.000000	0.000000	0.000000	0.000000	0.000000	0.000000	0.000000	0.000000	0.000000	0.000000	0.000000	0.000000	0.000000	0.000000	0.000000	0.000000	0.000000	0.000000	0.000000	0.000000	
