
Matrice A di dimensione 36 x 36:
-3.061336	-2.809839	0.373806	8.525429	7.902338	-5.382146	7.219469	8.646232	9.225024	4.794354	-7.902094	9.966815	6.818612	0.967418	-4.400479	0.358763	-9.601870	-3.738154	-1.769447	-9.365493	-2.885175	3.023414	4.522795	-5.726670	3.724954	3.028722	-1.365979	-9.027234	-1.855447	2.441778	3.076021	8.691315	9.465717	6.442166	-2.458553	-2.149941	
5.050149	3.407469	5.535390	-9.412777	9.835472	2.939682	3.921768	-7.468323	2.891725	-5.404586	-7.176704	-5.064739	7.986457	-3.067650	7.726707	1.850474	9.274857	4.389515	0.200101	1.547473	7.964568	8.493349	4.213925	6.828472	5.018184	2.707926	-1.822782	-3.808738	-9.141089	7.413310	-5.263739	6.376294	-2.701132	3.267873	-7.004931	-5.045285	
3.798522	7.888251	0.386500	6.735259	8.225213	4.643334	4.741221	1.179908	0.471223	8.626661	5.872461	9.047541	8.809050	5.136803	0.494065	-9.399685	-4.080220	-8.738501	-7.817128	2.279895	5.663729	8.748260	4.087539	9.217400	-6.443221	5.702814	-4.108117	1.811823	5.820691	2.954797	7.122964	0.892233	4.560437	5.156534	3.581803	8.613684	
4.135185	-6.424952	-0.050601	2.817262	2.542525	0.378612	1.726678	0.717661	5.631216	6.191679	0.078261	3.372103	9.446093	-4.591317	3.958011	-2.910270	5.752044	-3.014402	-4.203012	-4.943696	9.398621	0.336848	8.323434	-9.444552	-9.700595	-9.350196	8.221353	-7.508467	4.465621	-1.572556	4.317599	-8.781690	-2.716410	5.358742	8.971807	-3.939898	
9.214353	-4.943382	7.814140	8.844230	5.533023	-1.534676	3.424531	6.102976	4.725673	6.695913	1.350949	9.937923	-9.799768	3.419609	-7.445424	4.950289	1.760345	4.144804	2.586200	0.036301	2.251309	-2.317115	5.110066	9.071020	3.839902	-3.256394	7.124245	4.518066	-3.327505	5.569839	-0.056457	-5.700123	1.750537	1.644620	-6.070751	7.376432	
9.381050	6.491655	-8.764811	-3.041840	8.984132	9.417654	-2.355698	0.747629	2.597171	7.174564	-6.281053	6.389117	7.989923	-8.663446	5.313854	-2.109044	1.938935	-4.292268	2.669600	9.596213	4.632462	-7.230204	5.677453	8.653143	3.074777	9.531788	4.813310	-0.178471	-9.725017	5.854242	5.918779	4.124715	-0.994197	0.993338	5.367764	6.482706	
8.069416	8.711708	6.197715	6.845383	5.304421	9.946650	7.940351	-3.798146	5.663135	4.877910	8.586393	-1.939035	0.427660	-7.726777	1.735921	4.937844	-3.963564	-2.936435	8.684378	-0.799272	-9.513449	-5.442006	8.863492	-9.708179	-8.279829	-4.375832	-5.685555	-1.220630	8.367795	-5.978937	7.255503	-9.471719	8.176332	7.583566	9.160450	-9.593019	
9.103668	-1.137159	7.264308	5.114541	-4.761875	-4.968378	6.140510	3.680482	5.472899	7.608950	6.536010	8.756263	7.882576	0.486564	-9.388240	6.036094	9.951033	-7.104290	5.774469	-9.898948	7.290519	5.661903	4.252159	-1.947427	-0.295722	6.224598	2.543483	0.248195	-6.197617	7.804220	3.127412	5.619572	-1.839222	9.857226	0.944323	-4.962420	
-5.139737	0.064116	8.049761	1.090879	-7.145467	9.722642	8.945682	-2.833900	-9.731481	3.001035	6.711056	9.018335	1.761508	-0.225859	9.646994	6.120360	4.907569	1.648777	7.611396	9.017639	0.275161	-3.714041	2.142617	3.157596	1.349877	3.584316	9.808207	9.096383	1.188822	1.827977	-8.181990	-3.795285	4.831270	7.844727	7.148364	6.052018	
0.594538	8.556559	7.416828	8.130416	0.226781	-9.959309	-6.888540	-9.718895	5.092362	6.366668	-1.712012	1.336117	-0.694242	6.287101	3.338389	2.820367	4.985950	0.998225	9.620583	2.359144	7.796039	7.970344	-1.425899	-2.185264	4.400880	-3.602798	4.290777	2.058839	5.370643	6.624876	3.789316	7.310300	-4.917498	1.215722	7.382421	3.345248	
6.169242	3.724391	0.777964	1.134529	9.622025	6.259769	9.891928	2.738864	-5.717397	6.607880	5.353596	-5.113599	-1.290497	1.206855	-5.946134	2.983341	-7.265118	-6.198621	1.876284	4.688404	8.580121	-1.126214	1.858520	8.219783	7.516468	-3.182952	2.169451	2.534202	-5.414868	2.416625	6.540251	-2.475961	7.754097	9.491589	5.901553	3.739239	
9.108143	1.255327	-4.850780	3.526446	5.778152	3.506171	5.586124	8.439502	9.107666	0.866097	3.562014	2.697601	2.113691	0.850524	-9.061761	9.270139	2.633618	6.161344	-8.893179	-8.136601	6.082123	-8.647368	-6.678344	7.808738	7.133178	3.799373	-0.699095	2.014566	3.083943	2.411348	9.006826	8.892641	5.708067	-7.146603	3.780359	0.500262	
-2.205762	-9.301396	7.700888	3.137993	9.709291	5.335365	-2.011051	8.943706	2.192021	-2.144753	-2.216065	-4.947904	-0.934700	-1.348805	-3.255538	-0.428970	-4.989074	7.754139	6.022092	3.969161	9.596499	3.213358	9.624427	-5.223086	7.227682	0.862956	-0.527693	-0.195344	-9.796306	3.389789	-9.106101	3.322186	3.506377	0.311221	2.167627	5.811677	
8.495178	1.700565	6.873473	-0.594111	5.480274	3.856455	9.809562	-6.200830	2.253618	9.386177	1.085303	2.543211	1.729508	4.771448	-3.499655	8.740994	4.288151	9.775044	-6.990086	-5.509214	4.593557	8.308688	6.704275	-7.445387	8.653591	4.123789	0.747757	2.998998	-7.423687	0.587655	4.325720	1.547477	-4.614243	-2.573945	-3.655519	6.681038	
9.605472	-9.079960	2.378237	0.843420	8.989942	-0.795004	5.083950	-3.362334	9.296622	7.006015	0.983833	8.187662	3.555377	7.443638	5.138837	2.391956	8.420448	4.037311	-6.306413	-0.193279	4.703105	4.718503	8.610216	8.264915	6.570781	-9.722987	4.663451	9.600214	-9.041285	1.021053	1.212003	-6.387158	-6.834153	3.750920	-2.520459	3.284884	
4.141989	1.976303	-5.983318	8.003708	7.312434	7.264475	8.187640	1.921231	2.626742	0.487473	9.802772	-3.453749	0.827811	2.231564	-7.536933	-7.788606	-8.576478	2.913788	1.449523	3.117232	3.929372	1.467273	8.957949	-3.829082	0.453084	4.462257	-6.385179	8.170951	5.742743	0.074797	8.277277	5.592078	-7.492095	-8.909245	2.941178	9.329065	
0.605600	-3.438727	-5.716839	3.251305	1.140015	6.053498	-5.435652	3.514802	-6.083498	8.310252	9.808533	2.618192	-3.850051	9.210565	-5.023098	-3.637821	6.810054	6.892311	-8.008277	9.359935	2.914910	4.501681	0.985215	-8.112278	5.287578	3.835652	1.150162	1.479220	-4.247643	-8.693973	-1.596464	8.228937	6.900575	-2.474914	2.852189	2.511406	
1.340466	2.714519	0.175739	0.089578	1.850828	-6.908461	-0.756725	5.166318	1.703248	-0.392733	-4.892279	9.084844	1.940482	9.663043	-3.159852	5.615716	-7.087958	6.103752	5.430825	8.851794	6.583230	8.348671	7.250052	1.669187	-6.423582	8.327257	4.506973	-1.988747	2.931705	0.352606	8.652875	9.652582	5.503244	-4.612430	0.158732	4.190665	
9.545072	4.942761	1.906424	-3.886200	7.417357	-7.760303	1.249134	0.711052	9.853498	-4.647971	9.235472	3.118035	2.598844	7.651797	3.368558	-7.963304	2.875776	5.467930	6.720701	0.109267	-8.013013	1.610930	7.930856	3.715489	7.925285	7.142384	2.128670	-2.363922	-1.001948	0.745823	8.073154	5.817240	4.154167	-1.480415	4.382722	4.535475	
5.225692	5.963326	5.375572	9.337807	0.916404	3.860567	2.588720	-0.964573	-4.583040	2.580442	7.255960	4.082816	-7.722326	5.299945	-1.174191	6.727244	-1.420056	-2.037550	-9.838805	1.296309	-1.410744	0.346481	-8.479224	1.895212	-9.965512	1.352728	0.824008	3.733802	2.783009	-9.619525	1.887098	5.722517	-3.522726	9.232548	-0.358071	-1.007750	
2.026348	4.313377	9.154811	0.603496	4.280014	-5.684009	1.712799	5.336071	0.097782	2.534483	-1.807378	-4.302781	5.453064	-6.677349	9.975862	-4.543398	3.355030	5.164177	3.512195	1.770326	-1.999399	-6.254694	8.455049	0.286001	4.628272	5.534833	4.665442	5.428624	-7.717336	0.169109	1.217221	5.652973	-3.234052	3.036934	-6.165293	-7.368384	
7.449878	6.378017	-0.519044	3.646336	-4.179464	4.182531	7.621509	-5.763263	-5.633793	7.736514	-7.179542	5.213062	-6.207443	8.583914	8.842516	0.782381	1.116641	4.969328	-8.387344	2.420688	3.158600	2.550540	0.862924	-7.329387	-5.664213	2.164222	1.706379	8.630351	7.448916	-2.928147	3.152944	1.616463	9.299378	1.694587	1.513388	-1.372275	
9.027680	-4.826148	2.399202	8.006415	-5.380014	-1.095822	3.684359	-6.422083	-7.226314	-3.145790	1.634526	-2.500446	-4.293396	3.681866	9.948827	-6.974283	-9.164499	-4.801710	1.468447	2.004808	5.270237	-2.068750	-1.047577	8.822406	9.024999	-0.722482	3.191192	3.140620	3.710996	0.987505	-8.971665	-5.196797	-8.777472	-8.856138	4.990529	-6.858583	
5.279077	9.398092	5.024493	0.210644	5.358462	1.662966	-0.149877	5.163074	8.789184	0.810524	6.264051	6.230704	-5.063143	5.891768	-6.241437	-1.096650	3.936203	2.208228	2.441074	3.487282	8.098539	4.308577	9.106677	9.010268	7.927739	6.708249	4.874148	-5.607882	7.061246	4.698165	2.198038	8.673855	5.644779	2.983753	8.807087	1.443654	
5.662206	5.449155	-5.637659	3.422508	4.470420	0.897844	-0.435053	5.180651	5.717894	4.328207	8.945922	-3.932084	-6.101997	5.608589	-3.578600	8.364557	9.215460	7.506271	-0.826223	4.581489	-7.661614	5.777952	6.549109	7.556532	1.303285	9.109153	6.912116	7.558337	-1.344297	7.653802	3.714129	-6.544317	-1.055192	-9.080631	9.400607	2.849339	
6.272763	8.122859	4.601749	9.044892	0.955801	3.755570	-0.911074	-3.247851	-6.697113	9.452236	7.731470	-2.589674	-9.592716	-4.310266	-9.935586	1.318912	-6.516169	8.106319	6.824406	-2.572128	8.988609	9.222862	8.785275	-4.825246	-1.513237	2.520639	0.804089	-0.544812	3.025220	3.601034	0.542628	4.834332	-0.585863	2.160393	1.599543	-5.836289	
5.407447	6.425992	9.221123	8.751955	1.699000	-0.667404	-4.601424	9.715941	3.125067	7.073034	9.996154	-7.322161	6.758999	9.003456	5.251321	-2.347749	3.621660	3.777734	-9.653681	-4.623638	7.737389	1.332149	4.434352	1.752977	-5.364588	-8.624021	4.929245	1.849239	4.732617	6.776528	7.862851	-8.156605	-7.485518	2.117326	3.188232	-1.443497	
1.604211	6.638309	-7.524227	-9.897409	3.906250	8.139740	-1.091749	-2.174213	-4.186211	-8.780607	-0.996755	-7.901334	8.405051	7.416149	-0.683828	5.206973	-0.365094	-9.218489	4.913441	3.454763	0.703433	8.555544	8.773007	9.527599	-5.546698	8.268856	-6.902140	-1.185001	4.790519	8.690851	7.387237	8.111481	1.124763	7.036314	-2.835860	-2.809555	
5.664558	3.250575	0.340489	1.064672	-8.809159	0.892298	-4.686026	2.468497	0.980689	-3.854478	4.666455	7.371939	0.658256	9.864704	7.374753	5.845561	-5.446529	7.353383	4.783866	9.993253	5.828883	-2.065550	1.001207	-6.349127	0.372955	0.494683	2.061287	6.502455	4.546457	5.087958	-7.508538	1.074351	4.736589	3.253610	-3.241035	-8.148257	
-8.870597	0.797637	-2.594040	-8.379483	2.542532	8.224842	8.860932	-5.923361	4.590607	5.479526	1.527802	3.835943	7.338228	5.446129	6.303356	3.869547	0.685790	-5.115115	4.197185	-3.602970	2.403240	5.938568	-4.821317	4.333060	-8.930395	0.436519	8.822601	6.551454	1.508254	3.042603	-2.408965	-9.755317	0.475925	-1.075307	4.151328	6.653805	
9.919983	-5.292214	1.003802	1.308319	4.396644	1.172401	4.282239	4.765509	1.550094	7.661037	0.635159	-7.314499	-7.008287	-5.948906	5.238597	6.522651	5.736328	-4.996361	-1.439579	0.030351	4.869298	-0.608053	9.681198	7.787452	9.535486	0.529233	6.011351	2.503309	9.739386	6.038072	8.805302	3.130852	-4.787827	2.600783	4.869424	7.171621	
6.394459	2.135597	-5.037558	2.216239	2.376621	7.075485	-7.165591	0.462839	-7.812695	3.841152	4.451307	0.628546	-6.864497	-6.080774	9.487848	5.050555	9.277925	6.872398	5.078792	5.294257	3.516857	5.775177	-7.310043	1.830684	6.402361	7.448656	0.766129	1.312929	7.371941	4.270569	1.529265	6.733857	1.863868	0.365956	-4.973713	-2.581967	
-6.041589	-2.928388	4.994537	9.613567	-4.047698	1.279453	8.620527	5.897543	-6.022378	4.426382	2.070945	0.850867	5.611058	4.821944	0.637071	7.858608	-4.844296	-9.461729	7.667136	3.371663	7.460657	6.384637	3.810793	8.786382	3.037245	4.810140	9.517066	8.137071	-8.120249	9.955237	1.907335	-9.952019	7.454015	3.428178	2.793541	-5.905129	
1.001534	-0.921710	0.445615	-8.366763	4.822851	9.866410	-6.479952	0.738125	-2.080263	-1.807487	3.074646	8.223880	-1.284347	-0.536775	-1.275278	-6.722893	3.157288	-8.768761	-8.953969	0.292320	9.565487	1.998654	9.761458	-4.621741	-6.431608	6.082251	-2.127906	-5.907804	3.082284	9.355229	4.681427	-6.299675	9.633805	3.072050	3.451590	4.225850	
-9.815762	1.147993	1.601746	4.165152	7.379592	-9.917601	7.012799	-9.121618	-5.605110	-7.104255	0.390688	2.861634	4.262236	9.561699	-8.959601	9.339916	-4.436755	9.832837	-9.292240	1.749610	-3.336633	8.793399	3.697180	-4.439129	-8.173384	7.013615	7.445404	2.816042	4.005933	3.573902	-5.067390	-6.709255	-1.947846	9.601626	5.731642	7.373335	
5.542593	-4.547900	-2.587712	8.066277	3.619034	4.300625	-9.945905	9.631438	-2.636468	-0.512625	4.450785	-0.091510	0.006263	1.982783	1.958229	9.151648	-3.029290	2.397492	9.520936	6.652985	0.420706	7.139018	-9.873352	0.637217	-0.070250	-9.887121	4.463873	8.014185	-6.238605	3.425144	-0.561586	8.056966	6.020569	2.813873	-4.032332	-5.718105	

Matrice B di dimensione 36 x 36:
0	0	0	0	0	0	0	0	0	0	0	0	0	0	0	0	0	0	0	0	0	0	0	0	0	0	0	0	0	0	0	0	0	0	0	0	
0	0	0	0	0	0	0	0	0	0	0	0	0	0	0	0	0	0	0	0	0	0	0	0	0	0	0	0	0	0	0	0	0	0	0	0	
0	0	0	0	0	0	0	0	0	0	0	0	0	0	0	0	0	0	0	0	0	0	0	0	0	0	0	0	0	0	0	0	0	0	0	0	
0	0	0	0	0	0	0	0	0	0	0	0	0	0	0	0	0	0	0	0	0	0	0	0	0	0	0	0	0	0	0	0	0	0	0	0	
0	0	0	0	0	0	0	0	0	0	0	0	0	0	0	0	0	0	0	0	0	0	0	0	0	0	0	0	0	0	0	0	0	0	0	0	
0	0	0	0	0	0	0	0	0	0	0	0	0	0	0	0	0	0	0	0	0	0	0	0	0	0	0	0	0	0	0	0	0	0	0	0	
0	0	0	0	0	0	0	0	0	0	0	0	0	0	0	0	0	0	0	0	0	0	0	0	0	0	0	0	0	0	0	0	0	0	0	0	
0	0	0	0	0	0	0	0	0	0	0	0	0	0	0	0	0	0	0	0	0	0	0	0	0	0	0	0	0	0	0	0	0	0	0	0	
0	0	0	0	0	0	0	0	0	0	0	0	0	0	0	0	0	0	0	0	0	0	0	0	0	0	0	0	0	0	0	0	0	0	0	0	
0	0	0	0	0	0	0	0	0	0	0	0	0	0	0	0	0	0	0	0	0	0	0	0	0	0	0	0	0	0	0	0	0	0	0	0	
0	0	0	0	0	0	0	0	0	0	0	0	0	0	0	0	0	0	0	0	0	0	0	0	0	0	0	0	0	0	0	0	0	0	0	0	
0	0	0	0	0	0	0	0	0	0	0	0	0	0	0	0	0	0	0	0	0	0	0	0	0	0	0	0	0	0	0	0	0	0	0	0	
0	0	0	0	0	0	0	0	0	0	0	0	0	0	0	0	0	0	0	0	0	0	0	0	0	0	0	0	0	0	0	0	0	0	0	0	
0	0	0	0	0	0	0	0	0	0	0	0	0	0	0	0	0	0	0	0	0	0	0	0	0	0	0	0	0	0	0	0	0	0	0	0	
0	0	0	0	0	0	0	0	0	0	0	0	0	0	0	0	0	0	0	0	0	0	0	0	0	0	0	0	0	0	0	0	0	0	0	0	
0	0	0	0	0	0	0	0	0	0	0	0	0	0	0	0	0	0	0	0	0	0	0	0	0	0	0	0	0	0	0	0	0	0	0	0	
0	0	0	0	0	0	0	0	0	0	0	0	0	0	0	0	0	0	0	0	0	0	0	0	0	0	0	0	0	0	0	0	0	0	0	0	
0	0	0	0	0	0	0	0	0	0	0	0	0	0	0	0	0	0	0	0	0	0	0	0	0	0	0	0	0	0	0	0	0	0	0	0	
0	0	0	0	0	0	0	0	0	0	0	0	0	0	0	0	0	0	0	0	0	0	0	0	0	0	0	0	0	0	0	0	0	0	0	0	
0	0	0	0	0	0	0	0	0	0	0	0	0	0	0	0	0	0	0	0	0	0	0	0	0	0	0	0	0	0	0	0	0	0	0	0	
0	0	0	0	0	0	0	0	0	0	0	0	0	0	0	0	0	0	0	0	0	0	0	0	0	0	0	0	0	0	0	0	0	0	0	0	
0	0	0	0	0	0	0	0	0	0	0	0	0	0	0	0	0	0	0	0	0	0	0	0	0	0	0	0	0	0	0	0	0	0	0	0	
0	0	0	0	0	0	0	0	0	0	0	0	0	0	0	0	0	0	0	0	0	0	0	0	0	0	0	0	0	0	0	0	0	0	0	0	
0	0	0	0	0	0	0	0	0	0	0	0	0	0	0	0	0	0	0	0	0	0	0	0	0	0	0	0	0	0	0	0	0	0	0	0	
0	0	0	0	0	0	0	0	0	0	0	0	0	0	0	0	0	0	0	0	0	0	0	0	0	0	0	0	0	0	0	0	0	0	0	0	
0	0	0	0	0	0	0	0	0	0	0	0	0	0	0	0	0	0	0	0	0	0	0	0	0	0	0	0	0	0	0	0	0	0	0	0	
0	0	0	0	0	0	0	0	0	0	0	0	0	0	0	0	0	0	0	0	0	0	0	0	0	0	0	0	0	0	0	0	0	0	0	0	
0	0	0	0	0	0	0	0	0	0	0	0	0	0	0	0	0	0	0	0	0	0	0	0	0	0	0	0	0	0	0	0	0	0	0	0	
0	0	0	0	0	0	0	0	0	0	0	0	0	0	0	0	0	0	0	0	0	0	0	0	0	0	0	0	0	0	0	0	0	0	0	0	
0	0	0	0	0	0	0	0	0	0	0	0	0	0	0	0	0	0	0	0	0	0	0	0	0	0	0	0	0	0	0	0	0	0	0	0	
0	0	0	0	0	0	0	0	0	0	0	0	0	0	0	0	0	0	0	0	0	0	0	0	0	0	0	0	0	0	0	0	0	0	0	0	
0	0	0	0	0	0	0	0	0	0	0	0	0	0	0	0	0	0	0	0	0	0	0	0	0	0	0	0	0	0	0	0	0	0	0	0	
0	0	0	0	0	0	0	0	0	0	0	0	0	0	0	0	0	0	0	0	0	0	0	0	0	0	0	0	0	0	0	0	0	0	0	0	
0	0	0	0	0	0	0	0	0	0	0	0	0	0	0	0	0	0	0	0	0	0	0	0	0	0	0	0	0	0	0	0	0	0	0	0	
0	0	0	0	0	0	0	0	0	0	0	0	0	0	0	0	0	0	0	0	0	0	0	0	0	0	0	0	0	0	0	0	0	0	0	0	
0	0	0	0	0	0	0	0	0	0	0	0	0	0	0	0	0	0	0	0	0	0	0	0	0	0	0	0	0	0	0	0	0	0	0	0	

Risultato:
Matrice C di dimensione 36 x 36:
0.000000	0.000000	0.000000	0.000000	0.000000	0.000000	0.000000	0.000000	0.000000	0.000000	0.000000	0.000000	0.000000	0.000000	0.000000	0.000000	0.000000	0.000000	0.000000	0.000000	0.000000	0.000000	0.000000	0.000000	0.000000	0.000000	0.000000	0.000000	0.000000	0.000000	0.000000	0.000000	0.000000	0.000000	0.000000	0.000000	
0.000000	0.000000	0.000000	0.000000	0.000000	0.000000	0.000000	0.000000	0.000000	0.000000	0.000000	0.000000	0.000000	0.000000	0.000000	0.000000	0.000000	0.000000	0.000000	0.000000	0.000000	0.000000	0.000000	0.000000	0.000000	0.000000	0.000000	0.000000	0.000000	0.000000	0.000000	0.000000	0.000000	0.000000	0.000000	0.000000	
0.000000	0.000000	0.000000	0.000000	0.000000	0.000000	0.000000	0.000000	0.000000	0.000000	0.000000	0.000000	0.000000	0.000000	0.000000	0.000000	0.000000	0.000000	0.000000	0.000000	0.000000	0.000000	0.000000	0.000000	0.000000	0.000000	0.000000	0.000000	0.000000	0.000000	0.000000	0.000000	0.000000	0.000000	0.000000	0.000000	
0.000000	0.000000	0.000000	0.000000	0.000000	0.000000	0.000000	0.000000	0.000000	0.000000	0.000000	0.000000	0.000000	0.000000	0.000000	0.000000	0.000000	0.000000	0.000000	0.000000	0.000000	0.000000	0.000000	0.000000	0.000000	0.000000	0.000000	0.000000	0.000000	0.000000	0.000000	0.000000	0.000000	0.000000	0.000000	0.000000	
0.000000	0.000000	0.000000	0.000000	0.000000	0.000000	0.000000	0.000000	0.000000	0.000000	0.000000	0.000000	0.000000	0.000000	0.000000	0.000000	0.000000	0.000000	0.000000	0.000000	0.000000	0.000000	0.000000	0.000000	0.000000	0.000000	0.000000	0.000000	0.000000	0.000000	0.000000	0.000000	0.000000	0.000000	0.000000	0.000000	
0.000000	0.000000	0.000000	0.000000	0.000000	0.000000	0.000000	0.000000	0.000000	0.000000	0.000000	0.000000	0.000000	0.000000	0.000000	0.000000	0.000000	0.000000	0.000000	0.000000	0.000000	0.000000	0.000000	0.000000	0.000000	0.000000	0.000000	0.000000	0.000000	0.000000	0.000000	0.000000	0.000000	0.000000	0.000000	0.000000	
0.000000	0.000000	0.000000	0.000000	0.000000	0.000000	0.000000	0.000000	0.000000	0.000000	0.000000	0.000000	0.000000	0.000000	0.000000	0.000000	0.000000	0.000000	0.000000	0.000000	0.000000	0.000000	0.000000	0.000000	0.000000	0.000000	0.000000	0.000000	0.000000	0.000000	0.000000	0.000000	0.000000	0.000000	0.000000	0.000000	
0.000000	0.000000	0.000000	0.000000	0.000000	0.000000	0.000000	0.000000	0.000000	0.000000	0.000000	0.000000	0.000000	0.000000	0.000000	0.000000	0.000000	0.000000	0.000000	0.000000	0.000000	0.000000	0.000000	0.000000	0.000000	0.000000	0.000000	0.000000	0.000000	0.000000	0.000000	0.000000	0.000000	0.000000	0.000000	0.000000	
0.000000	0.000000	0.000000	0.000000	0.000000	0.000000	0.000000	0.000000	0.000000	0.000000	0.000000	0.000000	0.000000	0.000000	0.000000	0.000000	0.000000	0.000000	0.000000	0.000000	0.000000	0.000000	0.000000	0.000000	0.000000	0.000000	0.000000	0.000000	0.000000	0.000000	0.000000	0.000000	0.000000	0.000000	0.000000	0.000000	
0.000000	0.000000	0.000000	0.000000	0.000000	0.000000	0.000000	0.000000	0.000000	0.000000	0.000000	0.000000	0.000000	0.000000	0.000000	0.000000	0.000000	0.000000	0.000000	0.000000	0.000000	0.000000	0.000000	0.000000	0.000000	0.000000	0.000000	0.000000	0.000000	0.000000	0.000000	0.000000	0.000000	0.000000	0.000000	0.000000	
0.000000	0.000000	0.000000	0.000000	0.000000	0.000000	0.000000	0.000000	0.000000	0.000000	0.000000	0.000000	0.000000	0.000000	0.000000	0.000000	0.000000	0.000000	0.000000	0.000000	0.000000	0.000000	0.000000	0.000000	0.000000	0.000000	0.000000	0.000000	0.000000	0.000000	0.000000	0.000000	0.000000	0.000000	0.000000	0.000000	
0.000000	0.000000	0.000000	0.000000	0.000000	0.000000	0.000000	0.000000	0.000000	0.000000	0.000000	0.000000	0.000000	0.000000	0.000000	0.000000	0.000000	0.000000	0.000000	0.000000	0.000000	0.000000	0.000000	0.000000	0.000000	0.000000	0.000000	0.000000	0.000000	0.000000	0.000000	0.000000	0.000000	0.000000	0.000000	0.000000	
0.000000	0.000000	0.000000	0.000000	0.000000	0.000000	0.000000	0.000000	0.000000	0.000000	0.000000	0.000000	0.000000	0.000000	0.000000	0.000000	0.000000	0.000000	0.000000	0.000000	0.000000	0.000000	0.000000	0.000000	0.000000	0.000000	0.000000	0.000000	0.000000	0.000000	0.000000	0.000000	0.000000	0.000000	0.000000	0.000000	
0.000000	0.000000	0.000000	0.000000	0.000000	0.000000	0.000000	0.000000	0.000000	0.000000	0.000000	0.000000	0.000000	0.000000	0.000000	0.000000	0.000000	0.000000	0.000000	0.000000	0.000000	0.000000	0.000000	0.000000	0.000000	0.000000	0.000000	0.000000	0.000000	0.000000	0.000000	0.000000	0.000000	0.000000	0.000000	0.000000	
0.000000	0.000000	0.000000	0.000000	0.000000	0.000000	0.000000	0.000000	0.000000	0.000000	0.000000	0.000000	0.000000	0.000000	0.000000	0.000000	0.000000	0.000000	0.000000	0.000000	0.000000	0.000000	0.000000	0.000000	0.000000	0.000000	0.000000	0.000000	0.000000	0.000000	0.000000	0.000000	0.000000	0.000000	0.000000	0.000000	
0.000000	0.000000	0.000000	0.000000	0.000000	0.000000	0.000000	0.000000	0.000000	0.000000	0.000000	0.000000	0.000000	0.000000	0.000000	0.000000	0.000000	0.000000	0.000000	0.000000	0.000000	0.000000	0.000000	0.000000	0.000000	0.000000	0.000000	0.000000	0.000000	0.000000	0.000000	0.000000	0.000000	0.000000	0.000000	0.000000	
0.000000	0.000000	0.000000	0.000000	0.000000	0.000000	0.000000	0.000000	0.000000	0.000000	0.000000	0.000000	0.000000	0.000000	0.000000	0.000000	0.000000	0.000000	0.000000	0.000000	0.000000	0.000000	0.000000	0.000000	0.000000	0.000000	0.000000	0.000000	0.000000	0.000000	0.000000	0.000000	0.000000	0.000000	0.000000	0.000000	
0.000000	0.000000	0.000000	0.000000	0.000000	0.000000	0.000000	0.000000	0.000000	0.000000	0.000000	0.000000	0.000000	0.000000	0.000000	0.000000	0.000000	0.000000	0.000000	0.000000	0.000000	0.000000	0.000000	0.000000	0.000000	0.000000	0.000000	0.000000	0.000000	0.000000	0.000000	0.000000	0.000000	0.000000	0.000000	0.000000	
0.000000	0.000000	0.000000	0.000000	0.000000	0.000000	0.000000	0.000000	0.000000	0.000000	0.000000	0.000000	0.000000	0.000000	0.000000	0.000000	0.000000	0.000000	0.000000	0.000000	0.000000	0.000000	0.000000	0.000000	0.000000	0.000000	0.000000	0.000000	0.000000	0.000000	0.000000	0.000000	0.000000	0.000000	0.000000	0.000000	
0.000000	0.000000	0.000000	0.000000	0.000000	0.000000	0.000000	0.000000	0.000000	0.000000	0.000000	0.000000	0.000000	0.000000	0.000000	0.000000	0.000000	0.000000	0.000000	0.000000	0.000000	0.000000	0.000000	0.000000	0.000000	0.000000	0.000000	0.000000	0.000000	0.000000	0.000000	0.000000	0.000000	0.000000	0.000000	0.000000	
0.000000	0.000000	0.000000	0.000000	0.000000	0.000000	0.000000	0.000000	0.000000	0.000000	0.000000	0.000000	0.000000	0.000000	0.000000	0.000000	0.000000	0.000000	0.000000	0.000000	0.000000	0.000000	0.000000	0.000000	0.000000	0.000000	0.000000	0.000000	0.000000	0.000000	0.000000	0.000000	0.000000	0.000000	0.000000	0.000000	
0.000000	0.000000	0.000000	0.000000	0.000000	0.000000	0.000000	0.000000	0.000000	0.000000	0.000000	0.000000	0.000000	0.000000	0.000000	0.000000	0.000000	0.000000	0.000000	0.000000	0.000000	0.000000	0.000000	0.000000	0.000000	0.000000	0.000000	0.000000	0.000000	0.000000	0.000000	0.000000	0.000000	0.000000	0.000000	0.000000	
0.000000	0.000000	0.000000	0.000000	0.000000	0.000000	0.000000	0.000000	0.000000	0.000000	0.000000	0.000000	0.000000	0.000000	0.000000	0.000000	0.000000	0.000000	0.000000	0.000000	0.000000	0.000000	0.000000	0.000000	0.000000	0.000000	0.000000	0.000000	0.000000	0.000000	0.000000	0.000000	0.000000	0.000000	0.000000	0.000000	
0.000000	0.000000	0.000000	0.000000	0.000000	0.000000	0.000000	0.000000	0.000000	0.000000	0.000000	0.000000	0.000000	0.000000	0.000000	0.000000	0.000000	0.000000	0.000000	0.000000	0.000000	0.000000	0.000000	0.000000	0.000000	0.000000	0.000000	0.000000	0.000000	0.000000	0.000000	0.000000	0.000000	0.000000	0.000000	0.000000	
0.000000	0.000000	0.000000	0.000000	0.000000	0.000000	0.000000	0.000000	0.000000	0.000000	0.000000	0.000000	0.000000	0.000000	0.000000	0.000000	0.000000	0.000000	0.000000	0.000000	0.000000	0.000000	0.000000	0.000000	0.000000	0.000000	0.000000	0.000000	0.000000	0.000000	0.000000	0.000000	0.000000	0.000000	0.000000	0.000000	
0.000000	0.000000	0.000000	0.000000	0.000000	0.000000	0.000000	0.000000	0.000000	0.000000	0.000000	0.000000	0.000000	0.000000	0.000000	0.000000	0.000000	0.000000	0.000000	0.000000	0.000000	0.000000	0.000000	0.000000	0.000000	0.000000	0.000000	0.000000	0.000000	0.000000	0.000000	0.000000	0.000000	0.000000	0.000000	0.000000	
0.000000	0.000000	0.000000	0.000000	0.000000	0.000000	0.000000	0.000000	0.000000	0.000000	0.000000	0.000000	0.000000	0.000000	0.000000	0.000000	0.000000	0.000000	0.000000	0.000000	0.000000	0.000000	0.000000	0.000000	0.000000	0.000000	0.000000	0.000000	0.000000	0.000000	0.000000	0.000000	0.000000	0.000000	0.000000	0.000000	
0.000000	0.000000	0.000000	0.000000	0.000000	0.000000	0.000000	0.000000	0.000000	0.000000	0.000000	0.000000	0.000000	0.000000	0.000000	0.000000	0.000000	0.000000	0.000000	0.000000	0.000000	0.000000	0.000000	0.000000	0.000000	0.000000	0.000000	0.000000	0.000000	0.000000	0.000000	0.000000	0.000000	0.000000	0.000000	0.000000	
0.000000	0.000000	0.000000	0.000000	0.000000	0.000000	0.000000	0.000000	0.000000	0.000000	0.000000	0.000000	0.000000	0.000000	0.000000	0.000000	0.000000	0.000000	0.000000	0.000000	0.000000	0.000000	0.000000	0.000000	0.000000	0.000000	0.000000	0.000000	0.000000	0.000000	0.000000	0.000000	0.000000	0.000000	0.000000	0.000000	
0.000000	0.000000	0.000000	0.000000	0.000000	0.000000	0.000000	0.000000	0.000000	0.000000	0.000000	0.000000	0.000000	0.000000	0.000000	0.000000	0.000000	0.000000	0.000000	0.000000	0.000000	0.000000	0.000000	0.000000	0.000000	0.000000	0.000000	0.000000	0.000000	0.000000	0.000000	0.000000	0.000000	0.000000	0.000000	0.000000	
0.000000	0.000000	0.000000	0.000000	0.000000	0.000000	0.000000	0.000000	0.000000	0.000000	0.000000	0.000000	0.000000	0.000000	0.000000	0.000000	0.000000	0.000000	0.000000	0.000000	0.000000	0.000000	0.000000	0.000000	0.000000	0.000000	0.000000	0.000000	0.000000	0.000000	0.000000	0.000000	0.000000	0.000000	0.000000	0.000000	
0.000000	0.000000	0.000000	0.000000	0.000000	0.000000	0.000000	0.000000	0.000000	0.000000	0.000000	0.000000	0.000000	0.000000	0.000000	0.000000	0.000000	0.000000	0.000000	0.000000	0.000000	0.000000	0.000000	0.000000	0.000000	0.000000	0.000000	0.000000	0.000000	0.000000	0.000000	0.000000	0.000000	0.000000	0.000000	0.000000	
0.000000	0.000000	0.000000	0.000000	0.000000	0.000000	0.000000	0.000000	0.000000	0.000000	0.000000	0.000000	0.000000	0.000000	0.000000	0.000000	0.000000	0.000000	0.000000	0.000000	0.000000	0.000000	0.000000	0.000000	0.000000	0.000000	0.000000	0.000000	0.000000	0.000000	0.000000	0.000000	0.000000	0.000000	0.000000	0.000000	
0.000000	0.000000	0.000000	0.000000	0.000000	0.000000	0.000000	0.000000	0.000000	0.000000	0.000000	0.000000	0.000000	0.000000	0.000000	0.000000	0.000000	0.000000	0.000000	0.000000	0.000000	0.000000	0.000000	0.000000	0.000000	0.000000	0.000000	0.000000	0.000000	0.000000	0.000000	0.000000	0.000000	0.000000	0.000000	0.000000	
0.000000	0.000000	0.000000	0.000000	0.000000	0.000000	0.000000	0.000000	0.000000	0.000000	0.000000	0.000000	0.000000	0.000000	0.000000	0.000000	0.000000	0.000000	0.000000	0.000000	0.000000	0.000000	0.000000	0.000000	0.000000	0.000000	0.000000	0.000000	0.000000	0.000000	0.000000	0.000000	0.000000	0.000000	0.000000	0.000000	
0.000000	0.000000	0.000000	0.000000	0.000000	0.000000	0.000000	0.000000	0.000000	0.000000	0.000000	0.000000	0.000000	0.000000	0.000000	0.000000	0.000000	0.000000	0.000000	0.000000	0.000000	0.000000	0.000000	0.000000	0.000000	0.000000	0.000000	0.000000	0.000000	0.000000	0.000000	0.000000	0.000000	0.000000	0.000000	0.000000	
