
Matrice A di dimensione 36 x 36:
4.738090	5.208756	3.183386	3.947317	7.537506	-4.116388	-0.231697	-9.341127	5.358488	4.842728	8.236738	4.059947	9.651801	0.358783	0.017752	-8.698563	4.347588	-7.822611	7.804396	1.638914	0.131406	-2.862085	2.670764	2.193519	-6.764104	7.293090	6.549374	-8.110706	-6.403388	-7.826546	2.943913	2.787781	-4.135831	8.903538	8.097289	-0.292456	
9.912501	8.921344	-6.461418	5.904572	6.767264	-8.119128	5.944536	-5.806956	0.027840	-3.302609	2.429084	6.992948	-9.309371	-1.176875	6.869004	-3.754756	6.157166	6.744642	-2.344754	7.049353	3.588502	3.965992	2.786695	-4.497212	4.111639	8.428685	1.947237	8.174018	7.089351	8.208871	6.317723	-8.663645	-3.808208	1.098182	3.102348	-4.962664	
7.774267	8.931953	7.143802	4.377623	1.919168	-7.994920	5.064641	9.939938	5.553674	1.604168	-5.084240	7.664459	-6.380432	8.672406	-1.116686	8.292402	-9.487235	-5.606436	2.186728	7.615227	-2.149022	2.966601	9.738492	6.462938	1.890868	3.316020	1.331233	7.573034	1.177679	-2.636970	9.902965	5.804167	-5.640434	-9.925618	4.964029	-5.604066	
3.548091	1.764755	-6.409384	1.657875	4.263770	9.034230	4.923738	-7.489545	-7.695064	3.185220	-8.953856	7.640070	0.548866	4.825865	-0.674531	-3.851598	6.301275	2.888176	2.504197	7.643195	2.930661	5.140836	-4.742823	2.642272	8.891312	4.017970	-3.475952	5.922178	-9.096783	-6.687125	7.363368	0.439456	-7.955645	3.021013	0.188452	-3.409736	
6.079975	0.566907	-8.721447	-5.124667	-1.318592	1.441878	6.471914	8.348864	-7.184115	-7.775194	0.747668	7.593813	8.278167	9.546187	7.110290	-8.222767	4.605006	4.499490	-8.950558	-7.981647	-5.342207	-4.326399	-5.178880	1.031222	3.534467	6.121653	8.964985	-7.033904	3.493907	9.248467	-2.704874	2.059542	8.463112	3.674301	5.082379	1.585474	
6.257927	6.417538	0.759738	1.110815	-6.650022	9.862099	-7.580391	-4.311734	-4.490137	2.710862	8.698407	6.985602	-8.153657	0.560648	1.244336	8.491504	3.603320	4.169856	2.154964	7.731661	-0.978749	7.950239	9.105758	-8.987880	0.965461	0.516104	4.864586	5.185793	-8.353339	-9.306779	-0.625435	1.774846	-2.546332	-6.476880	0.120152	-1.111851	
-5.197304	3.489724	-8.861348	8.853077	-1.839555	1.293548	4.086659	0.585244	1.912950	-5.361889	8.693975	2.129803	5.080077	3.649362	7.756497	5.063920	2.851778	3.335335	2.463193	7.300858	4.411650	5.046243	-1.991065	4.965764	6.455089	6.610542	6.564788	-9.046851	6.895629	3.778771	3.100291	9.857551	3.829883	5.178383	8.217722	7.084351	
-3.928386	2.159370	5.890492	2.032672	6.342987	0.711946	-4.249834	-2.130814	9.920364	4.851622	6.653357	-6.897339	-0.081725	-4.860370	-5.324738	-6.442795	7.122071	2.619154	-9.957384	6.032348	-5.899418	4.655817	-5.087237	-5.489524	4.330597	6.643041	1.306038	-7.045417	2.117458	5.596215	5.985316	1.228009	-5.207636	-6.243496	-1.519451	0.910576	
2.237355	8.467292	-0.364036	-9.688063	0.960221	-6.728420	1.904301	7.905211	2.824850	6.827196	-7.509557	-1.653929	1.468992	4.632264	-7.440724	6.551422	1.448887	4.953410	8.946112	-9.269737	-3.387581	-8.791235	5.138488	7.567292	-0.138448	-8.239766	-4.969469	-5.973455	8.413986	-9.540119	-8.408645	2.551445	0.272739	9.403973	-0.940975	-4.584282	
9.898034	-7.387369	9.225163	3.135318	2.881866	5.280991	6.901538	3.293062	-0.519288	-0.917090	8.231006	0.200110	6.786993	7.401746	0.332564	1.902728	5.810375	8.786445	7.709223	3.740779	5.163170	4.163692	7.950993	-7.216372	9.525314	6.275842	7.841312	-3.230695	9.878111	9.164027	1.457942	4.705049	6.726503	3.670593	6.889902	2.859836	
0.036146	5.376688	6.822380	-3.471742	-6.789153	-7.020458	9.720133	5.053280	3.789518	-2.860634	-0.903774	-1.328918	0.671491	8.960660	6.819453	7.285598	8.201277	3.591500	-3.528370	0.689420	0.899790	7.029738	1.270592	5.060977	-0.722366	-5.940707	1.435554	7.572760	4.481299	2.507812	-9.504835	-4.309273	-5.284229	6.913133	-0.300569	0.671235	
0.501864	4.711865	6.774321	-3.641970	1.880414	-0.237464	3.784157	5.302426	9.198375	1.847833	-3.883752	9.715942	6.861199	-2.232542	-9.259539	0.870103	8.663075	5.373969	-5.195847	-8.880340	5.536720	5.502340	5.545341	-5.522391	2.253889	-6.527412	-7.599092	3.097336	5.855192	-8.804729	8.799638	0.643022	8.982221	-9.379478	8.033488	-6.944949	
5.285954	-6.932387	6.979707	-4.620897	5.445701	-7.573662	-6.236016	-8.026741	1.195560	4.681998	-2.733789	7.910476	5.664242	-7.918220	-0.970452	5.752774	7.624919	7.784202	2.295590	2.021570	-7.910304	-4.003447	-4.082569	3.307896	4.907410	1.842994	0.630949	0.809532	6.037178	3.238813	-4.810270	6.110465	0.697310	6.558147	0.856277	9.996482	
5.499248	-0.824110	0.419698	-3.525335	-2.236019	-1.185171	-8.350161	5.657786	-5.669103	2.820953	-9.577854	9.526918	5.032156	3.211249	-4.366314	6.526275	-3.696856	-7.845769	-8.096900	2.305818	1.412644	9.455901	7.557572	7.392307	5.283133	0.433300	4.416033	6.018864	-5.538629	3.798658	4.711129	0.172859	5.347268	2.716169	4.798872	4.979278	
-4.665795	6.983302	9.525601	1.186913	-3.178183	3.397991	-0.368395	-7.847398	2.771199	-4.518638	-6.012424	-0.746136	8.530559	7.016042	3.874067	2.008763	-8.604153	2.588601	1.599521	6.561913	-0.209509	4.299491	0.365962	-2.954402	6.628921	2.317754	-6.511698	-3.310984	4.879570	-4.714613	-5.161647	8.591916	8.248384	-2.332904	2.645115	4.894687	
-6.819006	-8.964445	4.970847	4.422886	4.270877	3.197576	1.156128	-4.864710	9.330941	6.005215	-8.800781	0.883377	6.194189	-8.203312	0.037081	-8.808338	-4.985287	5.701474	-6.743240	0.200552	4.846298	-8.137227	6.081371	7.529553	0.685516	-5.023474	-8.870565	-5.359183	-3.180571	8.682029	8.648809	2.324504	8.657287	0.477924	-9.212658	-6.985471	
-7.459283	3.823831	-9.027911	8.657287	2.778082	5.148783	5.260832	-6.254110	-8.188008	-5.180022	0.550297	2.038331	7.826323	3.646393	1.637792	-4.855846	-0.208092	-9.613089	-9.308731	-6.832702	7.889004	-1.102685	0.726017	3.458419	-5.933995	0.847261	3.524619	-5.491182	8.037672	9.359544	1.408166	9.386529	3.619054	4.805000	3.673533	8.893276	
-3.930898	-4.614893	-7.074973	8.077350	2.063331	8.573782	0.625800	-1.364179	2.114848	7.328755	0.791422	8.180090	-4.306815	2.153082	6.426504	-7.738810	8.503502	0.323070	-1.208136	7.535568	9.626765	-6.846878	8.137814	-2.246742	0.688545	1.947687	4.851214	6.917537	9.126866	4.226871	7.814070	-0.411596	6.912659	0.960885	7.250208	1.659777	
-2.302561	7.726681	7.860713	5.709787	9.686256	1.023249	-5.407382	4.961480	9.719659	-2.974871	9.458183	7.858231	9.932987	1.781843	3.802349	5.798609	9.511291	-9.173689	-6.388081	2.411692	4.622590	3.931261	8.609529	-4.076724	-9.581835	-7.572250	4.136781	6.653611	6.280001	-4.940935	0.716164	7.901914	9.404614	2.360625	-0.658088	2.784507	
2.703069	2.076481	1.324479	-6.833113	3.187554	-2.202060	-3.920432	4.777724	2.446671	8.544842	6.313112	6.921588	-8.441804	-3.004500	6.364281	-3.033453	0.554974	2.081206	9.932841	-2.742306	-7.855203	0.507446	3.818889	2.945529	1.970406	8.924244	-2.300753	-0.274067	3.942113	-1.371881	1.832454	-5.697093	-1.234935	-7.770269	-7.545791	6.276683	
0.018173	0.768845	9.596920	8.253580	7.386837	-2.407407	-4.097143	3.891780	-8.868511	6.794201	8.164397	-5.914210	-8.762033	7.069375	6.300735	6.204136	-5.451025	-5.163408	0.161958	4.795342	6.379205	-2.125344	4.668024	-4.884530	4.838229	8.281046	8.917454	4.094021	2.287854	2.409642	-1.807952	-1.790098	0.393522	3.027860	3.937545	3.443586	
-2.298246	-5.087218	6.352914	0.962841	8.886098	4.937436	0.653723	4.164576	8.218869	9.919366	9.508459	7.313613	-0.455184	5.741283	6.357657	-0.761529	2.526378	4.937072	7.797391	7.507249	1.309346	-7.505966	-5.698618	8.650689	5.683646	0.311379	-3.698684	7.530561	0.915509	2.602935	1.930333	5.013260	-9.730212	5.312654	-3.192287	0.335946	
4.431353	5.204598	4.359634	8.385364	9.714656	6.413458	9.063965	7.297437	7.047342	9.236675	8.853433	-5.422795	4.298716	-1.020782	-4.150791	-5.636934	6.380674	-9.112554	0.812607	8.756995	-7.627096	-8.782843	3.544442	0.947051	2.233424	2.305283	3.258085	8.076513	8.990603	3.207415	-6.697914	8.379636	-8.730754	-3.121438	4.721559	4.883581	
-6.966642	2.810689	-8.306954	-2.122120	7.821085	-6.927067	-7.785336	2.640443	1.901103	5.736409	-5.151156	5.769532	-0.178448	-7.777653	-6.417558	8.099615	8.114449	5.315989	8.221625	8.845782	-1.805694	6.139320	-4.049476	8.411610	-9.261138	-8.276849	0.135397	2.255946	0.201465	0.014754	-0.035523	6.908122	0.277212	-8.671292	2.406888	1.103708	
9.102004	-3.359477	4.037094	9.071375	-5.031608	8.560076	1.737293	-1.668920	5.580464	-2.399613	6.275170	5.319348	9.801985	3.374275	-9.715553	-5.007462	6.514504	4.660518	8.058979	-2.725473	8.635796	3.441056	-9.885630	9.590844	-0.166122	-9.493831	-9.279751	-6.264553	4.543604	3.369867	9.882263	2.798038	2.447774	3.591995	3.093626	-4.859361	
1.979133	7.596068	-3.798669	-2.751805	7.454807	5.069443	-1.696520	-5.438264	0.149191	8.744149	-7.911990	-3.927166	5.130776	-2.772376	-0.798302	6.219874	9.459661	7.778516	5.487662	-5.172694	5.299913	2.257313	6.179698	2.121968	-1.630224	6.583461	0.460535	3.728254	7.018002	0.211879	0.138468	2.834555	0.329011	8.868683	9.210181	9.672483	
0.507362	6.495641	3.030717	-0.156929	9.324902	8.044943	-2.809300	7.486465	-2.936587	0.618550	5.677216	6.199290	5.480772	1.316610	6.332726	-9.683836	8.372447	-6.470907	3.522123	-9.694607	5.610370	4.802908	2.716754	-6.049346	-4.633457	-0.368591	0.514249	-5.473986	2.900597	-1.109454	-8.358118	-4.123747	8.941635	7.984224	1.417461	5.387278	
-0.879330	7.097046	-2.247319	-9.487087	-9.267857	0.989613	1.162300	-2.017387	-8.956381	4.861195	-7.052979	2.451671	3.020410	-8.880583	0.552915	5.805067	2.274324	7.192695	0.982208	5.676514	-4.059883	-0.354234	4.838950	9.153762	6.300727	-1.134802	-6.924436	-9.533094	-3.466327	2.546309	5.421060	2.606448	-8.062937	-4.564755	9.350264	-4.980274	
7.845793	-1.550511	6.293220	-3.422555	-7.614580	-0.558979	6.928445	-9.942401	-5.693861	-4.229105	8.145229	-5.517139	8.613318	7.328899	0.263882	6.788066	5.092867	7.720899	3.978997	1.798522	-1.569534	1.423037	-5.235923	8.301002	-1.516439	9.941627	8.523127	3.195942	-3.359185	-7.690383	0.261407	-3.391762	5.744233	-6.529784	7.975226	8.553359	
0.186158	4.858237	1.382004	6.307513	7.901556	-7.271401	-0.655999	-0.867887	8.999782	-0.152079	9.223592	-6.672540	7.197031	0.718508	7.034653	6.304428	2.536046	9.935904	-3.433825	-4.643303	-0.373467	3.490927	8.094484	-4.874043	2.369126	9.355282	5.943742	4.951659	-9.115189	8.159743	8.059669	3.537517	2.101732	7.242487	-2.469955	2.105496	
6.770021	2.296020	-8.792772	0.568634	1.097650	-3.613829	5.169285	3.452741	4.734287	-1.565936	0.866095	1.408764	1.834373	8.171309	-9.214036	9.249742	8.555750	-6.901057	9.506441	2.669609	5.574517	2.719757	3.566595	9.398329	-7.221081	-3.711598	2.707417	2.932473	4.308970	-2.525671	9.290385	-4.354131	4.808601	8.341112	7.761785	-6.659306	
-3.118485	4.551984	2.564544	1.992317	0.379934	9.427656	5.122052	-4.929966	-9.836597	2.478667	-6.725230	-4.686322	8.206909	1.114445	1.089152	5.555477	4.100119	9.345320	-1.435456	1.181127	-4.383116	-9.254453	9.326042	2.330158	7.263314	8.430332	-6.079090	2.067895	9.982582	2.119038	2.206137	7.071149	2.029517	3.114572	1.932449	1.810635	
-9.467167	-4.523716	7.178302	-4.937424	6.670472	1.116936	8.481383	2.810867	0.038879	0.123350	7.725407	4.760787	8.153960	0.170926	6.092038	8.540155	7.116822	-6.992233	6.389661	8.755018	6.597595	-9.182966	-6.010543	6.721014	6.536201	3.277177	5.128253	2.715642	-1.155998	6.754318	9.390908	-1.284733	4.021293	7.150190	9.340171	-4.821268	
-1.308744	7.894795	-7.474519	-8.148988	0.293792	-8.429809	3.001113	2.773154	1.468584	4.560532	1.703208	7.669881	9.157475	-8.273824	3.649445	7.515764	-3.135125	7.410998	-9.564726	1.788179	8.240679	-8.700101	8.994187	-6.871027	2.508878	4.625143	9.983027	-6.863312	9.413754	8.823004	2.414250	2.022918	4.507051	-5.563472	-1.757700	2.462378	
7.051965	2.550336	3.289363	-2.191295	1.328363	-1.650856	-1.555313	1.931343	6.675362	1.299597	-7.182422	8.548779	-8.659480	4.741802	5.190282	0.077234	-0.863606	7.360518	5.583680	0.621672	1.456843	3.424016	-6.843936	-4.094468	4.788251	8.025114	9.173759	1.960311	-1.503067	9.312537	2.389875	9.535708	1.196925	-4.770569	6.498470	1.309905	
8.292267	9.109645	7.544453	-0.378903	-3.683987	2.777056	-1.855946	-2.575363	2.987365	7.650627	-1.188165	8.510850	9.186489	5.515930	7.736686	9.294060	7.073580	9.783843	0.212739	0.103951	9.316983	2.089511	-7.572117	1.936563	0.397332	-6.552257	5.928643	0.467821	8.067036	1.035792	7.678165	6.509758	5.421121	1.121629	8.747086	-4.827949	

Matrice B di dimensione 36 x 36:
0	0	0	0	0	0	0	0	0	0	0	0	0	0	0	0	0	0	0	0	0	0	0	0	0	0	0	0	0	0	0	0	0	0	0	0	
0	0	0	0	0	0	0	0	0	0	0	0	0	0	0	0	0	0	0	0	0	0	0	0	0	0	0	0	0	0	0	0	0	0	0	0	
0	0	0	0	0	0	0	0	0	0	0	0	0	0	0	0	0	0	0	0	0	0	0	0	0	0	0	0	0	0	0	0	0	0	0	0	
0	0	0	0	0	0	0	0	0	0	0	0	0	0	0	0	0	0	0	0	0	0	0	0	0	0	0	0	0	0	0	0	0	0	0	0	
0	0	0	0	0	0	0	0	0	0	0	0	0	0	0	0	0	0	0	0	0	0	0	0	0	0	0	0	0	0	0	0	0	0	0	0	
0	0	0	0	0	0	0	0	0	0	0	0	0	0	0	0	0	0	0	0	0	0	0	0	0	0	0	0	0	0	0	0	0	0	0	0	
0	0	0	0	0	0	0	0	0	0	0	0	0	0	0	0	0	0	0	0	0	0	0	0	0	0	0	0	0	0	0	0	0	0	0	0	
0	0	0	0	0	0	0	0	0	0	0	0	0	0	0	0	0	0	0	0	0	0	0	0	0	0	0	0	0	0	0	0	0	0	0	0	
0	0	0	0	0	0	0	0	0	0	0	0	0	0	0	0	0	0	0	0	0	0	0	0	0	0	0	0	0	0	0	0	0	0	0	0	
0	0	0	0	0	0	0	0	0	0	0	0	0	0	0	0	0	0	0	0	0	0	0	0	0	0	0	0	0	0	0	0	0	0	0	0	
0	0	0	0	0	0	0	0	0	0	0	0	0	0	0	0	0	0	0	0	0	0	0	0	0	0	0	0	0	0	0	0	0	0	0	0	
0	0	0	0	0	0	0	0	0	0	0	0	0	0	0	0	0	0	0	0	0	0	0	0	0	0	0	0	0	0	0	0	0	0	0	0	
0	0	0	0	0	0	0	0	0	0	0	0	0	0	0	0	0	0	0	0	0	0	0	0	0	0	0	0	0	0	0	0	0	0	0	0	
0	0	0	0	0	0	0	0	0	0	0	0	0	0	0	0	0	0	0	0	0	0	0	0	0	0	0	0	0	0	0	0	0	0	0	0	
0	0	0	0	0	0	0	0	0	0	0	0	0	0	0	0	0	0	0	0	0	0	0	0	0	0	0	0	0	0	0	0	0	0	0	0	
0	0	0	0	0	0	0	0	0	0	0	0	0	0	0	0	0	0	0	0	0	0	0	0	0	0	0	0	0	0	0	0	0	0	0	0	
0	0	0	0	0	0	0	0	0	0	0	0	0	0	0	0	0	0	0	0	0	0	0	0	0	0	0	0	0	0	0	0	0	0	0	0	
0	0	0	0	0	0	0	0	0	0	0	0	0	0	0	0	0	0	0	0	0	0	0	0	0	0	0	0	0	0	0	0	0	0	0	0	
0	0	0	0	0	0	0	0	0	0	0	0	0	0	0	0	0	0	0	0	0	0	0	0	0	0	0	0	0	0	0	0	0	0	0	0	
0	0	0	0	0	0	0	0	0	0	0	0	0	0	0	0	0	0	0	0	0	0	0	0	0	0	0	0	0	0	0	0	0	0	0	0	
0	0	0	0	0	0	0	0	0	0	0	0	0	0	0	0	0	0	0	0	0	0	0	0	0	0	0	0	0	0	0	0	0	0	0	0	
0	0	0	0	0	0	0	0	0	0	0	0	0	0	0	0	0	0	0	0	0	0	0	0	0	0	0	0	0	0	0	0	0	0	0	0	
0	0	0	0	0	0	0	0	0	0	0	0	0	0	0	0	0	0	0	0	0	0	0	0	0	0	0	0	0	0	0	0	0	0	0	0	
0	0	0	0	0	0	0	0	0	0	0	0	0	0	0	0	0	0	0	0	0	0	0	0	0	0	0	0	0	0	0	0	0	0	0	0	
0	0	0	0	0	0	0	0	0	0	0	0	0	0	0	0	0	0	0	0	0	0	0	0	0	0	0	0	0	0	0	0	0	0	0	0	
0	0	0	0	0	0	0	0	0	0	0	0	0	0	0	0	0	0	0	0	0	0	0	0	0	0	0	0	0	0	0	0	0	0	0	0	
0	0	0	0	0	0	0	0	0	0	0	0	0	0	0	0	0	0	0	0	0	0	0	0	0	0	0	0	0	0	0	0	0	0	0	0	
0	0	0	0	0	0	0	0	0	0	0	0	0	0	0	0	0	0	0	0	0	0	0	0	0	0	0	0	0	0	0	0	0	0	0	0	
0	0	0	0	0	0	0	0	0	0	0	0	0	0	0	0	0	0	0	0	0	0	0	0	0	0	0	0	0	0	0	0	0	0	0	0	
0	0	0	0	0	0	0	0	0	0	0	0	0	0	0	0	0	0	0	0	0	0	0	0	0	0	0	0	0	0	0	0	0	0	0	0	
0	0	0	0	0	0	0	0	0	0	0	0	0	0	0	0	0	0	0	0	0	0	0	0	0	0	0	0	0	0	0	0	0	0	0	0	
0	0	0	0	0	0	0	0	0	0	0	0	0	0	0	0	0	0	0	0	0	0	0	0	0	0	0	0	0	0	0	0	0	0	0	0	
0	0	0	0	0	0	0	0	0	0	0	0	0	0	0	0	0	0	0	0	0	0	0	0	0	0	0	0	0	0	0	0	0	0	0	0	
0	0	0	0	0	0	0	0	0	0	0	0	0	0	0	0	0	0	0	0	0	0	0	0	0	0	0	0	0	0	0	0	0	0	0	0	
0	0	0	0	0	0	0	0	0	0	0	0	0	0	0	0	0	0	0	0	0	0	0	0	0	0	0	0	0	0	0	0	0	0	0	0	
0	0	0	0	0	0	0	0	0	0	0	0	0	0	0	0	0	0	0	0	0	0	0	0	0	0	0	0	0	0	0	0	0	0	0	0	

Risultato:
Matrice C di dimensione 36 x 36:
6.773751	14.962869	6.702460	-2.395162	12.206373	4.329561	-0.400506	-6.243840	11.053410	13.782788	9.684055	12.774349	3.213400	2.218325	8.405577	-1.490126	-5.452674	-4.701283	9.708155	2.271484	-7.468621	3.164077	10.292610	11.873451	-14.970170	3.801176	6.502323	-17.541794	-2.868445	-15.186378	10.430672	-6.546864	4.771419	-0.043435	9.115267	9.684238	
5.722392	15.419189	0.189794	6.455926	-1.864442	-6.604142	15.430434	-8.780247	-8.250892	-12.603494	4.610629	6.160122	-3.751751	-4.429981	10.334336	2.217010	4.895798	4.457598	2.001201	2.105836	6.334961	12.442177	9.127801	-1.067901	9.061271	5.901921	10.571435	17.188633	13.172396	4.332354	8.672284	-1.439877	-0.970889	0.333323	0.625584	-12.670025	
10.848601	1.673814	12.229722	5.420440	4.586629	-12.083849	14.810579	14.279112	10.521150	5.572121	1.056839	7.071536	-14.807208	13.398146	-4.792196	9.299467	-5.796692	-12.326723	5.055501	11.103406	2.633282	5.426748	14.530872	-1.538028	10.250471	5.328669	0.973585	10.415040	6.202501	4.817234	18.676834	12.848852	-1.466388	-9.678124	-2.844136	-2.708574	
8.437159	-7.849338	-3.095625	9.125775	-2.304843	1.424329	8.033899	-1.725898	-2.825010	8.967662	-18.797277	11.276040	6.257251	3.916764	4.002297	-0.954657	2.682721	-4.388277	6.788674	15.175201	2.262249	-3.223519	-11.571204	2.685553	10.511354	7.932438	3.096581	13.624210	-11.686475	1.411265	10.686011	-0.869465	-4.233670	-1.032244	6.029240	0.611473	
1.976650	4.732876	-17.602740	3.677260	-0.238965	-3.220500	14.443397	-0.480425	-2.662629	1.255638	10.374373	15.944031	11.155806	4.317062	12.458477	-5.648570	-0.551936	0.803199	-8.423151	-5.635427	-5.311905	-8.515445	0.030779	-3.428187	-2.006032	-1.779045	6.438933	-4.444118	3.715995	10.915837	-5.561553	8.406601	14.667441	9.140291	3.378247	9.739819	
7.692523	-1.848177	1.045534	-6.178321	-13.237209	19.493811	-9.153001	-3.306492	-3.692205	11.304351	10.913635	0.235137	-0.155428	-2.691369	0.451229	17.307977	12.888678	5.585087	5.618136	2.646688	1.357830	8.804750	16.422791	-8.067926	3.692271	6.433657	7.109697	3.650680	-1.149850	-17.383980	3.812075	-6.917751	-7.248331	-6.276273	4.620424	4.135343	
-12.350915	1.413402	-9.250561	11.739844	-4.223164	8.536553	9.409258	2.430533	-1.785479	-15.122274	1.635205	-1.394695	-4.175387	-5.684707	2.253776	5.388255	8.488836	10.627552	-2.936693	9.982929	5.992670	-2.539460	2.879368	0.630175	6.484935	-2.072625	8.646088	-8.812255	15.982520	-0.244613	8.140057	18.779890	10.374485	6.838652	17.855566	7.155060	
-12.387091	-5.790407	2.147796	9.324027	10.932479	9.786054	4.290063	2.566538	11.296391	3.107832	-0.337485	-4.390252	6.270675	-6.200884	-3.378075	-5.014200	13.580875	1.448521	-16.238440	5.510884	-5.309392	8.667558	-5.307486	-10.257755	12.335134	11.304015	-0.560743	-16.130391	11.778454	9.483012	10.932585	-2.908365	1.306815	2.620426	1.207633	-7.287653	
5.756644	12.720356	2.686087	-4.451287	-6.295340	1.297169	5.886189	12.359311	1.247682	1.802181	-14.547582	-5.060471	-2.286093	5.147485	-3.294284	12.674852	7.334533	3.261229	12.815525	-7.680554	-3.429130	-2.032157	7.255998	15.618437	-7.786023	-13.458668	-4.981125	-12.642981	8.199401	-7.127571	-5.623130	12.008354	9.605653	18.996499	2.655154	-12.269931	
0.625714	-11.814451	2.036248	3.656592	-5.944994	6.549361	-0.342961	11.354220	-9.027298	-1.116049	3.068255	-3.839342	6.534412	0.018168	8.378073	1.743761	8.127915	16.578138	2.218182	8.068401	-0.321559	1.584196	7.302838	1.506544	11.918665	13.108341	14.586699	0.463708	9.555620	-0.314436	3.369957	7.389171	15.546535	13.487374	9.876524	11.113618	
-0.065727	8.563713	8.682840	-2.241923	0.663542	-1.130216	7.093525	11.709082	13.731603	0.859793	8.181370	-10.346084	-3.970001	17.609432	8.815811	12.510729	8.040975	-2.726277	-2.164827	5.752462	1.988667	-2.354386	-6.687463	5.316452	5.828587	2.507745	-7.188538	17.019326	9.309475	5.289471	-4.059866	4.255420	-1.570233	9.651443	-2.037580	-4.749228	
-8.442398	-0.047393	15.271317	6.328229	11.879359	-5.925605	10.814850	9.691195	6.046798	11.806931	5.609937	12.713447	14.020107	3.618429	-0.255599	6.301884	15.305151	-4.455220	1.198497	-4.994156	13.713594	2.129011	-3.283739	2.499466	-6.932794	0.945127	-9.916188	5.241581	4.130235	-17.634730	14.323430	3.007768	11.873486	-8.317768	16.289246	-5.944741	
8.320473	-16.637487	8.967097	-0.394208	11.194431	-0.089814	-0.944960	-15.660264	-4.229255	14.190205	-1.070381	10.703389	-4.073629	-6.734177	2.105355	5.913133	8.323114	0.359687	-4.192752	11.592230	-2.575662	-3.380323	-2.334541	11.382892	1.855920	10.957577	3.077406	-6.287367	-2.956607	-4.509127	-9.878545	13.897206	3.662470	0.218118	2.465599	14.267094	
2.850144	-4.215906	-8.924304	-13.227785	-11.047745	0.757462	-12.131377	9.382224	-2.082145	-5.409581	-3.004389	14.635459	12.221191	13.199295	-9.809086	9.954619	-0.870532	-6.753454	-1.978251	2.739732	10.061199	7.169436	8.095897	6.238206	8.205750	2.093825	9.894887	9.821147	-7.837365	-0.036132	-1.588613	-7.051350	10.192404	4.669965	9.197787	-3.708791	
3.871395	11.053056	13.866824	9.933405	3.857032	10.266233	-9.555216	-9.081386	9.743595	-1.828218	-15.679161	7.260320	13.493039	7.324190	-5.416525	3.822547	-5.306252	-6.524835	-2.967210	3.609497	1.120540	9.946131	-8.995464	6.962766	7.170303	8.401472	-13.887649	3.954216	9.432411	-0.232950	-10.807069	11.766369	14.721462	0.312444	3.950097	14.682799	
1.929894	-3.309731	7.309163	6.936586	-0.187076	9.975699	4.887192	1.682433	14.999207	12.173474	-7.252876	-1.715627	8.565129	1.114890	-3.875675	-17.800203	3.505629	6.743520	-14.774563	6.128943	13.938992	-10.760673	2.197531	-1.631573	5.422074	-12.466499	-2.820223	-8.900209	-7.548649	16.737999	-0.549469	-6.507600	10.933834	6.732842	-2.494055	-14.426310	
-2.750251	1.992182	-2.229610	12.279571	11.708175	12.515541	14.532791	2.583184	-9.987475	-7.418978	9.081788	8.424510	16.477965	7.287449	-4.036383	-13.235945	9.085480	-13.796721	-8.823935	-0.281925	12.239500	-3.403835	8.516236	6.032887	-4.153288	5.505341	11.183760	-0.287538	14.013045	12.284089	-0.585502	14.064840	0.851645	0.157268	-3.729377	15.070063	
-4.210521	2.771937	-11.987465	16.897449	2.701582	9.614261	4.841142	8.585627	-4.779596	1.488403	10.125843	10.314670	3.946059	2.575896	6.715844	-7.572026	12.742083	4.926136	2.522049	9.273192	16.398278	-14.074159	15.803436	5.328174	9.801425	8.055192	9.832494	13.716905	7.824064	6.458216	13.381408	-4.062287	9.390341	6.503185	9.921508	8.823169	
-2.540224	5.374787	7.935313	11.629251	13.369978	5.505545	0.369268	-2.861100	7.308378	4.844872	9.794011	3.428555	10.303090	3.423653	12.217641	5.821174	9.523523	-15.882647	2.183915	-7.144886	11.919887	7.415729	13.880370	3.976715	-10.775337	-12.903161	-5.309531	2.851405	9.269320	-1.176573	-2.386735	12.164861	17.430757	2.643341	-1.433347	9.243533	
-5.018219	11.494331	7.956646	1.316591	5.288929	2.004300	-1.737487	11.037902	8.150249	7.455385	12.377177	1.139527	-0.209388	2.168959	2.131846	-8.503760	-7.681559	4.445418	13.982290	-10.298275	-11.033655	-4.441638	13.269220	-5.768915	10.884645	12.751088	-9.004443	-5.040017	10.301728	-6.037471	-0.323821	-0.707772	5.149696	-10.988439	-7.515131	1.993789	
-2.247016	0.886524	5.513342	12.740843	13.698256	-8.290371	-1.308631	12.509034	-4.262027	12.477056	-0.223522	-1.666997	-3.291732	8.657052	12.391227	6.779218	-3.043012	1.882208	4.563540	14.422352	7.633537	0.872565	-2.806515	-14.163814	10.761503	8.302804	13.482536	11.680240	-5.612175	7.699365	-7.850610	1.279901	0.105240	9.375899	9.626837	-5.143179	
-2.908368	3.496006	0.447414	-8.579731	18.602791	2.951048	5.459975	10.504934	6.879930	17.978432	17.090241	14.576380	5.670500	7.614288	15.827495	0.340243	9.265646	14.287758	3.710934	-1.509188	-4.526448	2.140095	-2.245548	6.195974	11.382027	5.313743	0.092779	16.028220	-2.900510	9.209936	2.108039	8.426345	-0.285161	2.584629	1.264037	4.864221	
3.064767	7.658686	11.299367	8.860493	16.893838	13.087867	18.407971	3.747339	14.099973	16.985243	12.696154	-2.280521	12.585929	-5.946150	-9.838081	-1.381124	10.818796	-8.727426	3.677779	6.178009	-10.036060	-0.518153	-2.456133	3.262991	-5.441940	3.459380	1.484366	5.367686	6.539755	11.728677	-10.191552	12.150890	-8.219992	-2.494091	11.841955	13.165588	
-13.137095	4.829600	-7.165750	4.961419	9.090768	-3.068440	-16.982801	-7.014524	10.326829	10.268964	-11.214816	8.942414	-5.884652	1.882154	-4.301147	9.720212	14.960394	5.524338	11.585782	6.014205	-1.287515	7.441824	-1.786070	15.260208	-4.139249	-6.741037	-6.664689	11.830030	7.127405	3.609502	9.525610	7.058489	9.495198	1.040773	1.949935	6.739512	
11.338104	-9.564253	-3.523571	11.770858	-3.837456	13.279848	8.969536	1.462715	3.038463	1.925980	10.070135	-3.936590	17.816338	4.580220	-2.726082	-3.193831	7.867709	-1.517706	6.440101	-2.609646	18.293909	10.996863	-13.227688	18.304843	-7.459475	-6.271478	-17.332067	-10.888222	6.902157	3.445328	18.442976	-2.416724	5.504916	9.616414	11.856029	-1.837321	
2.151147	-0.309306	-11.963126	5.659330	3.494164	11.493528	-4.770101	-3.107497	4.652394	1.624606	-17.053105	-9.536577	7.800200	-12.033587	4.453342	0.335048	17.648267	17.738652	14.351725	-10.843980	5.874410	10.525255	11.540918	-5.718126	-4.777784	9.565732	9.246927	12.074765	9.500956	3.010266	7.203899	8.802801	0.497027	2.962171	12.299356	14.548824	
-9.203114	1.862140	-4.013139	-0.045857	10.097517	8.892637	-12.671818	14.163840	1.912556	2.487963	13.719696	6.388026	3.012985	-5.604744	16.006220	-6.156239	13.260608	-4.482651	5.508572	-19.517653	1.869857	-2.663707	-3.905818	-4.276444	1.414969	0.589813	2.952710	1.086656	-5.854622	0.174104	-5.635240	5.160978	14.615896	14.160816	-1.431623	-4.263178	
-10.003107	9.918299	5.880505	-5.401244	-0.810909	-8.416582	9.325270	-6.579296	-0.310156	3.925373	-0.727195	7.932276	3.212571	-0.912667	6.067615	3.846785	7.613785	8.888332	4.745219	1.581460	-5.855767	0.861435	9.047546	10.630852	14.586157	-10.429977	-6.403983	-3.846167	0.366797	10.319164	10.201871	7.482752	1.206517	-2.667226	11.728996	-4.626948	
14.498568	6.855502	-0.325505	0.085115	-13.958982	1.065604	4.882421	-11.032112	-14.387434	-1.984126	12.412668	3.769458	2.035798	6.749496	5.266491	4.045678	3.265668	13.527335	0.372600	9.587634	3.064343	-6.135025	-13.932737	9.899291	-8.749265	17.009233	6.040881	-3.667650	1.790495	1.689018	-4.285139	-2.101041	-2.224341	-4.298732	2.420927	6.237604	
4.353274	7.504038	-4.835307	7.187365	16.670025	0.890871	-6.841890	0.695669	14.451691	6.826534	12.197867	-8.087705	16.622191	8.476430	16.541700	4.320553	5.512123	14.791984	2.819765	-0.226395	-1.788262	-3.971091	9.539948	-9.104928	11.044883	-0.534737	12.711733	12.049009	-0.611649	8.197869	7.338071	13.134525	-0.059182	12.771563	-8.824899	6.943648	
15.216071	7.562368	-12.761219	6.348564	7.870060	3.564442	14.533283	4.293740	13.864096	1.751537	-0.846452	3.363943	-3.183707	13.675621	-15.485978	19.118425	10.603451	2.893413	17.000092	-0.218617	-4.124977	0.184844	11.205243	11.967372	-2.911004	6.268481	4.259395	6.334598	10.964608	-1.220362	15.391524	-2.462122	8.113527	17.795662	9.148361	2.874237	
2.979139	14.286231	11.685307	-7.095039	3.033191	13.383090	11.459806	4.631361	-8.306376	9.595769	-7.212775	-0.352153	14.557037	-5.932358	8.376417	7.957939	5.821605	18.742182	-10.226388	1.068572	-8.170838	-12.225459	12.653898	-6.647323	8.197616	17.674368	-1.868355	7.889189	1.308898	7.800922	10.863917	12.794438	11.184799	5.210507	11.655888	-1.399481	
-5.596162	1.618060	15.226668	-11.025956	3.482336	3.681877	14.389282	2.338268	-6.172404	6.699688	12.228583	8.428985	10.525183	8.521213	-1.030158	18.264964	11.506915	-7.023786	14.110412	4.031970	5.482069	-1.884936	-3.836348	16.641130	9.590481	5.650372	-1.807423	3.074684	-6.744678	8.837152	0.552108	5.982269	11.407218	11.474987	18.945626	-3.966407	
6.986494	4.794489	-13.940097	1.418914	-8.891030	-3.260675	9.327448	4.516616	3.158696	9.278129	0.828909	-1.462393	7.238610	-5.475348	3.818609	15.605237	1.415348	6.143534	-16.021602	-5.210342	-0.340556	-11.618958	11.991332	0.739697	3.303495	-4.808335	15.535646	-5.937262	1.430508	-0.171729	5.438681	7.612755	0.623668	-6.196734	-3.291432	8.532711	
16.486581	7.665709	-4.877912	-2.358467	-2.509271	-9.239414	6.995481	6.892359	13.148666	1.419541	-6.628491	4.569917	-8.587189	1.357026	7.660863	-1.386755	6.160448	12.711665	13.161426	-5.563164	9.439633	9.321552	-16.068575	2.220919	5.065484	16.609685	16.096685	10.399392	-6.082617	16.287014	11.391669	7.860485	4.195406	-2.831704	14.729208	-5.310812	
8.737272	-0.684449	13.758503	6.765377	5.308167	6.129265	7.275160	-2.159825	-6.737107	17.272939	1.002017	17.759761	17.926690	10.432182	4.374901	11.998301	9.266137	7.221433	2.047371	9.745350	14.633032	6.416826	-7.146819	9.794939	4.565087	-9.659477	6.029184	-3.447718	10.177891	9.235091	-1.974610	3.676851	10.621548	7.984466	4.050804	-14.349541	
