id_grid: 0, q_loc: 12
Vettore globale di dimensione 100:
-71.58
25.08
48.67
12.21
87.36
-84.41
39.61
-84.86
49.16
-32.96
25.32
46.87
32.20
62.53
71.11
98.18
3.26
38.91
60.31
60.32
8.87
99.80
12.03
-21.54
95.10
65.25
-26.15
66.15
-18.97
20.87
28.41
39.74
-48.42
-49.98
82.67
-10.21
60.39
-82.75
-65.92
78.03
-72.70
79.92
-7.78
7.52
79.60
-34.47
-65.82
74.87
23.16
3.48
28.74
61.48
96.15
70.53
-86.68
29.02
32.96
-42.40
-4.90
7.63
-48.42
80.45
44.37
-5.60
-96.31
-64.37
42.28
71.35
-50.87
-88.81
36.70
-75.43
95.37
4.79
-66.70
89.65
2.36
-10.90
14.38
8.43
97.84
19.49
69.88
81.70
-40.33
53.08
70.34
-55.03
52.96
-98.87
94.54
22.55
95.27
-0.93
18.29
41.34
31.86
62.10
63.59
40.72

Vettore locale di dimensione 12:
-71.58
-32.96
60.31
66.15
60.39
-34.47
-86.68
-5.60
95.37
19.49
94.54
40.72
