Inizio esecuzione.

Applicazione della strategia 3.


Processo n.3
La somma totale e' -0.000000

Processo n.4
La somma totale e' -0.000000

Processo n.5
La somma totale e' -0.000000

Processo n.6
La somma totale e' -0.000000

Processo n.7
La somma totale e' -0.000000

Applicazione della strategia 3 terminata in 4.873340e-04 sec

Processo n.2
La somma totale e' -0.000000
Processo n.1
La somma totale e' -0.000000
../output/prova1_time.csv aggiornato con successo!


Processo n.0
La somma totale e' -0.000000

Esecuzione terminata.
