Inizio esecuzione.

Applicazione della strategia 2.

Processo n.3
La somma totale e' -0.000000

Processo n.5
La somma totale e' 0.000000

Processo n.6
La somma totale e' -0.000000

Processo n.7
La somma totale e' -0.000000

Processo n.1
La somma totale e' 0.000000

Processo n.2
La somma totale e' 0.000000

Applicazione della strategia 2 terminata in 5.232500e-04 sec

Processo n.4
La somma totale e' -0.000000
../output/prova1_time.csv aggiornato con successo!


Processo n.0
La somma totale e' 0.000000

Esecuzione terminata.
