
Matrice A di dimensione 36 x 36:
-5.569670	7.924194	6.797574	2.472014	9.535799	-9.104083	7.916055	6.162741	-1.224157	8.551367	8.887533	9.282839	5.545423	6.304201	1.508558	-3.267001	0.255493	4.296783	5.244498	4.066770	0.341611	3.536055	-4.265806	9.202941	8.098920	0.756662	2.408825	-8.958712	-6.483650	2.069098	-9.018359	3.351745	3.763252	-3.224104	-9.925905	-9.277041	
-6.566033	-7.478175	5.735824	8.287982	1.421241	2.094033	8.059915	5.265804	-1.712287	7.975380	0.859574	9.835831	0.932570	-2.485526	-7.457097	7.805864	5.187361	-9.402032	1.043328	-2.238080	-8.046414	-7.733570	-6.541384	7.730943	8.958857	6.086667	1.489279	7.133735	9.011550	5.557285	7.064796	-9.186539	7.078927	7.986501	5.914711	1.687993	
-7.026995	5.106217	-0.716452	5.252634	7.374283	6.493379	8.216982	6.682979	5.511111	-7.760990	-3.820222	-5.927261	1.884624	-1.840903	4.833465	-4.231050	4.485009	-9.520635	1.541772	3.612103	9.976378	4.986089	-0.377675	0.787267	7.297910	0.472088	8.936168	4.852218	-8.840309	-5.853703	-3.660482	4.875961	-2.262285	1.909053	-9.991367	0.812505	
7.158581	9.004562	-6.731144	-6.336753	7.399986	-9.692879	3.664500	1.575217	1.421595	-3.844731	-1.063110	-9.693231	8.332709	2.175351	5.609860	-0.915483	-2.490427	1.898509	5.900725	5.021451	6.577913	6.359734	4.985159	7.240103	8.343793	-4.212592	7.790229	4.334134	-9.321918	-1.838085	-8.562227	8.032600	3.918132	0.157717	-5.471243	-9.234746	
-7.621119	7.809459	6.497924	-1.833691	6.021407	2.105298	-7.313376	-5.505655	1.268641	7.595687	2.729551	-0.032237	0.341617	9.675654	8.992634	-1.241617	-6.446956	5.941245	9.956119	0.414908	-2.143422	3.715380	-6.628846	7.144544	6.421636	-1.874524	-4.340771	9.194888	-3.658732	3.272801	-6.128959	-9.221495	-9.012346	-7.325112	3.548329	9.002545	
3.039507	7.178627	0.544657	4.415692	0.573806	8.496253	2.574033	1.204010	3.151105	-2.756648	-0.732885	5.435386	-7.460137	-7.933699	-8.817692	-2.143989	4.398298	4.798883	6.156518	-0.302972	-9.029029	-4.447934	4.530898	6.650571	3.005207	-0.176684	9.850583	-5.106737	0.594796	4.158671	0.851736	5.267151	5.691574	-2.960187	3.256962	9.418505	
8.260553	-6.078442	2.960017	2.602251	1.475723	-3.227864	6.034624	-8.141571	1.667646	1.862601	0.818136	5.244030	8.316226	6.629313	-5.629007	7.118817	1.698533	0.168254	1.548257	-5.804178	1.037388	4.070911	-9.075992	-8.315277	9.967133	9.485642	-5.223607	-9.255079	2.250504	2.478410	9.702863	3.029919	5.607848	8.402949	4.511793	3.172359	
7.506432	-3.035045	-3.823319	-0.002440	-0.016957	8.073266	-7.736753	-6.156571	-7.970176	4.079132	-5.531565	-8.553889	8.849929	-4.886698	9.666087	0.340265	-1.480138	4.962790	3.068059	2.008504	9.738221	-6.148708	-6.192429	7.358296	8.631557	9.019497	6.551545	-1.662044	3.748622	5.169526	7.499651	6.808316	1.338025	4.932663	4.498116	-4.320798	
2.802310	8.968136	1.566235	9.827065	5.221306	-5.602814	-3.610366	-1.325639	3.733070	-3.845430	-5.490815	6.754840	3.211519	3.727185	7.496593	-1.849503	7.389469	2.492121	8.612439	9.749263	4.469267	4.022330	-7.245056	8.065295	6.640006	-1.870490	8.496990	6.398677	-4.303909	8.115254	-5.112771	4.497840	7.058812	-6.737181	0.736833	0.112267	
-1.226213	-6.195731	-5.006671	4.901476	5.785141	7.953831	-0.886026	1.443435	-1.772317	2.976376	2.176880	7.785546	0.880963	8.136772	3.989530	7.038457	7.740035	-9.832601	-1.745733	-1.288607	3.093147	4.623444	-4.656652	-9.858196	-4.395631	6.233452	-9.643958	4.413150	4.304345	-7.013388	2.369853	2.977534	6.024914	9.194216	3.321134	-2.621699	
4.858803	5.745213	7.246650	3.214667	5.180055	8.043778	9.758022	1.318087	-6.323300	0.944320	5.232709	8.060569	6.206208	0.018352	9.451014	-2.303796	3.171937	-0.123833	9.202944	4.342745	5.499988	-9.395245	6.491150	4.981348	5.171391	-6.737589	-0.990558	2.634713	1.818014	4.147409	4.630653	-7.371689	-6.819270	6.391148	5.834089	6.072303	
7.018851	0.199574	3.760752	-8.383667	6.957862	5.940555	-9.944505	-0.083646	-2.107498	1.892485	-2.668709	-2.163539	-1.530759	6.674494	5.757542	8.267088	9.159799	-6.564116	5.258572	0.770096	4.560328	8.905518	5.103871	4.768862	-2.072780	7.492211	7.391768	-6.640121	4.134831	-6.310890	0.959486	7.314414	-6.019209	-4.667134	-1.026623	-2.047378	
7.675359	9.916316	6.538230	-3.762936	2.327763	-5.131926	5.799802	-9.340929	7.505969	5.497065	5.161499	1.261836	1.604248	3.435895	-1.939502	7.812883	4.500160	2.868188	-7.286918	1.587477	-8.966510	4.116177	2.409417	4.528477	-5.154112	-9.341533	3.701650	6.959961	4.615158	8.393429	9.312511	1.598086	-2.069381	4.208584	5.182391	8.003225	
4.048490	9.549056	6.799043	8.755243	2.407323	9.807647	4.998004	-7.633836	-7.629687	5.062940	7.507677	-9.255000	4.262001	-1.581830	-5.609272	-3.856525	1.451322	3.862533	4.151787	-9.234943	8.372249	6.433222	-4.055827	-3.670475	7.318060	-0.848331	4.332478	2.525232	-1.486809	-3.393243	-6.910558	6.081698	7.990271	-1.335280	-5.938850	-5.053422	
3.567230	2.346990	-2.300600	6.652106	2.399813	2.951468	-0.244618	9.018082	2.052463	3.177112	2.977866	1.389433	-9.639670	1.760982	-8.612289	-6.686429	-6.712882	-8.695451	5.152803	1.647684	-2.668107	8.570215	3.542817	-3.294998	2.399620	8.659768	8.662116	9.278597	-2.526687	0.846599	-8.701262	-3.940530	-3.298693	3.048208	3.890809	9.373749	
9.760980	4.673953	3.306607	5.517058	3.539105	4.004514	7.703190	-6.752087	3.669957	5.823303	-1.526722	-3.924605	6.675643	-6.682485	0.024798	8.400290	-9.137283	0.800055	-3.840430	1.182279	3.333934	6.885834	1.801101	3.496391	7.266929	1.119876	6.899081	-8.068568	-7.002040	-9.826388	0.246108	7.723238	2.392728	-5.640450	0.292958	8.244665	
1.543646	-5.545478	5.620872	7.692476	0.188589	2.075426	6.565234	2.904332	3.787053	3.049399	-2.270542	5.889678	0.565859	2.876847	3.847228	7.839763	4.180558	6.236786	9.811054	5.253310	4.806680	1.170488	4.677691	-2.617675	-6.080949	-2.250755	3.376013	-4.077348	3.047923	-7.730007	-0.217256	4.715006	1.876720	-3.667764	-3.319869	-7.173120	
6.921133	-8.697822	1.416036	9.929306	-3.201018	-4.104745	8.163148	6.396398	8.334214	1.045250	6.064475	-5.493059	7.391609	7.793178	-9.166177	8.992511	0.842605	8.327026	-4.325834	5.133622	6.912174	7.827190	6.867467	-6.060682	3.262847	4.497227	8.505394	0.672794	-4.040541	0.019076	-8.674568	6.254726	7.091111	7.304783	-5.354610	-9.186520	
-7.635132	0.746139	0.628604	5.377403	5.760818	5.010175	6.945889	1.155124	-5.290296	-9.800633	-7.114763	4.809474	1.559657	3.371713	3.899441	-4.542780	-8.437771	4.539363	3.981225	-5.226121	-4.851146	4.986608	-2.812937	8.496530	6.440605	0.886279	8.515055	4.190817	0.709556	6.859171	7.133762	-3.388870	2.685637	-8.044611	5.379065	-1.737445	
5.866480	-1.328574	9.166196	1.201164	3.657687	6.614243	-6.224776	8.099402	-8.163240	5.340521	-5.066764	7.438643	-7.194338	8.477664	-6.216265	9.580616	2.192785	-4.374038	-2.413898	7.695695	0.221777	-1.284193	-9.680705	5.895657	5.903759	3.461865	5.304109	-3.215195	-5.934891	8.205393	1.850837	-1.033682	7.651637	7.802847	-5.449179	-1.167140	
2.078979	2.737775	-6.799356	-1.869448	7.499243	2.055276	5.570588	5.105963	8.969974	-8.846114	2.635399	-5.375132	-5.421837	-8.172793	-7.057678	3.894303	2.610071	7.477630	4.866967	-7.125324	4.322096	1.777271	1.433485	-8.175459	-7.105980	7.986197	9.041118	-6.895993	5.613806	-7.258003	9.454662	-6.129176	6.028580	-7.730510	-0.175252	-9.817490	
-8.608004	0.379932	9.107222	8.679128	8.979624	0.375308	-0.821899	-3.352758	0.781431	9.733956	0.309941	3.819318	4.806534	5.703395	-9.588184	0.239157	-7.978862	2.378021	6.096678	7.299541	2.724383	-2.760739	2.969325	4.915241	1.738159	7.919465	5.184336	-2.204380	-0.880784	-1.340284	0.777541	7.572020	4.740216	3.392573	4.809992	7.124007	
-0.906436	4.442722	5.932749	1.276819	6.199219	-0.033170	-8.567148	1.997015	-8.776545	8.950806	0.688420	-6.563342	1.256684	1.266509	3.609018	5.967453	-6.583087	-1.027745	0.277865	-7.789818	-7.069097	0.020284	6.013749	-0.981684	-5.068547	6.569495	7.157522	0.229225	-3.534874	7.096955	1.181522	2.478415	3.915704	5.398785	2.693901	3.834944	
1.672001	-0.366153	5.197625	7.312093	3.396682	-8.176506	-1.407903	1.476454	4.099275	5.317311	-2.297163	0.372134	5.730701	8.048764	1.673289	1.887461	-9.262472	5.750821	3.991220	-2.188898	-5.406543	-0.310560	0.644532	1.511848	6.830053	8.010167	-7.682810	-7.148343	6.995207	1.444690	0.574847	0.021304	-6.829434	2.049736	8.137610	-8.352858	
-6.613853	4.063091	7.348337	2.356586	-7.526968	2.591360	-5.017021	4.295271	0.853737	4.687880	8.046789	4.916955	2.264567	8.683152	5.583447	0.663353	-8.250461	6.172750	1.764490	3.083432	-5.439173	1.531288	-4.721593	1.983827	4.146759	7.871042	7.473220	-6.823278	8.684376	8.895212	0.377124	-6.177424	0.468841	6.052595	8.052637	6.553457	
8.590896	0.297924	3.871775	-4.325549	7.116994	3.301239	9.691637	6.440037	7.523296	1.956117	8.486190	-5.776028	-4.424180	2.106896	-3.840383	2.940587	8.858105	-7.244396	-9.711941	1.635128	-4.904944	-1.165576	4.804724	-4.536212	2.050861	7.369452	-1.340364	9.539877	-5.649752	-7.684941	4.642124	5.677604	-7.930910	3.836251	-6.494489	1.771141	
3.488689	2.171089	4.950038	5.310424	6.972405	8.777752	4.485826	8.033459	4.178595	2.493484	6.459309	2.262543	4.482578	9.797224	-9.169773	-8.152317	0.815793	-8.516579	8.290456	2.428837	9.311197	3.010533	-3.088316	-1.745201	4.266279	-0.958984	-0.496461	5.716332	-2.693624	9.551868	5.102485	6.747019	4.574249	-6.423607	2.473893	0.420059	
0.714493	-9.242900	8.138480	-9.441533	4.813629	5.620937	7.810212	-3.944606	-0.265849	-5.432368	-9.364665	-9.843381	5.649599	-9.480028	7.193845	4.099876	0.143369	2.352221	1.785312	7.510269	8.497844	7.039349	-2.183724	-9.201399	-8.344934	2.673590	-7.642687	4.894622	-0.512783	8.969109	-1.779698	5.319653	5.333131	8.168080	4.641839	-1.412517	
7.799965	4.430926	3.667298	-8.617921	2.005646	8.337861	-1.324473	9.301674	-8.758948	9.262089	9.683347	9.141013	2.759470	1.617781	-9.364287	0.373442	-4.512477	-7.745579	-1.572680	-7.745119	9.297074	4.355088	-9.955058	-3.915716	-9.154783	1.623282	0.056920	-9.489131	-9.565793	5.144051	8.724274	-3.781705	5.051620	6.900894	-8.480930	4.611837	
6.526840	-8.399880	4.303778	9.135296	-9.432412	5.461877	0.742284	6.666170	-5.235837	3.466381	5.496281	0.434973	-0.168816	-7.256550	2.143288	-0.956179	9.411700	-9.822111	4.198019	-5.254091	1.082918	-6.598304	6.781854	-2.294059	7.354051	-6.114179	7.041823	0.056338	-2.810307	2.091070	5.133818	0.410809	-1.338518	-9.134117	4.157895	5.483186	
-1.451402	7.700316	0.388551	-1.881828	0.472450	-7.680652	4.535640	6.494483	9.219962	1.362257	-2.074807	-4.666817	6.452316	-3.116101	6.833444	6.405338	-3.243990	5.886719	5.578500	8.183260	3.486766	-4.821916	-4.300967	4.622593	9.062308	1.491423	3.487679	4.740753	6.302175	6.553023	-2.259501	5.000625	4.496211	9.890421	7.928916	0.352090	
4.917538	-2.371188	5.393482	7.323940	5.175502	0.847656	6.185318	5.902808	4.130075	1.871734	-5.018658	-9.672325	-3.024590	9.110817	7.132245	1.295628	0.995672	-0.041178	0.902195	8.925315	0.212933	4.716443	4.588900	8.167748	3.674923	2.006830	2.662258	0.513273	0.141617	8.451064	-2.872908	9.162122	-5.757144	-1.452927	8.659225	9.715132	
9.834180	3.070161	5.860003	4.438866	2.340021	9.707821	4.295326	8.133090	-5.625081	4.638250	-6.551119	-4.185630	7.283460	-2.761097	1.141824	-3.612523	2.535825	2.872264	7.775676	9.583119	-8.940408	1.125300	8.603361	3.586862	2.881757	4.762890	0.380907	8.317789	2.607910	1.852320	9.344247	1.942680	7.589600	-1.816068	5.340156	-6.339428	
6.870006	0.003352	3.583459	-0.536557	-8.466487	4.842401	4.290239	1.959827	0.233724	-6.657704	1.181155	-2.550660	9.480413	2.163914	-7.918336	4.964638	7.152704	3.489193	9.583729	4.431471	3.961811	3.002268	9.227939	4.834956	9.662423	-7.049619	1.152906	8.748823	6.761906	4.129597	5.298105	8.170606	-2.428229	-4.839807	-3.179167	0.905688	
0.504912	8.961549	9.130154	7.019064	3.730794	3.699378	2.264097	-2.048902	1.140373	2.398453	6.725455	0.504649	-5.497526	2.305895	2.416506	9.313805	4.828995	1.231195	-8.588775	8.854771	4.706910	8.300143	4.175089	6.609432	5.557844	-0.139537	6.463482	9.865993	-0.533740	5.015040	1.083133	-3.784572	3.063253	3.033628	-6.619989	-1.162622	
2.792876	-6.601741	5.928024	-5.019714	4.403954	-4.592850	2.566822	3.448937	0.076863	-6.204193	3.368303	7.335052	4.265081	6.491591	-3.592283	8.867606	1.218639	6.642185	5.732098	8.186157	8.844815	4.709759	-4.018902	1.066280	2.079899	5.807452	7.753691	4.678938	-7.570246	-3.589566	1.635974	-4.813600	3.304164	3.492149	-9.239843	1.437095	

Matrice B di dimensione 36 x 36:
1	0	0	0	0	0	0	0	0	0	0	0	0	0	0	0	0	0	0	0	0	0	0	0	0	0	0	0	0	0	0	0	0	0	0	0	
0	1	0	0	0	0	0	0	0	0	0	0	0	0	0	0	0	0	0	0	0	0	0	0	0	0	0	0	0	0	0	0	0	0	0	0	
0	0	1	0	0	0	0	0	0	0	0	0	0	0	0	0	0	0	0	0	0	0	0	0	0	0	0	0	0	0	0	0	0	0	0	0	
0	0	0	1	0	0	0	0	0	0	0	0	0	0	0	0	0	0	0	0	0	0	0	0	0	0	0	0	0	0	0	0	0	0	0	0	
0	0	0	0	1	0	0	0	0	0	0	0	0	0	0	0	0	0	0	0	0	0	0	0	0	0	0	0	0	0	0	0	0	0	0	0	
0	0	0	0	0	1	0	0	0	0	0	0	0	0	0	0	0	0	0	0	0	0	0	0	0	0	0	0	0	0	0	0	0	0	0	0	
0	0	0	0	0	0	1	0	0	0	0	0	0	0	0	0	0	0	0	0	0	0	0	0	0	0	0	0	0	0	0	0	0	0	0	0	
0	0	0	0	0	0	0	1	0	0	0	0	0	0	0	0	0	0	0	0	0	0	0	0	0	0	0	0	0	0	0	0	0	0	0	0	
0	0	0	0	0	0	0	0	1	0	0	0	0	0	0	0	0	0	0	0	0	0	0	0	0	0	0	0	0	0	0	0	0	0	0	0	
0	0	0	0	0	0	0	0	0	1	0	0	0	0	0	0	0	0	0	0	0	0	0	0	0	0	0	0	0	0	0	0	0	0	0	0	
0	0	0	0	0	0	0	0	0	0	1	0	0	0	0	0	0	0	0	0	0	0	0	0	0	0	0	0	0	0	0	0	0	0	0	0	
0	0	0	0	0	0	0	0	0	0	0	1	0	0	0	0	0	0	0	0	0	0	0	0	0	0	0	0	0	0	0	0	0	0	0	0	
0	0	0	0	0	0	0	0	0	0	0	0	1	0	0	0	0	0	0	0	0	0	0	0	0	0	0	0	0	0	0	0	0	0	0	0	
0	0	0	0	0	0	0	0	0	0	0	0	0	1	0	0	0	0	0	0	0	0	0	0	0	0	0	0	0	0	0	0	0	0	0	0	
0	0	0	0	0	0	0	0	0	0	0	0	0	0	1	0	0	0	0	0	0	0	0	0	0	0	0	0	0	0	0	0	0	0	0	0	
0	0	0	0	0	0	0	0	0	0	0	0	0	0	0	1	0	0	0	0	0	0	0	0	0	0	0	0	0	0	0	0	0	0	0	0	
0	0	0	0	0	0	0	0	0	0	0	0	0	0	0	0	1	0	0	0	0	0	0	0	0	0	0	0	0	0	0	0	0	0	0	0	
0	0	0	0	0	0	0	0	0	0	0	0	0	0	0	0	0	1	0	0	0	0	0	0	0	0	0	0	0	0	0	0	0	0	0	0	
0	0	0	0	0	0	0	0	0	0	0	0	0	0	0	0	0	0	1	0	0	0	0	0	0	0	0	0	0	0	0	0	0	0	0	0	
0	0	0	0	0	0	0	0	0	0	0	0	0	0	0	0	0	0	0	1	0	0	0	0	0	0	0	0	0	0	0	0	0	0	0	0	
0	0	0	0	0	0	0	0	0	0	0	0	0	0	0	0	0	0	0	0	1	0	0	0	0	0	0	0	0	0	0	0	0	0	0	0	
0	0	0	0	0	0	0	0	0	0	0	0	0	0	0	0	0	0	0	0	0	1	0	0	0	0	0	0	0	0	0	0	0	0	0	0	
0	0	0	0	0	0	0	0	0	0	0	0	0	0	0	0	0	0	0	0	0	0	1	0	0	0	0	0	0	0	0	0	0	0	0	0	
0	0	0	0	0	0	0	0	0	0	0	0	0	0	0	0	0	0	0	0	0	0	0	1	0	0	0	0	0	0	0	0	0	0	0	0	
0	0	0	0	0	0	0	0	0	0	0	0	0	0	0	0	0	0	0	0	0	0	0	0	1	0	0	0	0	0	0	0	0	0	0	0	
0	0	0	0	0	0	0	0	0	0	0	0	0	0	0	0	0	0	0	0	0	0	0	0	0	1	0	0	0	0	0	0	0	0	0	0	
0	0	0	0	0	0	0	0	0	0	0	0	0	0	0	0	0	0	0	0	0	0	0	0	0	0	1	0	0	0	0	0	0	0	0	0	
0	0	0	0	0	0	0	0	0	0	0	0	0	0	0	0	0	0	0	0	0	0	0	0	0	0	0	1	0	0	0	0	0	0	0	0	
0	0	0	0	0	0	0	0	0	0	0	0	0	0	0	0	0	0	0	0	0	0	0	0	0	0	0	0	1	0	0	0	0	0	0	0	
0	0	0	0	0	0	0	0	0	0	0	0	0	0	0	0	0	0	0	0	0	0	0	0	0	0	0	0	0	1	0	0	0	0	0	0	
0	0	0	0	0	0	0	0	0	0	0	0	0	0	0	0	0	0	0	0	0	0	0	0	0	0	0	0	0	0	1	0	0	0	0	0	
0	0	0	0	0	0	0	0	0	0	0	0	0	0	0	0	0	0	0	0	0	0	0	0	0	0	0	0	0	0	0	1	0	0	0	0	
0	0	0	0	0	0	0	0	0	0	0	0	0	0	0	0	0	0	0	0	0	0	0	0	0	0	0	0	0	0	0	0	1	0	0	0	
0	0	0	0	0	0	0	0	0	0	0	0	0	0	0	0	0	0	0	0	0	0	0	0	0	0	0	0	0	0	0	0	0	1	0	0	
0	0	0	0	0	0	0	0	0	0	0	0	0	0	0	0	0	0	0	0	0	0	0	0	0	0	0	0	0	0	0	0	0	0	1	0	
0	0	0	0	0	0	0	0	0	0	0	0	0	0	0	0	0	0	0	0	0	0	0	0	0	0	0	0	0	0	0	0	0	0	0	1	

Risultato:
Matrice C di dimensione 36 x 36:
-5.569670	7.924194	6.797574	2.472014	9.535799	-9.104083	7.916055	6.162741	-1.224157	8.551367	8.887533	9.282839	5.545423	6.304201	1.508558	-3.267001	0.255493	4.296783	5.244498	4.066770	0.341611	3.536055	-4.265806	9.202941	8.098920	0.756662	2.408825	-8.958712	-6.483650	2.069098	-9.018359	3.351745	3.763252	-3.224104	-9.925905	-9.277041	
-6.566033	-7.478175	5.735824	8.287982	1.421241	2.094033	8.059915	5.265804	-1.712287	7.975380	0.859574	9.835831	0.932570	-2.485526	-7.457097	7.805864	5.187361	-9.402032	1.043328	-2.238080	-8.046414	-7.733570	-6.541384	7.730943	8.958857	6.086667	1.489279	7.133735	9.011550	5.557285	7.064796	-9.186539	7.078927	7.986501	5.914711	1.687993	
-7.026995	5.106217	-0.716452	5.252634	7.374283	6.493379	8.216982	6.682979	5.511111	-7.760990	-3.820222	-5.927261	1.884624	-1.840903	4.833465	-4.231050	4.485009	-9.520635	1.541772	3.612103	9.976378	4.986089	-0.377675	0.787267	7.297910	0.472088	8.936168	4.852218	-8.840309	-5.853703	-3.660482	4.875961	-2.262285	1.909053	-9.991367	0.812505	
7.158581	9.004562	-6.731144	-6.336753	7.399986	-9.692879	3.664500	1.575217	1.421595	-3.844731	-1.063110	-9.693231	8.332709	2.175351	5.609860	-0.915483	-2.490427	1.898509	5.900725	5.021451	6.577913	6.359734	4.985159	7.240103	8.343793	-4.212592	7.790229	4.334134	-9.321918	-1.838085	-8.562227	8.032600	3.918132	0.157717	-5.471243	-9.234746	
-7.621119	7.809459	6.497924	-1.833691	6.021407	2.105298	-7.313376	-5.505655	1.268641	7.595687	2.729551	-0.032237	0.341617	9.675654	8.992634	-1.241617	-6.446956	5.941245	9.956119	0.414908	-2.143422	3.715380	-6.628846	7.144544	6.421636	-1.874524	-4.340771	9.194888	-3.658732	3.272801	-6.128959	-9.221495	-9.012346	-7.325112	3.548329	9.002545	
3.039507	7.178627	0.544657	4.415692	0.573806	8.496253	2.574033	1.204010	3.151105	-2.756648	-0.732885	5.435386	-7.460137	-7.933699	-8.817692	-2.143989	4.398298	4.798883	6.156518	-0.302972	-9.029029	-4.447934	4.530898	6.650571	3.005207	-0.176684	9.850583	-5.106737	0.594796	4.158671	0.851736	5.267151	5.691574	-2.960187	3.256962	9.418505	
8.260553	-6.078442	2.960017	2.602251	1.475723	-3.227864	6.034624	-8.141571	1.667646	1.862601	0.818136	5.244030	8.316226	6.629313	-5.629007	7.118817	1.698533	0.168254	1.548257	-5.804178	1.037388	4.070911	-9.075992	-8.315277	9.967133	9.485642	-5.223607	-9.255079	2.250504	2.478410	9.702863	3.029919	5.607848	8.402949	4.511793	3.172359	
7.506432	-3.035045	-3.823319	-0.002440	-0.016957	8.073266	-7.736753	-6.156571	-7.970176	4.079132	-5.531565	-8.553889	8.849929	-4.886698	9.666087	0.340265	-1.480138	4.962790	3.068059	2.008504	9.738221	-6.148708	-6.192429	7.358296	8.631557	9.019497	6.551545	-1.662044	3.748622	5.169526	7.499651	6.808316	1.338025	4.932663	4.498116	-4.320798	
2.802310	8.968136	1.566235	9.827065	5.221306	-5.602814	-3.610366	-1.325639	3.733070	-3.845430	-5.490815	6.754840	3.211519	3.727185	7.496593	-1.849503	7.389469	2.492121	8.612439	9.749263	4.469267	4.022330	-7.245056	8.065295	6.640006	-1.870490	8.496990	6.398677	-4.303909	8.115254	-5.112771	4.497840	7.058812	-6.737181	0.736833	0.112267	
-1.226213	-6.195731	-5.006671	4.901476	5.785141	7.953831	-0.886026	1.443435	-1.772317	2.976376	2.176880	7.785546	0.880963	8.136772	3.989530	7.038457	7.740035	-9.832601	-1.745733	-1.288607	3.093147	4.623444	-4.656652	-9.858196	-4.395631	6.233452	-9.643958	4.413150	4.304345	-7.013388	2.369853	2.977534	6.024914	9.194216	3.321134	-2.621699	
4.858803	5.745213	7.246650	3.214667	5.180055	8.043778	9.758022	1.318087	-6.323300	0.944320	5.232709	8.060569	6.206208	0.018352	9.451014	-2.303796	3.171937	-0.123833	9.202944	4.342745	5.499988	-9.395245	6.491150	4.981348	5.171391	-6.737589	-0.990558	2.634713	1.818014	4.147409	4.630653	-7.371689	-6.819270	6.391148	5.834089	6.072303	
7.018851	0.199574	3.760752	-8.383667	6.957862	5.940555	-9.944505	-0.083646	-2.107498	1.892485	-2.668709	-2.163539	-1.530759	6.674494	5.757542	8.267088	9.159799	-6.564116	5.258572	0.770096	4.560328	8.905518	5.103871	4.768862	-2.072780	7.492211	7.391768	-6.640121	4.134831	-6.310890	0.959486	7.314414	-6.019209	-4.667134	-1.026623	-2.047378	
7.675359	9.916316	6.538230	-3.762936	2.327763	-5.131926	5.799802	-9.340929	7.505969	5.497065	5.161499	1.261836	1.604248	3.435895	-1.939502	7.812883	4.500160	2.868188	-7.286918	1.587477	-8.966510	4.116177	2.409417	4.528477	-5.154112	-9.341533	3.701650	6.959961	4.615158	8.393429	9.312511	1.598086	-2.069381	4.208584	5.182391	8.003225	
4.048490	9.549056	6.799043	8.755243	2.407323	9.807647	4.998004	-7.633836	-7.629687	5.062940	7.507677	-9.255000	4.262001	-1.581830	-5.609272	-3.856525	1.451322	3.862533	4.151787	-9.234943	8.372249	6.433222	-4.055827	-3.670475	7.318060	-0.848331	4.332478	2.525232	-1.486809	-3.393243	-6.910558	6.081698	7.990271	-1.335280	-5.938850	-5.053422	
3.567230	2.346990	-2.300600	6.652106	2.399813	2.951468	-0.244618	9.018082	2.052463	3.177112	2.977866	1.389433	-9.639670	1.760982	-8.612289	-6.686429	-6.712882	-8.695451	5.152803	1.647684	-2.668107	8.570215	3.542817	-3.294998	2.399620	8.659768	8.662116	9.278597	-2.526687	0.846599	-8.701262	-3.940530	-3.298693	3.048208	3.890809	9.373749	
9.760980	4.673953	3.306607	5.517058	3.539105	4.004514	7.703190	-6.752087	3.669957	5.823303	-1.526722	-3.924605	6.675643	-6.682485	0.024798	8.400290	-9.137283	0.800055	-3.840430	1.182279	3.333934	6.885834	1.801101	3.496391	7.266929	1.119876	6.899081	-8.068568	-7.002040	-9.826388	0.246108	7.723238	2.392728	-5.640450	0.292958	8.244665	
1.543646	-5.545478	5.620872	7.692476	0.188589	2.075426	6.565234	2.904332	3.787053	3.049399	-2.270542	5.889678	0.565859	2.876847	3.847228	7.839763	4.180558	6.236786	9.811054	5.253310	4.806680	1.170488	4.677691	-2.617675	-6.080949	-2.250755	3.376013	-4.077348	3.047923	-7.730007	-0.217256	4.715006	1.876720	-3.667764	-3.319869	-7.173120	
6.921133	-8.697822	1.416036	9.929306	-3.201018	-4.104745	8.163148	6.396398	8.334214	1.045250	6.064475	-5.493059	7.391609	7.793178	-9.166177	8.992511	0.842605	8.327026	-4.325834	5.133622	6.912174	7.827190	6.867467	-6.060682	3.262847	4.497227	8.505394	0.672794	-4.040541	0.019076	-8.674568	6.254726	7.091111	7.304783	-5.354610	-9.186520	
-7.635132	0.746139	0.628604	5.377403	5.760818	5.010175	6.945889	1.155124	-5.290296	-9.800633	-7.114763	4.809474	1.559657	3.371713	3.899441	-4.542780	-8.437771	4.539363	3.981225	-5.226121	-4.851146	4.986608	-2.812937	8.496530	6.440605	0.886279	8.515055	4.190817	0.709556	6.859171	7.133762	-3.388870	2.685637	-8.044611	5.379065	-1.737445	
5.866480	-1.328574	9.166196	1.201164	3.657687	6.614243	-6.224776	8.099402	-8.163240	5.340521	-5.066764	7.438643	-7.194338	8.477664	-6.216265	9.580616	2.192785	-4.374038	-2.413898	7.695695	0.221777	-1.284193	-9.680705	5.895657	5.903759	3.461865	5.304109	-3.215195	-5.934891	8.205393	1.850837	-1.033682	7.651637	7.802847	-5.449179	-1.167140	
2.078979	2.737775	-6.799356	-1.869448	7.499243	2.055276	5.570588	5.105963	8.969974	-8.846114	2.635399	-5.375132	-5.421837	-8.172793	-7.057678	3.894303	2.610071	7.477630	4.866967	-7.125324	4.322096	1.777271	1.433485	-8.175459	-7.105980	7.986197	9.041118	-6.895993	5.613806	-7.258003	9.454662	-6.129176	6.028580	-7.730510	-0.175252	-9.817490	
-8.608004	0.379932	9.107222	8.679128	8.979624	0.375308	-0.821899	-3.352758	0.781431	9.733956	0.309941	3.819318	4.806534	5.703395	-9.588184	0.239157	-7.978862	2.378021	6.096678	7.299541	2.724383	-2.760739	2.969325	4.915241	1.738159	7.919465	5.184336	-2.204380	-0.880784	-1.340284	0.777541	7.572020	4.740216	3.392573	4.809992	7.124007	
-0.906436	4.442722	5.932749	1.276819	6.199219	-0.033170	-8.567148	1.997015	-8.776545	8.950806	0.688420	-6.563342	1.256684	1.266509	3.609018	5.967453	-6.583087	-1.027745	0.277865	-7.789818	-7.069097	0.020284	6.013749	-0.981684	-5.068547	6.569495	7.157522	0.229225	-3.534874	7.096955	1.181522	2.478415	3.915704	5.398785	2.693901	3.834944	
1.672001	-0.366153	5.197625	7.312093	3.396682	-8.176506	-1.407903	1.476454	4.099275	5.317311	-2.297163	0.372134	5.730701	8.048764	1.673289	1.887461	-9.262472	5.750821	3.991220	-2.188898	-5.406543	-0.310560	0.644532	1.511848	6.830053	8.010167	-7.682810	-7.148343	6.995207	1.444690	0.574847	0.021304	-6.829434	2.049736	8.137610	-8.352858	
-6.613853	4.063091	7.348337	2.356586	-7.526968	2.591360	-5.017021	4.295271	0.853737	4.687880	8.046789	4.916955	2.264567	8.683152	5.583447	0.663353	-8.250461	6.172750	1.764490	3.083432	-5.439173	1.531288	-4.721593	1.983827	4.146759	7.871042	7.473220	-6.823278	8.684376	8.895212	0.377124	-6.177424	0.468841	6.052595	8.052637	6.553457	
8.590896	0.297924	3.871775	-4.325549	7.116994	3.301239	9.691637	6.440037	7.523296	1.956117	8.486190	-5.776028	-4.424180	2.106896	-3.840383	2.940587	8.858105	-7.244396	-9.711941	1.635128	-4.904944	-1.165576	4.804724	-4.536212	2.050861	7.369452	-1.340364	9.539877	-5.649752	-7.684941	4.642124	5.677604	-7.930910	3.836251	-6.494489	1.771141	
3.488689	2.171089	4.950038	5.310424	6.972405	8.777752	4.485826	8.033459	4.178595	2.493484	6.459309	2.262543	4.482578	9.797224	-9.169773	-8.152317	0.815793	-8.516579	8.290456	2.428837	9.311197	3.010533	-3.088316	-1.745201	4.266279	-0.958984	-0.496461	5.716332	-2.693624	9.551868	5.102485	6.747019	4.574249	-6.423607	2.473893	0.420059	
0.714493	-9.242900	8.138480	-9.441533	4.813629	5.620937	7.810212	-3.944606	-0.265849	-5.432368	-9.364665	-9.843381	5.649599	-9.480028	7.193845	4.099876	0.143369	2.352221	1.785312	7.510269	8.497844	7.039349	-2.183724	-9.201399	-8.344934	2.673590	-7.642687	4.894622	-0.512783	8.969109	-1.779698	5.319653	5.333131	8.168080	4.641839	-1.412517	
7.799965	4.430926	3.667298	-8.617921	2.005646	8.337861	-1.324473	9.301674	-8.758948	9.262089	9.683347	9.141013	2.759470	1.617781	-9.364287	0.373442	-4.512477	-7.745579	-1.572680	-7.745119	9.297074	4.355088	-9.955058	-3.915716	-9.154783	1.623282	0.056920	-9.489131	-9.565793	5.144051	8.724274	-3.781705	5.051620	6.900894	-8.480930	4.611837	
6.526840	-8.399880	4.303778	9.135296	-9.432412	5.461877	0.742284	6.666170	-5.235837	3.466381	5.496281	0.434973	-0.168816	-7.256550	2.143288	-0.956179	9.411700	-9.822111	4.198019	-5.254091	1.082918	-6.598304	6.781854	-2.294059	7.354051	-6.114179	7.041823	0.056338	-2.810307	2.091070	5.133818	0.410809	-1.338518	-9.134117	4.157895	5.483186	
-1.451402	7.700316	0.388551	-1.881828	0.472450	-7.680652	4.535640	6.494483	9.219962	1.362257	-2.074807	-4.666817	6.452316	-3.116101	6.833444	6.405338	-3.243990	5.886719	5.578500	8.183260	3.486766	-4.821916	-4.300967	4.622593	9.062308	1.491423	3.487679	4.740753	6.302175	6.553023	-2.259501	5.000625	4.496211	9.890421	7.928916	0.352090	
4.917538	-2.371188	5.393482	7.323940	5.175502	0.847656	6.185318	5.902808	4.130075	1.871734	-5.018658	-9.672325	-3.024590	9.110817	7.132245	1.295628	0.995672	-0.041178	0.902195	8.925315	0.212933	4.716443	4.588900	8.167748	3.674923	2.006830	2.662258	0.513273	0.141617	8.451064	-2.872908	9.162122	-5.757144	-1.452927	8.659225	9.715132	
9.834180	3.070161	5.860003	4.438866	2.340021	9.707821	4.295326	8.133090	-5.625081	4.638250	-6.551119	-4.185630	7.283460	-2.761097	1.141824	-3.612523	2.535825	2.872264	7.775676	9.583119	-8.940408	1.125300	8.603361	3.586862	2.881757	4.762890	0.380907	8.317789	2.607910	1.852320	9.344247	1.942680	7.589600	-1.816068	5.340156	-6.339428	
6.870006	0.003352	3.583459	-0.536557	-8.466487	4.842401	4.290239	1.959827	0.233724	-6.657704	1.181155	-2.550660	9.480413	2.163914	-7.918336	4.964638	7.152704	3.489193	9.583729	4.431471	3.961811	3.002268	9.227939	4.834956	9.662423	-7.049619	1.152906	8.748823	6.761906	4.129597	5.298105	8.170606	-2.428229	-4.839807	-3.179167	0.905688	
0.504912	8.961549	9.130154	7.019064	3.730794	3.699378	2.264097	-2.048902	1.140373	2.398453	6.725455	0.504649	-5.497526	2.305895	2.416506	9.313805	4.828995	1.231195	-8.588775	8.854771	4.706910	8.300143	4.175089	6.609432	5.557844	-0.139537	6.463482	9.865993	-0.533740	5.015040	1.083133	-3.784572	3.063253	3.033628	-6.619989	-1.162622	
2.792876	-6.601741	5.928024	-5.019714	4.403954	-4.592850	2.566822	3.448937	0.076863	-6.204193	3.368303	7.335052	4.265081	6.491591	-3.592283	8.867606	1.218639	6.642185	5.732098	8.186157	8.844815	4.709759	-4.018902	1.066280	2.079899	5.807452	7.753691	4.678938	-7.570246	-3.589566	1.635974	-4.813600	3.304164	3.492149	-9.239843	1.437095	
