
Matrice A di dimensione 36 x 36:
-5.361809	-6.897239	6.954886	9.743802	5.869983	6.250745	7.783213	4.801585	6.418134	3.511043	6.335794	-2.310993	4.617536	5.026148	9.464122	-2.760497	2.529403	5.462178	4.748047	0.820326	1.200319	4.479038	-1.368041	9.533502	3.109509	2.251381	-0.422924	7.093075	4.816517	3.256728	6.326594	9.212321	2.162863	-2.010286	4.852462	-0.628229	
5.003473	6.432284	-3.244523	4.962996	6.741063	-9.996015	9.495180	4.888846	7.704432	8.390451	-9.803475	4.601446	4.127588	7.590579	-4.044172	-4.104655	-0.024347	-4.277984	-1.136289	-3.776408	4.973211	6.272909	-4.476225	9.116330	4.228870	9.677664	-1.418880	-8.617176	7.486519	-5.216731	0.609482	0.769448	-5.769929	8.807478	1.816036	-0.406915	
7.835924	0.214271	4.077019	2.959830	4.475546	-6.408328	4.813930	1.795348	-7.329383	-7.327891	5.026396	-1.460401	4.087485	5.591775	-8.576074	8.722494	7.775529	8.631845	2.032812	-9.075048	5.115949	8.157015	4.254327	5.620269	-9.738398	8.199940	0.504248	-9.946487	1.213728	9.554656	5.240594	8.408435	2.536909	8.502734	9.281296	6.392662	
-9.278739	-6.657803	-2.790924	6.308693	3.915122	-5.248330	7.562243	2.877917	2.008992	8.529944	5.185834	0.099435	3.418006	-1.832348	6.703109	5.735543	-3.141109	0.490181	-6.318472	9.436158	-8.099407	9.224017	-4.284040	9.983807	0.972108	4.694205	6.638296	9.182523	-2.401954	2.861991	8.935622	6.866067	8.273496	4.164554	-3.900504	-3.327551	
0.211401	3.691554	5.754886	3.523404	-4.279966	-8.045110	6.877793	-5.981783	7.693223	1.687075	-1.039381	3.464547	-1.683485	5.243265	0.969317	7.646439	-2.080485	-0.238407	6.362582	2.511235	-4.362866	-7.672805	-2.150413	7.982942	0.818025	-5.489058	-6.972272	9.136933	2.473267	9.746095	-3.165953	-7.831846	0.123991	2.707048	8.286794	9.627386	
3.264161	9.476259	4.489355	-4.075234	8.280471	1.933307	7.641171	-2.849827	5.220209	3.549244	0.494838	4.517707	5.971251	2.925828	-6.680037	-2.456004	4.156999	0.696579	-7.322792	2.701747	6.275233	-7.496565	1.508460	-7.040172	-9.318718	6.238466	3.018538	2.434207	0.447967	6.514187	7.497942	8.289720	9.563808	9.574164	5.154721	6.185189	
-7.964457	0.013644	-5.073537	5.562766	5.130121	-5.918035	7.115455	2.187448	9.176604	-9.265574	8.803766	7.128028	-3.185175	6.074295	2.742689	8.250705	-0.097834	-1.953979	0.816303	-4.701168	-2.089936	6.289327	-9.565725	-5.355499	1.617475	5.048811	-4.039237	0.736715	4.960770	-7.931796	7.239524	6.183117	7.623265	-0.661532	-1.022937	6.077563	
2.180927	-0.803402	-5.484862	-2.627999	7.932297	5.347337	-3.531919	1.579986	2.517361	4.810270	0.603732	7.071203	0.870308	8.590887	6.989465	4.224726	0.383647	8.173486	4.761050	2.694293	-7.697122	3.287749	8.221760	-1.981086	1.418840	0.222085	5.479207	-3.210220	5.214703	5.469114	1.815240	5.791199	6.949152	4.149831	-4.255166	-6.444796	
1.774665	-3.454792	5.689808	-1.833573	-6.615553	3.861416	0.633280	-0.785019	8.113684	0.413637	-5.974997	1.908148	-1.644616	8.026013	9.384929	-6.312433	7.822715	-3.429167	8.106044	3.040383	7.911855	-0.386223	4.850004	-4.527720	-5.199890	-1.674301	2.391109	-9.830263	5.004096	7.339074	6.097385	0.094523	-6.686421	4.874256	8.760187	8.855990	
4.041475	6.408486	2.237681	-4.078175	1.484511	8.436240	0.958253	7.098159	-1.688782	-8.231985	9.344072	8.246625	1.932506	1.375181	0.887150	1.388374	1.690678	-2.490137	4.789395	-8.338840	-3.100579	3.781110	-2.885216	7.546341	0.089129	9.941264	1.591423	-3.510091	3.165206	3.036452	5.129357	7.305854	8.615788	5.179853	-5.852452	9.127610	
2.628290	-9.641542	-5.521761	1.699799	3.755832	5.315160	-1.637960	6.987252	7.785897	-7.492157	9.181965	4.551539	9.191996	6.209148	-0.279777	-1.811877	5.005982	2.219077	2.299335	2.496186	-9.358777	3.082753	4.709165	9.740304	0.841891	6.661323	8.462896	6.777719	1.855988	-0.976751	7.006349	-4.115535	5.736743	6.880946	-9.310730	-7.306362	
1.350422	4.382669	0.483704	6.668365	2.379426	5.594567	-1.394561	7.474611	0.710733	-5.004120	4.727856	2.729584	7.421640	3.574036	7.743052	2.420617	9.081766	7.883706	3.386582	5.249921	5.429393	-1.150676	1.527365	2.502541	7.903415	3.495571	1.600960	9.312116	5.144258	-0.175579	0.846916	-9.519288	-6.758207	6.923322	-9.281736	8.824088	
0.942508	8.425037	7.066077	-4.668976	-5.222972	1.967170	8.004203	-6.289058	5.019636	6.217265	0.138036	7.640512	-2.643560	-6.042261	4.003014	5.380794	-9.865838	4.152610	1.504389	6.027047	1.312863	4.526735	-8.719151	6.305106	8.382180	-0.578726	-7.607261	7.535095	8.714569	8.672734	-8.515423	0.828379	-0.969669	-2.609085	6.077742	4.152037	
-5.463869	3.558395	1.883131	2.893552	-1.541597	5.597880	-3.428695	2.077714	4.304356	-9.871584	3.234050	5.949368	2.503779	5.191796	-9.308684	5.049793	7.970320	0.831998	8.154379	6.491496	-6.284301	-4.131765	-2.240991	5.665478	4.075147	8.757502	5.981571	-2.115009	-1.307415	-5.558699	1.758748	8.076426	6.932676	8.754813	-1.830424	-2.093285	
3.067053	1.920125	4.100095	2.460516	5.783054	7.281396	0.851987	-5.430473	1.972765	-5.732322	2.121838	9.800356	1.329381	0.609439	-8.955730	-5.668887	7.920282	6.465855	0.210461	4.134069	2.020244	1.822164	3.787328	-8.243208	-4.712317	-0.036372	6.972721	9.139628	3.998569	2.973729	-2.419563	-5.002611	-4.574982	6.882650	3.106437	-6.623890	
8.345477	0.654678	3.105209	5.038318	-4.410611	-2.875979	-5.697295	8.596709	2.661246	7.865018	-5.093943	2.132168	8.152458	0.221975	3.320638	9.747609	-1.234985	6.737395	4.198585	1.249589	3.965188	-3.442627	1.283349	-9.550804	-9.538954	-5.781953	0.138505	1.327219	-8.830214	2.289796	4.101818	4.576294	2.806067	-3.459971	-7.682174	-4.394442	
9.721020	7.141438	-9.945119	2.927651	1.779943	-2.493546	3.067356	-7.032616	7.057330	-3.375573	4.128433	4.535572	4.572206	2.326268	-2.110550	4.896589	1.714900	7.143387	9.145524	-0.097479	5.155542	-6.128704	-8.618436	2.262826	5.448847	-0.305583	-4.952603	2.435755	-7.837824	7.822094	-0.810485	5.101900	2.921964	8.275029	0.434654	-5.102650	
-4.533874	8.171181	5.391892	8.027996	-2.401266	-9.020646	-8.662537	-9.777611	5.479341	-6.476025	6.679685	0.845430	6.097575	6.084072	6.489449	-2.080557	8.961307	8.633639	6.694029	1.422734	-5.684557	9.776623	6.046593	8.645905	-4.339831	-6.417804	-3.802090	6.469025	1.396181	-4.818447	3.385875	9.774100	1.048111	3.232283	-3.451113	-5.413275	
5.873721	-3.789643	-1.637526	3.245328	-9.372621	7.217025	0.808094	8.588004	5.772006	8.109753	1.036441	5.629851	9.012326	2.438514	0.629947	9.266781	6.921695	8.784364	3.433330	5.292906	-2.054799	-2.776789	-2.099497	6.678355	5.402113	7.397062	8.860881	-8.833929	5.253286	9.110422	9.721723	8.610552	9.899989	4.140631	-0.710585	4.402898	
-7.962132	8.052117	8.688180	-5.458253	6.603264	2.856962	9.481602	8.224514	-8.152011	-0.148635	4.020280	1.857769	9.051034	-4.365495	7.780410	1.705062	7.352101	-7.575132	2.531858	5.852128	-8.043690	3.270218	-0.897781	5.450181	-8.889620	-4.506833	4.321237	-4.744242	-2.850971	6.648099	1.514474	7.441554	0.441409	1.419347	-4.765126	-0.112324	
-0.279651	2.614135	-7.274163	7.618205	-9.876341	5.112205	-5.893093	-2.765920	-2.794003	8.327976	2.931614	1.761390	-2.487059	7.063427	6.848214	4.062327	-2.735826	-3.933350	6.501878	0.574000	6.621300	-2.302600	-7.125516	-3.901165	-5.783279	8.699289	-1.035924	6.361301	7.764440	5.149952	-0.357535	-4.551577	-6.808230	-8.028818	8.465215	-8.167703	
-3.846198	2.888952	-4.221812	-4.384384	-3.046202	7.592854	4.952640	5.772911	-4.404412	7.581629	3.139248	4.730687	8.830802	8.077537	5.500345	0.816620	8.615214	-4.866426	6.992332	5.380213	5.126578	7.287574	6.370243	9.335226	-1.851637	7.428263	-8.486586	9.880225	-4.548616	-0.248944	1.087440	2.115623	-2.359691	2.315025	-5.651980	0.051480	
5.328825	8.401450	0.468386	6.354668	4.946478	7.132695	-4.581601	6.022788	-1.006322	-5.248299	5.272260	1.451938	1.437135	7.419181	-6.591070	0.160630	-0.698274	1.188822	7.615234	5.049750	7.547461	-6.117776	2.745237	8.912024	4.167229	-0.528456	-5.868117	2.480070	9.175698	-7.774488	-2.127703	7.222411	0.139304	7.806783	7.596962	-5.934669	
5.185382	6.929032	-2.959901	7.918392	-4.119328	7.497040	2.003377	5.845859	0.872313	-9.709362	-8.328051	-9.900154	2.143756	-1.444939	8.061809	3.642534	-6.713564	0.537666	8.681271	9.143174	2.580397	7.048109	0.420548	8.930705	2.365475	0.870265	6.682966	2.226638	6.804530	5.146086	2.879258	-6.495220	6.591006	-9.291879	3.526977	0.491611	
4.074871	4.011765	-6.273078	8.494605	-6.482625	0.672798	-9.606003	6.286842	-1.212411	2.357408	-3.876855	-1.684765	2.825914	-4.573485	-4.039309	-9.350671	-6.023659	7.525407	5.070524	2.676652	8.384647	0.089200	-2.613626	3.654354	-5.055215	3.939039	6.292226	7.116127	9.057019	1.237029	-8.692658	9.578694	-2.302859	2.691077	-0.545899	5.275978	
-6.494120	3.405209	4.665039	-1.898740	9.749190	4.241094	-3.420981	-2.858195	4.069796	7.351824	-8.639349	-2.097864	-4.676342	2.809100	8.403555	-1.097113	0.688488	-0.469780	7.013219	3.469667	-8.814938	5.058908	-2.447689	8.146025	3.025163	-3.582802	6.090775	-7.945224	-9.508625	8.464233	-6.345321	-0.524654	7.058664	-3.316378	7.375742	3.511010	
1.254486	8.008873	7.096863	-9.270458	-2.019161	-2.500917	7.429177	-8.015654	8.116462	4.361880	4.759082	-9.493532	9.321071	5.477939	3.325326	0.242321	-9.213591	2.138881	5.021923	9.927667	5.631408	-2.614805	-6.595189	8.566821	4.457283	6.892176	8.080309	-9.057391	8.947663	-6.241872	8.955827	2.850809	-7.786294	1.010519	4.304902	8.006785	
4.210460	-2.699678	3.318310	2.864445	4.701995	4.476924	8.504183	2.138251	8.893402	-2.397657	5.804044	4.803824	8.780755	-9.535530	5.903576	0.997526	7.843629	-6.321241	1.319310	-9.474852	-0.967117	-0.499448	6.503570	9.092180	2.475053	7.489239	6.325764	6.714661	5.340513	-4.270691	-0.615349	4.231917	6.318967	9.387367	-5.270689	5.831185	
8.812996	-8.302075	5.059662	-6.522881	-6.007169	6.674205	-1.554897	4.204382	3.723743	5.853576	8.630498	-5.540860	-8.002029	7.240291	-7.783754	4.712007	3.187089	0.746082	7.563290	4.391723	-8.399349	-0.841866	-4.969648	7.503017	1.240660	1.377031	3.815901	2.348042	-1.575670	0.390486	-9.422479	0.882178	8.450941	7.896275	3.834954	9.798139	
3.802838	7.603203	-9.471576	-9.281984	-4.891142	5.406463	4.051105	-6.990833	0.261463	5.006960	3.445982	6.013701	8.433023	5.876723	7.228421	-4.267771	-3.402735	-7.906311	-9.202759	-3.905655	-3.540320	-8.641609	9.606259	2.072464	2.688967	0.907182	1.326685	2.716342	-1.167480	3.868989	4.790752	0.169214	5.790886	7.686369	9.654618	2.265309	
3.901951	-7.841473	8.903681	6.784117	0.781286	-5.690302	5.327200	-9.951908	-8.641557	0.393718	-3.435901	-2.172163	8.120097	-0.522254	2.259902	-6.733089	-2.360812	6.644865	-7.121111	-4.499299	0.354479	9.484785	1.048907	-1.065348	-1.066496	8.328402	5.725108	6.521669	2.399329	4.005019	2.576804	3.332608	6.613247	3.217943	-2.621784	-6.622388	
7.922921	7.429021	8.636312	6.440278	-5.834095	4.035953	0.578636	6.429532	-5.688515	1.693712	-7.888150	0.946145	7.278027	-0.552136	-8.919928	-1.337545	-1.330947	6.922673	4.059785	-0.009913	-1.642043	-9.073535	4.299922	3.465027	-5.949321	8.752086	5.470133	2.758730	-9.094584	8.756025	1.470110	8.832439	0.499072	9.226323	4.869821	1.669433	
8.515857	5.781211	8.995811	2.084019	-8.143701	3.942549	4.012015	0.971316	4.837555	-4.968290	-5.581424	-5.647131	2.451967	0.636116	-2.112069	1.093641	-5.062986	5.962324	3.379264	4.661422	5.520573	-1.259938	8.121693	5.909496	5.563492	1.181866	7.585186	5.483107	5.540553	1.728832	7.911347	-1.294291	3.261636	4.957511	3.030919	9.300833	
8.028450	-1.988718	-7.111211	-7.645832	-0.416398	8.492729	-1.901664	-7.760725	6.545905	-5.270714	5.014070	6.407132	1.465192	-0.367540	-9.627912	0.472074	2.835286	-3.924462	-7.728747	-1.168921	-8.506939	-7.931405	1.587771	-6.724567	0.244096	3.470178	-9.811880	8.239745	-8.274873	1.266130	6.284371	-1.715563	2.687699	2.533411	1.205993	1.993372	
-4.886308	8.648234	-3.127366	2.625417	-3.386222	-7.105618	-6.061805	2.960481	0.238335	2.765413	1.560312	3.218040	9.550855	6.348932	4.526266	8.908584	9.366093	9.392535	1.877090	7.951231	4.169761	-6.265698	-0.499652	3.855126	9.963135	0.655799	-0.726078	4.565580	2.693778	5.489004	7.975386	2.022326	-1.210929	1.836135	-5.788171	9.015190	
3.726183	-9.435439	2.695671	-0.316869	0.884343	6.217974	3.182828	2.605908	-9.460815	7.512991	5.568061	4.370136	8.617235	9.506520	8.754801	1.048273	-4.636269	7.184700	4.025142	9.749639	8.506067	-9.528772	1.096761	-9.884715	9.250711	4.070323	6.023889	4.238415	-1.976436	4.986040	-8.830790	-1.685255	7.988866	-8.394674	3.285179	4.494980	

Matrice B di dimensione 36 x 36:
1	0	0	0	0	0	0	0	0	0	0	0	0	0	0	0	0	0	0	0	0	0	0	0	0	0	0	0	0	0	0	0	0	0	0	0	
0	1	0	0	0	0	0	0	0	0	0	0	0	0	0	0	0	0	0	0	0	0	0	0	0	0	0	0	0	0	0	0	0	0	0	0	
0	0	1	0	0	0	0	0	0	0	0	0	0	0	0	0	0	0	0	0	0	0	0	0	0	0	0	0	0	0	0	0	0	0	0	0	
0	0	0	1	0	0	0	0	0	0	0	0	0	0	0	0	0	0	0	0	0	0	0	0	0	0	0	0	0	0	0	0	0	0	0	0	
0	0	0	0	1	0	0	0	0	0	0	0	0	0	0	0	0	0	0	0	0	0	0	0	0	0	0	0	0	0	0	0	0	0	0	0	
0	0	0	0	0	1	0	0	0	0	0	0	0	0	0	0	0	0	0	0	0	0	0	0	0	0	0	0	0	0	0	0	0	0	0	0	
0	0	0	0	0	0	1	0	0	0	0	0	0	0	0	0	0	0	0	0	0	0	0	0	0	0	0	0	0	0	0	0	0	0	0	0	
0	0	0	0	0	0	0	1	0	0	0	0	0	0	0	0	0	0	0	0	0	0	0	0	0	0	0	0	0	0	0	0	0	0	0	0	
0	0	0	0	0	0	0	0	1	0	0	0	0	0	0	0	0	0	0	0	0	0	0	0	0	0	0	0	0	0	0	0	0	0	0	0	
0	0	0	0	0	0	0	0	0	1	0	0	0	0	0	0	0	0	0	0	0	0	0	0	0	0	0	0	0	0	0	0	0	0	0	0	
0	0	0	0	0	0	0	0	0	0	1	0	0	0	0	0	0	0	0	0	0	0	0	0	0	0	0	0	0	0	0	0	0	0	0	0	
0	0	0	0	0	0	0	0	0	0	0	1	0	0	0	0	0	0	0	0	0	0	0	0	0	0	0	0	0	0	0	0	0	0	0	0	
0	0	0	0	0	0	0	0	0	0	0	0	1	0	0	0	0	0	0	0	0	0	0	0	0	0	0	0	0	0	0	0	0	0	0	0	
0	0	0	0	0	0	0	0	0	0	0	0	0	1	0	0	0	0	0	0	0	0	0	0	0	0	0	0	0	0	0	0	0	0	0	0	
0	0	0	0	0	0	0	0	0	0	0	0	0	0	1	0	0	0	0	0	0	0	0	0	0	0	0	0	0	0	0	0	0	0	0	0	
0	0	0	0	0	0	0	0	0	0	0	0	0	0	0	1	0	0	0	0	0	0	0	0	0	0	0	0	0	0	0	0	0	0	0	0	
0	0	0	0	0	0	0	0	0	0	0	0	0	0	0	0	1	0	0	0	0	0	0	0	0	0	0	0	0	0	0	0	0	0	0	0	
0	0	0	0	0	0	0	0	0	0	0	0	0	0	0	0	0	1	0	0	0	0	0	0	0	0	0	0	0	0	0	0	0	0	0	0	
0	0	0	0	0	0	0	0	0	0	0	0	0	0	0	0	0	0	1	0	0	0	0	0	0	0	0	0	0	0	0	0	0	0	0	0	
0	0	0	0	0	0	0	0	0	0	0	0	0	0	0	0	0	0	0	1	0	0	0	0	0	0	0	0	0	0	0	0	0	0	0	0	
0	0	0	0	0	0	0	0	0	0	0	0	0	0	0	0	0	0	0	0	1	0	0	0	0	0	0	0	0	0	0	0	0	0	0	0	
0	0	0	0	0	0	0	0	0	0	0	0	0	0	0	0	0	0	0	0	0	1	0	0	0	0	0	0	0	0	0	0	0	0	0	0	
0	0	0	0	0	0	0	0	0	0	0	0	0	0	0	0	0	0	0	0	0	0	1	0	0	0	0	0	0	0	0	0	0	0	0	0	
0	0	0	0	0	0	0	0	0	0	0	0	0	0	0	0	0	0	0	0	0	0	0	1	0	0	0	0	0	0	0	0	0	0	0	0	
0	0	0	0	0	0	0	0	0	0	0	0	0	0	0	0	0	0	0	0	0	0	0	0	1	0	0	0	0	0	0	0	0	0	0	0	
0	0	0	0	0	0	0	0	0	0	0	0	0	0	0	0	0	0	0	0	0	0	0	0	0	1	0	0	0	0	0	0	0	0	0	0	
0	0	0	0	0	0	0	0	0	0	0	0	0	0	0	0	0	0	0	0	0	0	0	0	0	0	1	0	0	0	0	0	0	0	0	0	
0	0	0	0	0	0	0	0	0	0	0	0	0	0	0	0	0	0	0	0	0	0	0	0	0	0	0	1	0	0	0	0	0	0	0	0	
0	0	0	0	0	0	0	0	0	0	0	0	0	0	0	0	0	0	0	0	0	0	0	0	0	0	0	0	1	0	0	0	0	0	0	0	
0	0	0	0	0	0	0	0	0	0	0	0	0	0	0	0	0	0	0	0	0	0	0	0	0	0	0	0	0	1	0	0	0	0	0	0	
0	0	0	0	0	0	0	0	0	0	0	0	0	0	0	0	0	0	0	0	0	0	0	0	0	0	0	0	0	0	1	0	0	0	0	0	
0	0	0	0	0	0	0	0	0	0	0	0	0	0	0	0	0	0	0	0	0	0	0	0	0	0	0	0	0	0	0	1	0	0	0	0	
0	0	0	0	0	0	0	0	0	0	0	0	0	0	0	0	0	0	0	0	0	0	0	0	0	0	0	0	0	0	0	0	1	0	0	0	
0	0	0	0	0	0	0	0	0	0	0	0	0	0	0	0	0	0	0	0	0	0	0	0	0	0	0	0	0	0	0	0	0	1	0	0	
0	0	0	0	0	0	0	0	0	0	0	0	0	0	0	0	0	0	0	0	0	0	0	0	0	0	0	0	0	0	0	0	0	0	1	0	
0	0	0	0	0	0	0	0	0	0	0	0	0	0	0	0	0	0	0	0	0	0	0	0	0	0	0	0	0	0	0	0	0	0	0	1	

Risultato:
Matrice C di dimensione 36 x 36:
-5.361809	-6.897239	6.954886	9.743802	5.869983	6.250745	7.783213	4.801585	6.418134	3.511043	6.335794	-2.310993	4.617536	5.026148	9.464122	-2.760497	2.529403	5.462178	4.748047	0.820326	1.200319	4.479038	-1.368041	9.533502	3.109509	2.251381	-0.422924	7.093075	4.816517	3.256728	6.326594	9.212321	2.162863	-2.010286	4.852462	-0.628229	
5.003473	6.432284	-3.244523	4.962996	6.741063	-9.996015	9.495180	4.888846	7.704432	8.390451	-9.803475	4.601446	4.127588	7.590579	-4.044172	-4.104655	-0.024347	-4.277984	-1.136289	-3.776408	4.973211	6.272909	-4.476225	9.116330	4.228870	9.677664	-1.418880	-8.617176	7.486519	-5.216731	0.609482	0.769448	-5.769929	8.807478	1.816036	-0.406915	
7.835924	0.214271	4.077019	2.959830	4.475546	-6.408328	4.813930	1.795348	-7.329383	-7.327891	5.026396	-1.460401	4.087485	5.591775	-8.576074	8.722494	7.775529	8.631845	2.032812	-9.075048	5.115949	8.157015	4.254327	5.620269	-9.738398	8.199940	0.504248	-9.946487	1.213728	9.554656	5.240594	8.408435	2.536909	8.502734	9.281296	6.392662	
-9.278739	-6.657803	-2.790924	6.308693	3.915122	-5.248330	7.562243	2.877917	2.008992	8.529944	5.185834	0.099435	3.418006	-1.832348	6.703109	5.735543	-3.141109	0.490181	-6.318472	9.436158	-8.099407	9.224017	-4.284040	9.983807	0.972108	4.694205	6.638296	9.182523	-2.401954	2.861991	8.935622	6.866067	8.273496	4.164554	-3.900504	-3.327551	
0.211401	3.691554	5.754886	3.523404	-4.279966	-8.045110	6.877793	-5.981783	7.693223	1.687075	-1.039381	3.464547	-1.683485	5.243265	0.969317	7.646439	-2.080485	-0.238407	6.362582	2.511235	-4.362866	-7.672805	-2.150413	7.982942	0.818025	-5.489058	-6.972272	9.136933	2.473267	9.746095	-3.165953	-7.831846	0.123991	2.707048	8.286794	9.627386	
3.264161	9.476259	4.489355	-4.075234	8.280471	1.933307	7.641171	-2.849827	5.220209	3.549244	0.494838	4.517707	5.971251	2.925828	-6.680037	-2.456004	4.156999	0.696579	-7.322792	2.701747	6.275233	-7.496565	1.508460	-7.040172	-9.318718	6.238466	3.018538	2.434207	0.447967	6.514187	7.497942	8.289720	9.563808	9.574164	5.154721	6.185189	
-7.964457	0.013644	-5.073537	5.562766	5.130121	-5.918035	7.115455	2.187448	9.176604	-9.265574	8.803766	7.128028	-3.185175	6.074295	2.742689	8.250705	-0.097834	-1.953979	0.816303	-4.701168	-2.089936	6.289327	-9.565725	-5.355499	1.617475	5.048811	-4.039237	0.736715	4.960770	-7.931796	7.239524	6.183117	7.623265	-0.661532	-1.022937	6.077563	
2.180927	-0.803402	-5.484862	-2.627999	7.932297	5.347337	-3.531919	1.579986	2.517361	4.810270	0.603732	7.071203	0.870308	8.590887	6.989465	4.224726	0.383647	8.173486	4.761050	2.694293	-7.697122	3.287749	8.221760	-1.981086	1.418840	0.222085	5.479207	-3.210220	5.214703	5.469114	1.815240	5.791199	6.949152	4.149831	-4.255166	-6.444796	
1.774665	-3.454792	5.689808	-1.833573	-6.615553	3.861416	0.633280	-0.785019	8.113684	0.413637	-5.974997	1.908148	-1.644616	8.026013	9.384929	-6.312433	7.822715	-3.429167	8.106044	3.040383	7.911855	-0.386223	4.850004	-4.527720	-5.199890	-1.674301	2.391109	-9.830263	5.004096	7.339074	6.097385	0.094523	-6.686421	4.874256	8.760187	8.855990	
4.041475	6.408486	2.237681	-4.078175	1.484511	8.436240	0.958253	7.098159	-1.688782	-8.231985	9.344072	8.246625	1.932506	1.375181	0.887150	1.388374	1.690678	-2.490137	4.789395	-8.338840	-3.100579	3.781110	-2.885216	7.546341	0.089129	9.941264	1.591423	-3.510091	3.165206	3.036452	5.129357	7.305854	8.615788	5.179853	-5.852452	9.127610	
2.628290	-9.641542	-5.521761	1.699799	3.755832	5.315160	-1.637960	6.987252	7.785897	-7.492157	9.181965	4.551539	9.191996	6.209148	-0.279777	-1.811877	5.005982	2.219077	2.299335	2.496186	-9.358777	3.082753	4.709165	9.740304	0.841891	6.661323	8.462896	6.777719	1.855988	-0.976751	7.006349	-4.115535	5.736743	6.880946	-9.310730	-7.306362	
1.350422	4.382669	0.483704	6.668365	2.379426	5.594567	-1.394561	7.474611	0.710733	-5.004120	4.727856	2.729584	7.421640	3.574036	7.743052	2.420617	9.081766	7.883706	3.386582	5.249921	5.429393	-1.150676	1.527365	2.502541	7.903415	3.495571	1.600960	9.312116	5.144258	-0.175579	0.846916	-9.519288	-6.758207	6.923322	-9.281736	8.824088	
0.942508	8.425037	7.066077	-4.668976	-5.222972	1.967170	8.004203	-6.289058	5.019636	6.217265	0.138036	7.640512	-2.643560	-6.042261	4.003014	5.380794	-9.865838	4.152610	1.504389	6.027047	1.312863	4.526735	-8.719151	6.305106	8.382180	-0.578726	-7.607261	7.535095	8.714569	8.672734	-8.515423	0.828379	-0.969669	-2.609085	6.077742	4.152037	
-5.463869	3.558395	1.883131	2.893552	-1.541597	5.597880	-3.428695	2.077714	4.304356	-9.871584	3.234050	5.949368	2.503779	5.191796	-9.308684	5.049793	7.970320	0.831998	8.154379	6.491496	-6.284301	-4.131765	-2.240991	5.665478	4.075147	8.757502	5.981571	-2.115009	-1.307415	-5.558699	1.758748	8.076426	6.932676	8.754813	-1.830424	-2.093285	
3.067053	1.920125	4.100095	2.460516	5.783054	7.281396	0.851987	-5.430473	1.972765	-5.732322	2.121838	9.800356	1.329381	0.609439	-8.955730	-5.668887	7.920282	6.465855	0.210461	4.134069	2.020244	1.822164	3.787328	-8.243208	-4.712317	-0.036372	6.972721	9.139628	3.998569	2.973729	-2.419563	-5.002611	-4.574982	6.882650	3.106437	-6.623890	
8.345477	0.654678	3.105209	5.038318	-4.410611	-2.875979	-5.697295	8.596709	2.661246	7.865018	-5.093943	2.132168	8.152458	0.221975	3.320638	9.747609	-1.234985	6.737395	4.198585	1.249589	3.965188	-3.442627	1.283349	-9.550804	-9.538954	-5.781953	0.138505	1.327219	-8.830214	2.289796	4.101818	4.576294	2.806067	-3.459971	-7.682174	-4.394442	
9.721020	7.141438	-9.945119	2.927651	1.779943	-2.493546	3.067356	-7.032616	7.057330	-3.375573	4.128433	4.535572	4.572206	2.326268	-2.110550	4.896589	1.714900	7.143387	9.145524	-0.097479	5.155542	-6.128704	-8.618436	2.262826	5.448847	-0.305583	-4.952603	2.435755	-7.837824	7.822094	-0.810485	5.101900	2.921964	8.275029	0.434654	-5.102650	
-4.533874	8.171181	5.391892	8.027996	-2.401266	-9.020646	-8.662537	-9.777611	5.479341	-6.476025	6.679685	0.845430	6.097575	6.084072	6.489449	-2.080557	8.961307	8.633639	6.694029	1.422734	-5.684557	9.776623	6.046593	8.645905	-4.339831	-6.417804	-3.802090	6.469025	1.396181	-4.818447	3.385875	9.774100	1.048111	3.232283	-3.451113	-5.413275	
5.873721	-3.789643	-1.637526	3.245328	-9.372621	7.217025	0.808094	8.588004	5.772006	8.109753	1.036441	5.629851	9.012326	2.438514	0.629947	9.266781	6.921695	8.784364	3.433330	5.292906	-2.054799	-2.776789	-2.099497	6.678355	5.402113	7.397062	8.860881	-8.833929	5.253286	9.110422	9.721723	8.610552	9.899989	4.140631	-0.710585	4.402898	
-7.962132	8.052117	8.688180	-5.458253	6.603264	2.856962	9.481602	8.224514	-8.152011	-0.148635	4.020280	1.857769	9.051034	-4.365495	7.780410	1.705062	7.352101	-7.575132	2.531858	5.852128	-8.043690	3.270218	-0.897781	5.450181	-8.889620	-4.506833	4.321237	-4.744242	-2.850971	6.648099	1.514474	7.441554	0.441409	1.419347	-4.765126	-0.112324	
-0.279651	2.614135	-7.274163	7.618205	-9.876341	5.112205	-5.893093	-2.765920	-2.794003	8.327976	2.931614	1.761390	-2.487059	7.063427	6.848214	4.062327	-2.735826	-3.933350	6.501878	0.574000	6.621300	-2.302600	-7.125516	-3.901165	-5.783279	8.699289	-1.035924	6.361301	7.764440	5.149952	-0.357535	-4.551577	-6.808230	-8.028818	8.465215	-8.167703	
-3.846198	2.888952	-4.221812	-4.384384	-3.046202	7.592854	4.952640	5.772911	-4.404412	7.581629	3.139248	4.730687	8.830802	8.077537	5.500345	0.816620	8.615214	-4.866426	6.992332	5.380213	5.126578	7.287574	6.370243	9.335226	-1.851637	7.428263	-8.486586	9.880225	-4.548616	-0.248944	1.087440	2.115623	-2.359691	2.315025	-5.651980	0.051480	
5.328825	8.401450	0.468386	6.354668	4.946478	7.132695	-4.581601	6.022788	-1.006322	-5.248299	5.272260	1.451938	1.437135	7.419181	-6.591070	0.160630	-0.698274	1.188822	7.615234	5.049750	7.547461	-6.117776	2.745237	8.912024	4.167229	-0.528456	-5.868117	2.480070	9.175698	-7.774488	-2.127703	7.222411	0.139304	7.806783	7.596962	-5.934669	
5.185382	6.929032	-2.959901	7.918392	-4.119328	7.497040	2.003377	5.845859	0.872313	-9.709362	-8.328051	-9.900154	2.143756	-1.444939	8.061809	3.642534	-6.713564	0.537666	8.681271	9.143174	2.580397	7.048109	0.420548	8.930705	2.365475	0.870265	6.682966	2.226638	6.804530	5.146086	2.879258	-6.495220	6.591006	-9.291879	3.526977	0.491611	
4.074871	4.011765	-6.273078	8.494605	-6.482625	0.672798	-9.606003	6.286842	-1.212411	2.357408	-3.876855	-1.684765	2.825914	-4.573485	-4.039309	-9.350671	-6.023659	7.525407	5.070524	2.676652	8.384647	0.089200	-2.613626	3.654354	-5.055215	3.939039	6.292226	7.116127	9.057019	1.237029	-8.692658	9.578694	-2.302859	2.691077	-0.545899	5.275978	
-6.494120	3.405209	4.665039	-1.898740	9.749190	4.241094	-3.420981	-2.858195	4.069796	7.351824	-8.639349	-2.097864	-4.676342	2.809100	8.403555	-1.097113	0.688488	-0.469780	7.013219	3.469667	-8.814938	5.058908	-2.447689	8.146025	3.025163	-3.582802	6.090775	-7.945224	-9.508625	8.464233	-6.345321	-0.524654	7.058664	-3.316378	7.375742	3.511010	
1.254486	8.008873	7.096863	-9.270458	-2.019161	-2.500917	7.429177	-8.015654	8.116462	4.361880	4.759082	-9.493532	9.321071	5.477939	3.325326	0.242321	-9.213591	2.138881	5.021923	9.927667	5.631408	-2.614805	-6.595189	8.566821	4.457283	6.892176	8.080309	-9.057391	8.947663	-6.241872	8.955827	2.850809	-7.786294	1.010519	4.304902	8.006785	
4.210460	-2.699678	3.318310	2.864445	4.701995	4.476924	8.504183	2.138251	8.893402	-2.397657	5.804044	4.803824	8.780755	-9.535530	5.903576	0.997526	7.843629	-6.321241	1.319310	-9.474852	-0.967117	-0.499448	6.503570	9.092180	2.475053	7.489239	6.325764	6.714661	5.340513	-4.270691	-0.615349	4.231917	6.318967	9.387367	-5.270689	5.831185	
8.812996	-8.302075	5.059662	-6.522881	-6.007169	6.674205	-1.554897	4.204382	3.723743	5.853576	8.630498	-5.540860	-8.002029	7.240291	-7.783754	4.712007	3.187089	0.746082	7.563290	4.391723	-8.399349	-0.841866	-4.969648	7.503017	1.240660	1.377031	3.815901	2.348042	-1.575670	0.390486	-9.422479	0.882178	8.450941	7.896275	3.834954	9.798139	
3.802838	7.603203	-9.471576	-9.281984	-4.891142	5.406463	4.051105	-6.990833	0.261463	5.006960	3.445982	6.013701	8.433023	5.876723	7.228421	-4.267771	-3.402735	-7.906311	-9.202759	-3.905655	-3.540320	-8.641609	9.606259	2.072464	2.688967	0.907182	1.326685	2.716342	-1.167480	3.868989	4.790752	0.169214	5.790886	7.686369	9.654618	2.265309	
3.901951	-7.841473	8.903681	6.784117	0.781286	-5.690302	5.327200	-9.951908	-8.641557	0.393718	-3.435901	-2.172163	8.120097	-0.522254	2.259902	-6.733089	-2.360812	6.644865	-7.121111	-4.499299	0.354479	9.484785	1.048907	-1.065348	-1.066496	8.328402	5.725108	6.521669	2.399329	4.005019	2.576804	3.332608	6.613247	3.217943	-2.621784	-6.622388	
7.922921	7.429021	8.636312	6.440278	-5.834095	4.035953	0.578636	6.429532	-5.688515	1.693712	-7.888150	0.946145	7.278027	-0.552136	-8.919928	-1.337545	-1.330947	6.922673	4.059785	-0.009913	-1.642043	-9.073535	4.299922	3.465027	-5.949321	8.752086	5.470133	2.758730	-9.094584	8.756025	1.470110	8.832439	0.499072	9.226323	4.869821	1.669433	
8.515857	5.781211	8.995811	2.084019	-8.143701	3.942549	4.012015	0.971316	4.837555	-4.968290	-5.581424	-5.647131	2.451967	0.636116	-2.112069	1.093641	-5.062986	5.962324	3.379264	4.661422	5.520573	-1.259938	8.121693	5.909496	5.563492	1.181866	7.585186	5.483107	5.540553	1.728832	7.911347	-1.294291	3.261636	4.957511	3.030919	9.300833	
8.028450	-1.988718	-7.111211	-7.645832	-0.416398	8.492729	-1.901664	-7.760725	6.545905	-5.270714	5.014070	6.407132	1.465192	-0.367540	-9.627912	0.472074	2.835286	-3.924462	-7.728747	-1.168921	-8.506939	-7.931405	1.587771	-6.724567	0.244096	3.470178	-9.811880	8.239745	-8.274873	1.266130	6.284371	-1.715563	2.687699	2.533411	1.205993	1.993372	
-4.886308	8.648234	-3.127366	2.625417	-3.386222	-7.105618	-6.061805	2.960481	0.238335	2.765413	1.560312	3.218040	9.550855	6.348932	4.526266	8.908584	9.366093	9.392535	1.877090	7.951231	4.169761	-6.265698	-0.499652	3.855126	9.963135	0.655799	-0.726078	4.565580	2.693778	5.489004	7.975386	2.022326	-1.210929	1.836135	-5.788171	9.015190	
3.726183	-9.435439	2.695671	-0.316869	0.884343	6.217974	3.182828	2.605908	-9.460815	7.512991	5.568061	4.370136	8.617235	9.506520	8.754801	1.048273	-4.636269	7.184700	4.025142	9.749639	8.506067	-9.528772	1.096761	-9.884715	9.250711	4.070323	6.023889	4.238415	-1.976436	4.986040	-8.830790	-1.685255	7.988866	-8.394674	3.285179	4.494980	
