
Matrice A di dimensione 18 x 18:
7.660019	-7.366759	-2.385500	1.557470	-0.549483	-8.331651	-1.459025	-8.106523	8.024545	8.493747	1.957047	3.382893	2.248376	-6.256845	-6.367540	9.233193	9.551880	1.228434	
7.534834	8.083833	-0.797809	1.726250	5.537788	3.900459	1.218931	7.897164	6.265965	4.787293	-7.849580	1.003209	-6.774743	-2.603352	5.362773	2.387198	6.508813	0.423253	
-7.331451	-9.666525	9.439130	6.139921	0.793935	3.997513	6.895031	5.878825	-0.158571	-7.020993	3.199959	-3.622998	5.491461	1.958585	7.607160	-0.549287	-5.786662	-9.224609	
-9.172694	-2.183144	7.853858	4.218489	-1.978700	4.494364	3.697369	9.590786	3.893559	2.178835	-9.478266	8.411701	8.295174	-3.604431	-5.156010	7.603631	7.934522	2.738168	
2.618892	-3.306934	5.559216	-5.761650	0.977204	-8.799867	-1.656099	-8.086370	6.961550	9.974519	6.628193	0.612506	-0.581545	4.953659	-0.564339	4.655030	3.901085	8.786039	
-7.592791	-9.780786	1.562831	6.291511	3.351865	-5.953807	-4.784907	-1.868511	4.028803	4.661446	0.431304	9.656620	2.032738	4.694874	0.933816	-7.185038	6.496068	-6.950646	
0.960182	1.800108	5.290262	4.226447	-0.558656	8.907853	5.232086	1.397742	-3.218606	3.029088	0.857847	4.189877	0.128956	3.749739	7.387837	-8.344415	-7.822208	9.924592	
4.790313	-5.453541	4.908298	2.108984	-5.133629	0.076866	9.080801	-0.062708	-1.074645	9.630163	-4.496686	2.026743	3.851257	-4.143550	-7.055287	-0.245766	-3.161518	-7.148161	
-7.272280	-3.873795	0.288787	9.994067	1.338870	-1.226565	1.245968	9.054081	-5.054423	9.755771	2.227232	6.172258	-6.482458	-3.109465	5.797666	9.262228	7.900459	4.519509	
7.615068	1.440838	7.466262	-3.848473	-2.269448	1.516304	-7.254123	1.267823	-7.989256	-9.021307	3.875954	2.768524	-9.956442	7.546380	8.130819	2.303174	9.013830	0.752370	
0.780807	2.840034	-0.212292	-9.328267	-7.916092	7.602897	0.547595	-2.112785	-9.376848	-8.024577	-4.397282	5.420753	3.844488	-0.369975	8.118541	1.823898	-5.648242	9.274442	
8.554601	8.721865	3.829280	-1.042213	2.937170	6.411792	-4.369259	-6.475842	1.344669	-9.077133	-1.266357	9.859943	-6.512734	2.276577	-1.266341	4.754343	-8.269806	-0.444047	
5.985756	-6.314702	4.836286	-4.213550	2.330497	1.831713	5.478075	4.149915	6.810768	4.829418	-6.920631	-2.899702	-4.265638	-3.166085	-1.297464	0.090205	9.643486	8.189473	
-9.767904	3.592336	4.184154	4.588765	-9.445227	4.925717	-6.405712	-3.124407	-0.012128	6.044387	-7.502451	7.154861	8.343265	-8.718071	0.783730	5.577093	7.322396	-1.003501	
6.754782	-1.629854	-1.320145	8.651407	6.286109	-0.758338	3.540756	9.808674	2.067223	5.495878	-7.805460	2.281944	-6.905528	-7.091600	0.614655	3.088239	5.420025	-2.140340	
5.194998	6.225975	-7.258970	9.739996	2.695896	7.186577	-2.324848	2.053008	7.740040	9.333008	4.983280	0.952823	1.150873	4.408114	2.046734	5.500021	1.233100	-7.318948	
5.232847	6.197373	-3.449396	1.360894	3.618479	8.956383	-4.120319	0.148411	8.075194	-5.642508	3.903002	-1.708176	0.707361	7.181680	-1.645423	3.701068	5.327967	-8.904704	
7.336088	-3.613385	8.594838	1.253302	8.704003	-6.966348	-7.360440	-8.924671	7.515830	6.109312	0.668677	6.373707	-8.912109	4.749813	-8.210701	-7.309120	8.677290	8.647672	

Matrice B di dimensione 18 x 18:
-6.894340	0.035586	-4.283453	4.800539	9.632195	0.916605	-7.545291	7.301598	-6.239199	6.669100	8.011829	-2.231138	5.286744	9.515572	-8.912248	3.679466	2.492729	9.417634	
-9.820390	2.081858	0.360076	6.721604	-1.818163	2.151401	2.173839	0.184954	9.330782	-4.867966	6.847514	0.568427	8.638820	-5.940685	8.463400	-8.479809	5.028192	9.779958	
-2.832360	4.635993	-8.340306	8.891963	-1.349445	8.685014	-4.524349	5.873020	5.057468	1.646561	2.848040	-8.854549	-2.069261	2.051124	9.455231	9.553298	0.290026	-1.054375	
1.822310	-8.178741	6.381490	1.935642	5.310169	-0.496869	7.334496	8.758449	7.895724	-6.839474	-7.484132	1.516955	7.865342	0.925442	9.529725	2.273673	2.225408	-8.906942	
-6.188589	-3.153861	7.129962	6.795559	-8.702599	2.249063	-6.593720	8.961378	-3.012634	4.493386	8.071755	-3.211340	7.059276	-3.255984	1.084226	7.341715	-4.747605	-9.020851	
2.396163	-1.954391	2.586039	4.313104	-2.554194	-3.472851	-4.701671	1.231952	-0.994057	7.618751	0.079947	8.575220	0.063576	7.211778	1.214537	6.065553	0.879451	5.335176	
9.979887	6.763907	8.550289	0.249498	9.706141	9.553550	7.097361	-4.369308	1.747172	0.064386	4.345999	7.892000	-4.834002	4.684429	2.258560	-5.041883	6.394817	-0.772663	
-8.693551	8.867992	1.048965	2.562243	-8.186360	2.840854	-0.939348	7.805137	-5.783676	-2.412033	7.703764	0.702274	-2.293205	-0.925122	7.990568	7.776303	1.408660	5.825743	
-5.132277	-4.836908	-6.996503	2.459567	-5.392400	-3.326551	1.865168	2.288331	2.549464	2.200708	5.491998	8.310381	2.779460	6.872249	0.332928	-8.268752	7.992854	-7.076973	
2.284868	9.344372	7.657613	5.951648	6.791265	0.660017	-1.965925	5.385736	5.071560	9.937901	8.373770	8.097474	2.122653	-2.995647	0.586673	1.842682	-9.007582	-6.246033	
-3.794891	-7.809172	2.637900	3.284620	6.527799	8.640245	-9.822959	3.161593	3.435332	1.253415	7.928538	-1.683401	2.627655	5.296197	8.411990	3.711156	0.606226	5.609353	
8.479238	-6.500991	0.689452	4.684268	4.673336	5.646798	-0.167313	1.304233	1.229279	1.901358	9.439017	-6.499201	2.893942	-6.525924	-9.035562	6.344871	9.905252	4.429481	
-5.284244	-5.053206	4.301939	6.913684	5.297686	4.099078	-3.388610	2.377042	1.692298	7.842479	-5.942259	4.408787	-3.840581	-7.681492	0.582021	6.073595	4.253825	-4.372523	
6.518776	-5.469857	7.895696	5.530548	6.162478	4.087937	5.330842	6.723830	7.901211	8.438670	1.692746	1.613104	0.642719	8.284489	9.510890	3.836657	9.662744	-2.354027	
-5.404258	1.224345	7.869780	-6.130698	9.855126	-4.050462	2.898555	9.340794	8.010402	-9.674008	5.519965	2.779365	0.502299	-1.114246	8.802476	8.652619	8.252623	-3.308536	
9.177205	-5.316590	-4.701277	-7.292955	1.637275	-8.466011	0.119337	0.608128	9.994697	8.149591	9.154075	7.237836	-6.726766	2.773637	8.208926	6.828860	-1.366082	0.742881	
5.158189	1.790155	1.239322	-0.539131	-7.574308	-0.555352	-4.553241	-7.253612	0.466639	8.651711	-6.709480	0.578311	9.994961	0.610837	8.615104	9.221322	-6.476600	0.914032	
9.478284	2.375593	-7.460290	4.515767	5.019961	8.532221	-6.411551	-8.470713	4.671217	-0.378364	4.788311	6.624174	3.128601	6.294916	2.089112	9.286712	2.938717	9.307743	

Risultato:
Matrice C di dimensione 18 x 18:
451.121258	-88.413712	-50.629070	63.751571	210.681051	84.251363	142.372797	37.662272	194.911592	359.658881	112.527403	156.887079	280.218296	237.105130	-209.292518	188.703435	-78.325872	11.325951	
-66.944008	95.554940	122.110457	84.633618	-66.029279	41.686823	-67.398603	-148.292957	-394.419032	283.442867	574.377175	168.458099	270.171989	108.136917	296.019347	-74.520529	137.918533	346.299233	
-27.998205	-301.308748	-10.308509	-131.552708	-160.577171	-102.461708	-72.545845	156.733059	126.665987	-283.118995	-372.937577	89.518721	-350.793664	87.895005	413.373871	140.593602	53.328907	-296.610484	
311.311702	216.384531	38.636950	173.435851	29.095658	192.971405	198.677641	42.891066	210.485959	309.616149	-1.772709	224.818261	32.854996	-213.295477	299.141098	351.625102	-87.837606	-0.738357	
272.664456	56.120627	104.961674	266.525163	278.500964	286.549507	-10.972118	32.104294	-34.448996	507.347548	474.838832	106.865575	130.654586	95.505447	76.665196	351.608969	85.833038	8.223871	
28.189366	-148.554873	221.157124	-15.435186	-59.365384	48.790760	15.096274	3.018161	-297.548370	76.357059	-31.274358	-286.133361	146.451751	-304.566447	81.142993	114.912238	105.020947	-461.479653	
-74.348601	-13.996633	213.891710	230.786211	335.693606	268.664243	50.600478	61.016169	159.385809	-38.316817	237.129798	60.938715	-22.876019	186.616073	230.201991	502.741342	172.283676	254.500513	
265.555527	57.731651	162.797231	-109.420722	82.367850	69.643121	107.867998	84.554392	-18.626236	86.375608	-15.138201	-172.822847	-25.072220	-99.910467	-387.354478	-219.577605	220.082770	-246.399864	
331.383199	140.937542	542.382477	227.045167	285.504014	258.958591	-54.722437	189.813014	548.010168	234.574348	167.190767	345.655009	68.040023	131.460503	243.783964	215.149702	-92.804145	163.023534	
177.148275	-43.146368	95.581504	-139.288193	282.881124	207.934840	-84.906986	246.789714	-4.876614	130.586314	283.554129	-282.768628	306.562354	319.984133	233.880834	263.511536	257.484851	409.546124	
269.800058	90.321090	-59.667184	-57.731665	522.422556	253.169218	31.007616	72.296587	118.547486	116.093024	43.374592	224.593869	-245.732217	12.185341	-14.337474	80.286177	170.610622	494.642345	
284.595190	-398.563569	-49.486551	236.981574	331.968872	307.448924	42.738848	28.436831	255.439148	232.085654	340.672582	-39.713013	253.870557	358.671126	-49.995674	54.880550	379.665879	596.713667	
515.349717	272.143197	234.385223	194.968049	247.041504	401.877567	179.374755	66.579443	-79.780266	469.279720	362.658818	158.322373	320.248908	368.643732	65.692392	350.149433	149.596088	188.138598	
313.569012	38.462943	59.053869	97.538544	175.677690	43.807055	71.677752	-75.496942	-0.289945	300.304162	13.373134	300.232016	168.708801	-231.056948	249.994909	25.389273	20.424568	145.364892	
-97.212191	149.862038	142.428663	-100.807647	-30.261367	-94.728935	250.899666	417.549013	-148.142392	133.934984	354.844033	1.361161	202.270225	69.496012	-53.916538	482.823088	-36.213752	-111.205787	
-129.400675	-399.317152	313.316624	45.995047	85.423680	-81.797359	-39.560382	601.955917	-39.712734	326.061444	405.652021	242.883406	260.285905	183.497547	279.276882	-83.125340	239.096066	-288.305299	
190.539677	-141.777654	316.539064	23.802000	140.464330	11.228568	261.646003	401.249853	148.473314	310.914487	92.586566	100.505447	430.598554	115.090807	138.973826	107.826251	212.162947	163.756189	
241.835168	195.474183	144.337558	413.535891	245.014920	153.553697	164.451648	226.628983	-43.757653	366.541585	283.991234	-152.258234	573.223275	287.390484	-299.663751	220.056701	-102.099714	174.438175	
