
Matrice loc_A di dimensione 24 x 24:
-3.080722	1.190146	7.289953	-0.215728	-7.994888	0.852527	-7.922805	-0.212593	-9.442248	-2.055067	0.578374	-5.993769	9.886911	5.382960	7.726837	-6.588831	5.870087	4.116688	2.232464	-0.959034	4.633268	-0.100213	8.026000	-2.983968
8.882194	3.500927	5.023043	1.677052	7.977673	3.444654	7.598609	0.451190	4.881072	-5.008519	-7.846486	7.450179	-1.805133	9.542785	9.429239	-7.375960	4.072061	-3.538470	7.765256	3.323724	5.156741	3.279927	2.124653	-8.143678
6.042899	5.943363	-8.335375	3.818265	9.525843	3.289740	7.420090	-4.225046	8.563405	-7.400175	6.094447	-6.366994	3.903300	5.693601	-3.920759	2.412016	4.352142	4.821392	2.971785	7.030957	4.357052	-3.827471	8.195248	6.663562
-7.127369	-2.675588	4.390091	9.001100	0.783902	1.793054	-2.388665	6.274535	4.255923	8.223751	9.928428	4.399164	-4.206035	1.820984	8.656569	0.878447	-4.806812	-9.370940	-3.595884	1.277459	-7.077661	4.045973	7.598094	1.892175
-6.736475	6.047535	-1.377278	5.479462	-5.856972	1.854327	7.865656	-0.783080	-2.494555	4.010410	9.800456	2.099806	3.168394	6.966236	5.299764	-0.459934	2.722845	6.314821	3.792269	3.774110	5.683724	3.014819	8.804927	-8.511526
3.524742	3.355913	9.589638	-6.956216	-4.406768	-4.239433	-0.895447	2.044875	-9.043159	-8.115858	-1.693592	-1.778734	4.477534	-9.079617	-7.145699	4.497765	0.402179	4.533987	-2.223386	-4.212411	3.485317	1.142089	1.800533	4.053313
3.910028	-9.244985	2.878707	2.832792	6.725125	2.118198	-6.093910	8.911268	2.373426	5.924154	-1.714751	9.129897	5.806121	-4.029984	5.564009	0.730734	-2.568727	7.055665	5.109729	3.238036	3.956456	7.694099	4.000115	3.759364
9.840391	7.320373	9.602696	9.117972	6.956210	-0.387640	2.648524	-6.231039	9.870864	1.514012	9.117299	2.784782	6.008136	3.896478	9.248680	-1.898728	-4.183869	4.487291	5.476508	6.703839	-9.364047	8.233563	8.346623	-4.575058
2.720428	-6.948322	5.550379	-8.254039	-5.241339	2.525572	-5.585120	-9.396455	9.742021	1.866512	0.283093	5.510505	0.516763	6.488650	-6.648543	3.612079	-2.783217	4.280483	6.837961	8.151653	-3.534488	-9.128121	7.101500	7.351499
-5.774391	1.690612	3.024520	2.711223	9.474961	0.983770	3.296452	8.728098	-6.478646	9.629797	-6.886343	1.960125	8.648898	0.841448	-6.011909	8.117945	4.203830	7.241656	-7.855328	0.841532	5.136264	5.030517	7.854076	4.241351
-8.475849	-4.738004	8.072292	4.226770	-3.701141	3.005690	-4.280158	2.627795	7.537427	9.326314	4.167324	3.895300	3.377245	-6.812059	1.558393	9.518908	5.072325	-5.217507	0.449376	4.896283	0.239211	1.040800	2.597439	5.822560
-7.292060	-2.929789	4.552522	3.317467	-1.671526	9.271301	5.150714	1.128065	-5.295930	-2.619974	6.041441	-7.096088	6.787239	-9.483612	8.515132	1.055933	-1.160068	7.697964	5.611917	2.747515	3.443473	2.874625	-1.240610	-9.152507
9.498219	0.123630	-2.360629	2.998811	-0.404045	-6.865514	7.452593	8.354229	8.639366	-9.189086	8.973841	-7.157375	4.349198	-3.212323	9.370976	0.076731	6.823557	0.306769	2.568267	8.476587	0.313910	8.905446	5.194991	-1.797159
5.272663	3.597613	-4.591328	4.932646	-9.480305	-7.805077	-3.521396	4.538769	6.087551	4.422528	-1.276949	0.653008	2.002872	0.474507	4.986082	1.709204	7.398473	-7.623585	9.288421	9.278052	3.082984	-0.964984	-8.530147	-9.079366
9.415888	2.961549	7.099776	-4.945880	-5.518454	-2.059405	5.356070	-5.598950	8.991407	1.782460	-3.300701	-5.963663	-3.249709	-0.564673	-0.938782	-3.234889	-2.559130	1.732178	1.912980	1.841069	4.562741	0.226801	1.508110	4.430804
8.208433	-6.932328	2.739264	-2.890950	8.621765	9.033457	-0.693664	2.276873	4.742863	1.842672	9.322307	9.016123	5.915246	1.109629	7.667256	6.621867	1.560131	-2.719965	9.928581	2.110805	9.688806	1.977862	-3.275324	3.068214
-6.920851	6.496600	5.947575	8.629520	-3.278823	-0.786232	-6.617291	-0.544940	5.350152	6.564544	-6.373239	9.961212	3.426570	-6.736569	-5.545229	0.528321	5.643644	4.992087	-8.248770	1.523699	7.034383	-3.802372	1.399087	5.935650
-8.548528	1.316405	9.232818	-1.246853	-9.231318	9.047322	-6.697582	-3.482264	4.295382	7.563223	4.458338	5.861522	8.295808	-4.775789	9.573648	4.879979	3.561792	8.085547	5.297483	9.988481	8.639925	4.226325	9.232771	2.897950
-1.501739	2.628252	-4.423003	9.835656	-4.769710	-6.465308	-0.502204	-3.091768	3.589021	-7.499480	-4.161587	7.565498	4.872673	-6.049001	4.669369	2.358783	-1.190328	4.987115	8.549059	-9.356212	2.870785	-8.819928	7.455237	0.414945
6.215080	-5.367314	2.337860	-4.655059	8.465963	-8.012782	6.908089	0.142841	4.465197	6.772531	0.577688	-2.783706	-8.568984	5.360058	-2.568440	0.413986	9.246836	1.619283	8.068303	0.178349	-3.404378	-4.576968	-1.180150	6.562409
-3.187875	9.450222	7.343247	1.205646	-0.348643	7.092089	4.352509	7.385059	-4.299206	5.507423	3.873985	3.660878	8.149736	8.085123	-3.854391	0.712220	4.905888	-3.605868	2.839397	-4.387064	4.629769	9.838048	8.372896	7.326467
-1.182017	-0.930501	8.625188	9.499179	9.468926	0.214309	4.336834	1.042600	-2.715016	0.017370	-5.974072	8.999176	5.377502	-8.472006	7.306173	1.754570	-9.179667	5.289311	9.906464	9.990948	9.889379	-0.949193	7.965831	4.412946
3.183726	-7.513386	4.948908	-3.233906	3.099429	9.211258	8.098212	-4.949290	8.703216	7.103727	-7.248557	0.732007	8.709176	9.280164	5.860407	9.540297	-8.425212	1.789832	6.495594	7.258261	-5.154466	-9.095596	-2.338680	2.855939
6.697052	-6.731719	1.641984	3.995441	-9.395395	-4.609956	8.194699	-9.570559	5.069283	6.418517	2.003917	2.192232	9.478604	-0.120402	-5.362777	-2.498755	5.706804	6.183647	5.764353	-6.989502	-6.165065	1.347074	-1.427598	6.454759

Matrice loc_B di dimensione 24 x 24:
4.962427	5.354581	-8.379070	6.621054	9.393288	2.910846	-2.023439	-6.611987	9.456625	2.144978	-4.736749	3.004842	-0.032250	8.610659	5.081218	2.334430	-3.327780	-1.924327	0.421342	7.838610	2.001741	-2.007646	6.990629	4.945365
3.727711	0.051680	1.559977	6.179173	5.474230	-7.145430	-2.438240	6.530971	-3.784400	-7.013235	1.152871	7.324967	1.587773	6.433284	3.530151	5.593714	0.056111	8.185567	0.961955	9.116802	3.415338	7.995551	8.210422	6.798790
8.580746	3.376014	-1.189807	1.030558	9.738548	-3.691770	1.117724	6.473557	-3.368442	7.573370	-7.724085	9.714170	-3.609257	3.982830	1.429339	0.183612	-6.258484	-1.540406	-5.841655	-6.551257	9.997070	0.821997	2.576788	5.237056
-5.104960	8.880885	6.888832	6.419840	-5.602203	7.161780	-3.237853	6.488504	1.237720	2.043552	2.719834	0.601633	8.229578	6.979159	1.791078	1.470316	-0.747091	5.023529	4.146940	7.881723	8.466720	7.813954	1.111597	-7.516034
-2.557031	0.716133	8.714277	9.446713	6.007087	-0.649113	-8.104566	0.369253	9.969397	1.519780	-4.037408	0.148895	2.548278	3.177980	-4.950091	3.041724	-1.613063	7.714743	5.415374	-3.831386	6.102531	2.791039	-8.084304	-8.194063
-7.674813	-7.232301	6.606159	-2.700567	3.163222	-8.486943	6.099573	-6.013615	8.331202	-5.311890	5.335925	4.977098	-9.694616	-8.680800	7.995454	6.228868	4.941414	0.700925	8.183395	7.678716	5.462016	-0.252017	0.145428	9.695693
-9.855326	8.901409	-8.251407	6.018257	3.713689	-1.128380	-1.146666	4.145727	6.639033	5.612273	3.025979	-1.960403	1.798862	6.203939	6.393825	-6.372573	-3.710745	-9.427486	4.020051	-5.111684	7.809939	7.644757	6.459864	1.800361
9.253859	-6.733384	4.997170	-6.246463	-7.732908	2.661248	-1.446204	-6.296213	7.537754	4.350836	-5.257762	4.443393	-8.107689	-3.148885	4.597822	8.137645	3.777287	2.324933	2.790211	7.085657	1.215167	5.103828	5.056294	1.058309
7.782151	-5.554048	3.269642	-7.488702	-1.532766	0.400210	-2.776424	1.775626	1.585638	3.475755	2.710390	-5.933338	4.850108	6.370136	1.215379	9.906386	-6.446997	8.982842	-4.052219	-5.917211	-9.414607	8.043533	1.233431	-4.382304
5.138169	2.114520	6.712785	1.819328	8.897553	-0.931365	3.292520	-1.192594	2.861869	9.495533	-0.587268	-8.906258	7.686085	3.172285	7.677535	0.574592	-7.466127	7.127888	4.466937	-5.521833	0.359947	-8.514063	0.387933	1.027928
9.774642	-1.807898	-5.726845	6.961905	-8.697207	9.326913	8.681247	6.521787	5.268512	1.545959	3.911865	9.773592	5.682832	0.211898	-0.763538	6.936480	0.325151	8.155267	6.807645	9.655887	3.190384	5.787845	-8.501385	2.566798
4.191163	0.428658	7.406979	2.677543	1.706440	-6.026944	1.313811	-0.163203	-6.862868	4.564441	6.926682	6.233179	3.794954	-0.944190	5.620560	6.846544	2.922326	-1.913268	0.988649	-3.298832	-0.300537	7.150452	-7.262217	7.271863
-0.525068	2.562969	-9.359657	-9.028015	-0.022846	5.548664	8.376709	4.856445	5.694411	4.887889	-0.466605	1.432314	-3.476160	6.065160	7.787910	-0.332718	3.275564	7.801867	1.090173	-3.267374	2.377879	-9.329337	-0.023236	-7.925922
-1.703096	-5.420611	9.694784	0.538710	2.245017	-3.378055	6.517289	-5.598786	-0.817320	-5.952704	-1.024046	-0.525309	3.866909	-4.395868	0.077513	2.333090	-2.418305	9.266627	-9.947556	-8.760037	-4.363588	6.670626	-2.913708	6.904569
0.801856	8.707982	-1.247100	9.556250	-9.178666	9.979448	-4.547648	-0.992577	3.268620	0.965733	8.007368	-2.631318	-8.897137	9.178268	8.815837	-8.472152	-5.056990	-6.884981	3.076778	4.243886	-6.741117	-2.735282	7.394750	0.750836
0.364569	9.861732	8.272080	6.247509	-4.838304	2.035704	8.507602	5.517610	-5.168136	7.591268	9.346371	6.083437	-3.969674	-2.773808	2.059850	-5.153111	4.352478	4.039640	2.934256	2.936918	6.496986	1.734195	2.804677	-1.454877
7.438618	0.195910	-2.458606	7.147622	3.633001	5.597366	0.017986	5.417433	7.863542	7.345121	6.368642	3.456574	5.591826	2.949446	-3.440264	4.506552	5.805231	-3.782949	-6.384478	-1.569878	-2.023968	6.678389	1.604223	-3.864491
-6.475740	-1.345293	8.106370	-1.556607	2.415769	-5.113118	3.724861	-9.971920	0.194507	2.519163	1.420085	0.201203	-6.031214	5.847955	3.829112	1.243996	-4.166443	9.428057	-2.580694	7.134476	0.295212	0.512277	-3.034708	8.423289
7.285781	9.239223	-6.120168	-5.755933	6.289859	-3.720356	0.658617	6.612602	2.176112	-2.699281	7.540020	-4.094839	0.673004	6.046241	7.540164	-5.517675	-7.146387	4.520705	-1.859825	-9.905234	5.160267	7.087486	8.996341	4.753366
7.603976	1.111716	-0.645085	-7.010185	-0.895047	4.671183	5.662620	7.424690	2.012566	6.982205	2.491770	7.300290	7.532581	2.505164	2.514093	7.844445	5.281651	0.939218	4.298802	2.273316	4.173584	2.197704	2.804150	5.627741
0.024955	-4.504693	5.591518	-9.908421	8.046741	1.933821	2.280244	5.172109	3.423435	2.891596	-1.946948	6.931218	-0.704290	7.188302	1.890241	9.020120	-3.279274	6.156006	4.690044	-4.640282	8.442136	0.826062	4.884383	-6.896712
-9.244456	7.856612	-5.575386	7.330744	-4.824899	-0.947722	7.242547	-2.758320	3.338594	7.146133	-1.982106	7.532869	-2.992704	-3.674243	-0.023742	3.507258	-8.874350	3.680512	9.261819	-9.931563	5.896990	9.540849	-7.875024	-6.576771
-1.008962	-9.554664	8.993664	7.665392	1.501391	-7.796520	-3.755684	-5.628401	8.306887	8.782368	4.823651	2.559300	9.902817	4.217492	2.712494	-3.467127	4.090240	-7.966917	4.186244	0.630414	-9.357510	4.650905	-2.084887	-6.650568
3.524808	9.481031	-3.609160	-9.809421	5.309262	9.224719	2.565219	3.763798	7.147141	-8.396766	4.182883	4.732929	-9.909596	1.649318	-0.163673	7.521704	6.206327	-3.495905	9.545650	-8.383058	-3.711979	9.095367	7.019797	6.612316

Risultato locale:
Matrice loc_C di dimensione 24 x 24:
569.955798	565.938259	263.122077	673.359060	169.453318	319.189881	264.407268	123.009822	307.881051	-283.975833	249.402373	-43.475704	488.634419	470.300874	736.434126	-434.536219	-345.837279	124.827857	102.748081	-12.817918	123.698709	395.893982	83.904897	-11.856142
774.536262	345.966319	796.293645	497.693550	194.127652	499.287096	503.496944	386.610087	14.278499	315.293705	55.815352	720.667525	703.440521	356.250382	158.901261	397.130922	234.802929	352.266729	184.663800	193.423599	590.987883	436.492659	66.589546	295.068150
351.530501	140.993655	329.111359	-95.165927	717.666899	241.774219	224.500234	208.710740	145.987736	531.157780	174.499467	-78.209944	126.551479	178.648224	165.487978	-498.071852	473.538835	164.459651	505.755980	78.006361	-70.810471	-249.178981	371.943314	107.297723
290.019910	130.273957	330.053538	187.391519	29.461663	632.656623	-9.735316	313.155773	293.841276	302.851465	77.595933	482.507125	-127.371079	197.259627	438.194951	448.255071	-58.263505	206.420970	287.426199	176.588511	489.505881	194.142216	138.466163	514.644587
1000.489837	144.021090	-168.154204	505.269111	67.452674	144.539481	189.995861	-234.785977	71.425413	380.216742	-55.623603	297.149382	-14.687829	687.424965	361.179306	338.287110	144.732173	-28.647343	353.447284	319.896841	417.871047	142.908814	-184.797173	247.225434
-10.830230	192.449266	54.291482	37.650901	72.019940	309.254308	140.679453	41.310145	210.329262	185.199917	7.464718	574.455427	71.764565	6.129855	368.148642	-226.049225	232.523597	-324.744551	-195.279063	-282.821718	-57.774210	255.727251	352.250906	452.381642
243.982945	421.058585	548.521205	268.981581	319.020284	725.788479	644.079077	335.597809	836.756933	220.012054	423.441930	242.580767	289.058339	557.043850	379.219273	157.549969	489.603047	-115.507040	415.680801	547.160450	259.571889	312.097463	252.361277	449.343716
672.811883	442.403623	294.135989	517.118492	452.990203	-15.589353	591.790271	195.101380	57.302549	14.117681	370.438761	814.602314	440.354513	258.939891	120.468676	225.295223	620.344334	134.644680	565.552622	228.692301	585.529907	714.326315	586.792540	953.469830
259.031701	-180.814681	657.026999	611.608403	342.094629	-6.822231	-212.577047	239.430479	476.517606	246.004941	273.614179	159.647097	244.602138	364.492895	309.879495	-65.862012	180.073754	82.778874	345.329114	457.757701	-20.375759	97.777802	210.164791	531.824056
209.458392	371.395593	212.633427	165.472027	-69.612150	434.783259	153.628943	-394.746053	166.909420	-9.254057	193.269148	704.911465	258.759687	299.178011	137.415567	420.833903	285.753896	-41.405588	24.550120	121.193707	431.366996	33.364231	-199.176762	315.026448
73.387071	-128.074092	880.041713	-158.372196	215.665887	286.960206	303.509536	-318.854177	162.022467	546.698386	-108.118942	529.693806	78.860477	74.528923	552.187064	49.698212	-58.059940	330.777714	-50.690374	361.519966	145.488061	374.352544	129.975165	582.313481
95.186648	501.969932	-100.028929	-162.964087	279.062503	-380.400543	258.641105	403.447750	272.970323	354.456735	329.599735	548.491617	-404.903252	-91.434545	488.890302	-294.815983	38.698519	56.443723	-17.037432	-318.828249	556.430710	383.882757	13.256678	132.661786
516.326526	461.210066	35.735639	271.700594	386.620700	231.414439	264.404153	131.728944	100.302059	167.369672	-213.220605	250.606078	-346.044177	177.363618	113.663210	-106.720132	560.471547	23.602174	568.877294	19.753274	298.447235	275.714005	368.997342	239.017605
-37.638116	345.114548	304.302738	477.309667	543.763601	254.128002	675.653919	-132.380966	128.087759	22.244677	23.180537	228.658771	194.915142	526.569186	521.204669	90.039123	-280.182162	366.598185	486.468718	488.817163	97.942283	473.646245	-149.850120	510.110297
409.896746	104.106101	524.455756	450.557899	111.193082	154.785389	49.871012	-267.643270	-74.356464	-35.758000	-92.859539	301.402752	-223.376664	84.743248	-25.554770	-120.118812	-1.233552	278.617334	-421.332826	485.090214	-15.486281	177.659031	233.200639	51.205138
608.369042	264.722837	420.440437	282.777807	365.450366	160.271603	519.920187	401.733748	259.707641	827.849724	365.954599	603.017008	302.213141	358.585769	346.258998	375.461420	-14.907959	-244.630062	494.821952	105.332851	158.560803	121.183264	-22.733817	258.433853
218.237784	244.787493	123.489482	429.013137	-80.096014	357.995281	306.549420	309.227346	252.109203	1016.416405	-195.606833	56.660236	113.088714	631.499566	66.763953	79.643940	-478.597642	-157.149137	140.954365	643.480073	677.082812	33.538019	293.958895	763.685765
703.227885	421.375860	535.480362	-86.254912	653.008673	115.199783	355.461818	119.422250	382.347451	417.258158	122.502617	679.680374	546.468179	281.588679	289.345299	287.233827	116.878952	368.104288	-133.854375	31.246530	705.693366	502.457955	-127.453382	590.504102
146.189417	252.277540	186.539335	230.895534	81.984995	479.066036	437.552594	107.346430	214.169124	348.102840	-157.029208	-473.467122	306.563801	824.477952	331.796938	-177.231349	-388.435702	122.021010	806.330649	-209.801714	473.352041	110.885432	259.481465	210.287916
94.767476	551.794680	302.441476	480.593184	408.973207	225.971892	19.527745	-66.186712	258.459485	291.871020	43.159929	344.107634	426.335495	201.671433	335.076727	-14.528239	-160.464880	350.266470	-68.520593	-310.578928	-98.568036	307.057859	172.854209	-222.119338
867.637528	455.297215	612.609356	396.857109	96.292115	767.325440	318.679140	455.164352	237.520907	336.235794	235.736835	454.347696	327.473877	389.870519	321.711174	12.358850	535.543811	-2.589219	609.945497	69.338561	462.281265	444.932740	421.651612	247.516839
247.786434	301.474098	731.811154	412.871350	531.790334	244.427631	504.054550	205.392447	342.518970	-90.757076	123.665117	267.269124	188.456793	612.299617	231.458863	94.332254	-34.260933	-334.668508	347.381638	300.177629	460.712501	-86.165218	-275.230075	546.343217
422.835245	65.043280	529.689277	392.699311	462.109395	331.166358	-8.694134	84.427692	925.440508	-83.519155	590.688553	349.356224	-120.940309	273.531771	99.742075	126.267533	450.873591	232.437066	47.766248	390.790091	-160.174339	386.622632	274.505738	397.731247
266.584530	-94.133336	216.136388	512.525375	5.426059	251.538821	195.622087	-415.783407	114.750543	192.420679	91.827093	313.613156	320.961934	418.808265	-254.719349	59.977766	194.622695	-75.787185	436.181573	571.594456	-7.525617	600.684661	81.719471	352.458022
