
Matrice A di dimensione 24 x 24:
3.921208	0.033405	-2.284681	8.408792	8.761845	5.675853	3.802193	8.329439	1.281801	9.564071	5.582913	-2.477492	3.589250	6.351360	-6.272487	3.885455	-4.265216	9.759832	3.534017	5.605009	-4.202916	3.870413	-5.900491	-4.895268	
-4.156452	-5.716882	-0.336195	7.163104	6.988289	9.990285	-3.376979	5.267638	-0.064252	6.778966	-5.142463	2.788469	9.415849	9.026091	4.249646	9.143071	-8.370418	1.307019	-1.312044	-0.494772	-9.822923	1.208007	9.232104	-7.122210	
-9.525634	9.911226	-6.162708	6.363253	-2.728904	-6.810380	0.741424	8.973449	4.460989	4.035772	2.822670	0.981264	2.445065	-3.973836	4.469227	0.459030	3.991291	4.558691	3.255585	4.847044	-9.498430	0.984136	3.384195	1.832985	
5.613456	0.478016	-5.190687	1.602670	1.453539	7.929708	-5.792362	-0.349519	-1.075504	-6.634125	4.765259	1.619408	-4.567664	7.247800	-3.329537	3.253373	-3.064236	6.963257	8.050502	7.258903	2.284915	4.385947	6.651748	-7.151440	
8.017365	6.807347	5.534913	-4.118986	6.245389	2.351885	-0.186005	-4.714349	1.061443	8.199855	-9.899965	1.898015	-3.093486	-5.308736	8.431964	3.126555	9.244520	-9.168115	-0.728183	-8.331378	9.649830	7.275100	7.433921	8.213729	
8.152255	-2.568245	-7.823851	3.154252	-2.171267	2.740570	4.556809	-6.159284	-5.998540	8.245938	-2.032564	-8.152834	-9.452696	9.865381	6.152209	-6.518872	4.517629	3.899834	6.105557	3.711311	-7.935632	-9.555007	5.836024	-7.381782	
3.539040	3.019400	8.715699	-2.559644	6.547133	-5.806396	-7.025516	8.811874	1.917929	3.004946	4.448777	4.782330	-5.610237	1.694626	-0.427231	1.357689	-2.167090	-5.358792	-8.605183	2.618079	-9.161916	9.591144	9.605848	5.533467	
2.843120	0.500452	8.184691	3.972669	-0.763279	3.129173	9.936395	-4.239772	5.263629	4.069958	2.455050	7.264473	-7.963408	3.032976	-5.604577	8.905955	-4.224213	7.020879	4.371690	-5.602788	2.906804	3.730057	5.108355	4.006554	
8.934107	4.652193	-6.142405	7.598815	7.288912	8.617924	7.023116	8.752275	4.318197	8.634657	0.521712	8.440332	-5.605471	8.457657	8.391323	-4.381958	0.345977	7.412131	-8.448351	5.158464	-5.622211	3.005789	-8.008148	3.557267	
1.241090	-3.148323	5.652512	8.788016	0.225531	-3.493618	-5.217387	4.756067	-5.453009	-5.527112	6.740703	5.525496	9.839390	9.324311	6.479432	3.496935	1.073094	1.089064	0.021049	5.812717	6.334003	5.831106	6.237450	-4.041908	
-1.521876	-7.855566	-5.243361	5.303140	-4.166440	7.933505	6.428349	-2.691379	5.331173	6.379041	-5.502789	-5.491190	-9.558920	5.392336	-6.656899	0.947825	1.454932	-9.311730	-9.720152	7.583141	4.100136	5.438817	-2.022207	2.535439	
4.693945	3.966810	-8.964678	7.526593	8.989567	8.935516	-7.177465	0.508372	-7.737440	4.757161	-6.981627	-9.623807	-7.423045	-7.842312	-5.483137	1.200810	0.935154	5.332027	2.037532	9.254135	7.691391	2.659409	2.564209	4.357737	
-8.432899	-9.367132	7.216399	2.935871	2.406243	5.140098	0.316950	2.234920	6.878350	1.499134	6.528013	-5.317870	9.478030	9.066357	-3.256577	7.701091	2.015418	6.430092	-0.409950	6.935532	6.564021	6.888978	2.776547	7.080349	
1.674814	1.888979	1.342752	8.093243	-2.453610	9.878664	5.533541	2.029728	7.631120	-5.437417	-5.770823	-5.577185	0.872738	4.985470	9.376070	-0.039436	3.398064	2.410632	9.785006	9.882263	-9.155232	9.409654	0.586971	8.127581	
2.805856	-6.784053	-7.877185	-7.232387	-3.496394	-2.196580	6.287223	1.302757	7.165000	8.753833	7.435374	-5.385705	7.411229	3.811617	6.639161	-5.689995	2.896060	-1.812455	8.865572	0.683939	-4.694777	2.167265	8.102603	8.159521	
3.029480	-9.279405	1.487123	7.379580	6.538897	-0.617728	-2.600236	0.111892	1.457946	-8.979516	4.968852	0.157281	-1.735693	9.720334	-5.873433	9.800643	1.233400	-6.182003	9.066853	1.767486	2.932645	-0.281525	2.713765	1.124824	
9.012380	1.087544	-6.445687	6.912640	2.583806	4.571194	4.039035	6.204479	-4.328079	-8.732939	3.349917	5.975681	8.776225	9.425613	-2.905584	9.260250	9.785393	-3.009178	6.860668	5.788557	-7.277798	6.556385	3.348005	3.791497	
1.268670	8.798917	2.194192	8.630994	-1.254570	-2.282102	-7.664553	1.858529	5.537355	3.266638	6.299247	5.386812	-2.585619	-2.746681	9.580512	1.980738	3.169555	2.914824	7.968031	-5.012128	5.669757	-9.666018	0.911708	8.798337	
0.691482	-9.793469	6.598117	0.878796	-0.766527	-0.131898	-4.007955	-6.184729	8.147893	-8.364839	4.843498	7.197751	-0.640929	3.519563	-1.693164	-5.109095	-1.237927	-0.007776	-3.137293	5.293211	4.907383	3.109079	-0.819533	1.911791	
-5.025871	1.260060	-8.184162	2.123620	-4.432196	5.612173	-2.603767	4.870761	-3.463190	0.693185	0.160547	5.165667	-6.982812	3.228973	-1.632977	2.819634	4.284302	9.589046	3.354818	4.858715	2.981194	8.044005	1.755181	-2.316565	
-9.740473	3.701966	-3.320626	6.739718	-8.062206	2.624192	9.623555	-6.577471	4.410873	2.941866	7.192839	9.717784	7.022387	5.111669	4.608241	-1.523319	-0.008781	8.165263	4.622131	7.854950	5.040725	-8.335113	0.774337	-0.507120	
3.541425	-5.527294	3.311501	-3.670877	-6.718692	2.607404	6.045047	1.425940	4.964292	0.618535	2.001799	0.024992	-9.317208	9.804847	-6.859269	3.862741	0.821157	-0.636736	6.241388	8.655802	6.820533	9.146662	2.895914	7.774945	
-7.524512	3.568646	7.060057	-6.247312	3.136642	-6.408089	7.907374	-8.339246	-4.001002	9.731036	-2.593463	1.950170	-7.946785	-3.476078	-4.628740	-8.832054	5.257389	2.141115	-9.223743	6.317987	-9.491224	9.813851	-5.774551	0.496964	
8.523901	9.240528	4.664074	-1.797485	8.594188	8.517682	2.886789	0.516402	-6.700754	-8.446103	-7.317356	1.701686	8.147580	4.368492	6.178642	9.864619	-7.473887	-0.955399	0.316357	0.415770	6.839129	6.089464	-9.249562	7.517373	

Matrice B di dimensione 24 x 24:
5.933194	7.694587	-6.826194	2.087794	6.295141	3.814832	1.834545	-2.006473	-4.309689	-1.945458	4.324802	7.723992	1.672190	-9.660081	-6.026781	8.455973	7.305605	2.852958	-8.699521	5.322223	-2.004117	9.268682	0.695837	7.312270	
9.452429	-6.040187	-3.902318	4.511938	8.203969	1.358813	5.752939	6.119921	4.407618	6.782996	3.703195	9.155397	9.218958	-0.317970	6.314003	-4.973011	7.947684	-4.630512	1.112493	6.651600	-0.859728	-5.924740	7.626577	3.492818	
0.575764	0.139763	6.856808	-1.308749	2.849407	-5.557698	8.713555	4.902145	6.849912	-2.284614	4.487528	-2.720619	9.389138	-2.398984	2.086718	9.222973	-9.531737	0.147022	1.075158	-2.089384	-9.853442	-8.337642	7.711350	-8.019206	
9.900967	-2.638611	0.653962	-7.478052	1.629520	7.697155	-4.100900	-9.918965	6.069923	-1.698415	8.768810	9.495536	9.395911	4.295856	-2.675963	6.449720	0.904460	3.731963	-6.296405	0.860758	8.594653	5.536296	-6.390331	3.348795	
1.198784	-0.648389	5.884423	-3.097173	-6.689441	9.975644	-7.269119	-8.588312	3.314393	5.536530	6.920314	8.050104	1.755015	5.180131	9.864936	4.469245	-4.512062	2.585200	7.765199	0.506657	-7.883097	3.694357	-5.679994	5.868457	
7.657209	-1.171611	4.444679	9.904725	-7.749740	2.412183	2.130684	7.848189	0.526848	7.458000	-1.071417	1.763181	5.149297	-0.618472	-4.898939	0.944795	7.309807	-9.157897	-7.302616	4.495943	7.753448	-6.346985	2.311195	6.029122	
9.352268	9.015469	-6.054491	7.666422	7.956834	9.238299	-8.539756	-1.732033	-0.675451	7.052543	4.792115	7.400634	0.097784	7.937818	8.769941	7.828735	7.387266	-4.608101	-3.435508	8.403321	3.801597	1.257129	-5.888130	2.206863	
3.605102	1.415474	-0.791609	-0.512003	-5.022581	5.066132	-4.062770	9.233782	0.311327	0.736633	9.801969	7.761131	4.782401	0.173788	9.942924	3.969515	5.789399	2.722324	5.943823	-1.535097	-3.846437	-7.419028	-2.510651	-9.039184	
3.339683	6.185551	-5.945053	6.491661	1.699705	4.871885	5.999922	2.098352	9.083789	-9.645130	-8.148473	1.789946	2.072647	-0.556555	-1.643438	0.718978	9.783597	2.535697	1.417789	2.611220	-7.919641	9.272700	7.779530	3.999346	
-5.757572	7.863417	-3.568622	3.864327	2.963633	9.309045	7.297645	-0.053149	4.720554	-0.973358	9.483219	5.705460	6.113954	6.179887	-7.877137	1.182451	6.527827	1.468083	6.291404	1.730470	-3.246551	2.204824	-4.274309	8.299713	
4.439612	2.622272	5.498962	6.192450	0.983465	6.662826	-5.617775	-9.596375	0.447822	0.289862	5.143710	9.469387	0.652799	8.356213	5.846285	7.625139	-4.578883	2.715851	7.438624	7.449952	7.127590	-2.422268	4.799972	5.950984	
-2.212853	1.265576	2.631160	6.272246	7.908816	3.469824	0.647507	7.871938	4.820670	-0.492799	-1.067810	5.454053	6.404645	-6.776851	-4.709076	-9.577194	4.786157	4.492377	0.872101	8.493877	9.295333	-3.898474	-6.285669	4.041477	
-9.628348	4.004947	-2.263246	7.368644	5.519048	-6.048728	-3.089349	1.482618	-1.302289	1.916839	7.470526	1.511840	-6.073230	3.565983	-9.038825	3.460119	1.689053	-8.088702	-3.715000	-5.463864	6.251316	-3.903569	-2.529870	4.133192	
4.525282	-4.535500	8.672846	0.243911	-4.720544	3.512721	-2.005688	-7.416375	6.515099	1.206175	2.042696	-9.927087	-7.945396	-0.233078	2.225422	-9.182690	1.418947	0.222725	-0.768160	0.047222	8.122475	-5.230308	9.365288	5.192883	
1.753042	7.762277	5.118390	-7.162112	1.580047	7.855918	-7.652139	5.679181	1.731203	-7.546760	2.532112	8.023024	7.158166	3.985173	2.764652	-6.219026	2.143161	6.354676	-2.011249	8.704870	8.563682	6.213443	5.607531	-8.780583	
8.529061	8.989260	7.507406	-0.511769	-4.891388	7.018265	6.961301	6.835184	1.717977	-7.290654	-1.283235	-6.599377	2.608085	8.451384	7.245826	7.278669	-8.122605	9.162173	8.601565	-5.760218	5.013774	7.603645	9.697441	3.398725	
-9.970288	6.052824	-8.389301	5.010144	-8.032868	1.029815	-0.777567	8.545205	8.350454	-5.501420	5.985835	9.984000	1.890477	6.191008	0.218339	7.902167	-8.330123	3.783540	-9.711260	-8.298423	5.031659	-6.892396	-7.592147	3.055900	
0.893708	-3.357903	-2.053410	9.728266	9.926988	-8.009719	8.138062	-9.461161	3.289319	9.095369	-4.859274	7.387896	-1.462178	4.997349	5.337125	1.259504	5.137164	2.347218	8.216979	3.415577	-9.340128	-4.385102	4.547868	1.314153	
-3.880224	1.651549	4.688725	0.499763	1.106805	4.541540	-5.688326	2.570855	-4.345559	-4.643015	8.121570	0.551133	-9.259097	5.565696	-6.599162	5.186617	7.665645	-8.301495	7.168832	8.223362	8.431820	9.779794	-4.312087	2.461302	
9.680177	-3.238559	5.133317	5.742702	6.067711	2.358243	2.057779	9.388399	3.753848	-8.122052	8.204507	-8.451091	7.113424	3.159467	5.431980	9.160719	-7.863808	9.736509	8.462005	-5.710309	1.987925	1.821887	-6.247662	2.073829	
4.151497	-2.801266	9.052835	0.425535	-7.083630	8.941258	0.043021	7.344010	3.300363	7.571270	6.121701	7.208055	5.348261	9.077117	1.224328	-8.582216	5.043016	3.842933	7.558029	6.179696	-3.769675	-5.365426	6.390568	-6.205118	
5.906842	2.624167	9.782325	4.939763	-2.336294	2.162105	6.100433	1.436965	0.940584	-6.277832	8.019418	3.360021	-6.723534	7.587791	1.942463	8.493207	6.350701	5.472999	0.797359	-5.620134	-3.908907	8.471625	4.739881	7.842071	
-0.547654	-1.437543	9.887724	9.096822	7.389050	7.065880	9.277077	3.770633	6.042653	-7.431988	-1.583838	-2.482597	6.310069	-9.159639	-0.096684	4.813763	6.296709	-5.053085	2.154337	-0.111760	0.491056	5.610285	0.537235	-7.214071	
-0.624780	1.876339	6.096468	7.438594	-8.576423	-4.907331	2.654280	7.082719	-5.545580	4.697375	3.987055	3.794674	-2.722485	-9.844838	9.855554	-4.411081	-7.839925	8.436828	-1.553518	0.322357	7.835337	-0.192363	-2.256894	5.105641	

Risultato:
Matrice C di dimensione 24 x 24:
341.528304	-197.291944	401.434705	215.571707	-204.428954	552.993404	162.751735	264.276243	99.226942	-454.623196	235.590081	-330.254808	166.363759	-32.323347	250.124164	379.852726	308.780693	183.005653	522.485971	417.065086	-123.325214	117.816733	141.544680	47.438208	
-131.634179	-127.937566	245.078843	687.664381	105.480666	116.748415	423.238525	-215.716448	127.369108	327.045715	282.495787	627.495468	277.340578	144.494010	309.960605	419.326284	121.628735	-5.252217	418.331181	171.234653	221.989206	-13.563615	64.655219	667.835332	
-19.250436	-171.463802	620.390458	693.805776	353.332790	186.262759	773.684951	79.893432	62.803217	217.281354	-103.861214	410.568534	1022.080130	-259.391717	707.767962	106.066653	572.794409	521.639120	270.795551	784.584854	45.986856	296.663332	603.220355	65.624380	
283.734671	125.737997	74.364707	-240.434650	259.746006	538.031429	114.756163	241.726180	580.310157	-191.160821	314.808611	594.037125	691.490131	-275.846168	481.050461	411.438923	-105.978266	432.535685	570.640125	382.730329	-172.620131	162.807609	-463.205829	72.455772	
-295.901773	-2.764839	367.785136	-121.107413	-425.899381	19.029683	-628.075113	70.480684	-89.910566	377.347803	474.391763	188.069031	-195.968245	-167.130893	-48.156187	-10.049928	-5.676010	-216.477607	-82.160349	-230.009383	543.666148	329.573938	-23.709770	198.674893	
-311.133591	-176.907986	183.372153	262.995023	82.735719	67.361552	562.466570	-125.119592	-40.716436	-215.610577	152.709408	-39.543702	321.330438	108.120124	485.181245	338.433508	232.904386	671.120170	448.989175	-87.869053	-179.065970	110.615835	559.707924	-6.985490	
200.823312	-104.296782	387.277311	-110.303987	134.129213	-82.978167	110.924696	184.179706	401.457184	-38.541520	19.994134	-279.574204	8.491580	58.999029	7.576888	837.975921	-113.597473	163.370871	500.821929	151.750548	-445.059692	103.092660	366.457568	370.268627	
621.932153	20.189347	369.752346	607.031975	222.807697	462.613063	109.511348	106.968786	279.560788	-17.189568	5.993851	895.991125	413.175171	-328.799748	207.547862	390.749955	1246.979335	-44.996703	48.716133	151.597642	-74.796117	343.880947	179.735244	499.897803	
-195.870389	-13.497278	283.795900	739.516161	535.261285	181.483187	291.421399	67.526589	-52.534777	-493.971101	90.268894	203.473913	326.479105	-610.888120	365.328030	311.248674	437.980438	512.332091	568.935416	227.708886	-73.084939	626.295243	612.986396	52.403482	
113.459888	161.455639	433.492660	214.373497	-94.859007	126.680005	674.430319	-90.654673	512.214719	-116.165485	839.826037	427.557806	750.406258	49.603004	433.299611	59.994936	-667.170068	1162.138005	947.058180	62.994169	564.217164	303.886107	-204.158688	699.707623	
-307.152842	13.705249	352.530315	508.042146	-413.352157	573.349725	177.534445	317.908916	191.393112	-101.781501	349.234605	549.995197	34.762907	-17.719633	-62.141344	394.547186	78.739462	35.742012	341.657320	-228.503513	103.165046	264.184912	216.241204	125.792594	
274.800599	110.966432	901.360073	40.707719	101.287951	114.145003	142.122387	89.373739	281.650905	83.706601	273.410011	125.960803	4.837277	269.464810	1402.275090	132.014156	-193.496725	496.189805	632.295584	413.072560	-181.739690	33.468829	74.996330	37.789669	
509.667575	55.743230	68.955399	162.772025	-209.641546	697.527971	284.163131	433.399152	750.923016	33.243877	418.056376	240.318993	-139.838759	689.098442	136.170539	302.166138	-32.557079	185.448434	895.555102	80.712856	42.646289	-113.458788	-21.345009	249.054032	
441.221179	339.383007	264.037454	612.321039	501.359895	317.892798	320.980758	-45.798647	84.233858	-161.887822	468.608609	460.977831	261.845263	265.850678	848.923236	352.085634	696.924500	748.957593	620.577563	391.330450	-38.533074	587.149164	533.597977	-184.303750	
-513.984026	43.104443	56.014675	-102.976176	173.462801	204.085087	105.954008	15.571981	272.403603	-323.040627	284.696211	217.097985	419.479366	-542.673657	-65.627253	-146.643321	179.126115	370.419797	6.973799	286.370854	162.419590	318.866434	98.809637	-66.561699	
295.163065	84.862357	123.674523	325.859039	168.653667	680.136207	345.470260	213.323758	807.219438	-126.553523	431.059984	663.042867	724.275624	138.663860	45.186499	258.688257	206.099542	383.198971	300.486842	104.024689	172.668265	190.864362	-158.504848	354.596597	
134.892621	585.570431	191.260100	-172.851564	87.775801	477.624918	415.062946	167.409619	596.024420	-102.681965	545.395006	807.659877	694.099694	397.168947	563.564533	297.186554	35.962785	893.322574	110.390254	353.277627	231.764781	418.764015	125.279849	302.332920	
-65.125640	603.507602	-43.981339	-242.366191	220.231454	-293.071278	622.641975	154.532774	821.292199	-103.491882	302.936428	304.701044	327.849119	209.599335	114.129647	-271.291160	395.953084	231.941930	-174.189722	381.324997	227.362919	-110.904339	224.369049	453.207989	
538.927574	200.436122	153.407908	486.418803	30.053749	109.234588	683.831030	-36.916989	692.166279	-5.826975	583.949595	793.284960	418.868724	658.658781	437.698365	265.090140	77.979139	710.827374	602.642533	226.692904	599.688748	449.162100	105.693213	650.466392	
118.697538	-145.231108	270.585293	274.404256	131.744060	221.887861	522.602346	-122.583167	448.289114	-104.629210	-37.584279	272.166159	365.746421	-26.454694	399.528823	335.808371	278.245490	249.405067	222.285643	351.371084	-22.360535	378.095328	-146.827745	599.568600	
194.817212	143.892610	-139.826314	-306.740458	-209.702619	347.412645	198.143904	80.672516	341.592709	-212.490670	331.283113	189.097085	-33.519359	363.598554	299.307364	604.174794	482.639201	424.408451	518.914664	288.758716	26.272009	379.210421	369.946576	316.780962	
455.659458	137.327971	211.605688	392.377395	-360.976756	209.011634	742.904871	-121.408969	681.328255	110.371144	134.709212	434.442714	-92.526474	249.757261	79.267400	144.712270	245.782420	-60.878888	210.560398	155.895254	157.555856	632.962439	60.454242	573.262662	
-387.894459	494.082028	406.122624	395.614367	-82.749662	-64.171140	504.485207	902.885658	284.934887	-215.224943	736.816126	167.278365	261.190541	-285.653026	34.097937	206.896355	-30.646151	87.969924	233.981946	-432.749995	-120.917848	77.725959	563.414995	-331.286226	
542.434761	170.764967	335.907623	569.497631	-154.649816	191.976772	-85.076416	129.205597	377.002811	435.851081	488.024910	637.852213	215.448257	558.389575	235.530695	348.782077	212.274767	21.309392	474.096799	25.424052	-96.115181	156.427249	-276.702755	360.850672	
