---
PBS: la directory degli output e' /homes/DMA/PDC/2024/NVLFNC97Z/prova3/output/prova3_004
PBS: la directory di lavoro e' /homes/DMA/PDC/2024/NVLFNC97Z/prova3/codice
PBS: la directory degli eseguibili e' /homes/DMA/PDC/2024/NVLFNC97Z/prova3/bin
PBS: Compilazione in esecuzione...
PBS: Compilazione completata.
PBS: Job in esecuzione su 1 cpu...
>>>
Inizio esecuzione.
Lettura degli argomenti completata.
Distribuzione degli argomenti completata.
Creazione della griglia completata.
File di output creato.
Generazione delle matrici globali completata.
Distribuzione delle matrici completata.
Pulizia della memoria completata.
Applicazione dell'algoritmo BMR completato.

Calcolo del prodotto matrice-matrice terminato in 4.539967e-03 sec
prova3/output/prova3_time.csv aggiornato con successo!

Stampa dell'output completata.

Esecuzione terminata.
Inizio esecuzione.
Lettura degli argomenti completata.
Distribuzione degli argomenti completata.
Creazione della griglia completata.
File di output creato.
Generazione delle matrici globali completata.
Distribuzione delle matrici completata.
Pulizia della memoria completata.
Applicazione dell'algoritmo BMR completato.

Calcolo del prodotto matrice-matrice terminato in 4.540920e-03 sec
prova3/output/prova3_time.csv aggiornato con successo!

Stampa dell'output completata.

Esecuzione terminata.
Inizio esecuzione.
Lettura degli argomenti completata.
Distribuzione degli argomenti completata.
Creazione della griglia completata.
File di output creato.
Generazione delle matrici globali completata.
Distribuzione delle matrici completata.
Pulizia della memoria completata.
Applicazione dell'algoritmo BMR completato.

Calcolo del prodotto matrice-matrice terminato in 4.553080e-03 sec
prova3/output/prova3_time.csv aggiornato con successo!

Stampa dell'output completata.

Esecuzione terminata.
Inizio esecuzione.
Lettura degli argomenti completata.
Distribuzione degli argomenti completata.
Creazione della griglia completata.
File di output creato.
Generazione delle matrici globali completata.
Distribuzione delle matrici completata.
Pulizia della memoria completata.
Applicazione dell'algoritmo BMR completato.

Calcolo del prodotto matrice-matrice terminato in 4.539967e-03 sec
prova3/output/prova3_time.csv aggiornato con successo!

Stampa dell'output completata.

Esecuzione terminata.
Inizio esecuzione.
Lettura degli argomenti completata.
Distribuzione degli argomenti completata.
Creazione della griglia completata.
File di output creato.
Generazione delle matrici globali completata.
Distribuzione delle matrici completata.
Pulizia della memoria completata.
Applicazione dell'algoritmo BMR completato.

Calcolo del prodotto matrice-matrice terminato in 4.552126e-03 sec
prova3/output/prova3_time.csv aggiornato con successo!

Stampa dell'output completata.

Esecuzione terminata.
Inizio esecuzione.
Lettura degli argomenti completata.
Distribuzione degli argomenti completata.
Creazione della griglia completata.
File di output creato.
Generazione delle matrici globali completata.
Distribuzione delle matrici completata.
Pulizia della memoria completata.
Applicazione dell'algoritmo BMR completato.

Calcolo del prodotto matrice-matrice terminato in 4.541874e-03 sec
prova3/output/prova3_time.csv aggiornato con successo!

Stampa dell'output completata.

Esecuzione terminata.
Inizio esecuzione.
Lettura degli argomenti completata.
Distribuzione degli argomenti completata.
Creazione della griglia completata.
File di output creato.
Generazione delle matrici globali completata.
Distribuzione delle matrici completata.
Pulizia della memoria completata.
Applicazione dell'algoritmo BMR completato.

Calcolo del prodotto matrice-matrice terminato in 4.544973e-03 sec
prova3/output/prova3_time.csv aggiornato con successo!

Stampa dell'output completata.

Esecuzione terminata.
Inizio esecuzione.
Lettura degli argomenti completata.
Distribuzione degli argomenti completata.
Creazione della griglia completata.
File di output creato.
Generazione delle matrici globali completata.
Distribuzione delle matrici completata.
Pulizia della memoria completata.
Applicazione dell'algoritmo BMR completato.

Calcolo del prodotto matrice-matrice terminato in 4.542112e-03 sec
prova3/output/prova3_time.csv aggiornato con successo!

Stampa dell'output completata.

Esecuzione terminata.
Inizio esecuzione.
Lettura degli argomenti completata.
Distribuzione degli argomenti completata.
Creazione della griglia completata.
File di output creato.
Generazione delle matrici globali completata.
Distribuzione delle matrici completata.
Pulizia della memoria completata.
Applicazione dell'algoritmo BMR completato.

Calcolo del prodotto matrice-matrice terminato in 4.549980e-03 sec
prova3/output/prova3_time.csv aggiornato con successo!

Stampa dell'output completata.

Esecuzione terminata.
Inizio esecuzione.
Lettura degli argomenti completata.
Distribuzione degli argomenti completata.
Creazione della griglia completata.
File di output creato.
Generazione delle matrici globali completata.
Distribuzione delle matrici completata.
Pulizia della memoria completata.
Applicazione dell'algoritmo BMR completato.

Calcolo del prodotto matrice-matrice terminato in 4.551172e-03 sec
prova3/output/prova3_time.csv aggiornato con successo!

Stampa dell'output completata.

Esecuzione terminata.
>>>
PBS: Job completato.
---
