
Matrice loc_A di dimensione 24 x 24:
9.387525	9.342247	8.628352	0.161115	-4.983638	6.850842	-2.924402	-7.542076	0.132700	0.955496	3.532778	7.783322	6.401572	7.435915	7.673684	-9.239739	7.458847	-4.796391	1.640293	4.052354	-4.840358	3.251344	0.980612	4.481062
1.854786	-6.101625	8.690449	-0.475476	-8.166165	8.884521	8.890009	9.510620	6.883793	-4.293466	3.072765	6.723857	-4.596084	0.999044	-6.294341	9.187985	-1.281758	0.683758	7.156355	4.414483	-7.659304	3.408986	0.666996	8.563404
-1.376159	5.371871	-6.630046	-1.626522	1.574840	-8.307354	0.554173	6.698862	0.883255	-7.668763	-8.541377	9.755956	4.000429	-0.936998	9.101156	0.992676	2.294142	2.068841	0.727922	5.337899	2.205763	0.648391	-7.281810	-8.800997
-9.754550	8.621203	-8.778403	7.412570	2.153453	0.019121	-4.941320	1.360895	6.782144	-9.670927	8.351446	4.774193	0.812635	5.158639	-0.084454	-5.864693	-3.650284	0.615272	1.962356	-6.900141	3.970862	6.847843	-1.184645	-0.817541
-5.109759	-4.926724	0.160660	-2.559156	1.853976	8.432578	9.579385	9.407074	-9.569427	3.260277	-5.985911	0.621212	-4.319226	-3.008457	3.078369	-4.436695	-3.578920	-8.465202	6.378119	-4.798530	-7.345734	2.427990	1.762959	9.702645
-0.233132	-0.772020	1.469875	-0.032564	-2.713541	-5.683302	3.996667	-3.951379	1.390160	-5.442054	-9.510364	9.654703	9.701154	-8.455490	5.472914	-0.942822	3.219817	4.422382	-7.999061	3.943183	0.950175	5.063243	-0.518427	-7.115636
2.389915	7.224247	-3.513743	4.805907	0.620956	1.770695	9.046895	9.223035	9.615767	8.982733	8.843610	9.059362	3.145322	-0.142029	3.709878	-7.089985	-1.475455	-7.911381	8.519365	2.314242	2.668809	3.872846	8.198547	0.295890
8.980817	8.393787	-5.748027	-4.098803	-7.073561	8.239621	2.710643	-8.997531	3.425051	8.183800	-3.292563	4.229814	3.741731	1.037612	8.607165	3.776481	1.324072	7.673507	-4.250417	-1.847602	7.888991	9.724153	-0.334579	-6.041008
2.771671	0.961607	-7.536469	2.698156	3.903993	5.837342	7.928992	-1.408839	2.485474	-0.949802	1.814835	8.249356	5.627764	3.996913	9.917602	8.371535	-3.385404	-6.369222	-4.632691	8.096393	1.778812	-5.267358	6.958110	-9.339947
-6.621982	-0.973959	-2.540367	-7.322924	3.003486	-1.179866	5.322422	9.016018	-0.815675	6.844340	1.357122	-1.846085	6.456845	3.855132	-5.773995	0.820496	3.534932	2.050671	-1.563496	5.174673	-5.343036	-7.708358	3.705802	-6.697365
5.602153	2.083060	-5.765927	-0.311772	4.052934	-5.593173	4.293640	3.222042	-3.879392	-0.755987	0.382636	-3.789049	0.915164	7.289425	6.718160	4.734440	-2.034595	0.121850	-9.466936	3.633370	2.189957	7.763442	1.303912	2.640993
0.306990	-4.869935	2.323105	9.655877	3.248687	6.460461	7.477434	-1.568115	-1.245973	9.355011	4.850956	7.999867	4.118945	1.691407	3.459480	-9.039291	9.491211	-1.474753	5.506518	-8.133993	6.843621	-1.109994	8.991005	8.668595
3.205179	5.014687	-4.145043	-6.408764	-6.147367	-9.262937	0.527846	-0.546878	-8.628794	9.436973	6.318083	5.176559	-9.931957	4.577662	6.392834	2.097967	7.457830	4.979749	-0.370636	5.230276	6.680377	1.002773	1.577045	9.636064
-4.089293	-9.923298	9.623887	6.186821	1.495787	8.704805	4.396722	7.816646	9.035427	-0.977143	-5.820650	4.496049	-2.987107	1.527593	-6.915513	5.371968	4.246928	-9.961768	-5.398861	-6.938468	1.728904	2.224781	2.704997	7.623815
-2.667482	4.082934	4.666959	9.822682	1.548119	3.455108	8.014410	-4.219880	-3.610475	2.071627	8.681340	0.519208	3.462372	-8.571489	2.654585	0.139281	-3.927618	-9.635869	0.165109	8.021487	8.987512	-5.177774	7.951989	-0.733537
8.413598	5.755400	-7.771992	3.939942	-1.133105	5.440427	-4.769138	8.325126	-0.448334	-1.956892	-7.640899	9.421958	6.852120	9.526228	6.550888	7.133556	-3.917927	-2.292013	-8.938193	1.364320	2.128120	-6.832884	-2.304791	7.623637
-0.563270	6.067902	-5.668625	-5.237333	6.694842	-2.587732	2.880307	2.543311	4.031828	6.709102	-9.522817	4.853643	8.327930	8.744097	6.589369	8.112289	2.805782	0.650782	3.495965	6.602193	-5.127383	-2.497096	0.134302	3.234410
-1.482165	3.603658	7.120958	4.336563	-6.341491	4.086608	-8.778196	1.748192	9.480502	5.827161	2.977948	-4.430567	-9.714126	3.417654	4.539591	-2.423599	7.299171	-4.138426	6.367500	-3.369617	-1.226809	3.056252	-5.413022	-6.310862
0.905241	8.288204	3.114281	-3.842153	5.600468	-4.357713	9.481646	0.738199	2.939980	-8.706213	7.944708	8.977639	-2.833663	-3.193422	7.973477	-1.091053	9.284268	1.123125	5.246935	1.116368	-9.256031	2.102422	-0.714520	8.464080
9.875594	4.109010	1.511185	3.443623	6.665517	9.830560	8.941961	8.188667	-2.219994	1.810231	9.835765	2.967672	5.675570	-2.699325	2.247837	1.476734	-6.273031	0.310985	6.503711	9.356424	-5.615812	2.543176	-9.481677	7.143882
2.884124	-9.186551	-4.917888	2.517162	2.140985	-3.036076	9.631348	-0.738274	2.898364	7.681509	8.117191	2.681267	9.900515	1.815770	-5.880562	-6.733259	1.957794	-6.254959	-0.312571	-5.037019	6.618201	8.675732	4.794009	8.061054
-8.177772	5.993628	8.426920	1.345593	-9.075312	2.354880	3.854580	5.568863	8.191146	6.912397	4.945428	-5.796723	-8.495738	0.788056	7.829667	-9.556790	5.098640	-8.906410	3.064008	2.415933	-9.390061	2.065581	3.489133	3.193696
9.806727	6.648480	0.798537	3.205602	3.404543	0.812659	-4.179362	-0.920513	-6.532003	-2.714494	8.134845	-2.361948	-5.066349	6.413045	5.172544	1.763023	-1.490514	2.912020	4.843546	-7.285401	0.215138	6.588505	7.887331	4.942067
-7.748999	6.149112	-9.743794	-9.173798	5.221014	7.821268	-8.354668	-4.966563	2.313854	8.621392	-1.848546	9.402636	7.942451	-3.523160	-1.258402	-1.170613	-8.338261	6.464016	-1.496649	6.836603	5.595184	7.423175	-1.938750	9.151931

Matrice loc_B di dimensione 24 x 24:
6.981742	-1.519735	1.476540	-8.987999	2.478129	1.190783	5.928543	4.913461	4.899964	1.678733	9.638227	2.465044	8.210831	8.032200	5.323692	9.646013	8.743078	-5.310305	-7.175398	3.574818	-9.988699	3.115099	7.607643	6.773222
9.051727	6.560555	6.949399	2.507933	2.953756	2.085202	1.506135	-8.677234	8.053060	0.685422	-8.373353	3.088334	2.425380	-9.562387	2.575085	-8.581605	8.644776	1.493292	1.289839	-6.921792	8.350339	-0.008423	2.763946	0.171197
3.067297	9.949798	8.044282	0.739137	5.600188	9.035760	6.889220	7.554587	2.751769	2.219872	-2.686750	6.563714	8.777570	-5.067757	9.671670	8.564519	9.149575	2.218651	4.567063	5.639524	-7.414746	4.017561	9.659809	4.190143
2.461194	-7.185644	8.896400	7.659583	-5.730859	0.079673	4.461725	-7.685249	7.845661	3.852341	-4.981579	-9.572867	-6.939244	-9.496898	7.307689	2.228535	6.599143	-8.430171	3.045884	9.151779	-5.861177	-9.404387	6.238476	8.712167
9.063765	-8.957526	2.499486	6.434152	-6.457643	2.044395	4.934760	-1.649296	6.235857	9.201181	6.737851	4.605895	-0.525286	-1.888703	-5.938556	-0.298298	7.340110	0.141621	0.366611	1.517670	0.437545	5.944095	6.372947	8.033560
4.270815	9.586974	-9.769413	9.723437	3.516154	-8.385374	9.645283	-3.913017	1.934801	7.596480	0.745150	-9.531968	3.562876	-2.572896	4.273987	7.932328	0.204344	0.982246	-4.044833	3.686973	6.997392	-7.149279	3.771592	-3.769453
9.889284	9.299362	-6.286663	-7.697409	-6.819237	-4.078087	7.094380	4.598435	1.619110	2.445168	0.029053	-9.546059	2.396938	6.632670	-3.228362	2.930997	-4.422085	-0.447466	-9.798540	-2.986107	-9.056000	-2.507340	1.869201	2.494725
7.081778	1.838085	-6.022590	1.120317	-6.343271	-2.625571	-5.514459	-3.020960	-9.416680	3.755358	-9.330653	-3.659889	-4.633870	7.191061	-2.932555	6.082868	3.099569	-0.668407	-5.089235	-7.128525	9.858664	4.882026	4.596269	-3.547263
6.228242	0.822809	4.068841	6.125712	5.069215	5.153134	9.523036	4.215991	-3.195552	7.789890	-2.377314	-1.776801	8.267958	5.682399	-1.840329	9.813566	6.436981	5.198983	7.579752	-7.217199	-1.545778	4.402010	-1.432447	-4.329054
5.205196	1.336352	-3.543139	9.874874	8.629696	7.938989	6.073287	0.748195	3.490814	-0.419576	1.553489	5.891238	2.210125	-3.283954	9.978484	2.917721	-9.791314	-3.482232	1.197837	3.480770	3.581239	-2.549703	8.045477	4.309636
8.450789	8.337093	-4.748551	-3.704329	7.639619	4.000124	2.465914	4.823301	6.475776	-9.064456	9.452582	1.762966	5.567128	2.417740	7.304301	7.622778	6.499272	5.678754	3.284559	-2.202802	7.797260	-9.978460	3.754754	7.869872
-3.660570	6.873125	6.529188	6.250636	-2.042729	-7.788897	-5.873636	-6.403395	0.486882	-2.146685	6.460100	0.135362	7.960737	-7.635039	4.665801	-2.367612	9.578107	-6.773275	6.473633	1.549944	-7.211696	-6.247001	-4.012416	-9.256630
5.038538	8.192313	4.539874	-0.304491	3.375040	4.731883	-4.516253	8.230692	2.166194	3.925205	-9.703563	3.415906	9.457462	-8.474998	5.878016	8.058631	4.404348	-6.993701	-4.186166	-7.293093	1.671953	9.600976	-5.832037	9.258761
2.570347	2.464490	-3.963604	6.173805	2.188024	3.145653	1.184924	-6.175840	-2.056718	-6.741814	2.595041	2.826024	9.854320	9.842493	-8.050975	2.826085	4.519807	5.070340	6.604664	4.031450	3.393565	-8.672291	-4.306083	5.612085
7.939179	9.232198	-1.257849	1.581628	-2.419858	6.592908	8.996993	2.302338	7.846376	-4.726333	5.549492	-9.249306	-8.967349	3.165522	-3.244501	2.356879	8.685079	-8.846027	9.887503	-6.088798	-8.241841	1.754770	-2.050088	-3.489265
1.934430	1.536442	8.505460	8.837811	4.178262	1.555875	-4.301632	5.116037	-6.660274	9.345022	7.969315	-1.998088	2.753603	8.809932	-0.829890	6.105134	-9.674120	-9.063712	2.551743	2.813355	9.246593	-2.538844	5.888824	-1.679111
0.062312	0.789058	6.725719	6.630037	-5.865087	8.242684	5.978129	1.365860	9.697750	0.630939	-7.264278	4.370836	5.751126	-5.554606	-6.362742	6.290670	4.003865	9.962562	-5.591312	-7.037919	-2.091727	2.515248	9.804226	0.149828
5.185781	4.714597	7.555694	5.119455	6.778300	3.989227	-5.803897	2.588847	1.300777	-7.374860	7.209118	-1.105995	0.044458	7.014574	2.895099	3.562043	-0.381182	-0.024663	6.478980	6.431974	2.625971	4.557611	6.226232	6.017960
4.125634	5.749376	-1.250039	0.851944	1.861317	2.131223	4.045627	0.494037	5.491531	-2.111402	1.874677	-9.798253	-2.085556	2.324777	4.161603	-3.404724	-2.568415	1.737563	4.325685	6.979548	9.864617	2.862079	9.212158	-4.336416
-4.274909	3.128245	2.450605	6.838913	-3.606025	-8.137397	-8.423673	5.840015	6.287723	4.481286	4.300716	5.951686	-5.838609	4.719307	8.549622	5.515400	-1.807306	-6.026139	3.388755	1.732194	9.954355	-1.966380	3.204563	-7.509397
8.427984	7.778001	4.856316	-8.546686	2.645393	-7.253429	8.491581	7.792958	8.845492	6.198374	7.058951	9.897524	1.517808	-2.515613	8.671631	8.603352	3.564533	2.492135	7.951341	7.287337	-4.744394	5.381041	-9.132685	-8.020990
1.346912	5.916695	-4.598539	3.435544	0.224123	0.002325	-2.240383	9.325126	3.022122	0.160201	-5.333745	-8.886164	-7.861473	6.442694	5.659832	1.120541	3.969498	4.408781	7.055553	-4.772939	5.601293	0.784964	5.991179	-5.022384
-7.553092	0.621415	4.723031	0.388078	-6.959627	3.619889	-2.757363	-6.633229	9.383415	7.123481	0.975238	1.918715	7.920486	7.101604	-0.751160	3.664128	8.445390	3.806171	-4.053547	-9.901778	-3.359685	7.396077	6.480868	6.772310
9.780456	0.805602	-4.746314	2.620242	-4.882170	4.891308	4.521013	-6.565339	3.396604	4.319384	4.044289	-8.419579	-1.949247	-7.489976	-4.897174	4.343902	-6.215675	3.122493	-8.856418	8.888317	2.692254	3.246121	1.712601	8.804730

Risultato locale:
Matrice loc_C di dimensione 24 x 24:
293.927065	-18.763551	246.261764	-42.353654	-338.644161	512.034025	189.493334	-145.898547	347.217916	110.524700	53.452418	-315.850607	94.300930	374.846517	328.817128	111.507556	382.592435	312.622344	179.632389	649.881581	405.110715	-173.855273	853.786354	322.814383
138.728312	700.296942	-309.189350	63.443993	-156.041688	216.531948	453.629839	36.605563	400.195009	393.985053	100.533470	27.207531	274.407548	662.606917	765.993773	297.576188	602.647569	129.577305	454.510482	379.278650	222.055864	-93.431002	157.137630	-15.789674
192.534878	-94.418619	27.616486	487.016899	-28.678766	116.365704	75.805843	-59.044241	336.568558	71.295848	486.475969	-486.560837	369.197246	132.383004	-416.664114	92.983581	284.794400	580.593698	177.071018	-319.756824	615.040332	-26.558355	111.995348	-9.926540
693.138843	-259.848882	46.869435	13.956880	34.198979	414.928467	359.325715	-53.321905	221.472085	442.348450	362.584624	-440.207070	544.869085	-52.543344	69.158337	469.802975	59.176006	571.715349	-194.451901	-226.009023	-62.275905	350.748957	223.095681	430.092043
465.428945	259.094817	-160.941660	195.261320	237.277524	-67.810926	-126.185846	-558.867094	233.591304	220.737333	323.652516	101.521097	380.872254	192.160598	642.064313	154.613248	388.693611	100.086850	499.304209	387.333351	-193.808467	82.162784	14.746977	143.086628
242.003737	472.938888	71.939423	387.756606	496.972693	603.405959	-50.952925	313.237410	222.959927	6.976590	-176.416944	166.757626	637.923375	7.793528	-376.759664	240.806005	629.461328	733.030048	606.596066	-74.632095	93.286212	466.346115	475.883735	117.225211
101.637930	57.251997	-24.548636	-2.783475	-475.806819	316.370367	144.000880	175.696788	449.075168	214.556329	-63.066042	-297.227666	37.881933	-35.878254	-121.102545	397.579529	96.677779	215.363579	-6.268270	325.858873	-209.545545	259.982071	-45.345864	105.504814
464.156342	-91.361325	281.470208	531.833026	230.159754	679.081928	259.969826	9.845266	-47.340393	30.280029	660.161669	-154.667189	352.484844	292.065678	-95.386116	541.992724	142.699729	411.452306	293.358892	644.686393	23.735035	184.948071	414.486233	63.599967
557.686680	8.773277	591.124478	620.522891	0.141644	684.464676	72.101878	-46.959712	119.273678	295.708646	225.780512	542.818124	558.950264	703.653357	431.316255	344.908112	79.488344	-24.198103	402.552732	583.454486	325.892578	60.238591	503.469712	292.336847
340.694757	92.417139	186.247376	272.509329	-48.920824	-8.501045	-22.520344	28.723038	223.191946	192.242390	82.906949	-18.942517	224.862242	143.410431	201.692899	-275.390552	286.928664	20.551214	537.393299	-31.818735	493.405402	-209.182795	377.574792	-123.606812
349.635664	143.441855	417.190853	-42.291450	79.517353	569.190945	189.905091	314.782203	-73.978631	259.673786	441.847738	264.851997	-22.078515	100.038140	223.465166	590.800012	-43.836781	108.388096	574.954491	-71.456412	253.991144	327.401010	444.518497	-190.451613
395.226131	165.774457	21.571909	340.519185	-79.064688	-235.453566	-94.884323	156.461075	58.263987	280.043385	79.692831	562.285000	324.376565	399.967849	352.346934	260.834613	314.727146	360.276647	260.696261	251.945056	451.151253	-8.278389	346.135675	8.413668
183.080326	373.037855	383.998796	490.207114	-374.968500	-91.874540	628.204187	-283.460338	87.656122	74.431940	148.994496	1.399516	-130.357261	438.109116	-359.790576	81.526858	242.626563	-8.080775	307.918380	69.049728	-50.162958	-514.335053	346.940721	20.563351
221.086384	280.947120	-168.821943	249.076906	-372.674982	259.345500	90.795213	-93.132039	9.678731	749.447034	-246.062098	39.240834	-15.191175	673.722409	247.044565	286.550304	78.926881	-92.857887	287.491615	414.722983	172.315050	554.154269	484.819497	-90.211009
460.422077	359.278535	-51.775860	515.924425	112.573873	-13.493428	197.173728	-173.579223	-179.528508	38.167179	313.032870	-294.624705	127.265670	401.132220	559.449064	332.824733	-67.727791	-320.809180	143.149228	515.659407	447.971227	-43.594851	378.252341	157.380942
412.319191	306.122733	49.788563	105.175129	-227.735748	115.328036	-25.855715	180.473251	334.030756	185.744675	11.143889	61.484003	-253.800593	368.338038	179.099262	-240.322607	-40.344619	44.912493	496.280415	26.852661	628.242430	-474.914383	628.966072	428.112960
271.690767	221.760366	378.432900	-85.307328	-72.299552	473.737775	415.654995	320.740926	625.416288	98.069850	200.830115	222.588496	253.146765	254.957103	198.632765	94.535457	666.710290	189.661501	829.610579	315.984630	420.287256	75.305970	751.535108	-314.721187
245.943569	-155.703393	354.532535	36.882343	405.365810	2.557152	168.206755	267.801046	398.159545	115.163249	272.339387	598.637478	495.310776	28.576999	138.103466	417.812277	358.520181	399.501147	119.575697	477.492061	-411.421586	-135.603224	203.545472	646.221828
-26.013849	-423.489078	-46.257467	311.397542	-291.837135	286.531948	161.243091	115.082908	138.754382	313.370751	-178.054679	-15.559029	8.413660	57.976982	22.388095	-251.448104	735.041393	355.801550	-168.439844	166.899370	213.382916	331.715440	114.575059	190.619368
230.878915	582.641412	134.650637	-4.752203	-495.836237	253.391086	-304.894630	21.925731	785.351331	-193.389989	349.653115	-319.278890	144.140500	469.882457	358.059382	583.047448	118.561767	-184.848106	161.433952	236.393996	401.169511	-97.167697	491.702953	264.526963
88.075427	267.142276	-209.162673	-217.350642	-89.025542	-66.087784	-533.900487	-79.479036	-41.225821	181.622911	196.725937	349.734726	38.555239	368.432788	530.420104	112.700992	317.462661	346.348359	387.854091	-145.460146	249.292804	506.166690	-241.065286	-230.644660
280.667297	138.865699	116.151882	138.104836	-159.609380	388.860271	55.881805	-220.563449	766.215356	172.653666	118.100087	-130.621251	-101.754532	182.711635	550.424838	554.674532	69.183424	485.566777	183.834669	884.886808	122.366932	-252.802604	330.496963	295.441847
127.103725	260.141183	345.697356	529.202161	-243.424326	-47.047791	198.671115	-143.674456	-278.213459	630.018765	339.975897	-10.896068	274.267085	293.921310	411.379120	557.852964	-123.822542	-479.578719	201.001279	170.183436	320.456087	-278.840928	227.317418	95.680980
344.281739	861.707416	-276.955510	64.439290	413.643473	-54.757430	247.447864	247.500901	425.158191	135.259442	480.412517	-343.862624	633.484292	147.577078	-74.932160	620.263026	-102.094409	59.972800	300.400117	225.534750	214.132033	-202.668236	601.682122	106.981606
