
Matrice A di dimensione 24 x 24:
7.677327	9.118374	0.574145	9.576808	7.129046	9.948251	-0.199794	6.612321	-8.783834	9.262930	1.300826	2.637982	-7.444565	-5.959629	6.330445	-1.966750	-0.940572	7.279800	3.615958	-7.398298	6.741782	-1.251739	-6.503813	-1.734580	
9.072109	-8.837694	-5.705278	9.232359	-4.460909	-7.655547	9.575499	-0.483050	3.723001	-8.513363	5.251689	-0.587130	4.007310	8.211434	2.588974	9.609715	-2.679296	8.367572	0.797405	9.203407	3.164412	-6.985365	6.519929	0.284834	
-2.944745	0.632001	0.247567	6.908803	-5.752244	5.242385	0.749045	3.002721	-4.099884	9.431957	5.608647	1.777730	1.868137	6.773709	-2.301440	3.039175	7.694573	8.961452	-2.247479	-0.258522	-3.424452	-4.939933	-6.453031	5.510617	
-8.557217	0.508657	-5.536055	-0.912087	5.664614	3.230440	-7.924871	3.906997	-2.214090	3.734830	9.438195	8.127363	0.194022	9.723310	9.095815	6.082460	4.456088	5.653976	4.129651	-5.798569	-4.338624	3.916938	-8.460887	4.283161	
9.048783	4.525412	-1.176659	7.863271	-0.866909	-4.210220	3.864863	9.704441	3.977414	-7.740657	2.072246	-8.766132	5.667695	1.161868	-5.501575	-9.699732	9.849942	4.272366	-8.139229	1.477782	6.395961	-3.354777	9.058228	-2.256861	
4.152459	2.232183	-8.191141	-4.902299	9.197125	3.938950	4.951888	3.969604	8.906179	-5.850175	2.497252	-3.428602	0.518327	-1.378892	-2.185751	1.013597	-9.381871	-8.168251	-4.315602	6.155471	8.363388	-5.888814	-5.148270	-4.576761	
6.816878	5.384294	4.266876	-5.199834	3.718600	-6.948611	9.453594	-9.457177	1.957490	-0.417256	5.932873	2.556496	-2.686041	-5.845348	3.129003	7.522602	3.796183	6.004832	5.788782	-9.978593	2.691449	-5.417858	5.511945	7.228952	
8.850853	6.414818	-2.475809	8.641297	6.506166	4.206563	-3.928566	-8.342516	-0.141309	8.720480	4.863530	9.569968	1.101108	4.817767	-7.831540	8.300718	-0.041961	-1.965321	0.018512	9.954734	-1.828367	-1.360278	8.935231	6.896763	
-1.576391	-9.791639	8.048375	1.880858	5.530950	3.343877	-1.864841	-3.542695	1.749250	4.699971	2.946522	5.752734	-7.804346	-4.670422	5.647453	0.084450	3.311376	0.173981	1.527296	3.944174	9.352478	4.078930	1.368377	8.829544	
-9.084208	2.258651	-4.835238	7.556075	2.832446	1.596894	5.911256	5.152228	0.283527	6.659678	9.300219	6.286830	-7.261355	-5.411918	0.571085	-1.523592	3.595502	2.911873	-7.584966	-5.681438	7.109042	2.095166	-6.034146	7.993462	
-1.377488	-6.163909	-8.806243	9.899801	5.616789	3.989383	-0.298885	5.132468	-6.089234	3.344043	-8.518782	-5.760015	4.073342	-2.276736	-7.084207	7.114750	-2.194539	0.017281	5.615592	-6.659096	-2.631255	4.792345	2.079472	2.248702	
9.808628	4.704259	-5.165638	-1.878710	-6.344545	-0.509746	-3.096642	4.117231	3.633909	-0.773872	9.209795	1.546604	-5.705383	-8.905260	8.861655	-7.042186	8.225683	-5.779547	4.111428	4.063140	2.380748	-0.922031	9.039648	1.078644	
5.103674	0.059820	3.249272	-5.921047	5.613607	2.203762	8.645795	0.133124	-8.683821	-2.062884	-5.751802	2.424599	9.182641	1.531660	-2.069594	3.912182	9.736609	-0.758326	-2.396883	6.033881	-8.103697	9.465386	-5.900260	3.077613	
6.273899	6.146342	4.156811	4.863733	5.046671	3.302099	-8.716326	3.775160	-4.640442	3.227721	9.163738	6.232054	2.290080	-3.881221	-3.518377	5.778633	5.899599	0.381958	3.532018	4.932725	-8.208596	-1.361739	4.743211	3.578527	
4.177162	8.172706	4.903715	0.544497	-8.802049	-0.827066	6.467575	-1.520208	-8.366778	-0.843824	8.311490	2.877485	-2.995393	7.231180	0.894786	-0.512749	-3.274357	0.992359	3.823481	-4.617085	-5.874574	4.389774	9.693118	4.063864	
-3.757180	-2.448445	4.597700	-3.082070	4.084942	0.668489	-0.020213	1.996496	-0.295515	3.381277	-6.991954	6.196516	7.941926	-5.405574	-7.540131	3.062338	-7.630314	8.303463	6.664930	7.556903	-2.938573	5.167960	-1.982869	0.946627	
-1.400283	3.035821	-7.596239	-2.920304	5.487559	-5.977997	2.199922	-2.750410	8.812897	8.272279	0.575793	-8.583638	-4.271978	6.448722	7.604912	-8.069853	0.655516	4.119372	2.602502	-0.560475	5.829519	-7.923492	1.275929	-6.526160	
5.750447	7.976542	0.629233	8.754230	7.474345	5.998130	-9.639138	0.956034	-2.197737	2.309066	2.700357	-4.617626	1.084953	7.447600	-8.741222	-9.267027	5.392663	-5.710925	6.457655	2.508278	9.261544	5.456851	1.761878	-3.010473	
9.058088	-8.038277	0.317948	-6.101250	-6.196835	7.211238	7.765432	4.191995	-0.107713	-4.941542	2.827681	-2.635663	9.852938	2.544167	8.634738	7.631203	-2.777417	9.568970	0.883351	-2.415030	7.410124	9.695918	8.824292	5.045953	
9.050070	-6.314622	9.231486	2.122553	8.414993	-0.056951	-8.107432	-0.457891	8.088809	3.531510	4.162854	4.988203	9.452336	-2.688511	8.472461	6.068156	1.553314	-8.433088	-8.723891	-9.946027	3.218411	3.483128	8.110369	0.800711	
5.741295	8.667673	7.439164	-0.932377	3.962192	-9.519744	0.655287	-3.612783	0.182236	-7.718746	-3.309135	7.117879	3.467805	5.226164	0.734386	2.972018	-2.445383	8.629535	-8.837510	1.797619	6.659861	-7.865115	-3.453208	-9.903081	
0.905957	-4.018756	7.284949	8.649428	-1.262775	-2.723603	6.566345	-4.984485	3.760146	7.857197	-2.961649	1.245082	7.427782	-8.081926	0.330495	3.998707	2.134583	-4.935544	6.467789	4.707337	4.561130	6.250546	3.154260	2.035724	
-7.432734	-0.963847	6.672327	7.439578	5.238444	-7.382724	5.151725	7.614653	-4.580658	1.080923	-1.755231	0.903904	-3.982990	3.191708	6.922824	4.368598	0.631123	3.512604	-4.658848	-7.880286	-0.310041	4.462004	5.468893	6.322094	
-8.846600	4.209501	5.348374	1.365499	5.866020	-7.639346	3.659467	0.064483	6.057927	-9.052816	-5.927569	6.448769	-7.084357	3.037048	2.119467	6.581001	4.440509	1.012616	2.443864	2.898851	3.780808	-0.025679	-3.595961	2.409530	

Matrice B di dimensione 24 x 24:
3.418683	7.477860	6.864057	2.103080	-5.131534	5.090123	9.924419	-9.077779	4.819661	9.692320	5.234547	-2.774957	7.232274	-3.025466	5.190159	3.121134	8.468633	2.457728	-9.198120	3.532512	-3.814925	-5.463517	-2.065719	3.342279	
5.556989	6.316143	-1.863571	9.391445	6.375236	-1.546312	-4.380927	0.156437	-5.496699	1.529566	-9.626794	3.790823	1.155254	2.424581	-4.940525	0.500329	2.723384	-3.483947	-4.366747	6.563696	-8.485529	6.209327	-3.416484	7.323009	
-4.687390	7.820188	2.284414	4.463928	-6.640638	9.741495	5.603979	-4.370849	3.586830	1.121338	-2.327760	9.877891	6.320270	-5.256847	9.772038	6.121286	-5.771076	8.487190	-1.634373	6.832440	4.946053	1.161206	-3.673500	1.937864	
5.245224	-0.591316	6.762103	-4.737815	8.717208	-6.683805	9.115453	-4.972578	0.730951	6.677395	6.665117	0.131047	8.048333	5.636474	-4.750038	9.283152	1.975356	9.150937	3.657183	6.922033	6.162274	5.837363	-1.360029	3.336208	
5.255927	2.954865	2.707543	-0.898889	9.779960	8.081597	5.843671	2.318144	4.650755	7.135543	5.120637	0.555864	4.736937	6.581538	9.101621	-9.626729	-3.738981	3.632487	7.501671	-7.085485	3.747167	2.467697	-5.628400	6.162567	
1.541855	5.382523	8.776191	3.525041	1.749681	4.943167	-9.315881	-4.181275	8.431715	-1.244493	0.783923	7.107251	9.725535	8.151170	7.986682	8.428996	1.652665	1.077557	-7.197643	-8.539321	0.851282	8.942294	2.471018	2.446324	
2.164914	4.479596	-6.901400	-9.384608	-6.425758	1.086151	4.899387	-4.258803	6.469365	-8.992108	-1.423501	-4.937518	5.792780	5.463328	7.250396	-4.420098	5.317188	8.414449	6.758482	6.540322	4.295201	0.509979	-6.135264	-9.669408	
5.794753	3.014791	6.894177	-9.258595	4.477199	1.501073	-7.192763	1.166451	1.126181	-5.589630	0.306955	0.995948	-0.434516	-9.661971	-9.011813	-2.990065	9.178701	-0.115001	1.075783	7.572322	-0.888432	3.835637	8.043025	-2.764192	
-2.447443	-9.713538	5.907266	-1.762576	9.172509	9.466685	6.265766	-1.537522	1.692111	4.533740	-5.886360	-1.152403	0.828934	-7.970369	4.151178	7.169968	-7.897172	-8.582463	6.112731	1.498175	-7.442584	9.801407	-9.678117	8.605717	
4.284574	4.765110	6.932707	2.279923	2.560666	-3.675589	4.916184	5.335488	2.871030	7.909248	-9.119292	8.900923	6.783091	4.786640	3.932873	6.314614	2.625177	7.472714	8.601098	-7.756733	0.774394	8.308446	-9.127501	-8.242936	
6.241124	-3.302724	9.792794	-1.356959	6.027447	1.490949	7.297922	2.764276	1.071882	0.159395	7.362887	9.029501	-0.316877	0.442156	6.985229	7.574905	0.452524	3.668574	-3.834146	3.199960	-5.349710	1.396555	-3.088626	5.256626	
1.506156	-0.597920	9.638260	1.346290	-1.087502	-6.912670	-4.020635	3.801614	0.610753	7.132100	2.302546	5.012988	4.220293	3.847035	9.496572	9.621453	-1.515151	-6.901171	2.985789	6.564898	4.486714	6.342207	-7.029194	1.830753	
3.657103	-0.459899	6.628362	2.310830	-2.276513	-7.977899	9.971095	6.984629	5.872316	-6.402632	-1.101722	1.891066	1.261297	5.883154	5.622612	1.260576	-9.218305	-0.241096	3.518960	9.452740	-8.559217	4.115315	-5.650959	0.973080	
-2.889840	3.440554	1.079081	6.811487	4.423444	-4.249958	8.503923	7.237028	6.879851	-8.769950	-9.728444	5.626340	3.068234	-8.167870	-1.577249	3.163354	-6.027684	0.959210	2.516760	-4.636667	2.762507	6.764982	3.709518	-7.413490	
5.636677	-5.010690	-5.771615	6.790026	3.753817	6.855457	9.138009	-6.837081	-1.925955	5.519024	0.071675	-3.992370	5.406760	2.794528	0.540990	2.501518	7.682034	0.676161	8.022700	-8.134969	0.068802	-6.058467	3.421199	4.638579	
-2.266583	-6.985987	6.157505	2.918938	8.545094	7.305308	5.318770	2.679276	-9.265078	2.628667	-2.849995	-1.511891	-6.959905	8.952781	6.212003	1.444508	-9.820120	7.374758	2.554604	0.360172	-4.350469	-1.109198	-8.989894	4.882281	
3.860152	9.236385	4.722798	6.115932	2.768197	3.175141	-4.008968	0.373536	7.707659	2.677386	1.280103	-0.445033	-4.145328	-8.036318	0.388322	4.813752	0.238030	0.833943	0.704554	-2.382047	6.630758	-0.892786	1.054695	6.278452	
3.589725	-4.203591	2.625435	1.005819	7.648791	-4.718296	-9.695992	5.048006	-0.627911	8.852410	-0.857141	9.910085	-7.309538	6.051692	4.249408	-3.306770	4.642952	8.451130	3.998182	4.516381	6.377390	4.558338	3.937290	0.386090	
8.356520	5.071964	-4.741262	-0.550656	3.711949	2.733520	1.694937	3.568562	6.746694	-4.292970	3.246527	-4.498746	6.168736	-6.943247	3.845142	0.189027	1.190829	1.344710	-5.804515	-4.665888	-2.027914	4.389618	6.299958	-7.515072	
9.385271	0.681970	-8.288418	-8.453943	1.977865	0.603848	5.228386	-6.853836	-1.421391	5.091976	-2.041542	-0.817790	6.963670	8.939356	-7.543868	-4.799039	6.631244	2.164474	1.906112	1.688395	-2.870844	9.250639	1.054469	-0.303637	
3.796573	7.536385	-5.091205	9.870114	-9.898278	8.456291	-3.519094	7.642737	1.409894	7.734097	9.846231	3.843308	2.805259	4.298211	6.682343	9.216113	-1.877372	7.278165	3.202272	3.144264	0.347142	-6.456726	2.932958	-1.422044	
-0.111499	2.621312	8.136537	0.010246	-7.706826	-0.957966	9.884674	2.055686	-1.519472	-2.656720	4.642899	3.406000	4.452480	-6.980796	0.242893	8.593751	4.615539	8.041254	0.769243	-5.673588	3.126208	3.338771	1.887640	2.693788	
-6.536001	1.340471	-9.212481	-3.022696	6.445511	8.456651	5.417602	6.174979	-0.547260	6.077095	3.541353	3.129974	3.627839	8.898352	9.900613	-4.559158	-8.511649	-9.787928	-4.984495	8.567804	-9.293082	-2.409047	7.270905	3.929994	
-9.067727	3.736035	-0.943064	-8.636851	2.367518	0.086411	-9.113098	5.247517	-3.811002	3.327838	8.626913	8.317162	-7.282517	-9.565248	3.079831	8.314032	0.004186	4.098067	-4.480908	-5.423760	3.002655	-2.085330	-1.404473	-3.958091	

Risultato:
Matrice C di dimensione 24 x 24:
60.591726	122.996921	-522.336220	-20.371006	411.007412	412.119213	296.369384	-15.642197	-140.473294	353.600934	-167.098662	333.203611	652.960005	604.467586	380.632285	62.916468	-35.379346	-264.998418	762.127594	-611.439815	328.870454	510.994950	189.271284	717.378196	
399.744080	-116.859781	-419.759173	-102.867188	200.535697	633.223927	158.853221	350.177096	51.208468	472.905816	92.456451	287.648856	437.723447	81.321782	454.211638	-284.419460	-365.616214	425.327343	403.807705	-148.029493	68.972543	-127.473255	200.474099	338.538427	
321.392278	78.472493	-186.673284	-72.752209	65.808399	189.109854	486.315287	91.251343	401.760918	166.790328	491.776612	545.936392	427.218057	456.980701	2.050478	461.926228	402.507480	-70.892717	307.704377	-417.255300	182.038206	136.168251	81.584272	292.670709	
-33.434331	60.508844	-610.562154	-18.297927	428.185623	341.460751	-140.084833	347.546198	70.459310	332.235964	40.998285	627.212089	369.772630	195.537900	290.732063	660.294314	-2.163289	-226.664378	380.146575	-196.414277	138.781066	276.138382	125.439480	433.908334	
-202.895258	-201.840171	211.453041	-13.101628	-269.139629	-12.488699	88.493016	138.235811	35.297017	0.764876	146.093555	-311.567081	-565.432429	123.525329	264.179696	294.075842	-124.590878	169.517486	118.684028	254.206800	69.784069	-34.836090	400.284914	200.483144	
-207.164740	146.472443	-48.485225	85.766474	-350.211867	170.182239	-398.884192	346.490828	106.347673	199.460171	-30.216703	-361.232075	-485.648065	-319.563375	-113.914727	-66.514499	-112.105093	-121.328689	0.890975	-177.497329	24.207247	-186.640948	-265.228618	146.755401	
-233.565875	100.745911	-86.455559	160.334313	184.638670	630.937948	206.024047	292.176107	160.455279	-67.712197	-39.276808	641.069307	-241.065141	180.068010	419.443619	247.238347	73.027668	257.215279	103.869895	-197.772321	251.509989	237.801370	52.690383	152.213082	
237.365096	580.681642	-21.626388	60.338477	881.946690	276.979226	-61.422260	113.934576	781.070082	466.791905	497.958189	448.496228	346.525691	704.920891	691.730879	-298.032510	530.490138	520.472999	812.967069	461.385885	326.863558	750.729629	-0.980525	592.403886	
218.287489	87.568175	-78.895348	-239.946098	128.512562	252.099225	473.621390	330.600370	205.964438	-83.026918	-288.087998	612.679927	246.222391	126.698317	325.118560	710.608115	-8.561916	-101.308493	5.662102	-146.050968	422.450740	513.766621	428.036256	182.545539	
-199.908097	25.818518	178.947060	-435.251081	53.885349	619.653857	-21.785231	-334.901123	-89.732009	94.848028	-2.305059	341.113092	-280.043329	484.315677	-129.608557	426.709120	55.778843	196.680676	301.329436	-263.210360	277.497096	884.803040	61.815192	450.789080	
-40.096564	204.759298	-336.501518	9.475744	576.831421	503.000844	83.055931	252.356052	165.317770	199.811234	152.177024	202.798847	-245.945470	226.111591	535.363480	148.670096	-202.894891	-152.955123	445.876482	-158.222579	-176.577126	107.975987	94.349659	409.018558	
112.872078	-399.938246	112.729983	-329.151911	-1.444666	285.845023	347.990794	-343.720044	642.823315	-54.861726	247.711636	0.125926	418.601402	95.110895	148.807785	270.286658	100.863545	-38.167694	-68.876875	89.795477	506.715495	248.304850	27.683866	306.417584	
394.091404	306.532566	-102.807744	283.978451	545.838173	155.858361	-220.584003	-130.483726	-57.219317	506.380515	278.223377	980.394033	239.061532	612.417095	302.240241	120.493996	-46.015021	607.215704	132.126240	-147.221297	-122.721563	143.536500	16.265911	-52.387631	
-245.486624	507.318631	100.460786	-207.002293	705.198426	-98.131271	-580.390771	340.976883	601.430514	463.610704	429.565530	622.797753	-105.792986	526.433620	460.510874	-66.399246	30.093997	154.289979	520.020718	190.044226	274.713265	377.293978	-214.032581	734.766526	
146.834224	31.021355	-565.107726	-115.446834	125.643228	423.523746	32.562159	402.144939	389.217595	151.983657	138.100913	16.603006	603.110550	672.817530	537.100223	-381.515606	352.250189	-65.157755	269.401371	-500.965120	511.907666	246.393646	195.952315	-52.364315	
324.691475	412.051296	-452.627305	-93.368320	732.930240	113.560580	-509.957576	13.578785	-38.489705	509.296769	481.188773	1079.338530	396.052695	128.602597	399.399025	-33.323276	242.016954	682.504766	-61.025697	-74.101827	65.234855	440.444915	543.809843	259.403384	
253.341469	-222.995281	-339.557506	9.792082	-27.831917	90.109228	-64.040058	76.465380	1.251116	-136.190043	167.804079	21.479488	207.185397	133.639903	138.016432	105.136335	53.794961	136.940656	355.655621	-350.527081	345.532661	214.709869	636.246488	368.563937	
-21.191502	461.115443	-123.617244	112.736808	214.110794	460.703573	-390.193934	583.630298	397.358155	-120.375234	444.245123	209.156687	-152.428316	370.160600	191.569652	-44.877552	305.077081	-43.779715	455.319365	207.313993	-283.241452	-175.610877	295.459065	-271.580450	
563.845226	-214.448759	-243.501582	244.872700	202.911482	182.510731	482.270869	198.118085	-245.422642	63.663557	-34.010830	459.672417	423.163342	-403.020372	570.697649	139.472188	59.832954	62.320577	78.236795	-139.058655	-53.721230	206.726477	953.926055	256.568486	
78.591172	309.688935	-506.781408	-401.038375	210.529213	-374.138761	-7.094844	417.630837	342.760664	29.617033	97.777581	475.753002	327.738586	10.967713	309.738830	795.568781	374.585809	276.739793	22.540233	79.932135	-148.416703	526.540757	387.236584	331.214954	
-4.332492	1.673319	-225.905403	81.572345	-283.465729	318.764045	107.354454	301.886472	294.112889	-25.859326	176.059144	-288.238239	-348.129460	620.935814	303.164286	-625.208673	78.896561	496.719320	224.499657	438.443401	25.798684	-388.142720	-545.541050	293.349974	
-354.114286	219.044844	193.891779	142.043320	479.321461	424.136015	48.030355	110.405245	401.413178	-102.713550	144.793880	778.919277	322.732714	246.045874	459.775238	146.557119	-21.999075	135.195937	148.144882	70.342829	247.808558	546.503556	133.925517	365.015868	
174.733951	87.403329	-121.113754	70.255729	292.212354	16.368576	-37.588807	77.887305	-10.664739	-7.888347	722.269779	617.996697	377.332430	268.812938	243.523917	478.720409	469.521392	676.794476	17.301120	189.431476	-146.983463	114.981687	491.745674	82.814210	
271.891263	135.520512	-11.934441	-153.486852	298.569835	253.023692	151.887569	131.199286	125.197181	-19.063093	701.772061	371.432479	144.231139	58.357712	121.017745	199.827621	115.924156	485.542152	270.134511	-75.460181	56.529702	100.429510	394.469715	169.446527	
