
--- MATRICI GLOBALI ---

Matrice A di dimensione 36 x 36:
-5.401271	9.858477	7.475505	8.708983	8.188034	8.804628	9.699969	2.462746	-2.691449	5.897521	6.384527	2.622683	2.615604	-9.141322	8.339259	5.243655	9.788512	8.433140	-8.070142	6.772969	-1.643075	-6.173196	7.529419	4.373315	1.392750	6.143018	-7.945713	1.471185	-0.258539	4.297686	-0.596274	1.870768	4.006917	9.380717	7.303718	5.888047
-1.679131	5.261497	-7.860090	8.371365	-7.327340	7.163220	5.781615	2.269988	4.964705	-4.987077	0.837873	1.231769	-0.691579	4.151348	5.238110	-7.217884	-9.968915	-2.039923	6.971626	4.471191	0.365294	2.431603	-5.301698	3.479098	0.318970	7.116854	-3.171716	1.375023	7.684142	2.048102	1.040567	-1.964854	-8.082726	4.315514	3.256865	-8.052977
-1.447710	9.220586	5.155220	5.617938	3.006384	8.657012	3.789248	9.595984	2.210349	-2.487687	-0.031458	-2.289249	1.406824	5.845595	-9.063347	2.683274	-2.947052	-5.102520	8.130142	0.904685	1.698188	5.030194	3.329391	-2.521914	1.710059	-7.348987	-1.750436	-1.884827	1.841411	8.851540	0.935210	0.824457	9.052290	5.510611	4.403579	-6.987791
5.446907	2.783828	7.172763	8.114926	7.895900	5.478152	5.093502	3.449098	-4.553119	3.180555	-8.436351	0.967934	7.886805	8.896268	2.937488	0.460230	-4.966015	5.978836	-4.057272	5.799033	1.817882	-8.791990	-1.993376	0.628524	1.195542	-1.173949	-8.093173	-8.505177	0.143242	0.267396	-4.108199	-3.063808	9.183303	7.414874	-1.638365	-6.571163
2.662476	0.544457	-0.285477	6.110628	2.900056	1.860892	9.102669	0.179948	5.845633	1.890212	7.703311	4.457661	-2.220785	8.247647	9.599626	4.360412	1.715816	1.194120	9.321757	5.376767	0.977833	-6.407209	1.308973	8.244378	1.425306	1.685218	5.214420	-0.141870	2.467616	4.739363	-6.651845	3.054102	-5.371893	5.933459	8.564566	7.221176
1.662609	-8.809306	-3.558986	-0.470871	-3.623265	-5.345994	-3.899035	1.593918	5.676183	9.818956	7.241102	0.513496	7.267733	0.313986	-9.812607	7.483623	3.362468	1.633883	-1.905066	5.951080	4.807876	-7.457528	2.379993	7.892504	8.025210	9.814229	-7.018823	1.556336	9.578764	6.524138	7.881014	-1.534874	0.777550	-6.164602	2.230199	-4.142523
6.122900	9.888857	3.595577	4.070045	2.857381	3.153651	-3.109195	6.287655	-7.208712	2.750016	2.477458	3.895911	-9.879279	9.627475	-0.728521	5.902685	0.457061	2.482819	0.708486	-1.151965	6.312640	8.021057	5.941752	8.314613	6.059591	1.672033	5.686145	9.963677	1.135369	-9.227235	8.281432	0.279759	6.552516	-1.563783	5.126708	6.307690
2.342042	9.882055	3.899358	9.285404	-7.768447	1.523606	4.891475	5.157910	-5.503543	-3.537532	1.127008	9.608467	-8.645770	6.032267	3.084296	8.755066	6.600655	7.486512	-0.264229	1.846593	-8.248772	-4.261082	0.143056	-0.895414	-8.605578	6.348332	0.327820	7.988711	2.860742	8.813379	8.274924	8.026681	1.481711	7.387001	-3.927084	2.517497
-6.075607	0.267114	7.883679	4.639930	-3.131935	6.384437	-6.399689	-4.504097	-2.149871	-3.174098	-2.826083	5.923421	1.067876	-2.198674	1.056907	9.134579	9.204567	7.632761	9.631813	2.867551	-7.915954	8.369608	-3.071339	-2.566654	5.905317	-8.922432	-7.446633	-1.947345	-5.039159	6.761543	-4.411235	-4.423074	4.716176	6.436635	4.630052	-1.129431
-4.255196	6.721303	5.502318	0.553401	-8.438473	2.749557	3.875408	4.222768	-4.590690	9.051719	0.199320	7.907378	-6.228073	4.562462	9.640921	4.485332	5.946266	2.721598	3.393992	-6.429680	-2.352203	9.974052	-8.803448	-3.881260	1.177220	9.123704	9.392921	-2.776039	7.318823	1.469464	-6.991325	-4.423349	9.138050	-9.320403	-8.285834	0.333492
8.406370	-1.695451	8.237380	0.603047	0.414917	9.551353	1.111899	2.471470	-6.758249	9.953029	-3.636877	-4.972960	-1.497026	4.787631	6.936643	4.124350	-2.803384	-1.862322	-4.816385	-0.474084	-8.734668	4.770707	0.194236	-3.678815	2.540348	3.306177	9.437248	1.060312	7.316934	-7.241538	9.047763	-5.679482	-5.896711	3.008151	-7.890104	4.534914
-9.394784	4.413427	-9.292489	-8.042666	-6.666053	6.415367	2.003604	6.246511	-6.093820	6.640963	-7.692797	8.249493	3.151400	-7.406389	-7.209764	-7.364157	7.224682	-7.155084	-7.821132	4.344685	1.324260	4.197254	-8.399131	4.831408	6.726063	-9.139795	4.675703	1.464912	9.761915	2.143988	-5.879732	9.756344	7.984768	-6.788161	5.811659	6.029407
9.570712	-9.406048	0.643551	-4.897232	7.887758	0.762496	0.646626	0.614324	-4.658672	-2.110902	6.761607	8.020536	8.491447	-1.165107	0.214734	5.869859	9.805514	4.214154	-2.392464	-4.208186	7.262402	-3.170082	1.162205	4.594105	-7.710911	-4.150970	8.817910	-4.643018	7.669838	7.342384	4.421102	0.218896	3.301201	-6.091850	-8.332277	9.973909
-8.212598	-3.846499	4.984529	0.459061	-5.759657	-8.617733	-5.927330	1.024137	-6.460434	2.691954	-8.755400	9.696455	7.734484	8.384782	-5.751399	6.326556	2.100078	-6.345887	9.770346	3.782581	-8.690722	1.326731	-0.498417	2.716137	6.019660	1.932228	0.429422	-1.317227	-7.125953	9.611121	-9.418291	9.952965	7.859084	-3.301758	-2.909533	9.064195
-6.083876	-9.393887	-7.753535	1.055661	8.917905	-3.966030	5.923815	8.967561	9.793181	2.873251	-6.316909	4.665260	-7.564778	5.709678	1.629279	-3.201737	-8.050454	-8.697644	3.849802	2.301372	7.052302	-0.098684	-6.999610	4.794672	0.873867	7.901927	5.959966	-9.784972	7.627044	-6.555574	-6.587827	-7.574609	-0.697879	8.700544	-2.048683	6.353962
2.755206	6.644869	3.523412	-3.475557	4.676803	3.123878	-4.920398	-5.057590	9.878695	5.172353	7.039073	0.563935	7.235734	-2.114013	5.940798	1.852581	-6.092980	0.118452	-2.022489	4.487318	4.569645	-3.766870	-0.891306	6.406245	5.215808	-0.768034	3.256723	2.364693	0.064170	2.388136	7.277456	2.908551	-1.613364	2.135034	-8.368430	-4.404852
4.313625	4.389317	2.004586	2.175020	4.586540	-9.379184	3.264126	7.724200	7.261650	1.256269	-8.255329	4.954001	-1.813408	3.842504	6.220455	-1.906215	4.706513	0.344525	-1.308385	-8.604182	-8.013472	8.063966	6.023349	-9.770650	8.715159	1.562386	4.145605	3.149880	2.363568	6.130447	9.841896	2.570228	-3.096315	2.562774	-4.223436	6.121426
1.973203	3.459653	-2.094454	-9.374665	-2.712217	7.347085	1.953895	-6.514561	5.637292	2.054778	-0.635775	8.705201	0.779374	3.657405	8.468229	-4.625028	8.845572	8.890025	5.383365	-9.516143	-3.140175	3.666243	4.342071	-4.401108	4.359056	1.849554	-1.227828	1.351953	-4.497684	0.734205	1.362948	-6.276569	-9.283577	-5.018618	5.954159	-2.907971
0.514457	-2.864352	5.338139	-9.168003	6.197499	8.583426	9.157768	7.258591	3.201434	1.406374	8.591956	8.412743	-9.243710	-3.604296	3.988996	3.657474	-6.883600	2.022613	5.405193	9.854996	2.893970	3.953768	4.221961	3.028829	9.943947	-4.390428	1.424597	-7.027504	8.055118	2.226232	8.836358	0.025766	-5.235088	8.049907	8.235383	6.392476
4.030480	8.897050	9.243153	-1.799888	1.227354	-4.681443	6.063965	-2.867631	2.294671	9.905869	4.695685	5.374456	8.352154	2.382826	0.179781	-2.339614	5.804718	2.629590	3.525287	4.710361	2.318529	5.679075	9.213221	-7.526600	2.373665	9.364020	5.843883	8.168489	0.147921	6.508964	5.519940	6.363276	-9.193464	6.418324	1.483859	0.072692
-7.005967	6.758854	8.118974	6.013408	4.630596	1.211788	9.416666	9.433149	4.329389	-2.525754	6.831861	-8.636538	9.649396	4.816847	5.924716	-7.569208	3.969462	-4.656292	1.271151	5.114832	1.363088	-8.684555	2.615042	7.342607	0.819970	9.695149	9.487999	8.052409	-1.989985	-7.287446	6.176597	-2.944989	9.385621	0.654383	-7.608697	3.461385
4.620733	-8.588806	-3.814740	-3.646638	-9.695442	8.452504	2.887892	9.615187	-9.400803	-7.065464	5.765137	0.575088	6.593422	-2.938131	-7.500391	9.549017	6.719291	4.942144	3.413744	5.421476	-5.464350	7.576080	-8.302866	8.588635	4.489286	-1.807832	2.548499	6.937974	8.595176	-4.602789	7.939962	8.060433	-1.325336	6.347356	0.360566	8.160027
1.350082	8.221601	4.265244	-8.947003	-3.088622	2.003180	-6.217196	7.431320	7.869458	2.675529	-7.314625	2.671674	-3.599140	6.451952	-4.163275	-2.496003	3.807988	-0.274388	5.227377	-8.391686	-8.025149	8.306473	-3.793104	-2.120593	-0.423715	-2.133318	-1.776069	5.121405	6.272246	-8.905178	-9.786752	-6.885804	1.837106	-1.969591	7.760737	0.663119
0.326283	-7.896656	3.245075	2.915160	7.215447	1.272820	5.662868	5.662176	0.674835	4.034976	4.203033	2.351272	3.722217	2.979132	0.860266	-8.094309	9.359689	2.641381	-8.571001	5.320971	6.022018	0.911193	2.593178	9.104679	7.616704	-4.028006	-8.467055	2.915772	5.668132	4.161988	2.964039	-3.319196	-1.158078	8.288365	6.678571	-2.323113
0.540340	-9.769686	1.766546	3.507859	2.664298	6.706303	8.047512	6.645309	-2.364278	3.922504	-8.093291	8.765821	5.697671	-4.088547	7.129422	6.105900	0.948831	2.015009	5.683531	5.159508	3.744946	-5.054749	-6.749973	7.235705	8.843830	-1.619472	7.062717	6.031110	9.162066	6.191712	-0.293776	5.222387	1.365226	0.306473	-0.911807	3.833776
-6.148109	-0.464067	5.926828	-4.866173	6.077793	-2.716755	-7.005914	-4.450835	6.236890	5.840818	-7.695084	0.479556	4.584993	-8.819958	-2.697298	6.403839	0.882116	2.214578	-0.776038	7.568894	9.570642	8.364278	3.505745	-9.145146	-0.244313	4.826794	0.306650	2.209670	3.186277	5.592806	7.138853	4.729744	-6.983543	4.036530	9.388104	-0.643513
0.800245	3.846274	-4.414326	3.536846	5.440159	-5.851145	6.294567	4.752622	-8.538459	2.156798	1.314853	-5.333266	-6.765062	-0.643351	7.808098	1.674775	5.671038	5.831689	-2.992255	-9.806381	6.060019	-4.379222	-9.183791	-0.878386	-5.452612	-0.799397	-2.170105	3.713384	-5.126251	2.944701	-5.736978	2.490796	-2.225517	7.609726	0.291631	2.964327
0.714460	-1.252588	0.656542	9.532977	-0.163269	-5.916499	9.141265	5.247813	-9.940542	0.206792	2.603895	-6.928792	-1.685351	-4.491546	-2.752336	-0.188922	8.497074	-1.764428	9.174685	4.695621	-3.032134	5.793000	3.418974	-7.467799	0.170136	-0.737930	2.598562	4.554354	2.469539	8.307173	-0.775958	6.793029	4.682795	-7.087529	-6.350129	-1.289143
-4.815505	4.770478	-8.414810	5.085190	1.749407	9.737848	-9.860221	-5.509677	6.163244	0.424723	-7.586675	3.651676	9.157593	7.879881	7.469748	5.989871	6.538371	3.134413	1.421064	-9.492589	8.415971	3.759882	1.377132	0.445438	7.487084	6.967116	4.983329	8.138139	9.734291	-7.578500	-0.813694	-6.437641	-7.969293	3.176346	-5.621304	8.549213
-5.557285	5.795639	5.257964	-2.020316	-7.142848	-7.899457	-3.631841	1.583321	5.272978	-4.327634	2.388455	1.750807	8.391392	4.759459	4.529574	-0.306840	-9.779295	3.302322	5.893849	0.731441	-6.987764	3.408358	0.342054	0.989980	0.038103	-5.673046	-8.428376	0.405440	5.815885	-2.339105	7.606033	5.922057	5.292336	3.553435	5.137331	7.868370
1.315629	6.492477	3.317995	-1.200151	0.988051	9.089617	7.501834	8.442201	-6.985828	-7.762856	-6.216721	2.342804	-0.348156	6.504140	-9.981810	2.162461	6.099273	9.931628	8.665470	-5.930916	3.706662	-4.095062	-7.290636	1.618670	-0.468877	9.297682	3.275110	4.449006	2.850608	-4.923077	2.332553	-4.232833	9.875017	-8.799849	7.485850	-2.060459
-0.449803	8.138107	8.093656	9.529213	-8.839043	-7.204921	7.822967	9.168891	3.901223	4.853018	5.317726	-4.209391	5.525922	6.435870	2.679799	-1.263142	-5.293819	8.635000	5.838146	7.868765	3.398606	9.806766	7.478024	0.684375	1.429551	6.523253	-3.195356	2.942684	1.546856	2.282452	8.129639	6.559149	-6.636312	7.463794	-1.864579	6.921192
6.092515	-1.361004	-7.095845	6.180696	3.196832	-6.647176	-8.269519	5.989681	4.450508	4.254143	0.223948	8.561024	6.313419	1.911393	4.983281	0.007216	8.218770	-4.183832	1.163199	-5.687292	9.350226	7.599069	-8.336510	2.093814	-0.799715	6.291015	2.732933	-7.166229	7.361374	7.503860	3.283576	5.031163	-4.239464	-2.333587	0.360198	7.398687
-9.343502	-7.274624	2.039140	4.156974	7.927582	-3.504022	-0.838025	9.161666	-8.963873	3.336100	-8.908542	5.420095	1.448326	-2.791294	9.398349	-1.455976	6.428768	-5.500326	-7.114744	0.730406	-6.733109	2.815631	-8.664065	-0.672865	7.390388	9.452498	-8.490927	3.653191	-2.451778	2.446974	3.661604	0.511260	-5.062477	8.667316	7.879907	9.830768
-8.016137	6.247460	-6.957382	5.607374	-5.744254	8.515706	5.178193	-1.233536	7.371704	5.323705	6.347429	-4.489225	2.457641	-3.825928	3.402324	-4.416921	-5.641677	-7.004678	3.597982	-7.208669	-3.103057	0.436291	5.157066	3.358768	6.379279	4.344480	-5.724799	-9.801812	5.152831	-6.787662	6.667649	-0.142276	5.399784	5.254992	9.428974	9.553683
5.147474	8.821486	2.320405	-4.701334	-0.620392	-5.569927	-3.795985	9.863752	-4.857233	5.841836	7.656593	1.026882	7.753366	-0.998056	-5.431314	9.293892	3.638432	2.036879	-9.201606	4.613412	0.794382	0.208056	3.068899	-4.098519	4.969691	3.504793	9.604966	7.472669	5.742454	5.669239	4.566833	5.156633	-1.116092	9.360370	0.534216	5.725832

Matrice B di dimensione 36 x 36:
7.598929	-0.820181	-7.316687	6.716063	-0.058343	3.280004	-7.826773	3.574615	-6.139656	-2.119674	-2.657460	3.690193	-9.957863	-4.143321	7.776803	9.314646	6.955192	3.020261	5.121199	4.385474	-5.226124	6.718015	-4.337895	6.959862	-2.527669	-4.362612	7.463464	4.452948	1.446294	1.079320	8.675592	-3.963284	-5.378365	2.587924	1.666852	-3.517531
0.676098	-8.125705	9.125317	4.416125	3.295900	-3.974106	3.668476	6.313657	0.761395	-3.616589	5.419787	0.952528	7.060084	0.288505	4.671367	-3.213874	8.929224	0.084864	0.264275	0.350023	5.629443	9.284140	3.773936	8.746811	-7.825587	0.235541	8.176895	0.464845	-4.180221	2.816446	4.509750	9.031359	8.035860	2.500677	-0.193119	2.645274
8.389787	6.492327	0.950584	7.973729	1.693155	4.748610	7.777843	7.093900	5.666810	-8.151492	6.507816	5.551917	3.760967	-1.211199	4.313120	1.769965	2.362842	8.590361	9.689490	-7.516882	7.689770	5.964959	-2.054044	-1.304376	7.074013	7.240128	-5.051494	-2.340080	7.111652	9.249510	-0.687864	4.011439	-5.676014	8.471474	3.640073	6.201746
1.771284	-5.998277	4.811034	5.391535	5.449194	1.287773	-4.578052	8.212082	0.714356	4.660735	5.974284	8.496608	5.262260	6.855165	7.317449	3.857252	5.584713	4.181371	4.655686	8.144224	8.011370	-5.070280	1.685305	-2.832289	8.437668	3.336690	-2.824838	-0.184818	2.075186	-3.653526	9.406412	5.932728	-8.477955	-4.986848	2.876476	1.819353
2.164439	1.546345	5.514808	2.494471	7.295424	3.641457	-7.857723	7.299675	8.335465	3.153552	0.184225	2.965996	9.218499	3.538701	-5.308643	-8.190161	6.819801	-1.675473	0.234946	8.537255	9.053404	-1.661728	-6.899466	1.695553	9.415003	-8.887847	4.129359	-9.304110	0.445023	1.235167	2.598552	7.334868	-1.204116	5.719199	-3.869740	-2.184872
-1.101632	1.726320	-5.561646	4.433787	1.041439	3.314192	1.078225	-7.694996	-2.889473	6.688786	-6.513966	3.486642	-7.279159	-8.426294	-1.889144	-8.696114	2.042953	6.399796	-8.320902	6.372852	4.331780	0.422503	5.336858	2.335073	-4.170864	3.625113	6.929365	6.670055	-5.601864	0.375763	1.896499	6.546233	7.087205	3.465676	8.128858	-4.856147
6.740085	6.135724	1.949452	2.674706	-8.475747	7.567100	-4.847865	7.003563	-1.903846	1.374447	7.418756	-3.958280	1.729027	-4.475289	-1.185944	2.610267	6.330346	1.869277	2.870543	3.750164	8.703928	7.067708	1.303726	0.451786	2.870861	-9.179139	4.224968	5.442198	9.325962	0.248825	7.870585	3.745967	9.861830	0.861719	-3.082594	-6.027536
1.671706	2.938849	-0.221831	0.465686	4.553809	7.936113	1.768525	-5.091781	9.082230	-3.275734	-0.922596	-4.283316	2.000364	4.887307	7.745616	8.710862	9.728584	0.360310	-5.292979	9.353039	5.544105	5.604070	-5.268464	1.231394	5.582183	-5.272136	5.837082	-0.901819	-3.545180	0.709223	6.260407	5.183524	8.657060	3.937863	6.656229	-6.375899
9.497365	8.249502	0.615179	8.596164	-9.406153	0.213471	-6.032545	-1.645609	0.887133	-1.130260	-7.671923	-7.718767	1.988776	4.715298	2.661951	6.476013	7.790553	1.476556	-4.705698	9.571132	0.500059	8.971149	6.714318	-6.093079	6.990269	-4.745798	4.134173	0.811961	5.883999	-0.830686	-5.221686	4.183499	3.048916	-5.376511	7.983699	5.106660
1.858817	-1.242527	-6.461882	-0.029651	6.014894	-1.501978	-5.203008	8.454087	6.485049	9.942687	4.233327	1.668352	7.980166	9.255032	3.879292	-8.769195	0.722271	-3.774072	4.426039	0.941640	-9.276451	7.909995	5.518047	-0.382653	3.167981	1.738316	7.302533	8.048650	1.404591	6.018411	1.513542	-3.978264	-7.871025	0.938106	-3.629329	-5.678505
-9.560719	6.265506	1.979944	-5.813092	6.380494	-2.769083	-5.463756	8.973642	4.570908	-3.473050	3.452655	-4.822389	-2.748248	4.534116	-7.220504	0.410056	-3.891981	6.470171	3.824082	-0.370482	7.767713	-3.547989	-3.836636	1.154194	5.798862	0.915493	9.466610	4.938419	3.022165	4.246108	4.641305	5.534470	1.677001	-7.050424	0.036750	2.908200
3.051153	-9.275411	-8.135971	5.917336	0.190746	4.263360	0.167007	-6.780523	1.842652	-8.498066	8.521189	4.472307	5.723833	3.716572	3.354726	3.616949	4.639870	0.747446	3.685886	9.016003	3.605184	-1.600577	-1.068776	-5.196966	4.434006	7.510117	0.723096	5.310961	7.960609	9.303417	8.634170	3.294384	-1.216437	0.935827	-3.071225	-0.829308
6.287692	3.383341	8.040345	4.574493	7.804626	-6.168529	7.320754	-8.043331	9.755703	8.181610	5.669591	5.862350	5.554098	5.414098	1.791657	-1.743016	1.503707	-7.676329	9.276754	7.902030	-3.243044	3.883261	7.395445	7.673749	8.566748	-1.226991	2.588633	2.185554	9.585094	1.240238	-8.266348	1.904178	8.220944	0.661673	6.850166	-8.947143
0.908370	1.917268	9.397582	-4.743524	8.222240	4.183252	5.743296	-2.962287	7.253837	9.091514	5.269532	-2.698155	4.339107	6.286289	-2.562109	-5.330524	9.211938	5.732377	1.425857	9.857753	-9.465573	2.751259	5.563174	-1.924599	-0.952286	-7.382862	4.359704	-9.200609	8.166165	6.286202	-8.241724	0.625573	8.825573	-0.707049	8.134168	7.574350
0.467553	1.986445	5.131172	-7.802155	6.348534	4.785652	-3.097575	-8.511282	-0.791569	2.949537	9.804215	-7.701924	2.040583	4.141900	-7.083906	7.545524	-3.839605	5.583734	-9.287123	-4.470749	3.183315	8.999238	6.830370	8.280719	0.707944	1.852900	7.303621	3.373566	-2.840265	4.779429	1.216672	7.081262	-7.256045	-2.377490	6.859627	-3.423303
-6.122770	4.813251	2.552472	-2.895370	4.483996	-0.428930	9.883938	6.004019	1.437366	3.124895	-1.729849	9.333635	9.119991	2.882029	7.171352	1.167939	0.019541	3.434109	-1.834806	1.690803	-3.492503	0.595841	4.952550	3.062806	9.166622	1.665892	6.994924	5.080084	8.783617	7.946305	-4.257980	-6.374519	7.947861	-7.734817	3.047822	4.217066
6.648469	9.802811	-5.069866	4.719267	-5.511164	-3.648660	-8.265850	-3.613102	-2.659664	4.594395	-8.285882	7.557847	8.142055	4.522611	0.085331	-1.984525	2.813671	4.718138	-3.968947	2.401557	-8.680276	2.379770	1.782177	9.523036	3.137284	-0.871478	-3.448540	1.802528	-7.481477	5.104615	-5.528870	4.272805	3.975004	5.410132	4.788859	7.840465
4.544608	0.082319	-9.479089	7.190053	6.541435	2.013032	5.166646	8.501263	-4.428627	-9.367171	-0.674704	-7.489755	1.505199	-5.243729	9.025395	-8.459485	-5.873685	-6.146362	6.873912	3.580569	9.451268	4.503048	6.711746	9.295165	-3.340822	6.270087	3.077999	-3.221662	-2.765674	-2.838902	-3.872736	9.064384	4.709180	9.173820	6.806081	-2.472780
-9.519081	2.585067	6.418200	-6.371484	4.839507	-5.092562	4.251092	9.520222	4.012437	7.309960	8.549539	-7.627275	-5.346092	5.528672	-1.564981	9.515192	7.507590	3.537928	-1.443159	5.990902	3.434929	-6.953135	-5.885256	3.126099	8.017121	6.627881	6.872875	4.552045	3.782683	9.163773	3.547476	7.551374	-1.589467	3.526149	-2.579189	-2.583390
3.867599	5.061505	2.447729	7.233155	-1.016445	1.320880	3.763329	-0.149736	1.638637	3.306198	5.944400	-5.423444	-3.029226	5.082894	6.919089	-0.968387	1.641610	-4.845661	-1.238225	0.051794	3.554510	-1.851450	7.534547	4.144317	-8.429632	-4.143543	0.062660	0.996086	4.193745	-0.281565	1.217352	0.221871	-0.988575	1.533266	7.971574	3.834088
3.483562	7.881162	7.740382	3.871053	5.725160	9.964182	4.747073	0.422206	5.413867	0.400059	8.587685	2.429687	5.014611	-2.951821	-6.685530	2.177714	-6.839986	1.257569	0.022759	4.421490	0.105102	6.265011	5.973432	-0.700625	6.545686	3.379806	4.720873	3.033294	8.046459	-9.247661	7.255242	-5.329990	3.513498	1.930582	4.823264	-4.330860
8.969246	-8.150750	1.041754	-1.355506	2.156332	4.629758	7.102246	6.690891	-9.206520	8.909388	2.028279	8.867601	9.578655	7.128758	5.991417	4.495519	4.142603	-5.909448	1.906072	3.596517	-6.085185	-4.723501	1.752871	3.543668	9.010242	1.916889	5.076531	0.531910	-6.858981	8.998973	8.242480	5.849813	2.858051	7.959358	-6.034542	1.597998
-1.707680	-9.285769	6.813584	5.493751	7.292974	6.022653	-3.293740	3.154053	2.745168	-4.536001	-9.087598	2.923588	-4.086502	7.422897	0.801088	0.564745	8.554990	1.862645	0.835825	0.567176	1.037070	1.107609	8.049816	8.508284	9.490020	-4.001573	-1.278978	5.743321	-0.323468	4.393977	-8.767199	-0.031282	4.019066	9.817779	5.938219	-5.652036
4.683709	9.239297	9.345537	7.586370	2.153919	0.155525	5.982735	-1.631683	-0.829566	5.525504	6.319934	8.370800	-0.698698	6.295043	-2.032735	3.868762	3.277544	4.495702	1.393628	-7.190104	8.075822	0.494703	-4.811962	1.302120	-1.961175	5.874424	6.989602	-5.769248	5.518391	8.036028	8.119196	2.546256	0.306002	6.803639	9.284676	0.893323
8.195937	-8.318344	-0.522500	0.236835	-3.616144	5.002212	3.378013	7.949348	6.078074	-9.338888	0.191809	1.244426	-7.358689	7.976121	0.878703	4.329095	-1.757407	-5.811671	1.593800	6.678361	-7.958097	0.139272	7.985613	1.708600	-2.767791	6.693053	-2.596345	6.480454	-1.746057	5.818693	6.295698	0.412043	0.865498	3.462519	-5.087199	1.656711
7.471564	-3.782242	-3.333241	-5.864661	2.007719	6.622392	-0.721479	0.782918	-0.980142	3.610256	-9.360800	9.510092	0.083977	-4.998850	5.093848	-4.315870	4.038861	1.403758	5.631667	-7.480740	6.550013	-1.017447	-7.702756	-8.414713	9.533870	7.449454	-1.092238	-2.734173	8.699508	5.658031	-0.754461	-7.395221	9.118266	-7.014780	3.859486	3.272998
3.105165	-9.735408	-6.362542	-8.572479	-3.559087	2.893244	4.802592	-3.418776	9.486086	3.971844	8.252959	3.063267	-7.241759	-0.130108	7.467380	9.881187	5.631724	9.494559	9.904277	-9.087061	-3.257136	-4.999828	5.616313	-2.520481	7.752712	3.374207	5.356025	-8.392817	0.939237	-7.248299	-1.034165	-4.213104	4.454410	1.087942	0.924219	-9.616327
0.359509	2.323635	-4.188912	8.065946	8.158643	9.811647	-4.990492	2.608614	4.834785	4.267704	3.057468	6.352699	-6.951800	3.689062	8.098840	-3.038445	9.689724	5.595645	-5.145608	-6.935086	4.231767	-5.159611	-6.020417	-4.830152	0.049286	3.320925	8.669309	2.550995	4.880973	-5.520495	3.450931	7.220542	-9.041292	5.757839	5.239668	9.169500
6.726810	-3.620745	4.805612	-1.374255	7.182281	-8.320512	2.424274	4.598265	-6.482642	-4.404293	0.392387	-6.554449	-0.620288	3.706149	-4.463091	0.650485	1.911226	9.404326	0.293324	5.773771	7.034705	8.069284	7.415384	4.405206	-8.336486	-9.711148	3.786594	3.618030	0.064719	5.531785	-5.324711	9.395291	9.567845	-8.859062	8.314682	2.510526
2.872755	-4.099200	0.830209	-8.900154	2.512567	8.973313	-8.068227	6.037418	5.566550	-2.236419	1.243210	3.874537	2.954485	8.854548	7.427447	7.052510	6.421867	-2.463244	3.667166	0.378674	8.890889	7.924318	-8.003222	2.092228	9.885926	1.832195	4.484957	8.658040	9.161915	-5.579680	9.066530	-0.127010	-1.918396	4.515357	3.689389	-1.221169
0.597318	1.976589	8.966586	-0.822671	-2.060800	4.423118	7.309014	3.350587	-8.262741	4.049411	-8.933645	3.253271	8.435309	1.273967	-5.800968	9.423420	2.330271	0.146095	9.660635	8.364240	-3.378838	7.299916	6.964067	5.183467	-3.344948	8.484251	4.477415	5.399997	0.336854	9.275242	-2.887774	2.664306	-6.928741	9.181222	9.991177	-1.952471
-3.692164	-7.266001	-5.914463	-3.781907	-0.974998	7.349973	-4.985154	-7.224846	-9.105835	2.882713	2.772520	3.664215	4.858398	6.151097	-0.364077	6.507057	9.419154	1.347717	3.154965	-8.532819	2.836568	4.218033	6.227456	-9.694845	-6.925815	8.830486	-3.291113	8.366968	4.368683	1.996653	5.959562	5.921412	3.591190	4.727609	0.706236	-4.631598
-4.242180	6.730270	0.766687	7.978463	-3.289208	-3.337792	7.604794	-1.007388	6.899983	6.545756	0.586536	2.150543	-1.065921	-6.174978	-1.365512	3.290961	-3.916139	-0.824455	7.960344	9.341874	0.540934	-0.443163	-5.719969	6.405912	2.896142	7.241764	9.514126	9.906926	8.542293	6.433561	9.519333	4.749168	-1.898384	6.000380	4.360210	5.373719
2.655950	2.267109	5.795063	9.860963	7.503736	9.332958	-9.222558	-3.240858	9.276234	3.961693	-6.307613	9.619214	-8.619999	9.779144	5.628131	-4.204513	3.687653	7.722656	0.171148	-8.789107	-3.715729	4.518286	4.310436	2.498541	6.409603	5.105875	-3.660773	4.774916	-8.152342	5.631402	-5.259182	7.478589	-8.212827	-5.753713	-6.170517	-7.792275
-2.343251	8.042960	7.840360	6.117987	-6.588625	-2.224211	8.714069	4.374090	-2.332894	8.523345	-3.322880	-9.678329	-5.737473	2.491740	0.564809	0.110671	3.775490	0.985452	1.199804	1.439592	7.061775	-3.461728	0.835669	4.773322	-9.922107	5.852276	0.103072	3.992159	4.416536	8.781764	-9.221696	3.449265	5.813768	4.975504	-3.099036	2.175050
4.710676	-1.815129	-7.987462	3.993126	-6.146699	8.916626	4.936989	9.259643	6.579207	5.339304	-9.796564	6.945053	4.942125	-0.830808	4.622836	7.395054	4.481299	8.810094	7.369997	2.046601	-2.936044	-1.188375	9.723938	-6.618777	-9.440165	-7.360361	5.443073	8.571601	5.222860	-0.598054	8.297650	7.863060	7.446409	9.549770	-7.285374	7.848955

-----

--- MATRICI LOCALI ---

Matrice loc_A di dimensione 18 x 18:
-5.401271	9.858477	7.475505	8.708983	8.188034	8.804628	9.699969	2.462746	-2.691449	5.897521	6.384527	2.622683	2.615604	-9.141322	8.339259	5.243655	9.788512	8.433140
-1.679131	5.261497	-7.860090	8.371365	-7.327340	7.163220	5.781615	2.269988	4.964705	-4.987077	0.837873	1.231769	-0.691579	4.151348	5.238110	-7.217884	-9.968915	-2.039923
-1.447710	9.220586	5.155220	5.617938	3.006384	8.657012	3.789248	9.595984	2.210349	-2.487687	-0.031458	-2.289249	1.406824	5.845595	-9.063347	2.683274	-2.947052	-5.102520
5.446907	2.783828	7.172763	8.114926	7.895900	5.478152	5.093502	3.449098	-4.553119	3.180555	-8.436351	0.967934	7.886805	8.896268	2.937488	0.460230	-4.966015	5.978836
2.662476	0.544457	-0.285477	6.110628	2.900056	1.860892	9.102669	0.179948	5.845633	1.890212	7.703311	4.457661	-2.220785	8.247647	9.599626	4.360412	1.715816	1.194120
1.662609	-8.809306	-3.558986	-0.470871	-3.623265	-5.345994	-3.899035	1.593918	5.676183	9.818956	7.241102	0.513496	7.267733	0.313986	-9.812607	7.483623	3.362468	1.633883
6.122900	9.888857	3.595577	4.070045	2.857381	3.153651	-3.109195	6.287655	-7.208712	2.750016	2.477458	3.895911	-9.879279	9.627475	-0.728521	5.902685	0.457061	2.482819
2.342042	9.882055	3.899358	9.285404	-7.768447	1.523606	4.891475	5.157910	-5.503543	-3.537532	1.127008	9.608467	-8.645770	6.032267	3.084296	8.755066	6.600655	7.486512
-6.075607	0.267114	7.883679	4.639930	-3.131935	6.384437	-6.399689	-4.504097	-2.149871	-3.174098	-2.826083	5.923421	1.067876	-2.198674	1.056907	9.134579	9.204567	7.632761
-4.255196	6.721303	5.502318	0.553401	-8.438473	2.749557	3.875408	4.222768	-4.590690	9.051719	0.199320	7.907378	-6.228073	4.562462	9.640921	4.485332	5.946266	2.721598
8.406370	-1.695451	8.237380	0.603047	0.414917	9.551353	1.111899	2.471470	-6.758249	9.953029	-3.636877	-4.972960	-1.497026	4.787631	6.936643	4.124350	-2.803384	-1.862322
-9.394784	4.413427	-9.292489	-8.042666	-6.666053	6.415367	2.003604	6.246511	-6.093820	6.640963	-7.692797	8.249493	3.151400	-7.406389	-7.209764	-7.364157	7.224682	-7.155084
9.570712	-9.406048	0.643551	-4.897232	7.887758	0.762496	0.646626	0.614324	-4.658672	-2.110902	6.761607	8.020536	8.491447	-1.165107	0.214734	5.869859	9.805514	4.214154
-8.212598	-3.846499	4.984529	0.459061	-5.759657	-8.617733	-5.927330	1.024137	-6.460434	2.691954	-8.755400	9.696455	7.734484	8.384782	-5.751399	6.326556	2.100078	-6.345887
-6.083876	-9.393887	-7.753535	1.055661	8.917905	-3.966030	5.923815	8.967561	9.793181	2.873251	-6.316909	4.665260	-7.564778	5.709678	1.629279	-3.201737	-8.050454	-8.697644
2.755206	6.644869	3.523412	-3.475557	4.676803	3.123878	-4.920398	-5.057590	9.878695	5.172353	7.039073	0.563935	7.235734	-2.114013	5.940798	1.852581	-6.092980	0.118452
4.313625	4.389317	2.004586	2.175020	4.586540	-9.379184	3.264126	7.724200	7.261650	1.256269	-8.255329	4.954001	-1.813408	3.842504	6.220455	-1.906215	4.706513	0.344525
1.973203	3.459653	-2.094454	-9.374665	-2.712217	7.347085	1.953895	-6.514561	5.637292	2.054778	-0.635775	8.705201	0.779374	3.657405	8.468229	-4.625028	8.845572	8.890025

Matrice loc_B di dimensione 18 x 18:
7.598929	-0.820181	-7.316687	6.716063	-0.058343	3.280004	-7.826773	3.574615	-6.139656	-2.119674	-2.657460	3.690193	-9.957863	-4.143321	7.776803	9.314646	6.955192	3.020261
0.676098	-8.125705	9.125317	4.416125	3.295900	-3.974106	3.668476	6.313657	0.761395	-3.616589	5.419787	0.952528	7.060084	0.288505	4.671367	-3.213874	8.929224	0.084864
8.389787	6.492327	0.950584	7.973729	1.693155	4.748610	7.777843	7.093900	5.666810	-8.151492	6.507816	5.551917	3.760967	-1.211199	4.313120	1.769965	2.362842	8.590361
1.771284	-5.998277	4.811034	5.391535	5.449194	1.287773	-4.578052	8.212082	0.714356	4.660735	5.974284	8.496608	5.262260	6.855165	7.317449	3.857252	5.584713	4.181371
2.164439	1.546345	5.514808	2.494471	7.295424	3.641457	-7.857723	7.299675	8.335465	3.153552	0.184225	2.965996	9.218499	3.538701	-5.308643	-8.190161	6.819801	-1.675473
-1.101632	1.726320	-5.561646	4.433787	1.041439	3.314192	1.078225	-7.694996	-2.889473	6.688786	-6.513966	3.486642	-7.279159	-8.426294	-1.889144	-8.696114	2.042953	6.399796
6.740085	6.135724	1.949452	2.674706	-8.475747	7.567100	-4.847865	7.003563	-1.903846	1.374447	7.418756	-3.958280	1.729027	-4.475289	-1.185944	2.610267	6.330346	1.869277
1.671706	2.938849	-0.221831	0.465686	4.553809	7.936113	1.768525	-5.091781	9.082230	-3.275734	-0.922596	-4.283316	2.000364	4.887307	7.745616	8.710862	9.728584	0.360310
9.497365	8.249502	0.615179	8.596164	-9.406153	0.213471	-6.032545	-1.645609	0.887133	-1.130260	-7.671923	-7.718767	1.988776	4.715298	2.661951	6.476013	7.790553	1.476556
1.858817	-1.242527	-6.461882	-0.029651	6.014894	-1.501978	-5.203008	8.454087	6.485049	9.942687	4.233327	1.668352	7.980166	9.255032	3.879292	-8.769195	0.722271	-3.774072
-9.560719	6.265506	1.979944	-5.813092	6.380494	-2.769083	-5.463756	8.973642	4.570908	-3.473050	3.452655	-4.822389	-2.748248	4.534116	-7.220504	0.410056	-3.891981	6.470171
3.051153	-9.275411	-8.135971	5.917336	0.190746	4.263360	0.167007	-6.780523	1.842652	-8.498066	8.521189	4.472307	5.723833	3.716572	3.354726	3.616949	4.639870	0.747446
6.287692	3.383341	8.040345	4.574493	7.804626	-6.168529	7.320754	-8.043331	9.755703	8.181610	5.669591	5.862350	5.554098	5.414098	1.791657	-1.743016	1.503707	-7.676329
0.908370	1.917268	9.397582	-4.743524	8.222240	4.183252	5.743296	-2.962287	7.253837	9.091514	5.269532	-2.698155	4.339107	6.286289	-2.562109	-5.330524	9.211938	5.732377
0.467553	1.986445	5.131172	-7.802155	6.348534	4.785652	-3.097575	-8.511282	-0.791569	2.949537	9.804215	-7.701924	2.040583	4.141900	-7.083906	7.545524	-3.839605	5.583734
-6.122770	4.813251	2.552472	-2.895370	4.483996	-0.428930	9.883938	6.004019	1.437366	3.124895	-1.729849	9.333635	9.119991	2.882029	7.171352	1.167939	0.019541	3.434109
6.648469	9.802811	-5.069866	4.719267	-5.511164	-3.648660	-8.265850	-3.613102	-2.659664	4.594395	-8.285882	7.557847	8.142055	4.522611	0.085331	-1.984525	2.813671	4.718138
4.544608	0.082319	-9.479089	7.190053	6.541435	2.013032	5.166646	8.501263	-4.428627	-9.367171	-0.674704	-7.489755	1.505199	-5.243729	9.025395	-8.459485	-5.873685	-6.146362

-----

Risultato locale:
Matrice loc_C di dimensione 18 x 18:
241.585909	263.222161	120.885529	606.812833	240.274053	342.849649	-211.031455	316.494669	230.335030	41.129793	-112.614772	320.270294	279.680544	235.342513	239.737995	-308.797306	235.394808	207.961782
74.266585	-89.168187	378.542845	-111.325855	153.308672	39.166452	-46.575856	-85.130887	-210.319185	98.537490	247.403063	-315.083506	-268.524359	124.100541	-32.735099	78.180002	217.718117	81.715612
-71.656970	65.432037	489.701690	197.012234	178.362039	80.462593	165.153708	213.040780	287.710275	148.886208	142.812032	29.720099	29.099799	254.408082	142.628238	114.938497	460.414212	53.468975
197.560889	206.697834	285.098913	424.776200	326.514966	47.739858	52.604874	-84.430674	316.762617	3.836807	275.477361	19.844092	89.878942	-58.117301	74.542815	-348.472421	-6.867060	-115.485050
104.297419	212.338947	207.079536	54.086978	155.920403	299.143982	-151.641051	234.643967	323.844151	241.731535	325.800925	-129.165506	-101.163976	437.908337	119.942971	240.245348	483.193525	508.950170
171.187789	290.695963	121.030752	67.159333	136.565866	-111.878179	88.458492	245.236602	63.691513	-22.447619	-202.510921	60.576357	102.592204	309.480489	29.687403	-11.254883	-38.728366	-167.617454
97.890188	-112.522025	153.374272	301.265385	301.706419	395.329961	462.773268	408.010412	109.747686	214.720473	98.545651	375.230321	98.889197	152.060698	198.787629	161.826344	424.511937	383.212746
6.618489	-170.135682	-141.291992	70.279979	235.832249	403.103491	-130.382588	96.343196	-121.468881	-48.185871	-9.104832	348.325425	210.486273	143.055313	482.903391	167.157344	530.106796	466.324231
-73.986882	95.501051	-16.698399	236.478758	42.021756	-147.414984	237.645515	184.476326	38.966481	21.663366	31.259608	142.640989	91.031344	235.268879	282.749439	-82.885310	-86.534710	-105.905525
170.624509	-286.110217	-374.288086	-427.096200	62.024861	-66.162666	270.764200	102.677663	37.269231	22.643346	431.694357	69.499998	343.157846	-117.982979	181.910739	108.496961	-26.036262	199.103668
296.319153	-270.339637	-185.639405	-133.616819	209.508535	185.062665	98.096607	108.988653	-16.779365	159.050091	-116.368404	277.145299	-26.684902	-30.655535	175.246569	-24.038032	147.826506	333.093494
132.888807	-190.501267	-349.800567	99.721483	-425.205684	-154.521104	232.628059	-369.313805	-71.126897	142.863155	161.717717	19.012841	72.709486	36.878296	2.722311	52.432013	-3.967124	-181.492476
162.444913	148.245359	-232.913101	-60.323099	129.528992	86.897333	12.408827	-28.408875	141.638644	-25.771391	36.076084	306.164859	317.750963	-66.178343	-90.570403	298.581726	-9.788859	271.158916
-80.535513	-278.424549	-160.783658	-192.549209	-42.229085	33.912925	328.492192	-77.647895	427.383302	217.788786	272.801477	400.694535	249.053756	403.863494	359.053920	241.536345	265.975725	-138.942876
249.584352	79.865136	148.798990	-114.714686	-100.619512	171.403410	-42.389800	-123.623090	373.534926	201.587789	88.817657	-184.081786	-21.723133	99.069634	-148.260567	129.722958	77.113117	189.944011
157.308585	53.280637	195.852121	87.701428	257.944399	91.465874	-46.047257	-17.066907	194.587726	-69.545898	224.539768	100.734027	68.440777	226.986662	-59.471956	56.249525	42.396830	18.662353
469.680790	-520.843107	-98.601174	-77.479084	-18.535246	446.033577	-234.068202	214.336009	53.773901	-145.377126	-220.821025	192.902699	339.183163	401.338918	323.746926	444.230869	579.299454	60.681186
147.511289	-92.027607	-184.269354	-62.559490	-70.621525	-12.307714	-84.116528	-23.413416	-219.525831	-106.581263	-126.464964	-247.644913	-17.780114	-33.126507	-71.346044	-137.222786	53.663168	-63.834787
