
Matrice A di dimensione 24 x 24:
-5.610075	2.100727	7.685915	3.788221	-9.812064	0.702590	2.313819	4.466356	-8.268874	3.564504	2.017640	-8.136127	1.521671	1.715295	-4.162106	8.294546	2.238216	6.437816	4.166757	4.193645	-6.251288	4.625271	-6.373748	6.080281	
4.610956	1.044867	8.857468	2.404448	3.061088	0.076619	-1.679189	6.736562	-6.649854	-9.191469	6.373481	3.226541	8.443040	0.871802	4.922175	-5.894421	7.247917	5.664341	4.914699	-0.453704	-0.268103	2.429675	1.309990	-3.226742	
2.855755	0.455084	-6.911581	-7.627664	9.744612	-7.034767	5.192488	0.097010	2.768469	-5.451343	0.080657	9.017341	6.201607	-4.240002	-9.832859	-4.267937	-4.917586	5.389437	6.405358	6.543099	1.298421	9.756249	5.461472	-8.934315	
6.847549	-5.067363	-4.692724	5.552830	4.896299	3.043526	1.626988	1.608590	2.909419	-3.731540	6.383164	9.280542	3.961394	8.288835	3.747553	-7.724838	7.732391	-4.333899	3.301678	8.628781	7.514377	2.930114	-6.043853	4.313783	
8.229969	3.809831	4.675568	6.053529	1.527408	8.433400	0.541768	3.381690	0.055820	1.013243	-8.570455	-7.706602	7.663808	-7.635068	-9.945010	4.842802	-1.876346	9.627898	0.440437	-1.275414	-8.922992	-7.848386	-9.786929	-7.924513	
6.041075	2.437822	-0.305651	-3.779021	-4.234116	9.112077	8.056614	6.365859	-2.478799	7.690889	7.984716	0.782919	-1.373968	-5.445009	4.280160	-6.436526	-2.613829	9.616740	3.258698	9.121700	-0.664930	-5.707976	4.198161	1.485515	
-2.554628	7.492413	6.310093	8.196298	6.777124	-2.335344	-9.329626	2.537722	6.339115	4.989704	7.456718	-5.838480	3.689581	2.626281	8.314092	4.282669	5.211384	1.753428	4.435472	4.457445	-0.672982	-9.219695	8.290524	2.184281	
1.016981	1.378874	7.766873	4.310841	-3.337828	2.630459	4.277022	-4.787202	3.071004	3.531392	6.909852	-8.454375	-3.745581	7.343318	3.276817	3.241921	7.295546	-3.869578	1.970050	8.509616	3.325350	5.253435	-4.832615	1.342712	
6.009171	3.079891	-9.763498	5.698366	2.816742	5.290343	-1.321838	9.214567	0.586943	1.081631	-5.566127	-9.695842	-3.340649	5.338429	-0.849880	5.698550	3.126855	4.583669	5.233290	-3.477606	0.522004	5.650676	9.167306	-8.063959	
9.084706	1.498115	9.259976	9.669352	3.060075	6.676239	2.056455	9.638450	9.328907	4.726602	2.342624	-8.537045	-0.782284	3.952803	7.459113	8.660941	-2.791746	9.771832	8.022135	0.718361	7.701972	5.165067	-5.922246	5.961386	
-1.722662	5.382217	3.765471	4.987321	0.248290	9.600107	-8.121977	-8.096794	-7.865445	-7.388047	-8.110695	-2.643824	1.164029	0.337449	6.509626	9.652580	7.741189	3.610027	6.789620	2.189562	7.674163	5.868263	4.969776	0.379738	
2.461912	-1.949018	3.111760	9.789424	0.824730	0.024720	0.814159	-7.217167	-6.063525	7.416134	5.972045	-5.570800	9.920517	8.841578	8.244306	6.890420	6.406757	1.416382	3.481267	1.532570	2.722918	2.605165	-2.254207	1.877769	
-3.314198	2.390124	6.428198	-5.432659	2.251824	-9.938068	-4.389533	9.759003	4.818182	9.715378	-4.054302	4.636304	-4.621996	-5.684004	-0.132248	1.415338	7.769768	4.097326	1.252885	2.234988	8.240770	5.919114	0.059596	8.369846	
-0.160205	3.163573	1.861318	5.129724	7.525688	2.247804	6.235462	6.606661	7.870353	4.179874	5.012674	-5.480378	7.038539	-2.470618	-2.363644	-3.026239	4.716194	7.149783	3.243091	7.374280	2.103489	-9.011990	5.409921	2.440034	
-0.782509	-4.038085	7.105927	-8.663844	9.725865	8.620063	1.452723	-6.237653	-1.352653	-8.858777	2.912388	-0.806211	6.494165	5.636521	3.611216	-7.293931	0.747812	7.612777	4.995151	2.727619	6.105304	-5.475560	5.044662	1.164733	
-0.450977	-3.998307	9.892578	0.400678	9.894297	-2.073590	6.447667	5.423559	-8.342978	7.960174	-6.927766	6.272786	-9.411216	8.183827	-2.184238	6.812101	-1.107363	6.814121	5.535648	6.757820	1.983833	6.447261	1.264926	2.527832	
6.518637	1.052703	-4.677258	-1.466362	7.195055	-4.553659	-6.311804	1.860914	-6.845467	5.249886	7.796552	0.164692	-1.684298	4.874168	7.518191	-5.399135	0.581049	-1.940171	-5.990945	-1.369512	7.853551	1.224963	-5.367292	4.404176	
8.278084	8.430284	0.371748	2.552572	-7.572729	-7.369351	4.548480	-3.794411	8.226231	-8.330162	2.681366	9.533051	3.089802	4.037296	7.079947	-8.415044	3.134267	2.087659	3.424972	-0.592495	4.202335	-5.939573	4.843071	8.341904	
-4.338673	4.326838	9.506218	-5.561014	8.971355	1.001223	1.558033	-8.703825	7.176218	-5.410342	2.482614	8.197800	-9.299994	-0.092652	-4.693746	4.921018	1.084810	1.255138	6.782445	-4.709094	4.956409	2.350634	7.488584	0.210405	
-4.982049	-1.984561	-7.197915	4.429696	-0.566122	2.092993	0.683015	1.997945	1.724205	-0.226169	8.187573	-5.545098	0.198862	2.468127	8.476012	7.303987	1.690612	8.416309	-6.888865	-9.018213	1.453755	4.916875	0.516033	-2.417186	
-9.306553	8.179672	-4.180035	2.210429	3.365636	1.149282	8.012699	-6.612254	0.648142	-9.445282	4.997475	-3.663074	6.058948	0.558154	0.475818	0.433667	-4.795216	0.107235	8.861359	3.639240	8.453393	0.719909	-6.143297	7.052507	
4.448606	-7.869554	-7.391814	-7.010033	2.931880	-6.290466	-5.019689	4.660773	3.801494	6.932244	-0.216949	-8.253186	-8.703083	2.410574	-6.221463	4.633745	4.502262	-0.572905	8.491311	-7.722910	-4.516648	5.303547	-7.443380	-5.214023	
-4.739944	-7.532854	-9.713270	7.985406	-4.807075	8.084134	-1.919954	2.065264	6.351698	7.355986	8.686935	0.152022	6.011027	-8.687136	-1.140823	3.950809	-8.709179	-5.174535	-9.639597	2.372320	7.195419	-9.752382	9.918894	4.113540	
0.292380	-6.341634	2.814601	-8.413739	-2.500053	9.699070	4.879648	5.595540	-8.689074	4.524613	3.361874	3.418021	8.007219	4.824705	-2.722655	2.613143	0.688639	1.176177	2.906781	5.704266	9.420195	2.090052	-5.802737	9.593246	

Matrice B di dimensione 24 x 24:
-1.210123	2.958148	-1.809129	5.381827	-8.004285	7.518607	-9.492047	3.290520	-7.571228	0.212081	2.553811	5.137846	7.740245	7.637919	-0.404127	2.327358	7.706697	5.396339	4.149142	2.365148	0.287384	0.511577	4.782034	3.687056	
-5.170925	5.940646	7.530294	-5.757951	3.903440	4.567335	0.815990	0.664597	-0.548518	3.086127	-5.794452	1.409812	-0.340886	8.294998	-4.344221	9.965649	6.304015	7.012243	6.600508	1.710314	8.802285	2.520516	2.252621	2.781142	
6.277215	2.155705	-8.174469	3.542381	-8.160948	-0.408776	-5.283591	-7.666566	-1.066982	-1.215207	-8.960767	5.861426	-6.470365	4.789801	3.704991	0.538440	-8.060670	-0.301241	7.413107	9.711593	-5.052704	7.746338	-5.470687	4.137995	
3.584598	-8.464522	3.995739	-6.382358	6.719049	-7.715958	0.198123	9.617017	-7.713213	-5.062317	-1.552020	3.468265	9.040914	-0.516938	8.177190	-1.102509	0.696495	-5.937720	6.746993	6.381497	7.166782	6.003545	-1.154157	-8.683697	
9.650581	-9.563130	8.194018	-0.501104	8.172418	0.360428	-4.990578	2.740116	-1.584189	6.653645	-6.829828	2.029040	-6.952140	7.794735	5.504629	1.475509	-3.496618	6.225839	0.847644	7.464465	-3.063931	1.490783	2.083274	2.788139	
6.831692	5.734208	-8.284462	5.236982	1.944023	3.752509	9.543364	-0.474294	5.192480	3.692214	1.359947	0.216125	3.236962	0.786762	2.628223	-9.781746	3.088025	9.845561	6.014077	5.914112	-9.589400	0.444793	6.269992	7.371071	
5.595637	0.188822	1.711114	-4.806472	7.918975	7.060678	3.243759	-4.183926	2.684112	5.738618	8.128808	3.696084	9.111223	-6.141655	-3.909455	6.854647	-0.832373	0.603199	8.140197	5.083674	-1.982439	3.436858	7.979978	8.863453	
-4.497959	9.477098	6.575743	1.059348	6.423713	-6.725976	0.699671	-3.564201	-7.601600	2.906355	1.115474	4.306940	8.639324	-8.295971	4.613484	-8.656646	1.064193	-6.340255	-8.000518	-4.627313	-0.238360	4.507463	9.675346	2.580197	
5.983863	7.098842	-5.922515	3.864156	1.064058	-5.819666	5.699698	7.189890	8.533068	9.686392	-6.171207	0.156010	-8.435965	7.891585	3.117886	5.652423	3.577966	1.055403	-6.793501	9.712977	0.182855	1.434888	1.836945	5.171073	
-9.936649	8.608392	3.080541	0.572658	-2.170821	-8.170190	4.250154	-2.242517	-4.565021	3.162790	3.240850	9.788735	-7.359507	-0.480262	0.918641	-6.740645	9.628837	7.644213	5.727140	6.629043	8.381329	-8.716619	2.554394	3.289948	
5.873144	-2.901233	-1.588200	6.982222	-8.414315	-1.527680	-0.842109	-3.678251	9.469988	-2.727054	3.821419	5.494076	5.484217	0.342247	5.899058	2.131429	-6.228860	7.178520	3.100717	7.445619	4.325637	9.027441	1.208636	-9.677560	
2.852574	-5.711867	1.674145	3.563775	1.508331	2.059641	9.960500	6.189491	-3.979702	4.162266	0.562461	-3.574282	-2.735590	2.551836	1.978905	-3.670305	6.662205	0.050811	7.872652	7.285972	3.644009	1.723652	0.984547	-4.708275	
1.487048	4.361888	1.618926	-6.668827	6.798302	4.898556	7.713724	6.485283	7.288402	-1.367624	-8.538558	7.235023	8.403730	-7.099539	-7.638477	1.773329	3.877677	1.317494	-5.575831	4.192804	5.336101	0.107829	-3.808636	-0.325601	
-2.888145	4.192906	2.036835	9.190825	3.886615	4.009981	6.804482	7.888165	-0.068051	-0.748596	5.435680	4.864723	-6.283240	-3.646518	7.384797	4.570923	-5.713700	3.907095	-6.117436	-7.756763	-7.212540	4.371590	9.077992	3.403363	
2.923602	3.619601	-9.668723	2.952550	9.258750	1.036810	2.349897	3.236549	9.726478	3.126182	-6.158562	7.088204	9.392864	-6.061123	4.463027	6.278714	4.738615	5.734165	8.948917	2.829418	9.785999	6.113743	4.700089	6.138085	
-4.759689	3.062618	0.131873	0.141112	0.106128	8.720654	-6.759706	4.811057	2.369400	-2.639586	-1.654736	4.318158	-6.073113	3.988365	-0.484494	7.440902	-8.816208	6.895534	-4.782037	2.988683	2.787304	4.806705	5.967530	1.322069	
6.297149	-9.887858	1.701318	7.634145	8.163848	1.723372	9.464480	-0.689064	2.906816	-8.248571	7.531004	6.807357	-8.713931	6.049752	-8.612076	8.744229	9.301855	7.741500	-9.927660	-9.180102	3.234246	8.273963	5.116188	9.484677	
9.740423	3.606833	-0.066951	-0.273732	7.362684	7.889477	-2.219975	4.792834	-2.941948	7.803805	-0.778688	5.643478	-0.395984	7.581906	1.982855	1.797197	0.007049	-4.429143	-4.913928	6.341236	2.531285	9.864317	2.528066	2.140091	
6.139955	9.700861	2.591248	1.267197	2.403547	7.922243	-3.467787	2.151840	3.465712	3.964192	8.093857	-9.945901	-6.306975	6.816446	-8.625709	3.828594	-9.708242	-2.297066	8.768340	9.047437	5.393998	6.283486	9.910471	9.962149	
6.284505	-3.238649	5.352022	-4.144960	9.967830	-2.811454	-6.275035	0.767793	3.920197	2.218414	2.346387	6.938411	8.887447	8.799527	-8.716594	7.900266	1.988655	-5.769211	-9.692871	0.514167	8.441691	3.689092	-6.879369	-5.839493	
8.763222	-1.681164	2.662246	5.303813	-3.147422	7.867794	4.175758	6.170465	8.859672	0.632312	0.186234	-1.802281	1.237397	-7.865995	0.075407	5.170321	6.557633	3.218712	7.291279	1.872686	4.053772	-7.389840	5.665944	9.665932	
4.334624	6.628155	2.283237	3.328115	5.782385	1.606500	8.262668	3.502153	6.195918	5.413193	9.045115	7.479383	5.344591	-8.838975	3.814289	0.203204	3.860090	3.019799	6.492045	4.720873	8.509056	4.032587	4.620060	3.610347	
-0.900286	-3.476266	-5.657262	5.230176	-9.701205	-8.699849	7.598736	3.987541	-4.835015	-2.675231	1.365946	5.113590	-3.146341	6.039715	-4.466806	3.521109	-7.737309	-9.605304	4.317527	3.758200	5.490897	-6.230799	0.271391	2.706513	
3.353640	2.747854	6.649505	-4.703314	7.336768	0.503190	3.902487	-7.152297	-2.363749	1.625827	-3.239370	-7.809519	2.277627	-9.383364	8.229269	6.745838	-7.098616	-2.448072	-3.148853	-2.061908	9.713636	-9.903184	0.397047	5.124473	

Risultato:
Matrice C di dimensione 24 x 24:
65.758716	544.465248	550.163028	-415.303734	760.612530	969.800498	351.074527	-83.735789	-303.042111	93.934591	876.863753	151.690341	80.152045	-41.928469	310.438635	-164.674519	313.335498	-35.529994	483.642106	823.188131	425.164208	467.593814	-377.816952	814.362775	
601.696152	-460.208409	-149.464407	134.611617	-41.945693	283.302057	685.901491	96.920483	287.025536	-152.256457	-35.054109	470.445888	128.151607	-134.892346	-82.216504	-56.960209	458.690395	71.280052	-42.760093	277.188841	355.539899	462.310154	30.327582	356.820941	
470.043755	-218.397201	423.694755	178.489955	-14.989342	54.232353	181.812252	131.117481	-162.568430	201.815475	79.912992	-263.744284	229.130271	503.003526	-44.097511	242.609751	-6.216995	-47.635661	-95.547213	609.775126	389.970453	309.475962	81.351645	60.839696	
640.543563	-117.320718	730.795631	734.869774	811.564408	448.883885	414.174499	436.495069	251.881423	437.465946	565.339193	260.039512	465.097083	58.161074	433.366481	660.747360	551.935553	401.857640	368.717002	567.283767	757.435378	246.857322	228.276146	334.182313	
332.012243	215.925476	496.538663	-266.119389	87.731939	284.024950	23.969124	-10.048559	-268.712515	168.251287	156.942511	187.566476	271.680362	778.410108	368.268472	-338.379733	403.156230	132.662611	-181.469885	741.480147	43.614925	513.733654	-481.691221	248.497284	
460.575680	233.029761	-396.546430	110.842744	201.848494	185.896414	580.777745	-136.833835	35.128283	544.778866	582.426832	318.960815	672.663106	207.656756	70.838455	-105.649756	895.198092	154.309688	331.812508	767.373049	578.048397	350.012869	-352.239620	363.906152	
352.697699	-2.193158	21.727980	119.612001	60.713308	83.056618	361.039600	286.389872	5.508348	117.754289	-309.308430	100.296673	-25.838195	359.417730	107.352171	449.469661	154.395507	490.767322	170.121293	530.551221	511.471984	163.626533	-15.279434	352.697731	
312.472335	2.583975	93.113549	529.642372	477.062488	196.712439	367.701637	67.646918	360.170645	94.934622	467.733453	651.750153	293.599924	274.104462	221.581208	430.727694	291.913525	221.355969	-11.897782	775.183383	658.133824	594.024534	-214.779905	525.971919	
360.338442	368.138329	427.833243	374.305949	524.198912	-22.994242	420.070821	798.308936	30.132348	99.851753	718.732684	405.918309	-148.254779	-54.951299	259.144189	-56.129221	863.584812	-157.752093	-99.802742	-33.409871	299.447119	-60.862157	429.112537	321.362746	
325.157874	706.460135	132.895116	118.456169	455.152416	488.326282	-365.398980	334.480258	182.024667	616.039204	182.684281	557.332436	504.060685	206.512222	134.497233	-10.275671	-12.600075	257.762913	381.361259	691.056449	185.149037	524.584029	425.813225	470.222472	
488.357497	-262.363517	-289.555990	198.644618	-147.848257	441.943904	700.622869	217.972177	172.883616	-52.922637	154.762532	-214.773919	151.037602	56.685847	324.551832	417.108000	144.372231	202.787487	554.981607	647.142067	510.766000	230.716092	-91.289861	707.394803	
155.153080	90.472120	289.542850	49.739137	425.340196	755.149601	92.244655	-109.895076	-82.505998	-14.944064	556.756606	522.307019	465.640137	403.063447	239.452144	461.644849	-35.804390	295.689779	556.250174	735.531852	726.860342	427.047922	35.759740	469.793936	
-3.081989	-106.600470	382.337877	211.612783	196.591389	143.961657	533.768538	86.872735	-150.588810	225.783865	221.932279	268.418750	-182.701278	199.607841	437.090242	80.815159	731.330812	-371.980516	-23.366374	684.163021	621.747957	146.291766	-253.033321	201.117814	
666.818806	-119.486077	948.881598	401.282883	669.216842	72.464591	334.110927	236.582726	55.473438	455.127313	263.350226	174.898852	244.030159	634.853742	527.225238	700.030251	160.673906	206.098900	61.758670	730.559336	916.867558	702.232107	316.102806	434.335280	
568.882262	223.532199	-110.778289	418.265431	27.870750	667.391476	429.573790	162.051485	285.442772	163.558978	635.150545	-114.802665	288.305850	162.321095	401.643512	223.334391	-2.005002	380.129671	855.224883	820.238206	562.602566	431.507602	191.791988	775.982637	
16.428553	409.262338	238.930336	-92.762003	518.910391	515.285512	-363.284582	-280.516074	-195.173128	444.936860	435.104262	69.627826	120.738809	376.664905	187.666264	-241.903862	-465.866068	175.671649	546.388340	455.853865	18.019554	290.818987	229.196888	519.997532	
-372.732262	-8.510621	193.527946	90.546481	304.509820	252.979811	-235.993094	40.026732	-137.779172	-63.902588	-129.600315	116.412799	184.005012	137.499192	-4.641324	68.527047	211.628305	17.904794	-64.780686	87.394921	-216.690825	-302.362391	-136.672334	-193.680914	
975.655948	-287.081487	4.685599	173.483237	484.039065	146.153978	955.846269	292.726327	79.761194	362.239628	-55.762286	280.997171	310.236656	512.012678	204.391924	520.640722	567.535308	-139.007879	-175.409582	408.606862	474.075903	435.955342	-163.478462	323.585356	
-92.060241	-226.619764	-481.955945	342.509946	-701.928368	159.316351	31.370328	-232.839590	-60.335019	226.130658	121.972855	-570.602454	-467.133797	275.273141	385.402219	442.532248	-492.891731	100.579462	596.752293	463.938920	114.682231	211.949886	377.516190	203.286899	
-59.803143	115.092502	232.709677	264.886230	167.921824	59.536262	416.609972	-6.422283	72.769169	-285.692758	289.120608	288.236415	-38.571281	-203.874280	604.973562	2.994553	149.077197	261.400805	266.512277	294.209214	493.266856	468.453773	230.239080	335.286193	
267.802250	345.962414	162.815671	118.090694	512.532130	539.291553	488.317979	-16.581281	565.250300	122.578085	276.115548	-306.128702	245.509117	-396.445741	-105.809392	336.523971	160.323063	581.120126	652.411856	598.749275	412.607769	214.940886	127.093493	568.373919	
-125.391804	212.105121	-110.549534	-30.375542	70.994335	466.178169	-109.409345	-74.477651	81.710777	21.330085	598.232627	-1.649685	-189.513775	132.320784	-33.638516	-304.141992	300.927693	181.242821	34.060585	61.217341	-77.832172	-72.042227	-92.383919	37.850515	
57.333070	135.021484	362.623789	290.942074	209.415113	-389.307046	127.247342	178.452129	-46.436392	88.592900	275.674126	502.815021	312.817401	183.800449	355.324638	313.019655	-1.652292	-176.189412	-8.207204	474.959436	592.446706	-321.547652	-184.606914	187.645455	
222.339550	517.684245	308.658353	169.914213	487.990776	860.426682	110.880276	81.014323	30.321075	475.587350	595.430515	146.212707	464.798382	-433.430563	136.552369	-59.811030	176.538003	277.932865	382.697563	544.031152	338.977822	-61.581814	123.739156	534.840832	
