
Matrice A di dimensione 24 x 24:
8.896179	7.295235	8.930076	8.692982	6.675979	2.129114	-5.848826	6.343888	0.864184	1.064069	3.693801	9.544620	-6.926132	5.399091	-0.589975	4.509980	-1.460686	3.584381	-7.058792	-5.613717	-8.549264	5.102516	6.703315	-8.499873	
1.341716	-5.585897	4.562359	4.760037	5.187994	8.417369	3.123296	-1.908281	8.417051	-8.064968	8.686014	9.176603	9.241052	0.392984	5.148944	2.803927	3.475802	-6.509211	3.113725	8.062398	-6.329731	-7.365395	-4.076036	-4.128464	
-9.590574	7.189075	4.932201	1.747622	5.601101	8.168151	-7.431900	-3.240050	9.518479	-4.852415	2.702907	-4.877891	-2.053364	-4.646985	-2.942494	-3.878294	7.379599	-0.093402	0.780246	8.863212	-7.323379	-2.775223	-3.473769	-9.590519	
0.191806	9.830179	3.436599	7.215136	-5.338900	9.977682	6.092086	1.788467	-2.058371	6.807361	3.432567	-8.527163	0.106353	-8.503686	1.011177	1.464196	-3.530011	3.551376	-7.759579	-3.507535	7.675319	2.444999	9.747609	-5.364763	
-5.429040	3.412813	-3.156608	-5.731374	5.525251	4.098074	1.217086	0.960868	5.466375	1.447736	-8.505656	6.278588	4.312160	7.218450	6.352668	-5.395512	1.033307	8.554450	3.369688	-9.067027	5.187951	7.905356	0.761682	3.781651	
-3.703592	3.165163	3.239675	9.561343	-1.135663	-5.347961	4.561910	-4.565604	5.493970	3.693894	3.150833	-2.365683	0.043870	-2.017534	0.593610	0.313520	6.585838	4.206286	-5.757245	1.187399	-5.922153	8.225557	-1.666812	2.767845	
6.205200	-5.229269	-5.904694	-4.265981	-7.509780	0.139680	4.239592	3.893279	4.896813	-5.957148	-5.619658	0.414193	0.946373	8.634603	4.196114	-7.499185	2.456719	5.874256	8.768999	3.754913	-8.237491	-2.658412	9.528268	4.427338	
2.999532	-2.475243	6.243877	6.721047	-0.789758	0.543673	7.655186	-7.644564	4.578185	3.783371	9.491545	0.173227	7.910688	-7.412822	-0.627143	7.250694	-3.830061	0.608956	2.622831	-9.652747	9.831461	2.097390	6.269194	1.925542	
1.060539	0.057505	5.156126	9.842278	1.019484	7.432279	6.401606	9.388763	-9.062964	7.846339	-4.844230	2.174508	0.420602	-7.368166	-7.264368	-2.128995	-5.412359	9.493142	-8.076785	-0.163585	2.764754	4.348566	2.154179	5.195718	
2.236641	-8.788901	3.211233	7.338115	2.231110	-8.424680	-1.671588	1.450995	9.760913	2.940642	4.173029	0.152388	8.684852	-7.445026	4.289703	-3.505660	1.397185	7.631691	-2.094029	2.904927	-3.745445	0.429875	1.151239	7.715435	
8.631445	-6.509794	5.481953	7.317741	6.827081	6.311287	-3.432532	1.296057	7.316908	-0.990345	9.331674	5.321039	-2.781285	-3.276148	-5.900470	4.384348	9.534071	2.344416	9.511814	7.923412	-5.058492	3.534406	-3.944274	-2.223132	
4.370888	-9.991733	9.860322	9.779458	4.906402	-1.587884	3.654558	5.822553	8.402879	4.686007	8.117499	2.028585	-2.430278	-8.804274	0.316711	-9.648100	7.140317	6.172614	5.411840	2.942653	8.436867	-0.651860	4.590265	1.979977	
4.188153	-9.257718	-9.564433	4.111432	-5.852071	0.396324	3.745534	-9.720445	0.550345	-7.907706	8.902898	5.109782	0.951990	0.851337	-6.750254	9.928429	-2.391933	-0.276678	-2.226699	5.974484	2.845653	0.851435	3.295148	5.248982	
8.654210	9.242323	9.910859	2.972242	2.461228	8.268069	9.498745	5.397499	-9.022329	5.304326	-4.392106	9.657815	2.414355	2.851321	-9.195629	-6.417501	-6.102064	2.404829	9.571044	-0.784809	-0.559387	5.609295	0.987939	-3.280272	
1.184041	-7.173562	-5.444908	2.501240	0.129283	-2.318314	-3.768233	-3.164019	0.247862	2.998173	-6.626162	-8.150689	-4.915028	3.213844	9.073429	0.370272	-5.410510	8.570729	8.825545	2.271234	7.024499	-7.032870	1.773210	5.477483	
-1.125376	-4.653323	1.654535	9.957207	-8.062895	1.660380	8.222155	-0.599431	4.959918	2.087748	-0.238182	-2.117240	8.329399	-5.875746	-1.872069	-1.988071	9.335331	5.609138	4.095325	8.879017	1.781622	1.111584	7.406094	8.794070	
-8.256781	-7.863057	1.212834	2.816980	9.162942	-9.521469	1.354726	8.527504	8.857331	-3.149062	5.144533	0.030794	4.667071	7.246383	7.462820	-8.057578	4.945598	9.602711	-1.781124	1.973480	-3.145665	-6.927675	-4.130391	0.988713	
4.853952	4.345023	3.467379	2.302262	-3.056256	2.560300	0.931069	7.018038	7.321678	0.005849	-8.813910	-4.093651	6.379652	6.677490	0.174237	5.358078	9.971973	9.508145	8.109730	1.819440	1.373497	0.810552	7.017832	8.374649	
0.095857	7.125491	-3.190887	3.461599	5.732653	4.933483	-5.665394	7.530373	1.430057	1.370271	7.454431	0.241611	5.522005	8.509369	3.474431	6.664161	0.947672	2.875017	3.038901	0.710424	6.658713	8.432199	0.813864	7.347477	
-5.944681	3.273626	5.895692	7.534173	-2.330489	8.449404	3.660081	5.936972	3.182925	6.266927	0.367437	-2.273546	-7.556084	4.380296	5.691769	7.379334	3.435251	8.064494	-5.449958	0.060934	2.448941	9.538353	9.701185	4.488506	
-1.714049	1.047079	7.762860	-4.581366	-9.778234	7.404675	-4.430245	4.932194	6.481351	0.162911	7.804425	6.715131	0.769789	6.554353	8.075312	-2.657102	0.513279	1.556430	-3.937058	-4.142807	4.252295	1.109207	-1.805459	-1.634727	
4.307633	4.281344	3.914441	9.509826	-6.210267	-9.137588	-7.673916	2.461090	4.909076	-0.154085	-5.399267	4.077194	8.731795	8.243035	5.124348	6.518737	5.440154	6.500917	5.264753	-2.830329	2.254586	-6.963083	8.156929	-9.200876	
-0.533508	-1.353459	4.832863	6.844662	7.300897	0.674248	-5.790852	4.514280	5.770231	-6.121397	3.100275	8.786385	1.885638	-6.986734	9.970485	5.179853	2.248698	6.342892	4.163436	3.437094	5.676582	-6.875508	0.655735	2.452399	
4.947531	-5.610378	-2.673746	-3.162246	8.870352	-9.804909	8.971980	5.146491	0.072342	-7.189688	8.964532	8.467762	-8.271360	3.842299	-5.144732	-5.769935	1.923634	1.844698	9.034491	1.699318	0.829634	7.903246	9.836403	0.579322	

Matrice B di dimensione 24 x 24:
7.569450	3.441229	-7.019652	4.141158	7.873006	-7.042322	2.080335	4.620727	-9.780256	1.814381	9.752062	0.583505	5.935802	2.326488	7.515807	1.526338	2.045809	5.565013	6.316128	9.001379	6.749688	6.661039	-0.641209	7.950666	
8.315829	8.486657	8.416641	7.219934	7.821251	-5.122257	1.745078	4.475573	4.340482	2.593105	1.689815	7.449239	-3.721093	-1.671653	0.080356	7.095873	3.095389	5.071134	7.291792	-1.163081	7.380311	-4.336101	-8.816345	9.321008	
5.837894	5.323602	9.628082	6.861822	-6.715599	2.885515	6.544854	6.827446	0.045764	-1.602594	1.663097	7.600384	-1.309147	-3.952528	4.932327	-3.537043	8.797253	1.391751	-5.931935	5.694485	-3.390033	9.101634	2.356668	-2.474457	
-2.960427	7.842816	-8.999141	3.599649	-5.829262	8.691442	-9.410420	3.233196	-1.319779	4.487791	8.437449	9.563665	-0.338119	-5.819017	5.750106	2.489176	-5.754216	7.226948	-6.405123	5.775710	6.191914	-3.560801	-9.446386	9.201419	
4.333675	-2.665981	7.841603	-0.451352	5.980819	9.896961	-3.013595	9.328544	-6.626093	-6.188612	-0.974080	6.692866	5.804560	7.549274	-4.899269	4.757074	5.455810	9.480908	4.078282	-3.569027	-2.136795	-7.544638	-7.469525	-6.593235	
-2.398072	8.720843	-5.199268	1.303475	4.213956	3.981742	-1.899703	3.598046	-0.761577	-4.630041	5.586529	5.150956	4.963686	9.631221	4.701660	8.410176	-1.875952	2.446909	7.482305	-7.316785	2.365444	8.149246	-9.542614	-2.706646	
7.261611	-4.423268	5.803328	8.082767	4.244053	-6.887779	0.095604	-3.923906	9.118404	8.484734	9.001404	6.009314	-8.329900	-2.160008	-4.862934	5.505815	-5.125523	-2.929152	4.478806	-1.136571	0.134239	-4.495193	3.758606	-6.475841	
-1.093063	2.876163	8.732118	8.427197	-9.802279	-5.010586	-8.441611	0.434356	2.570613	0.082853	-4.332610	4.730627	-7.484188	4.244960	5.821228	2.193988	-5.844688	1.841208	0.975783	6.190445	3.482470	6.943687	-5.621648	-9.455550	
1.623031	1.663790	0.477498	-7.719553	7.642830	-7.709293	-7.194553	5.894338	9.289681	-2.790083	-1.630769	-5.023779	2.174066	3.986656	7.777266	-5.862225	-6.796689	6.363516	-1.625262	-3.915410	4.501142	-1.026930	5.817481	3.777767	
3.145573	0.562394	5.362190	-7.502182	-2.785341	5.941180	-5.911768	-5.090954	1.472712	3.963565	4.094634	4.252927	-4.360913	-9.228767	-7.046245	4.836882	8.151170	2.796260	-9.513040	-0.953500	-6.463893	1.118566	-5.730481	5.929129	
4.994676	4.522899	4.017394	0.668868	5.511042	1.391204	4.720632	1.582476	-8.645578	-6.645444	0.698197	8.467830	2.397621	6.928872	5.602868	-0.190188	-9.189716	9.527818	-1.388073	5.530766	9.659009	9.602973	-2.454381	-8.824385	
4.800915	7.327484	2.386716	-6.648285	0.686618	0.977796	9.274157	3.021329	2.850287	2.183690	1.364498	0.916912	-7.375181	6.346370	6.741834	4.629424	9.597942	8.771567	1.945759	-0.523741	8.886259	5.718099	3.918380	-4.382718	
-4.882934	0.097951	4.939596	-1.271549	8.122789	5.591199	6.458935	4.247089	2.609844	8.698554	-7.373633	-2.827513	8.828921	0.032698	0.115527	9.484472	6.095831	-1.623916	0.543956	3.538450	3.222160	6.064325	3.632250	4.626403	
-2.864698	-5.058521	1.923772	-0.372869	0.854086	1.078770	-9.726007	9.693979	-0.053627	-3.459168	2.896960	3.507813	-1.412339	-8.547913	3.507476	6.681351	2.869966	0.282742	1.961915	-3.229440	-4.781064	7.710290	3.912119	0.434443	
-0.001566	5.348006	-7.030634	7.625983	9.420821	-5.551656	2.226879	-2.587365	-6.950501	7.517233	-8.870602	2.660918	-0.797592	1.637225	7.022985	7.511058	5.076421	-0.656688	4.879040	-8.023341	0.775842	6.604323	-6.751416	2.715909	
0.714811	2.954787	-4.258311	9.888634	-7.412766	1.767838	3.224622	7.133973	8.604459	5.082089	3.328020	5.422255	-8.915459	-1.999927	8.396064	3.193737	1.550307	4.810808	-3.121390	2.601987	5.179761	0.336034	3.217933	0.137658	
2.444080	5.731495	-6.503801	1.631616	9.665108	8.366520	-8.982523	0.659934	-7.587070	4.832605	8.272187	4.255508	-8.672711	-9.490110	6.293037	2.916743	-3.755867	-2.451550	0.867717	3.162745	5.679076	6.905325	-5.856650	-9.867581	
4.099152	-7.653509	8.966082	8.086562	2.549747	-0.806844	3.978876	4.637828	0.081309	2.364887	7.651670	-5.688555	9.450138	-5.322383	-2.306790	2.410207	0.908498	-0.672773	9.392468	8.827300	-1.352661	1.764414	4.527855	2.296263	
-2.094976	0.735067	3.265772	-8.776507	-8.747629	3.718879	2.324916	-5.987575	4.161136	-8.989655	9.480397	8.158036	9.958604	9.335252	2.250310	9.434094	4.065769	8.183238	-5.019237	7.833347	-9.589481	5.721151	-4.879674	6.595786	
-3.156119	9.027713	8.752185	3.314008	9.689293	2.725307	-3.142437	2.154979	-9.599266	8.837933	3.076750	4.178029	7.382323	-0.308559	3.842630	1.005106	2.787257	0.933430	-1.233400	7.535328	-0.125535	8.047698	0.712400	-0.482966	
-0.747148	-1.616685	-1.244388	-3.982023	-0.479984	-7.357138	7.856935	-4.484702	0.750613	-0.427219	5.262788	9.873527	4.136733	-1.458303	-1.403373	0.009018	4.671486	7.174499	7.825895	-0.979154	-2.717879	4.046278	7.307501	3.894475	
-5.092898	-9.220492	1.907808	8.871604	7.551173	9.184717	2.350057	3.530259	5.669759	7.201348	2.627399	1.841861	-8.981658	2.260884	-9.202476	5.242730	-8.661268	-8.233251	1.980008	4.120602	-5.843215	-6.101981	-2.835869	1.671737	
3.265737	4.606030	5.570838	9.456455	1.471029	2.435180	3.160342	6.400917	3.856109	-0.804469	6.086983	-9.543513	-0.627667	5.408151	4.118128	-8.129373	5.435007	-3.393278	-5.838391	0.846482	-9.881018	3.620174	9.696246	-4.012945	
3.704639	-7.274926	-4.005497	-1.656346	9.270922	9.887891	4.892562	-9.253042	9.849029	7.701812	4.442425	5.196806	2.323381	-5.683360	-5.707257	-0.567870	0.439794	-9.952140	-7.767083	2.050501	-2.485073	-1.921829	7.534830	-4.596848	

Risultato:
Matrice C di dimensione 24 x 24:
220.561233	360.977328	390.323010	68.447125	384.673843	-230.520445	260.239894	316.429970	660.689211	14.717761	-301.640586	-41.270069	572.447808	47.706676	-274.928471	373.620191	406.800763	56.820498	479.894112	123.488322	-93.237240	505.666914	431.097543	76.284859	
-19.386443	548.907475	-493.242035	-31.363743	-216.281977	450.353743	42.239363	-22.374350	410.082044	562.981164	487.423372	765.699598	-204.933761	-91.511747	429.841100	435.868166	-84.217549	-81.541830	254.707296	85.011331	-22.758829	687.253949	-164.895203	-2.270899	
394.992456	69.399035	-52.812985	-22.275958	-124.595606	628.968907	55.682009	40.252372	185.828122	457.204734	350.638427	230.328140	238.194683	-184.842370	-495.909715	391.865114	509.458559	-244.352547	181.459044	280.167802	-125.682718	372.301146	23.628113	-448.874359	
-27.437129	95.898401	-90.201640	502.802659	989.480059	285.572401	-157.898385	-86.835433	84.960582	-77.627820	-689.354884	-55.870330	570.889397	281.637639	124.735140	675.699940	-213.503096	-404.827215	111.066078	-416.094583	336.612300	-24.079101	-109.095320	188.634110	
158.827268	450.813439	626.635803	-195.089852	269.978830	322.462182	205.776990	280.443174	7.321963	348.528016	158.323631	-99.036510	-87.674406	39.426606	144.494834	44.766075	496.356617	272.128277	-431.349809	273.682489	222.129609	59.149213	-387.692504	223.072677	
180.257846	715.370217	327.964350	-375.238233	348.530035	668.512798	539.073329	598.717009	157.205214	230.040057	171.805246	560.023856	766.243313	79.678036	-396.769537	463.385772	160.956505	5.699974	443.644564	629.504749	299.838226	455.568052	-243.970530	-54.026615	
-69.742842	558.352012	-150.208966	-283.512217	-101.887814	77.204078	-0.898965	281.337759	72.405367	101.605070	345.910284	627.750302	536.219669	86.169473	620.746372	22.822244	481.250363	171.183936	173.996258	-110.580061	39.833850	440.622648	183.211307	149.162416	
326.609309	252.907730	355.478361	305.449207	192.720710	537.400972	496.914377	648.195242	271.680415	90.408486	236.626715	217.060507	611.674437	-358.020765	-177.828649	-46.507876	-61.518130	265.426812	558.494962	576.710954	66.272925	211.018559	-70.617075	-42.628894	
-130.603455	247.038111	-381.141044	166.298826	700.612390	436.516235	-100.909225	193.057283	328.526911	-93.340108	-262.303986	119.028975	334.020814	279.345226	204.845248	168.512097	-1.131658	-55.520392	-219.399686	-221.908822	430.344970	439.552165	258.716527	88.348710	
352.813056	648.943341	13.877662	300.125445	-308.288700	521.490191	300.989992	444.329317	715.897345	-52.494038	314.109138	577.482653	314.948221	1.837804	280.200458	224.820656	-201.825913	137.720330	409.739518	460.727993	147.853814	516.804661	578.962039	-338.868690	
228.872207	248.476612	-318.912453	-120.990452	-487.736845	-37.460118	514.402765	-94.348889	665.993596	241.675954	38.693230	279.072738	266.094592	-138.104140	-147.782021	-126.640384	96.449729	-52.018430	202.415602	249.760585	150.254527	76.422555	168.249515	265.502320	
240.340837	726.355378	-350.918827	-57.628664	-162.778759	243.862559	451.764667	231.068730	297.945755	137.669734	70.770971	-228.487964	601.751038	-84.151445	552.009613	48.916181	251.980452	-32.668960	58.979086	202.625334	280.680404	471.130431	129.299296	90.355560	
-279.510979	-126.798715	50.543907	73.418128	-785.164695	-136.442114	400.679983	-40.902873	13.594655	356.027073	181.493334	160.368690	73.578766	-605.312906	50.458871	-588.737813	-364.388665	-63.878572	0.857838	560.731290	120.473386	267.067300	391.854127	152.890362	
-137.533591	644.301081	202.456113	114.459862	356.348084	177.455680	303.369445	136.763365	504.483447	648.686584	-38.941249	259.869785	517.154652	-238.067487	423.329562	576.946176	101.019893	-105.189148	422.658977	-13.028436	-223.453279	559.586994	20.921048	169.943054	
188.702704	-5.022728	-17.681731	490.834923	-247.822170	-217.520814	-71.604919	-414.898089	440.499561	65.110684	458.685150	505.536398	-354.271174	-296.613788	146.542551	2.786321	-696.867787	293.711018	-34.971010	302.116486	-50.117720	-352.272594	74.587709	518.645070	
-107.325130	156.758993	-245.521302	71.582815	-154.509515	405.435499	418.902526	313.534939	486.032473	-102.011420	-96.547518	383.417119	417.114658	392.077520	190.946802	184.303828	513.239133	-100.139687	372.711634	-149.208244	274.750399	778.929911	393.193952	-113.436781	
-51.870316	632.677637	-253.093762	68.477424	-306.798382	472.929799	167.675697	148.611367	366.726278	-486.783825	-12.756469	252.854490	288.786715	468.104541	152.457526	152.276915	278.522099	192.741650	-28.004201	255.312094	50.675826	464.605447	145.599914	-102.342076	
204.732177	708.818465	203.435807	-95.973307	-399.174961	305.800083	415.533099	408.929357	54.064723	-267.495859	144.724072	-29.557620	659.009468	1.247520	624.787348	-174.858645	446.290174	301.217274	-157.853768	327.990928	341.666397	400.174278	338.561730	50.525056	
308.245503	613.698766	161.328979	-353.074120	189.787509	243.113109	788.927221	305.520596	24.737249	-263.248603	-207.098529	297.742284	670.545240	-279.791600	-413.072103	463.568900	139.147084	491.905281	587.487598	803.078713	466.810034	217.547392	474.943826	692.860714	
273.403723	-48.628951	285.617741	691.826443	121.187270	302.199268	497.222720	38.430966	218.416193	232.706791	31.993391	98.238914	400.941788	-180.652385	-253.154574	181.132356	536.818888	151.413519	-13.726245	93.844306	121.141949	215.541373	398.379524	36.037716	
92.401302	519.294590	42.357966	-199.684468	-28.281515	414.215531	434.858390	211.414250	-116.680704	355.221434	240.270826	305.189647	273.214355	89.454055	-140.051939	107.508689	681.011013	385.252849	-120.985902	4.722761	454.514191	-8.478993	-315.158675	-257.737693	
490.498561	273.351237	675.507417	288.682270	-120.338176	229.450442	584.945624	605.033563	96.474802	105.764380	11.441639	295.715180	153.521344	-120.031178	305.526839	59.923885	215.497227	592.148664	255.663857	431.735499	290.231518	-86.370259	152.726937	-28.851531	
301.338046	437.321830	192.906568	-318.269029	67.743317	-87.781080	499.770425	551.275136	155.805270	157.135054	221.133980	300.051447	552.420020	149.368394	321.611078	457.831221	382.013514	201.776153	553.206673	396.098561	190.421853	337.125956	227.944227	650.745266	
-8.161963	895.568669	89.305029	362.967414	271.146267	401.910437	304.717163	357.900463	764.407029	486.557096	-32.471338	223.116859	250.885297	-456.805440	222.175851	483.930968	-372.338681	-333.587123	489.215846	511.251241	64.298201	394.310074	212.251401	-85.489039	
