
--- MATRICI GLOBALI ---

Matrice A di dimensione 36 x 36:
1.691790	2.840739	9.381483	-0.044772	9.917515	1.368030	4.552764	-3.803073	-3.532625	-0.728274	-4.698164	4.341866	4.669498	9.918552	-2.605083	3.796562	8.222449	-2.909697	-7.556747	5.723830	-0.815645	8.469121	-7.272903	7.815519	4.589873	2.853094	-5.274306	9.902702	-9.960397	5.239827	-1.926364	6.862352	-5.673689	7.752746	2.726519	0.704698
-0.568436	8.910573	1.446013	-8.646866	5.269885	5.323923	-8.694920	0.487995	-5.047879	-1.220797	4.764212	7.123057	7.855199	3.668338	8.352379	4.123881	3.546856	6.762154	9.760547	1.028755	6.908981	-5.574623	1.579304	4.259218	-1.790441	3.601426	-3.563165	-6.992553	5.600287	2.000080	-5.033927	2.873481	9.158415	-3.573652	5.044655	3.949394
0.955086	7.557537	5.586635	9.161572	7.296771	3.931728	3.487482	2.278298	1.585173	3.040435	-0.402340	-5.199882	5.549551	8.479717	-3.375941	2.547842	1.953128	6.865416	-1.922134	4.916840	8.789986	0.078841	9.772850	1.365237	6.635518	7.977123	0.319589	-6.598612	-1.950539	6.463346	7.507441	9.657506	-9.116567	7.000333	2.549909	0.257607
-0.765741	3.617364	2.693587	-1.896614	9.388274	6.366962	3.050741	5.577003	-8.043904	0.327759	-1.051537	-5.011914	6.508187	1.206806	-3.929420	0.397992	1.800860	5.233752	8.997958	3.823551	7.004102	-8.094094	3.156087	-5.056123	-5.711446	6.751335	5.369148	-6.931087	3.775496	0.935431	9.602306	2.400076	5.348779	5.897613	4.764193	2.732968
9.911677	-1.823138	-4.498160	4.267754	2.263144	-6.972589	2.782338	9.509626	2.041569	4.262749	-1.778480	-3.047041	-4.296652	1.473995	-8.665818	-0.829139	5.034026	-1.645259	9.531539	9.741792	6.932102	-9.426975	0.618057	6.272274	-9.381659	4.303500	7.197847	-8.287397	6.295194	-0.555343	3.968355	3.538507	4.036759	-8.534567	-1.096778	5.362982
4.990740	-7.743321	-3.726559	8.268422	4.550617	4.268356	9.922463	3.242961	-2.317144	1.178670	5.182786	-5.287879	9.900942	2.787843	-2.098806	-9.026601	2.940782	-2.698342	0.785516	9.775558	3.538687	7.084595	6.599666	9.678808	-4.125861	-5.202308	-5.574654	-8.528191	4.312634	-6.473316	9.466859	3.500985	2.269838	9.074981	7.166092	-8.391486
2.894453	4.165928	5.803639	8.410928	4.702213	9.238146	4.103424	5.752462	9.082371	4.827497	7.725695	0.956871	4.527810	3.050887	8.882391	2.398679	6.918455	1.270962	0.409344	-2.651593	3.295127	5.388423	9.656075	-5.814609	-3.366664	-7.287676	8.970589	1.087892	-8.276399	5.192299	5.581153	8.935633	4.155586	5.221702	-9.888486	9.676487
-9.763034	0.582164	6.205796	-8.157555	7.038880	0.664819	3.689778	-9.507866	5.891490	9.124967	2.291144	-3.972251	8.267195	-1.011661	7.067247	-1.339295	5.753058	6.249390	-8.318233	1.531314	9.852177	-1.366581	-3.948844	5.508133	5.574612	1.312978	2.693700	4.312487	-4.479181	9.116577	6.012295	8.376710	-2.377332	3.724206	9.033046	6.052677
7.451653	2.427179	8.293704	1.240832	2.568412	1.734072	7.839038	-6.223006	-1.370706	-3.864648	-5.795455	-9.148354	6.867458	8.868351	-8.128079	-4.785727	2.340285	6.980229	5.148218	4.502305	0.774871	2.978741	2.282937	0.932129	-4.541330	1.036645	-7.038135	8.509570	3.057558	9.806098	2.298949	6.765369	1.804731	5.273223	1.966660	4.669579
-6.011906	-1.355441	6.850067	1.948486	7.084347	-1.728180	3.170129	-8.028076	7.615672	-7.413323	2.425999	4.553854	7.924291	-1.183679	9.602605	2.632482	3.501578	3.909354	6.275493	1.743040	8.842972	7.482323	3.708971	-8.240787	3.344573	1.239263	9.832803	-0.001301	5.620194	-7.648044	7.038238	0.837311	4.268449	0.891460	-0.604506	3.903782
6.105722	1.460578	6.896504	1.139336	5.355475	6.011648	-8.171717	2.945371	7.197929	9.014711	-0.873942	4.775983	4.598688	5.686334	8.301945	4.650673	-0.976221	4.222359	5.812617	-8.113802	-7.740295	6.356370	0.138400	-9.703924	9.895157	1.572497	8.570658	5.911491	2.015924	8.372541	1.187940	4.725535	-9.134465	0.036887	-4.309590	6.115174
2.276140	-7.961897	1.773285	9.750869	-6.384457	2.437541	7.671847	8.124461	-9.946856	0.005640	9.520216	3.298957	3.679069	3.601763	1.486533	0.038545	2.188480	-6.177212	-5.666263	5.630207	-7.251447	-7.005834	-6.416781	4.611065	-1.627297	-7.498433	9.347879	9.802193	-4.133235	1.015608	-3.120892	9.382440	9.054595	9.271137	1.487734	6.771578
-2.969093	3.662475	8.907707	5.749511	2.890244	1.682516	-4.045335	-5.265073	4.888665	3.798338	7.334834	3.318928	8.740431	1.110287	7.491409	8.967346	1.659277	9.846376	0.903361	-1.101988	8.843831	6.031729	4.269213	1.067736	-7.577482	7.167433	-8.046852	-1.301744	3.076426	7.015447	0.293895	1.028338	8.612613	-2.520156	6.470601	3.309579
6.406647	-8.203599	0.638110	9.833737	4.137409	-3.127908	-7.487532	-8.971543	6.841684	1.131794	1.969782	9.088751	3.034846	-0.098369	5.231051	4.819879	2.749257	2.313558	2.294813	1.602960	9.148465	8.616482	9.160521	-7.199955	-3.575014	3.137783	0.491880	6.127191	-3.835442	3.032173	9.633509	-0.704191	0.875531	5.770133	5.165044	-9.602566
-2.103961	-0.949505	-5.807073	-7.266685	6.481209	4.926884	-2.631003	0.499816	7.279635	5.532938	1.384042	-9.295910	9.254879	-5.429917	-2.439136	8.733431	3.251531	-5.807578	7.832397	8.440692	3.478732	1.286695	4.421651	2.576181	5.318500	8.614430	4.346248	8.962114	2.976384	-8.021050	-9.424513	9.958617	6.437418	1.734648	8.840459	-8.583421
3.542917	8.428926	-1.656627	-9.665854	9.114226	-3.677668	6.190625	7.061601	7.031812	4.582528	1.837132	-9.132369	0.307340	2.544365	1.042358	1.466990	0.997902	-2.549842	0.901023	9.629656	-0.495981	3.475723	5.947105	5.853614	5.619974	9.435242	-4.977287	5.731655	9.434628	-4.432426	9.403806	5.062260	-5.795332	3.056236	9.827799	6.711604
5.993215	7.010385	-0.724651	4.919237	-3.300140	3.801731	2.922090	3.562055	7.809406	2.833703	3.893897	-7.614919	5.508066	6.385585	-3.357047	5.659644	-3.284516	1.290583	-5.534028	0.353791	0.564299	-7.111596	3.688909	5.843107	8.668131	8.711527	6.572774	2.251258	-6.997602	7.416705	1.734031	-9.704912	5.746379	-9.027714	7.205315	-0.114575
3.537027	1.256004	7.899821	8.724251	-5.775922	-9.129981	3.762224	-4.429535	0.018082	1.114476	4.922589	6.770660	1.814883	1.949374	5.179879	6.789813	9.290120	-5.942842	-5.144928	-3.757894	2.102870	3.269545	4.269115	-6.624921	-9.545320	6.039309	-8.558785	-5.136876	8.608343	-9.393866	9.150199	2.505128	-4.229495	5.630261	-3.115062	0.295272
2.276030	1.083027	-1.263896	0.832342	5.447345	5.277125	9.681621	4.379798	7.500252	-2.078186	9.957343	5.090771	-3.031283	-3.561261	-0.109186	1.364276	7.421350	-8.930362	0.155251	9.494463	6.634355	-9.608725	5.185589	4.605939	7.762187	-9.336292	1.267439	1.906369	-5.148094	-0.445066	-9.324164	-7.642497	-4.256645	5.430760	6.335562	-0.014491
-9.696811	9.285892	-3.611739	7.568240	0.575957	9.093457	1.331595	6.142117	6.467457	1.736969	8.396525	2.537135	-5.952324	7.065066	-2.893119	-5.257803	6.702773	-7.472329	8.435526	1.688438	1.945101	0.854879	-1.781722	9.756385	3.584179	-4.040800	-0.872819	-4.633874	4.545831	-9.113029	8.778497	-0.028879	8.914526	5.795782	2.541777	6.361536
8.266115	-7.763574	4.213410	8.297016	9.013313	9.778293	-8.915752	-6.711274	-6.111107	-0.900533	0.195134	0.370874	8.430621	6.459713	3.650876	5.459276	0.037663	1.964828	-0.742810	-2.048662	2.599660	9.642254	-6.239122	4.976994	2.177832	7.239834	6.806940	1.482627	-3.777364	6.209958	0.763588	9.345231	4.892085	5.052325	1.571903	5.391017
-8.927943	5.686974	-1.386800	7.517295	6.541495	5.937598	2.367837	8.585995	-5.362565	3.573441	6.465188	6.927405	4.228731	-6.992167	-9.080718	-9.972196	7.416455	3.175726	-6.323138	2.367887	5.450149	-6.213068	5.725711	3.963186	9.595017	-7.214428	0.455300	7.417477	6.121563	-0.484665	6.792827	-3.210941	-6.116031	3.012537	-7.079687	-5.303803
-3.685911	0.347821	6.315934	0.499896	-1.847635	-1.971156	1.856158	6.986965	-3.798276	3.180001	-7.928492	4.800385	-2.777609	6.483693	-3.193347	2.387131	3.304366	6.290879	7.045959	5.531252	-4.505100	1.196528	-6.891040	4.338978	-5.655124	-1.280418	-3.909922	7.628139	3.893724	-6.544826	5.899327	3.966329	-1.666909	8.823994	-7.047983	7.606461
1.857653	7.914340	6.986483	9.438008	-9.772297	6.225223	6.799228	-0.369750	-7.965194	7.780023	5.846533	3.068214	-2.003559	6.226310	6.247454	0.604625	2.635761	6.853799	0.772283	2.263851	-7.010232	-4.226800	2.342436	4.502412	1.511125	4.172151	-4.028787	-4.871100	-9.132574	5.083889	-4.930180	3.485134	4.207479	7.188185	6.630740	5.524343
7.941110	-7.450432	-4.347693	0.591177	4.235279	-3.216476	2.003694	4.296412	9.184985	6.516295	-5.068815	1.681106	0.340361	-4.256056	-8.321327	-0.612074	9.531542	-6.545984	0.015350	9.738052	1.900490	-2.514696	-1.042104	-5.040451	6.191409	-4.342254	-1.558175	-0.536517	4.892651	8.869637	4.572972	-9.476416	7.544217	7.983748	3.159561	1.810197
0.676329	-8.964234	-1.136002	1.945522	5.561432	8.587635	-2.311136	9.018142	-3.916725	0.417766	7.369490	2.594210	5.916581	-2.473274	-8.299760	4.136193	8.608365	-0.694522	-7.105113	-7.071777	8.927819	9.786151	4.783564	8.442743	6.692073	7.189985	-8.754690	8.975270	-0.362154	-3.747414	5.732016	7.638003	0.984035	4.084747	0.972567	0.755694
6.815936	1.139342	9.346138	-0.299789	8.442593	0.099774	7.273970	-1.868555	0.523588	6.298038	3.499577	0.595985	2.268565	2.572762	5.837257	3.141518	3.870301	4.252694	3.862945	9.254650	-2.042257	9.502821	8.429468	6.952351	-6.987346	-5.208661	-7.186430	4.970536	0.485379	2.696127	0.871754	8.975829	-0.118505	7.958493	7.781005	6.286987
-6.567568	9.139489	7.161185	3.950093	9.342229	-4.635455	4.963400	-5.983653	7.149290	-1.771415	-4.517424	2.763098	3.975766	8.617379	7.934734	1.580034	-0.694175	-9.499338	-6.811362	-2.003892	-2.608185	-2.682249	6.245339	-3.020364	7.345681	-1.415673	-5.539022	6.499035	4.900361	1.271560	0.020780	-7.337397	3.571117	8.570316	-0.286166	-6.536071
7.213556	0.465935	-7.884222	6.853525	8.278078	-7.093008	2.447967	3.331889	-8.708457	-0.183423	7.455044	9.444192	4.357555	-1.408640	8.588716	7.538071	7.163031	9.261168	1.490305	-0.277156	-4.383890	3.585483	0.962207	4.180185	-1.520822	8.399900	-1.884429	0.002027	5.858600	0.885706	-9.355379	0.249589	6.427783	1.565662	5.625449	7.686472
9.212982	6.841196	-8.189328	9.845853	5.384989	8.686016	-6.089846	3.511403	-0.098710	6.395762	2.820885	5.972499	6.156108	-7.166757	9.380979	1.790895	-6.125183	8.769151	9.653471	4.024660	6.860758	-2.307879	1.398719	4.899050	0.216391	0.951519	7.940163	2.285945	-4.462178	5.877828	-4.305930	-2.437119	-6.300813	4.745624	9.821274	0.992745
-1.480961	-9.632636	9.119907	4.377109	5.826498	2.373575	2.252645	7.862933	4.112222	0.557981	1.409483	8.849265	4.201370	3.664580	-2.365174	0.704677	-7.957950	-6.725814	4.868999	6.414155	6.431551	4.462159	3.447249	5.399020	6.065853	-5.977623	8.952100	-5.185631	-8.421777	7.176114	3.507537	-4.633086	8.218103	-8.543343	-2.461823	3.782600
3.745227	7.577571	-0.569851	4.751947	-8.933591	4.111039	5.556458	1.039161	8.146882	4.765186	6.096065	3.119905	-0.757172	7.401271	6.620746	2.112369	-9.428630	-7.558449	-2.666531	6.634185	3.039967	-9.485813	0.041895	-2.574660	8.740249	9.843196	6.738119	-9.150483	4.626349	0.714285	7.735625	-1.613068	2.516595	7.162735	-1.481914	6.783248
4.542145	3.118306	6.794036	2.772817	3.032814	-0.370599	-5.579114	7.266223	6.072836	-1.452559	-0.807163	-0.972715	-2.237144	8.506884	-1.932371	-8.240940	1.559194	1.058555	7.052213	3.887514	6.447385	-9.855959	3.779196	2.231963	5.102691	-3.660492	6.750148	-9.233612	2.768657	-2.706350	3.030628	-1.175543	-2.306536	2.943051	6.065471	-9.443776
1.088679	4.539355	-6.421918	4.719906	-0.455839	-7.434462	3.013605	6.193279	4.408569	0.483290	-9.846919	2.029018	3.892932	-1.512204	1.802635	-2.471259	0.255716	7.759188	3.781932	8.202242	-0.859492	1.443758	-2.304777	9.655359	-6.536665	4.152544	-1.797483	8.537039	1.153631	5.648819	1.005224	5.847579	-5.130692	7.938573	-6.085861	-3.150394
1.777519	0.818450	2.231188	0.795643	0.612459	-5.151438	1.129749	8.100358	3.737721	5.239646	1.869254	6.003885	-4.693992	5.912568	0.083273	-7.725205	3.657114	-5.943089	9.017464	-4.656156	1.686919	2.039864	-3.496071	5.100047	-3.889398	1.976737	1.426918	2.758597	-1.923080	6.900762	-7.734128	3.867146	-3.169622	7.279544	-6.548967	1.817008
1.743293	-1.052552	3.997095	2.473156	6.492293	-3.645144	2.430514	4.040120	5.074907	6.359947	-5.566849	4.200276	0.037327	0.923557	3.415521	4.822179	6.597437	0.398178	-2.027331	8.481025	-7.321227	6.438834	8.529910	4.105335	-1.419837	-6.413851	0.692375	5.723157	2.093949	-7.315997	9.387279	0.668284	-8.012908	6.579248	3.937797	-8.559863

Matrice B di dimensione 36 x 36:
7.186442	1.010764	-5.477651	9.321169	5.581381	3.884174	-6.349149	-7.003459	-6.254045	3.952567	6.457632	1.626041	5.687313	-4.510779	3.265562	0.884133	8.069339	6.168356	-7.010996	0.444478	1.224546	-8.866134	3.935984	6.016792	-0.189050	5.831353	4.590210	-1.117222	5.662683	-9.902632	8.698642	9.380248	2.681662	0.314971	1.038129	-2.285036
5.088102	9.836370	7.020764	9.214114	5.822521	-3.856496	2.502862	0.690253	0.601719	7.093789	1.379650	-6.068342	2.022642	3.753970	-7.142763	-5.323447	7.190176	1.254950	1.012979	1.420755	5.514532	7.248231	-0.250969	6.182938	8.531369	-0.153049	9.750765	3.972331	-2.604705	4.834178	3.765308	-1.978332	5.317442	-5.166425	3.702346	3.165921
1.864430	-7.234271	-8.352636	2.968087	6.693937	6.795023	9.342527	8.218109	8.493656	1.694700	-3.209913	3.214448	6.906315	4.857776	-4.968052	9.825539	8.437849	-8.947881	0.477020	3.674489	5.037103	3.615659	-1.236868	6.326863	4.886056	1.989488	1.694596	-6.623324	3.584808	-9.209573	-9.504798	5.385342	-6.094922	4.733133	-6.249190	3.742899
8.877135	5.665924	9.192327	9.844526	-0.014350	2.174353	7.037950	0.309858	0.278777	9.175618	-8.554543	7.726223	-8.894182	1.221408	-0.866978	6.429665	2.322865	9.858115	4.088375	5.593575	1.536655	5.811672	6.565605	9.197363	5.640962	-6.627958	2.933941	8.844971	-6.813536	6.971495	5.030685	7.424626	5.496749	-8.868743	6.985383	3.687850
2.230246	-7.096643	5.621053	5.640233	4.666987	5.457520	6.622372	9.429051	-4.368868	1.116422	-9.801706	6.753105	5.823790	4.883579	0.084166	1.331211	-8.070951	1.110263	4.721860	4.954018	9.018688	6.989774	4.714028	9.076967	-2.819371	-8.482450	8.734437	7.919531	0.857402	-7.367399	1.374538	3.255980	7.126464	3.137493	1.116741	1.237171
8.503048	5.776488	4.645771	-2.299972	5.046844	0.086219	-6.017977	8.339507	-0.808860	7.816947	-4.405517	1.628888	-5.439171	3.380305	2.857891	6.691340	2.844423	-4.578015	7.321284	4.955336	7.660409	6.149409	-3.047304	0.553765	-0.195823	6.039563	-9.443638	-6.133320	-2.434831	-1.438720	4.131102	6.653662	0.597889	-4.465719	8.109664	-0.287300
-4.462609	9.448460	0.925625	-1.366077	-8.372935	5.722787	-5.074091	2.699382	1.369733	-2.801645	2.268163	2.476360	0.686983	0.785224	6.363133	4.566721	-7.509233	8.335655	-4.017405	-9.556306	7.107373	-0.206914	-7.135200	9.690387	7.044399	-4.005768	-1.947338	-2.178614	3.424207	-1.430969	4.036361	0.613083	0.012871	9.980452	-8.650471	6.420616
-4.815850	-7.939309	-9.533826	0.455983	0.121728	-5.890787	0.943879	4.703388	-1.033238	4.155427	-2.132046	6.615194	3.717248	-6.175193	-6.132403	8.125563	9.223338	2.899304	3.694568	5.335388	7.817038	-5.885362	9.295576	3.129003	6.723106	5.398413	2.052940	1.000070	8.609253	-8.137907	-9.771071	-5.689910	-2.328342	7.751572	-1.944502	-9.839205
4.313136	8.522457	-6.313317	3.937525	8.935890	1.891576	1.349546	6.759019	-0.066907	-4.700455	1.160396	-8.832386	-8.979580	-9.511647	-9.670919	-0.685621	-5.075420	7.592766	0.859538	-4.425160	0.866230	0.784258	-9.208381	2.174575	2.440203	9.113266	7.265396	7.089336	4.529611	7.169058	5.951835	8.184585	-7.062757	-2.415992	7.307643	-7.717723
3.157888	0.389649	-6.045258	-1.641557	9.439254	2.086060	8.700475	2.949626	-5.776379	7.430617	7.973363	2.755469	1.392553	2.958415	2.012614	6.874069	-9.178119	7.536769	9.827941	3.708839	-9.933149	5.971845	-4.970294	-1.863710	9.040155	-2.474887	4.909529	-2.049639	0.401818	5.002278	5.684192	-7.584932	-9.140064	0.085690	4.300028	8.235200
9.589427	-2.866800	3.128516	-5.306394	-4.024837	-9.182190	3.011638	5.236448	-6.239883	5.827887	2.115073	6.786388	-8.534521	0.223142	-0.666606	7.067726	-2.665388	4.815755	-4.665036	7.962576	7.903430	7.624239	8.376595	-4.328523	3.099412	-6.540554	-3.569229	6.469622	0.199019	4.938300	5.151107	-1.121658	1.940551	3.610400	6.059561	5.295460
-8.717742	-4.878059	5.780385	-1.710815	-9.362992	4.094283	-1.578310	-5.035972	7.256669	-2.642953	1.980298	-0.224272	-9.702024	-0.526436	-5.407648	9.724576	8.741594	-1.219727	-3.809216	3.401777	1.181911	-6.104429	8.059964	4.537550	1.114673	7.724409	-0.945115	7.015819	1.783353	-6.408723	3.364150	-1.316391	0.735933	6.627724	5.466660	-7.717356
7.525561	9.408793	4.962186	0.902158	1.126847	-9.171829	6.575249	2.719100	-3.729903	-5.549603	5.261122	-9.199797	-9.402111	0.542203	-5.857023	1.517344	2.081345	8.968108	4.872480	-3.120390	8.496834	8.071289	-8.479866	3.430685	9.918213	-9.303822	5.846281	1.176389	4.331141	0.117164	-9.978152	3.570747	2.560644	-9.103028	-2.409122	3.432452
-4.515636	-5.978039	-2.294131	5.205271	8.389012	-7.391678	-3.012713	9.483685	0.286658	7.532017	-1.235356	2.324307	3.641620	1.229125	3.650752	-6.956698	6.165319	1.161890	2.343462	0.671794	0.876255	4.967766	6.631538	1.232821	-4.052299	7.183007	9.867603	9.083656	0.934648	9.559965	4.974359	-2.751788	-9.451401	9.599129	-0.280841	-2.527337
-8.334395	-5.046064	1.946553	1.884130	-5.043724	-1.286507	8.574450	8.420550	0.682945	4.094499	-4.497178	6.796983	-0.759966	5.743443	6.667035	-2.197903	5.765882	9.967363	3.522852	-3.711287	-0.918630	3.477904	5.367958	9.002179	-9.878969	-1.708207	9.942965	8.324726	4.901302	1.743739	2.338948	6.569767	1.185609	5.817264	8.388623	-3.275038
4.526346	-8.800332	-8.651395	-5.945207	0.899189	2.906510	6.158604	1.545086	-5.299405	2.628244	7.230467	-5.743183	5.735141	3.124537	1.088998	-3.431016	3.152516	5.509648	0.033860	-0.334274	9.108269	1.775203	-4.472020	-6.326779	6.609114	7.409778	8.153034	2.255657	4.713408	-8.011938	1.779769	-1.417750	3.674303	6.736195	-8.382253	4.641212
-0.311253	2.757395	9.736704	4.554698	8.039197	0.185400	5.117437	0.080405	-7.821251	5.633251	-9.535298	4.533304	3.978400	-6.917764	8.339968	9.851175	-7.975391	3.434494	-1.692744	-4.057914	9.953669	5.924172	-6.684371	-4.901951	4.096921	-4.106641	-7.586204	6.841821	9.909444	-3.925257	-5.318561	6.900633	-6.385001	-1.006047	8.324320	7.809686
-9.307275	3.349095	9.738436	-0.497267	-8.786248	7.467577	-3.243854	7.937056	-8.068982	1.402710	-5.638743	6.681495	-8.638471	0.101488	2.751504	5.240779	1.645032	8.050425	6.840920	5.218825	3.151601	1.999620	-6.995799	9.548753	1.798988	-8.452325	9.254807	-9.461475	-2.821363	4.856069	-7.474137	-7.631647	8.686722	-0.502638	4.229765	1.154810
-8.407865	-3.776821	3.091105	-0.468445	-4.277037	-2.327824	4.054590	1.425122	1.352262	-2.448820	6.378039	7.945569	5.762538	0.592403	4.169670	7.373670	4.901643	-7.981198	4.476064	2.882841	-7.370413	2.284945	-6.999963	8.300956	9.991257	7.178624	0.830242	1.434058	3.572400	6.585083	-3.773674	0.319604	5.109244	-6.668065	6.750446	8.338409
-4.761570	-5.545863	4.333421	-0.113758	-4.596594	0.693975	-2.416576	-2.019615	-4.154494	3.731046	2.563452	-6.603486	-2.351453	-7.258003	2.822457	-3.222759	6.219767	-9.345560	-2.615440	4.877866	6.751701	2.638869	7.699874	-5.157253	-3.263183	9.782536	2.938949	3.499330	9.657573	4.392300	6.353745	0.064057	-6.383680	-3.126700	8.868935	-6.211154
3.576407	4.788914	3.508507	3.130648	8.834465	2.598324	-9.299206	7.063816	6.854986	1.436808	9.071175	-5.782243	-0.910482	4.453976	6.913509	-5.400054	-9.515152	1.766196	0.135134	9.795348	-7.810028	-0.743013	8.491326	-6.066013	-9.262945	8.555043	9.003687	-3.788976	3.246229	-9.693586	-8.908082	0.649653	-5.282607	1.446893	-7.312692	4.387340
-3.635914	2.231955	2.937182	-7.473551	-5.800790	0.534248	0.365881	4.718645	2.566176	3.771848	-9.505870	-9.897493	6.837349	0.206217	2.586628	9.272762	9.723910	-8.349782	9.802685	-4.861220	1.851927	0.407951	9.718692	5.829918	-9.538827	-3.759126	-4.023266	-3.833173	-5.001005	-5.010656	-8.632948	3.810175	-5.788134	1.017950	-7.983289	-1.194294
1.274638	2.053025	-6.728841	-3.278198	7.484709	5.312365	0.693943	2.368590	-3.184929	-3.282580	-1.662665	0.174735	9.252711	3.041618	7.071856	7.071217	5.838157	-9.339824	-7.007185	8.834667	-9.655346	5.999870	-3.292570	6.044236	-5.747707	-8.295376	-6.419570	-4.861170	-9.662796	2.908281	2.138700	5.081146	9.103740	-0.543856	7.038992	0.602820
3.525555	7.043626	4.971149	3.295625	2.414678	8.129227	0.061113	-4.506528	-0.893186	6.458561	-7.394307	-1.008744	-5.960677	2.608972	0.931123	9.694007	9.814481	1.274804	9.825496	5.504486	-6.161431	1.074421	-6.624111	5.946452	2.995758	-0.549183	3.944721	6.888111	3.110527	2.905067	-2.708874	8.498329	9.336708	-7.308985	-4.343562	1.402377
6.447184	-6.727535	-8.057747	-0.588591	5.079001	1.443570	2.695701	8.929120	-7.828764	9.847878	-4.433262	3.060994	-8.119339	2.932174	-3.183450	-2.967893	6.811348	2.701928	2.369417	5.922600	4.428294	6.472140	-5.697851	2.930223	7.235449	4.064254	1.124308	5.438681	7.495227	-1.706548	-2.705405	0.309310	-4.369870	-4.385848	-6.301758	-4.187705
7.674617	7.854046	-6.061106	-6.899083	-3.562370	4.965266	-8.088585	3.930324	8.774802	6.262488	0.311314	0.996961	-9.583037	1.420472	-5.691256	6.614846	6.268022	-6.738341	5.253161	-5.625683	-4.600761	3.502208	-0.994896	8.273157	3.069406	1.249907	1.107444	-8.061905	7.629677	6.575275	5.090554	-6.686807	-7.659014	3.687705	-7.062572	1.727707
9.904337	4.352678	2.662448	0.668932	7.161481	9.112573	4.165707	8.959406	6.656855	5.116317	8.724803	3.105984	5.228271	9.295993	6.107077	3.954175	6.253615	-6.910647	0.932690	4.647916	9.498419	-6.363096	0.934968	5.459509	-0.857183	9.339231	2.378950	-5.965803	9.238904	9.898064	6.285495	-1.357394	2.159093	1.455173	5.847621	1.185954
9.863579	9.010165	2.871552	-8.390370	5.045500	3.310720	-0.174816	5.031671	-4.538318	-4.759700	-8.781974	-3.362924	4.385136	-4.032850	-0.921186	-5.578796	2.767854	1.583313	9.058635	9.368140	-7.703283	-1.528586	-1.955383	7.291818	1.489992	-7.317516	-8.168613	-1.213033	-5.498536	2.786506	0.464687	-7.204488	2.954263	8.871947	8.761483	6.117035
0.918948	4.342864	4.205878	9.368033	-3.686202	5.967837	7.365988	4.408564	2.426754	9.284246	5.560372	-6.123982	5.276534	0.527535	3.236016	0.502783	4.290191	7.029295	6.480330	-4.191940	3.082877	2.021347	7.340647	3.313389	3.624981	2.658842	9.086369	7.699989	-3.778753	8.400921	4.872094	1.169733	3.749351	-7.658354	4.596355	0.396214
2.010071	8.128097	8.847471	9.118119	4.039120	1.657805	0.559785	7.488393	7.585319	-1.353307	4.793017	-1.619698	0.722067	8.772050	1.128347	2.997654	1.585824	2.489136	2.567236	-2.905747	3.384217	9.731845	3.921347	-8.282540	3.109551	3.964079	2.158887	6.444937	4.861829	8.199376	-4.385252	-9.128593	-2.322781	-6.404371	-3.224985	1.496373
-3.873671	-0.553204	8.448456	-9.301685	8.471591	9.460576	-8.849541	3.511431	1.122501	9.701545	2.907838	1.478828	0.447867	0.120636	7.193318	-0.282054	-2.845228	-8.862008	9.671002	-2.851692	1.429457	8.773071	-8.217782	3.990366	3.995310	4.848035	2.522049	2.133766	4.210063	-6.642769	3.871412	-2.470370	7.760082	8.010323	-9.496071	5.573677
3.174283	-1.204524	6.631250	0.732347	-8.886802	7.529707	1.907246	-4.378767	-1.917876	-7.520690	7.946360	2.505927	1.323438	3.137525	-1.378265	1.745036	3.057950	5.944613	8.144451	-0.315760	2.257343	8.440105	-7.508941	0.281899	-3.840408	5.216105	7.793650	7.493209	-8.238282	9.936598	-9.341936	4.169096	4.631195	2.089086	6.790670	9.806899
0.250313	3.212602	1.065876	-7.186071	1.297091	6.693052	0.124208	8.207829	-4.816995	7.979038	-9.826061	-6.558818	-2.261843	-7.232901	1.052749	8.100526	-5.286805	9.062317	4.807630	-1.258965	-8.650565	-5.195462	-2.138279	-7.137264	1.547718	-1.114206	7.264436	-5.831035	6.320927	-8.578793	0.103737	8.676739	-7.992447	1.743223	-3.987444	8.904797
0.954205	1.412781	-7.503550	0.047758	3.666348	-0.425048	8.834987	0.457064	9.320019	-2.529589	-5.715175	-4.814298	8.945383	6.507698	9.559709	5.570835	-9.512754	3.606398	5.533662	6.067572	4.816119	0.130793	-2.748702	8.807019	9.623713	1.492477	2.542935	9.046509	-2.864295	-4.421145	-0.966702	2.937918	6.975596	-7.495759	0.198471	1.709267
0.055951	-8.665696	2.427917	4.873374	8.809322	-7.390519	2.672625	-2.840576	-1.991235	-7.960925	7.253701	3.437392	7.443158	6.738555	4.496483	-2.656219	0.287882	7.357087	8.794629	-4.767430	8.596312	8.956209	-8.594977	-6.805859	9.058506	-3.544149	5.665626	0.541504	-7.914693	-0.750413	5.727881	-6.963609	-4.728547	8.731562	-6.551158	-1.127128
-5.656941	6.416408	1.880123	4.838130	-7.989050	7.250837	5.363820	6.763459	-5.072400	-5.689688	0.920504	6.816044	-6.973993	9.172227	9.046598	-8.672621	0.382692	-8.955456	-8.311296	-3.201444	-2.175864	9.955021	8.244622	0.818198	4.232351	-4.117303	9.161183	0.801906	6.480953	9.660328	-0.273488	-0.231089	3.421978	2.918995	-2.980131	8.033619

-----

--- MATRICI LOCALI ---

Matrice loc_A di dimensione 18 x 18:
1.691790	2.840739	9.381483	-0.044772	9.917515	1.368030	4.552764	-3.803073	-3.532625	-0.728274	-4.698164	4.341866	4.669498	9.918552	-2.605083	3.796562	8.222449	-2.909697
-0.568436	8.910573	1.446013	-8.646866	5.269885	5.323923	-8.694920	0.487995	-5.047879	-1.220797	4.764212	7.123057	7.855199	3.668338	8.352379	4.123881	3.546856	6.762154
0.955086	7.557537	5.586635	9.161572	7.296771	3.931728	3.487482	2.278298	1.585173	3.040435	-0.402340	-5.199882	5.549551	8.479717	-3.375941	2.547842	1.953128	6.865416
-0.765741	3.617364	2.693587	-1.896614	9.388274	6.366962	3.050741	5.577003	-8.043904	0.327759	-1.051537	-5.011914	6.508187	1.206806	-3.929420	0.397992	1.800860	5.233752
9.911677	-1.823138	-4.498160	4.267754	2.263144	-6.972589	2.782338	9.509626	2.041569	4.262749	-1.778480	-3.047041	-4.296652	1.473995	-8.665818	-0.829139	5.034026	-1.645259
4.990740	-7.743321	-3.726559	8.268422	4.550617	4.268356	9.922463	3.242961	-2.317144	1.178670	5.182786	-5.287879	9.900942	2.787843	-2.098806	-9.026601	2.940782	-2.698342
2.894453	4.165928	5.803639	8.410928	4.702213	9.238146	4.103424	5.752462	9.082371	4.827497	7.725695	0.956871	4.527810	3.050887	8.882391	2.398679	6.918455	1.270962
-9.763034	0.582164	6.205796	-8.157555	7.038880	0.664819	3.689778	-9.507866	5.891490	9.124967	2.291144	-3.972251	8.267195	-1.011661	7.067247	-1.339295	5.753058	6.249390
7.451653	2.427179	8.293704	1.240832	2.568412	1.734072	7.839038	-6.223006	-1.370706	-3.864648	-5.795455	-9.148354	6.867458	8.868351	-8.128079	-4.785727	2.340285	6.980229
-6.011906	-1.355441	6.850067	1.948486	7.084347	-1.728180	3.170129	-8.028076	7.615672	-7.413323	2.425999	4.553854	7.924291	-1.183679	9.602605	2.632482	3.501578	3.909354
6.105722	1.460578	6.896504	1.139336	5.355475	6.011648	-8.171717	2.945371	7.197929	9.014711	-0.873942	4.775983	4.598688	5.686334	8.301945	4.650673	-0.976221	4.222359
2.276140	-7.961897	1.773285	9.750869	-6.384457	2.437541	7.671847	8.124461	-9.946856	0.005640	9.520216	3.298957	3.679069	3.601763	1.486533	0.038545	2.188480	-6.177212
-2.969093	3.662475	8.907707	5.749511	2.890244	1.682516	-4.045335	-5.265073	4.888665	3.798338	7.334834	3.318928	8.740431	1.110287	7.491409	8.967346	1.659277	9.846376
6.406647	-8.203599	0.638110	9.833737	4.137409	-3.127908	-7.487532	-8.971543	6.841684	1.131794	1.969782	9.088751	3.034846	-0.098369	5.231051	4.819879	2.749257	2.313558
-2.103961	-0.949505	-5.807073	-7.266685	6.481209	4.926884	-2.631003	0.499816	7.279635	5.532938	1.384042	-9.295910	9.254879	-5.429917	-2.439136	8.733431	3.251531	-5.807578
3.542917	8.428926	-1.656627	-9.665854	9.114226	-3.677668	6.190625	7.061601	7.031812	4.582528	1.837132	-9.132369	0.307340	2.544365	1.042358	1.466990	0.997902	-2.549842
5.993215	7.010385	-0.724651	4.919237	-3.300140	3.801731	2.922090	3.562055	7.809406	2.833703	3.893897	-7.614919	5.508066	6.385585	-3.357047	5.659644	-3.284516	1.290583
3.537027	1.256004	7.899821	8.724251	-5.775922	-9.129981	3.762224	-4.429535	0.018082	1.114476	4.922589	6.770660	1.814883	1.949374	5.179879	6.789813	9.290120	-5.942842

Matrice loc_B di dimensione 18 x 18:
7.186442	1.010764	-5.477651	9.321169	5.581381	3.884174	-6.349149	-7.003459	-6.254045	3.952567	6.457632	1.626041	5.687313	-4.510779	3.265562	0.884133	8.069339	6.168356
5.088102	9.836370	7.020764	9.214114	5.822521	-3.856496	2.502862	0.690253	0.601719	7.093789	1.379650	-6.068342	2.022642	3.753970	-7.142763	-5.323447	7.190176	1.254950
1.864430	-7.234271	-8.352636	2.968087	6.693937	6.795023	9.342527	8.218109	8.493656	1.694700	-3.209913	3.214448	6.906315	4.857776	-4.968052	9.825539	8.437849	-8.947881
8.877135	5.665924	9.192327	9.844526	-0.014350	2.174353	7.037950	0.309858	0.278777	9.175618	-8.554543	7.726223	-8.894182	1.221408	-0.866978	6.429665	2.322865	9.858115
2.230246	-7.096643	5.621053	5.640233	4.666987	5.457520	6.622372	9.429051	-4.368868	1.116422	-9.801706	6.753105	5.823790	4.883579	0.084166	1.331211	-8.070951	1.110263
8.503048	5.776488	4.645771	-2.299972	5.046844	0.086219	-6.017977	8.339507	-0.808860	7.816947	-4.405517	1.628888	-5.439171	3.380305	2.857891	6.691340	2.844423	-4.578015
-4.462609	9.448460	0.925625	-1.366077	-8.372935	5.722787	-5.074091	2.699382	1.369733	-2.801645	2.268163	2.476360	0.686983	0.785224	6.363133	4.566721	-7.509233	8.335655
-4.815850	-7.939309	-9.533826	0.455983	0.121728	-5.890787	0.943879	4.703388	-1.033238	4.155427	-2.132046	6.615194	3.717248	-6.175193	-6.132403	8.125563	9.223338	2.899304
4.313136	8.522457	-6.313317	3.937525	8.935890	1.891576	1.349546	6.759019	-0.066907	-4.700455	1.160396	-8.832386	-8.979580	-9.511647	-9.670919	-0.685621	-5.075420	7.592766
3.157888	0.389649	-6.045258	-1.641557	9.439254	2.086060	8.700475	2.949626	-5.776379	7.430617	7.973363	2.755469	1.392553	2.958415	2.012614	6.874069	-9.178119	7.536769
9.589427	-2.866800	3.128516	-5.306394	-4.024837	-9.182190	3.011638	5.236448	-6.239883	5.827887	2.115073	6.786388	-8.534521	0.223142	-0.666606	7.067726	-2.665388	4.815755
-8.717742	-4.878059	5.780385	-1.710815	-9.362992	4.094283	-1.578310	-5.035972	7.256669	-2.642953	1.980298	-0.224272	-9.702024	-0.526436	-5.407648	9.724576	8.741594	-1.219727
7.525561	9.408793	4.962186	0.902158	1.126847	-9.171829	6.575249	2.719100	-3.729903	-5.549603	5.261122	-9.199797	-9.402111	0.542203	-5.857023	1.517344	2.081345	8.968108
-4.515636	-5.978039	-2.294131	5.205271	8.389012	-7.391678	-3.012713	9.483685	0.286658	7.532017	-1.235356	2.324307	3.641620	1.229125	3.650752	-6.956698	6.165319	1.161890
-8.334395	-5.046064	1.946553	1.884130	-5.043724	-1.286507	8.574450	8.420550	0.682945	4.094499	-4.497178	6.796983	-0.759966	5.743443	6.667035	-2.197903	5.765882	9.967363
4.526346	-8.800332	-8.651395	-5.945207	0.899189	2.906510	6.158604	1.545086	-5.299405	2.628244	7.230467	-5.743183	5.735141	3.124537	1.088998	-3.431016	3.152516	5.509648
-0.311253	2.757395	9.736704	4.554698	8.039197	0.185400	5.117437	0.080405	-7.821251	5.633251	-9.535298	4.533304	3.978400	-6.917764	8.339968	9.851175	-7.975391	3.434494
-9.307275	3.349095	9.738436	-0.497267	-8.786248	7.467577	-3.243854	7.937056	-8.068982	1.402710	-5.638743	6.681495	-8.638471	0.101488	2.751504	5.240779	1.645032	8.050425

-----

Risultato locale:
Matrice loc_C di dimensione 18 x 18:
179.333536	-13.074069	134.595995	99.122828	199.376980	73.483098	101.524476	88.989977	22.703125	-28.314099	-390.490366	-112.572357	118.375899	168.469406	-14.035287	62.826098	156.095433	3.266497
-152.323069	-131.950164	312.724482	197.698589	-72.153455	-81.826635	166.713620	275.678633	-121.427070	149.556140	153.168881	67.502429	-135.137859	202.282995	48.627587	147.895987	256.261675	158.189374
295.884957	138.643852	120.239172	312.891640	415.690761	206.573270	31.110325	412.224991	50.484158	284.804503	118.223852	128.259049	3.559141	399.652365	158.106371	180.609606	125.531024	21.402448
-21.386413	12.238777	222.795704	66.039744	187.608619	158.666611	-21.033384	343.996609	82.790460	165.874827	268.550768	199.885404	226.984371	264.744645	339.855606	196.172017	-175.457916	-140.712565
-65.472146	74.786396	133.236244	331.608200	62.413160	314.677054	-181.422363	-124.915714	-87.674345	220.450310	477.834697	211.073026	60.247969	-202.574336	187.128312	138.166452	-11.884173	-67.273867
-5.340108	24.214576	268.531320	55.047385	123.926408	-71.621112	-63.240209	-109.884536	-117.948648	215.044656	-124.250103	-49.187064	128.818904	-131.057815	395.441245	483.023831	-179.833010	227.385258
209.245769	291.913883	194.021343	68.132318	257.816731	276.538801	338.942149	677.823671	-101.780993	188.359778	-148.910808	210.324432	19.453236	213.227144	284.471250	425.972301	-26.572961	109.126323
194.523808	252.854105	347.974441	41.790119	360.331475	249.596718	205.384616	518.745663	-48.663004	-111.864630	90.496038	-34.067237	-184.765985	456.889867	219.186821	-80.410875	-400.576926	259.088022
46.506414	437.974664	310.499726	258.969829	123.480803	213.429689	-72.209976	197.035130	-18.960672	-139.657309	-93.002425	-116.414928	262.048910	81.633358	241.773553	27.951258	33.999672	-8.477666
-49.554668	48.984985	266.607392	-125.396751	-42.811356	314.708038	239.414190	591.245354	100.427141	74.636705	-35.825260	-73.604036	-52.442118	155.441196	237.817196	111.651340	-13.961747	-90.541291
206.905178	-58.607259	-115.059176	151.500807	207.873730	136.533735	457.204663	610.096526	-32.102554	162.259230	85.471469	260.231439	52.778102	343.267260	-89.832723	126.957426	478.019768	6.041863
237.190349	-10.133559	119.299603	-30.509711	-174.785633	22.474818	286.835277	-4.045369	-123.275789	24.212422	-117.363886	268.167638	-57.727260	56.873643	224.632268	237.552412	71.176833	353.757224
80.962823	189.876568	319.245706	58.937411	48.219792	113.566477	240.332744	477.146476	-20.823390	140.651649	-35.733029	-125.491082	-233.000532	202.907707	24.086539	327.741901	58.490320	339.648676
154.336454	-57.917613	163.678296	-173.727733	347.057092	159.982450	-2.647150	147.821783	123.156216	13.432022	-25.654063	-153.871024	116.775509	-7.020296	205.841834	266.548867	-72.630836	79.134150
575.978674	27.392207	-207.741760	-257.810348	294.512830	-59.847415	212.490994	137.754107	-310.020999	-58.177069	157.708115	-342.881395	188.859177	-128.849434	-75.300813	112.871152	-42.873428	216.849669
80.816472	30.467233	-148.267476	41.151100	256.118724	148.173595	57.697360	246.609387	-253.776800	141.638615	127.833540	-75.657990	285.714808	43.444914	151.998497	-137.425808	146.009561	-41.344527
590.308053	319.185141	-176.292494	94.712819	622.163241	-31.010423	-177.845722	390.694336	-222.487334	383.213185	111.917857	-10.392738	-343.554524	39.670299	-185.543479	-53.759749	232.563175	243.564078
-73.127097	-30.070324	-70.219965	1.227119	-103.935284	63.399208	169.797303	-197.407010	189.624072	135.522898	88.472749	-73.094112	120.496489	-69.073144	123.106474	168.701663	-105.149587	124.394087
