---
PBS: la directory degli output e' /homes/DMA/PDC/2024/NVLFNC97Z/prova3/output/prova3_011
PBS: la directory di lavoro e' /homes/DMA/PDC/2024/NVLFNC97Z/prova3/codice
PBS: la directory degli eseguibili e' /homes/DMA/PDC/2024/NVLFNC97Z/prova3/bin
PBS: Compilazione in esecuzione...
PBS: Compilazione completata.
PBS: Job in esecuzione su 4 cpu...
>>>
Inizio esecuzione.
Lettura degli argomenti completata.
Distribuzione degli argomenti completata.
Creazione della griglia completata.
File di output creato.
Generazione delle matrici globali completata.
Distribuzione delle matrici completata.
Pulizia della memoria completata.

--- PASSO 1 ---

	BROADCAST
	MULTIPLY

-----


--- PASSO 2 ---

	BROADCAST
	ROLLING
	MULTIPLY

-----

Applicazione dell'algoritmo BMR completato.

Calcolo del prodotto matrice-matrice terminato in 2.429485e-04 sec
prova3/output/prova3_time.csv aggiornato con successo!

Stampa dell'output completata.

Esecuzione terminata.
Inizio esecuzione.
Lettura degli argomenti completata.
Distribuzione degli argomenti completata.
Creazione della griglia completata.
File di output creato.
Generazione delle matrici globali completata.
Distribuzione delle matrici completata.
Pulizia della memoria completata.

--- PASSO 1 ---

	BROADCAST
	MULTIPLY

-----


--- PASSO 2 ---

	BROADCAST
	ROLLING
	MULTIPLY

-----

Applicazione dell'algoritmo BMR completato.

Calcolo del prodotto matrice-matrice terminato in 2.529621e-04 sec
prova3/output/prova3_time.csv aggiornato con successo!

Stampa dell'output completata.

Esecuzione terminata.
Inizio esecuzione.
Lettura degli argomenti completata.
Distribuzione degli argomenti completata.
Creazione della griglia completata.
File di output creato.
Generazione delle matrici globali completata.
Distribuzione delle matrici completata.
Pulizia della memoria completata.

--- PASSO 1 ---

	BROADCAST
	MULTIPLY

-----


--- PASSO 2 ---

	BROADCAST
	ROLLING
	MULTIPLY

-----

Applicazione dell'algoritmo BMR completato.

Calcolo del prodotto matrice-matrice terminato in 2.470016e-04 sec
prova3/output/prova3_time.csv aggiornato con successo!

Stampa dell'output completata.

Esecuzione terminata.
Inizio esecuzione.
Lettura degli argomenti completata.
Distribuzione degli argomenti completata.
Creazione della griglia completata.
File di output creato.
Generazione delle matrici globali completata.
Distribuzione delle matrici completata.
Pulizia della memoria completata.

--- PASSO 1 ---

	BROADCAST
	MULTIPLY

-----


--- PASSO 2 ---

	BROADCAST
	ROLLING
	MULTIPLY

-----

Applicazione dell'algoritmo BMR completato.

Calcolo del prodotto matrice-matrice terminato in 2.450943e-04 sec
prova3/output/prova3_time.csv aggiornato con successo!

Stampa dell'output completata.

Esecuzione terminata.
Inizio esecuzione.
Lettura degli argomenti completata.
Distribuzione degli argomenti completata.
Creazione della griglia completata.
File di output creato.
Generazione delle matrici globali completata.
Distribuzione delle matrici completata.
Pulizia della memoria completata.

--- PASSO 1 ---

	BROADCAST
	MULTIPLY

-----


--- PASSO 2 ---

	BROADCAST
	ROLLING
	MULTIPLY

-----

Applicazione dell'algoritmo BMR completato.

Calcolo del prodotto matrice-matrice terminato in 2.391338e-04 sec
prova3/output/prova3_time.csv aggiornato con successo!

Stampa dell'output completata.

Esecuzione terminata.
Inizio esecuzione.
Lettura degli argomenti completata.
Distribuzione degli argomenti completata.
Creazione della griglia completata.
File di output creato.
Generazione delle matrici globali completata.
Distribuzione delle matrici completata.
Pulizia della memoria completata.

--- PASSO 1 ---

	BROADCAST
	MULTIPLY

-----


--- PASSO 2 ---

	BROADCAST
	ROLLING
	MULTIPLY

-----

Applicazione dell'algoritmo BMR completato.

Calcolo del prodotto matrice-matrice terminato in 2.470016e-04 sec
prova3/output/prova3_time.csv aggiornato con successo!

Stampa dell'output completata.

Esecuzione terminata.
Inizio esecuzione.
Lettura degli argomenti completata.
Distribuzione degli argomenti completata.
Creazione della griglia completata.
File di output creato.
Generazione delle matrici globali completata.
Distribuzione delle matrici completata.
Pulizia della memoria completata.

--- PASSO 1 ---

	BROADCAST
	MULTIPLY

-----


--- PASSO 2 ---

	BROADCAST
	ROLLING
	MULTIPLY

-----

Applicazione dell'algoritmo BMR completato.

Calcolo del prodotto matrice-matrice terminato in 2.551079e-04 sec
prova3/output/prova3_time.csv aggiornato con successo!

Stampa dell'output completata.

Esecuzione terminata.
Inizio esecuzione.
Lettura degli argomenti completata.
Distribuzione degli argomenti completata.
Creazione della griglia completata.
File di output creato.
Generazione delle matrici globali completata.
Distribuzione delle matrici completata.
Pulizia della memoria completata.

--- PASSO 1 ---

	BROADCAST
	MULTIPLY

-----


--- PASSO 2 ---

	BROADCAST
	ROLLING
	MULTIPLY

-----

Applicazione dell'algoritmo BMR completato.

Calcolo del prodotto matrice-matrice terminato in 2.529621e-04 sec
prova3/output/prova3_time.csv aggiornato con successo!

Stampa dell'output completata.

Esecuzione terminata.
Inizio esecuzione.
Lettura degli argomenti completata.
Distribuzione degli argomenti completata.
Creazione della griglia completata.
File di output creato.
Generazione delle matrici globali completata.
Distribuzione delle matrici completata.
Pulizia della memoria completata.

--- PASSO 1 ---

	BROADCAST
	MULTIPLY

-----


--- PASSO 2 ---

	BROADCAST
	ROLLING
	MULTIPLY

-----

Applicazione dell'algoritmo BMR completato.

Calcolo del prodotto matrice-matrice terminato in 2.460480e-04 sec
prova3/output/prova3_time.csv aggiornato con successo!

Stampa dell'output completata.

Esecuzione terminata.
Inizio esecuzione.
Lettura degli argomenti completata.
Distribuzione degli argomenti completata.
Creazione della griglia completata.
File di output creato.
Generazione delle matrici globali completata.
Distribuzione delle matrici completata.
Pulizia della memoria completata.

--- PASSO 1 ---

	BROADCAST
	MULTIPLY

-----


--- PASSO 2 ---

	BROADCAST
	ROLLING
	MULTIPLY

-----

Applicazione dell'algoritmo BMR completato.

Calcolo del prodotto matrice-matrice terminato in 2.470016e-04 sec
prova3/output/prova3_time.csv aggiornato con successo!

Stampa dell'output completata.

Esecuzione terminata.
>>>
PBS: Job completato.
---
